l004.ib.bridges2.psc.edu
2024-11-12 21:56:11.945678
Set parameter Username
Set parameter LicenseID to value 762805
Set parameter TokenServer to value "br017.ib.bridges2.psc.edu"
Set parameter LogFile to value "result1354/grblogL_l004.ib.bridges2.psc.edu_RelaxFalse_N-1_PSPS_SpanFalse_PFlow_Lazy0_1354_inst10.txt"
Gurobi Optimizer version 11.0.2 build v11.0.2rc0 (linux64 - "Red Hat Enterprise Linux 8.10 (Ootpa)")

CPU model: AMD EPYC 7742 64-Core Processor, instruction set [SSE2|AVX|AVX2]
Thread count: 128 physical cores, 128 logical processors, using up to 32 threads

Optimize a model with 12418040 rows, 10522515 columns and 50896779 nonzeros
Model fingerprint: 0xd7884924
Variable types: 10519170 continuous, 3345 integer (3345 binary)
Coefficient statistics:
  Matrix range     [1e+00, 3e+03]
  Objective range  [1e+00, 1e+01]
  Bounds range     [1e+00, 1e+00]
  RHS range        [1e+00, 4e+04]
Presolve removed 814309 rows and 482 columns (presolve time = 5s) ...
Presolve removed 3821372 rows and 2561939 columns (presolve time = 10s) ...
Presolve removed 4320212 rows and 2894324 columns (presolve time = 15s) ...
Presolve removed 4425865 rows and 2965646 columns (presolve time = 20s) ...
Presolve removed 4439136 rows and 2973589 columns (presolve time = 25s) ...
Presolve removed 4439136 rows and 2973589 columns (presolve time = 31s) ...
Presolve removed 4440108 rows and 2973589 columns (presolve time = 35s) ...
Presolve removed 4440108 rows and 2976551 columns (presolve time = 40s) ...
Presolve removed 5507198 rows and 5101106 columns (presolve time = 46s) ...
Presolve removed 5507198 rows and 5491290 columns (presolve time = 50s) ...
Presolve removed 5511592 rows and 5492063 columns (presolve time = 55s) ...
Presolve removed 5511592 rows and 5492063 columns (presolve time = 60s) ...
Presolve removed 5511592 rows and 5492063 columns (presolve time = 65s) ...
Presolve removed 5511592 rows and 5492063 columns (presolve time = 70s) ...
Presolve removed 5511592 rows and 5492063 columns (presolve time = 75s) ...
Presolve removed 5511592 rows and 5492063 columns (presolve time = 80s) ...
Presolve removed 5511592 rows and 5492063 columns (presolve time = 85s) ...
Presolve removed 5511592 rows and 5492063 columns (presolve time = 90s) ...
Presolve removed 5511592 rows and 5492063 columns (presolve time = 95s) ...
Presolve removed 6450116 rows and 5492087 columns (presolve time = 101s) ...
Presolve removed 6451191 rows and 5492651 columns (presolve time = 106s) ...
Presolve removed 6451191 rows and 5492651 columns (presolve time = 110s) ...
Presolve removed 7141460 rows and 5492651 columns (presolve time = 116s) ...
Presolve removed 7141460 rows and 5493285 columns (presolve time = 122s) ...
Presolve removed 7152706 rows and 5530877 columns (presolve time = 125s) ...
Presolve removed 7171994 rows and 5531100 columns (presolve time = 131s) ...
Presolve removed 7172260 rows and 5531268 columns (presolve time = 135s) ...
Presolve removed 7177547 rows and 5531268 columns (presolve time = 141s) ...
Presolve removed 7182860 rows and 5541890 columns (presolve time = 145s) ...
Presolve removed 7182896 rows and 5541902 columns (presolve time = 150s) ...
Presolve removed 7188177 rows and 5541934 columns (presolve time = 155s) ...
Presolve removed 7188189 rows and 5541949 columns (presolve time = 160s) ...
Presolve removed 7188189 rows and 5541949 columns (presolve time = 165s) ...
Presolve removed 7188189 rows and 5541949 columns (presolve time = 170s) ...
Presolve removed 7398463 rows and 5735381 columns (presolve time = 177s) ...
Presolve removed 7398463 rows and 5735438 columns (presolve time = 180s) ...
Presolve removed 7398469 rows and 5735542 columns (presolve time = 185s) ...
Presolve removed 7401654 rows and 5735732 columns (presolve time = 191s) ...
Presolve removed 7401656 rows and 5735734 columns (presolve time = 196s) ...
Presolve removed 7762645 rows and 5735747 columns (presolve time = 200s) ...
Presolve removed 7762905 rows and 5735993 columns (presolve time = 206s) ...
Presolve removed 7763088 rows and 5735993 columns (presolve time = 210s) ...
Presolve removed 7763088 rows and 5735996 columns (presolve time = 215s) ...
Presolve removed 7763089 rows and 5736008 columns (presolve time = 220s) ...
Presolve removed 7763089 rows and 5736008 columns (presolve time = 225s) ...
Presolve removed 7763089 rows and 5736008 columns (presolve time = 230s) ...
Presolve removed 7763089 rows and 5736008 columns (presolve time = 235s) ...
Presolve removed 7763089 rows and 5736008 columns (presolve time = 240s) ...
Presolve removed 7763090 rows and 5736007 columns
Presolve time: 242.03s
Presolved: 4654950 rows, 4786508 columns, 23156124 nonzeros
Variable types: 4784426 continuous, 2082 integer (2082 binary)
Deterministic concurrent LP optimizer: primal simplex, dual simplex, and barrier
Showing barrier log only...

Root barrier log...

Elapsed ordering time = 5s
Ordering time: 7.94s

Barrier statistics:
 Dense cols : 1962
 AA' NZ     : 2.040e+07
 Factor NZ  : 2.232e+08 (roughly 6.0 GB of memory)
 Factor Ops : 1.130e+11 (roughly 1 second per iteration)
 Threads    : 29

                  Objective                Residual
Iter       Primal          Dual         Primal    Dual     Compl     Time
   0   2.03606000e+05 -4.13748467e+07  1.68e+04 1.64e+00  2.42e+02   305s
   1   2.05040515e+05 -4.14181051e+07  1.57e+04 4.42e+00  2.21e+02   311s
   2   1.97290616e+05 -4.06356824e+07  1.27e+04 3.39e+00  1.71e+02   315s
   3   1.93705788e+05 -4.00239436e+07  1.12e+04 2.34e+00  1.45e+02   321s
   4   1.83085534e+05 -3.92706958e+07  8.59e+03 1.28e+00  1.06e+02   325s
   5   1.01345463e+05 -3.77592184e+07  5.93e+03 4.56e-02  6.83e+01   331s
   6   2.38669685e+04 -3.52302938e+07  8.55e+02 9.40e-07  1.16e+01   335s
   7   1.90629834e+04 -2.68199226e+07  5.35e+02 1.62e-07  6.56e+00   339s
   8   1.42326767e+04 -1.39266795e+07  2.40e+02 6.04e-10  2.37e+00   343s
   9   1.17412998e+04 -5.87642948e+06  1.05e+02 2.03e-07  7.83e-01   347s
  10   1.07984473e+04 -2.10115575e+06  5.57e+01 1.21e-08  2.46e-01   351s
  11   1.04440089e+04 -8.89256856e+05  3.77e+01 7.50e-09  9.64e-02   355s
  12   1.00519484e+04 -5.29589442e+05  1.89e+01 1.03e-09  4.99e-02   359s
  13   9.90272809e+03 -3.82044101e+05  1.24e+01 7.05e-10  3.40e-02   363s
  14   9.69082195e+03 -1.83071236e+05  6.65e+00 2.99e-10  1.58e-02   369s
  15   9.29814788e+03 -1.11593383e+05  2.78e+00 1.77e-10  9.44e-03   373s
  16   8.83533677e+03 -6.32521912e+04  1.28e+00 1.07e-10  5.53e-03   377s
  17   8.69855893e+03 -4.11776340e+04  1.08e+00 7.24e-11  3.82e-03   381s
  18   8.36065227e+03 -3.70591899e+04  8.52e-01 6.62e-11  3.47e-03   386s
  19   7.94141583e+03 -2.72680217e+04  7.04e-01 5.09e-11  2.68e-03   391s
  20   7.28094651e+03 -1.84192361e+04  5.39e-01 3.64e-11  1.95e-03   397s
  21   6.98703516e+03 -1.61648782e+04  4.87e-01 3.29e-11  1.76e-03   404s
  22   6.68431957e+03 -1.24724459e+04  4.44e-01 2.64e-11  1.46e-03   410s
  23   6.28095587e+03 -1.04111951e+04  3.90e-01 2.33e-11  1.27e-03   417s
  24   5.94209800e+03 -6.46565020e+03  3.43e-01 1.69e-11  9.42e-04   423s
  25   5.63342761e+03 -4.25308580e+03  3.02e-01 1.31e-11  7.50e-04   429s
  26   5.35105174e+03 -3.11284020e+03  2.66e-01 1.11e-11  6.42e-04   435s
  27   5.09097790e+03 -1.78901334e+03  2.34e-01 3.66e-11  5.22e-04   441s
  28   4.90925619e+03 -1.29754024e+03  2.13e-01 5.92e-11  4.71e-04   447s
  29   4.83484040e+03 -1.00655214e+03  2.04e-01 6.89e-11  4.43e-04   453s
  30   4.57443219e+03 -4.11731762e+02  1.77e-01 5.06e-11  3.78e-04   459s
  31   4.39525080e+03  3.13676220e+02  1.58e-01 2.37e-10  3.09e-04   465s
  32   4.18501563e+03  8.00287691e+02  1.38e-01 2.26e-10  2.57e-04   471s
  33   4.07023398e+03  1.07637795e+03  1.27e-01 2.99e-10  2.27e-04   477s
  34   4.00250892e+03  1.43611853e+03  1.20e-01 3.87e-10  1.95e-04   483s
  35   3.90136566e+03  1.61270390e+03  1.09e-01 3.25e-10  1.74e-04   488s
  36   3.87986276e+03  1.76400550e+03  1.07e-01 2.48e-10  1.60e-04   493s
  37   3.70719038e+03  1.94842011e+03  8.94e-02 2.08e-10  1.33e-04   500s

Barrier performed 37 iterations in 499.55 seconds (351.82 work units)
Barrier solve interrupted - model solved by another algorithm

Concurrent spin time: 19.83s

Solved with dual simplex

Root simplex log...

Iteration    Objective       Primal Inf.    Dual Inf.      Time
  577757    2.8474752e+03   0.000000e+00   0.000000e+00    502s

Root relaxation: objective 2.847475e+03, 577757 iterations, 249.92 seconds (169.30 work units)
Total elapsed time = 543.22s (DegenMoves)
Total elapsed time = 561.00s (DegenMoves)

    Nodes    |    Current Node    |     Objective Bounds      |     Work
 Expl Unexpl |  Obj  Depth IntInf | Incumbent    BestBd   Gap | It/Node Time

     0     0 2847.47517    0  311          - 2847.47517      -     -  577s
     0     0 2849.98084    0  312          - 2849.98084      -     -  582s
H    0     0                    3712.0000000 2849.98084  23.2%     -  593s
H    0     0                    3706.0000000 2849.98084  23.1%     -  604s
H    0     0                    3423.0000000 2849.98084  16.7%     -  610s
     0     0 3095.53059    0  374 3423.00000 3095.53059  9.57%     -  939s
     0     0 3099.65569    0  374 3423.00000 3099.65569  9.45%     - 1235s
     0     0 3099.65569    0  374 3423.00000 3099.65569  9.45%     - 1243s
     0     0 3196.85354    0  372 3423.00000 3196.85354  6.61%     - 2344s
     0     0 3200.98767    0  363 3423.00000 3200.98767  6.49%     - 2854s
     0     0 3201.43460    0  357 3423.00000 3201.43460  6.47%     - 2923s
     0     0 3232.93031    0  315 3423.00000 3232.93031  5.55%     - 3283s
     0     0 3234.52414    0  322 3423.00000 3234.52414  5.51%     - 3693s
     0     0 3234.52635    0  324 3423.00000 3234.52635  5.51%     - 3746s
     0     0 3240.39035    0  316 3423.00000 3240.39035  5.33%     - 3942s
     0     0 3241.07991    0  307 3423.00000 3241.07991  5.31%     - 4396s
     0     0 3241.11574    0  309 3423.00000 3241.11574  5.31%     - 4423s
     0     0 3241.46806    0  327 3423.00000 3241.46806  5.30%     - 4720s
     0     0 3241.58066    0  314 3423.00000 3241.58066  5.30%     - 5147s
     0     0 3241.58066    0  312 3423.00000 3241.58066  5.30%     - 5344s
     0     0 3241.72962    0  312 3423.00000 3241.72962  5.30%     - 5490s
     0     0 3241.72962    0  323 3423.00000 3241.72962  5.30%     - 5607s
     0     0 3241.72962    0  322 3423.00000 3241.72962  5.30%     - 5715s
     0     0 3241.72962    0  308 3423.00000 3241.72962  5.30%     - 5795s
     0     0 3241.72962    0  308 3423.00000 3241.72962  5.30%     - 5816s
     0     0 3241.72962    0  308 3423.00000 3241.72962  5.30%     - 5859s
     0     0 3244.22883    0  277 3423.00000 3244.22883  5.22%     - 6242s
H    0     0                    3376.0000000 3244.84438  3.88%     - 7621s
     0     0 3244.84438    0  310 3376.00000 3244.84438  3.88%     - 8323s
     0     0 3244.84438    0  352 3376.00000 3244.84438  3.88%     - 8487s
     0     0 3244.84438    0  293 3376.00000 3244.84438  3.88%     - 8805s
     0     0 3244.84438    0  290 3376.00000 3244.84438  3.88%     - 8891s
     0     0 3244.84438    0  295 3376.00000 3244.84438  3.88%     - 8982s
     0     0 3244.84438    0  307 3376.00000 3244.84438  3.88%     - 9011s
     0     0 3251.86969    0  290 3376.00000 3251.86969  3.68%     - 9328s
     0     0 3252.09559    0  303 3376.00000 3252.09559  3.67%     - 9547s
     0     0 3256.94319    0  300 3376.00000 3256.94319  3.53%     - 10042s
     0     0 3257.83287    0  291 3376.00000 3257.83287  3.50%     - 10330s
     0     0 3257.83287    0  299 3376.00000 3257.83287  3.50%     - 10413s
     0     0 3259.15952    0  309 3376.00000 3259.15952  3.46%     - 10710s
     0     0 3259.74469    0  320 3376.00000 3259.74469  3.44%     - 11284s
     0     0 3259.78434    0  321 3376.00000 3259.78434  3.44%     - 11491s
     0     0 3260.00270    0  312 3376.00000 3260.00270  3.44%     - 11748s
     0     0 3261.33510    0  313 3376.00000 3261.33510  3.40%     - 11879s
     0     0 3261.33510    0  312 3376.00000 3261.33510  3.40%     - 12929s
     0     0 3261.50269    0  299 3376.00000 3261.50269  3.39%     - 14011s
     0     0 3261.50269    0  308 3376.00000 3261.50269  3.39%     - 14682s
     0     0 3261.50269    0  305 3376.00000 3261.50269  3.39%     - 14983s
     0     0 3261.50269    0  306 3376.00000 3261.50269  3.39%     - 15109s
     0     0 3261.50269    0  306 3376.00000 3261.50269  3.39%     - 15211s
     0     0 3261.50269    0  299 3376.00000 3261.50269  3.39%     - 15600s
     0     0 3261.50269    0  300 3376.00000 3261.50269  3.39%     - 15730s
     0     0 3261.50269    0  295 3376.00000 3261.50269  3.39%     - 15904s
     0     0 3261.80767    0  269 3376.00000 3261.80767  3.38%     - 16604s
     0     2 3261.97701    0  268 3376.00000 3261.97701  3.38%     - 18418s
     1     5 3263.69975    1  274 3376.00000 3261.97701  3.38% 78240 18867s
     3     8 3264.92092    2  265 3376.00000 3263.76064  3.32% 86259 19308s
     7    16 3268.83422    3  271 3376.00000 3264.94237  3.29% 65255 19780s
    15    32 3289.14001    4  272 3376.00000 3266.32749  3.25% 48745 20238s
    31    63 3289.36512    5  262 3376.00000 3267.30459  3.22% 59454 22338s
H   39    63                    3368.0000000 3268.52686  2.95% 140529 22339s
    63    77     cutoff    6      3368.00000 3271.34504  2.87% 161028 24238s
H   96   104                    3304.0000000 3271.95569  0.97% 117096 32653s
H   97   104                    3299.0000000 3271.95569  0.82% 116073 32654s
   128   112     cutoff    7      3299.00000 3271.95569  0.82% 100247 33495s
   160   130     cutoff    7      3299.00000 3271.95569  0.82% 86926 33939s
   210   166 3283.60343   10  253 3299.00000 3271.95569  0.82% 72004 34920s
   257   206 3283.64480   11  232 3299.00000 3271.95569  0.82% 63137 35591s
   309   238 3287.69762   13  243 3299.00000 3271.95569  0.82% 58055 37227s
   357   270 3288.19477   14  236 3299.00000 3271.95569  0.82% 53870 38424s
   404   298 3288.94613   15  248 3299.00000 3271.95569  0.82% 51476 39751s
   451   350 3289.16691   16  241 3299.00000 3271.95569  0.82% 49687 40349s
   532   407 3291.27177   19  169 3299.00000 3271.95569  0.82% 46582 40721s
   628   461 3295.11006   21  155 3299.00000 3271.95569  0.82% 42511 41812s
   727   496 3296.67504   23  134 3299.00000 3271.95569  0.82% 39503 42363s
   823   538 3295.24409   22  151 3299.00000 3273.12032  0.78% 37859 42712s
   931   564 3277.90771    8  231 3299.00000 3274.07156  0.76% 35568 43409s
   947   564 3290.02830   14  240 3299.00000 3274.07156  0.76% 35494 43410s
  1037   621 3287.29605   12  240 3299.00000 3274.07156  0.76% 33975 43717s
  1139   648 3294.59680   15  235 3299.00000 3274.07156  0.76% 32681 43938s
  1237   668 infeasible   16      3299.00000 3274.07156  0.76% 31522 44677s
  1333   711     cutoff   16      3299.00000 3274.40609  0.75% 30646 45018s
  1446   760 3280.67191    8  217 3299.00000 3274.40609  0.75% 29693 45587s
  1560   800 3287.55711   10  239 3299.00000 3274.40609  0.75% 29063 45995s
  1664   846 3282.37271    9  209 3299.00000 3274.40609  0.75% 28530 46265s
  1778   883 3286.46180   11  227 3299.00000 3274.40609  0.75% 27994 46786s
  1888   929 3290.34850   13  215 3299.00000 3274.40609  0.75% 27731 47341s
  2005   981 3293.57426   16  145 3299.00000 3274.40609  0.75% 27337 48057s
  2120  1007 3296.63803   20  155 3299.00000 3274.40609  0.75% 27038 48568s
  2236  1049 3294.57426   17  144 3299.00000 3274.40609  0.75% 26752 48877s
  2352  1087 3296.77897   19  140 3299.00000 3274.40609  0.75% 26430 49217s
  2472  1093     cutoff   18      3299.00000 3274.40609  0.75% 26120 50143s
  2579  1129 3294.91734   17  194 3299.00000 3274.40609  0.75% 25766 50855s
  2693  1172 3296.09408   19  174 3299.00000 3274.40609  0.75% 25456 51305s
  2818  1195     cutoff   21      3299.00000 3274.40609  0.75% 25125 52029s
  2933  1228     cutoff   18      3299.00000 3278.47305  0.62% 24799 215290s
  3041  1239 3284.59502   10  268 3299.00000 3278.47305  0.62% 25317 215988s
  3152  1265 3288.59502   11  267 3299.00000 3278.47305  0.62% 24927 216565s
  3249  1302 3295.83619   14  247 3299.00000 3278.47305  0.62% 24856 217438s
  3356  1323 3296.93107   17  210 3299.00000 3278.47305  0.62% 24689 218358s
  3469  1348     cutoff   12      3299.00000 3278.74526  0.61% 24430 218978s
  3580  1370 3282.46291   11  260 3299.00000 3278.74526  0.61% 24212 219620s
  3693  1395 3293.55801   15  225 3299.00000 3278.74526  0.61% 23936 220423s
  3811  1419 3295.75433   19  202 3299.00000 3278.74526  0.61% 23645 221154s
  3825  1419 3295.11626   21  189 3299.00000 3278.74526  0.61% 23599 221155s
  3930  1444 3297.75433   19  202 3299.00000 3278.74526  0.61% 23390 221944s
  4041  1453 3294.63198   12  242 3299.00000 3279.87043  0.58% 23256 222528s
  4153  1474 3297.13204   13  239 3299.00000 3279.87043  0.58% 23088 223201s
  4269  1491 3293.73503   22  213 3299.00000 3279.87043  0.58% 22995 223834s
  4344  1491     cutoff   13      3299.00000 3279.87043  0.58% 22978 223835s
  4383  1518     cutoff   25      3299.00000 3279.87043  0.58% 22975 224549s
  4496  1537     cutoff   27      3299.00000 3281.84485  0.52% 22899 225233s
  4613  1570 3289.34961   12  232 3299.00000 3284.55336  0.44% 22710 225954s
  4724  1603 3293.52349   15  221 3299.00000 3284.55336  0.44% 22586 226650s
  4830  1641     cutoff   18      3299.00000 3284.66381  0.43% 22508 227284s
  4911  1641 infeasible   19      3299.00000 3285.94571  0.40% 22406 227285s
  4945  1676 3294.03874   12  205 3299.00000 3285.94571  0.40% 22458 227943s
  5059  1693     cutoff   15      3299.00000 3285.94571  0.40% 22299 228647s
  5166  1708 3297.93552   17  143 3299.00000 3285.94571  0.40% 22216 229308s
  5277  1721 3290.44361   15  215 3299.00000 3285.94571  0.40% 22058 229925s
  5386  1762 3293.04120   19  203 3299.00000 3285.94571  0.40% 21988 230599s
  5437  1762 3296.16793   21  184 3299.00000 3285.94571  0.40% 21968 230600s
  5495  1815 3295.17040   23  203 3299.00000 3285.94571  0.40% 21923 231253s
  5603  1818 3297.24937   26  206 3299.00000 3285.94571  0.40% 21793 231876s
  5712  1837     cutoff   27      3299.00000 3286.54463  0.38% 21691 232491s
  5827  1869 3296.17210   20  155 3299.00000 3286.54463  0.38% 21646 233306s
  5944  1911     cutoff   20      3299.00000 3287.08900  0.36% 21630 233889s
  6053  1927     cutoff   19      3299.00000 3287.08900  0.36% 21568 234487s
  6155  1950     cutoff   20      3299.00000 3287.40539  0.35% 21553 235037s
  6272  1958 3290.38628    8  222 3299.00000 3287.40539  0.35% 21510 235584s
  6392  1976 3294.47955   12  217 3299.00000 3287.40539  0.35% 21376 236173s
  6501  1993 3297.30134   16  216 3299.00000 3287.40539  0.35% 21350 237406s
  6615  2008 3297.12602   16  215 3299.00000 3287.91025  0.34% 21341 237911s
  6728  2036 3288.88278   14  191 3299.00000 3287.91025  0.34% 21283 238631s
  6830  2055 3290.57644   17  190 3299.00000 3287.91025  0.34% 21238 239194s
  6922  2055     cutoff   17      3299.00000 3287.91025  0.34% 21177 239195s
  6936  2071 3292.69653   18  185 3299.00000 3287.91025  0.34% 21206 239888s
  7041  2089 3297.62491   22  178 3299.00000 3287.91025  0.34% 21278 240644s
  7069  2089 3294.11560   17  180 3299.00000 3287.91025  0.34% 21253 240645s
  7147  2111     cutoff   23      3299.00000 3287.91025  0.34% 21281 241286s
  7250  2158     cutoff   23      3299.00000 3288.27298  0.33% 21239 241936s
  7368  2159 3292.31326   21  277 3299.00000 3288.27298  0.33% 21192 244114s
  7370  2160 3296.72450   22  310 3299.00000 3288.27298  0.33% 21186 245853s
  7371  2161 3291.29660   14  350 3299.00000 3288.27298  0.33% 21183 246268s
  7372  2162 3291.23384   19  304 3299.00000 3288.27298  0.33% 21180 247044s
  7373  2162 3294.05125   18  288 3299.00000 3288.27298  0.33% 21178 251890s
  7374  2163 3294.25810   16  290 3299.00000 3288.27298  0.33% 21175 254148s
  7375  2164 3292.41590   16  290 3299.00000 3288.27298  0.33% 21172 255054s
  7376  2164 3289.23935   12  291 3299.00000 3288.27298  0.33% 21169 255137s
  7377  2165 3289.54879   18  281 3299.00000 3288.27298  0.33% 21166 263097s
  7378  2166 3294.67194   11  270 3299.00000 3288.27298  0.33% 21163 263468s
  7379  2166 3297.60734   28  276 3299.00000 3288.27298  0.33% 21160 263535s
  7380  2167 3293.85637   11  276 3299.00000 3288.27298  0.33% 21157 263682s
  7381  2168 3293.36424   16  273 3299.00000 3288.27298  0.33% 21155 264211s
  7382  2168 3294.77894   16  263 3299.00000 3288.27298  0.33% 21152 264654s
  7383  2169 3293.92226   20  273 3299.00000 3288.27298  0.33% 21149 264803s
  7384  2170 3292.56395   15  269 3299.00000 3288.27298  0.33% 21146 264914s
  7385  2170 3291.94987   18  269 3299.00000 3288.27298  0.33% 21143 265266s
  7386  2171 3293.50378   11  294 3299.00000 3288.27298  0.33% 21140 266820s
  7387  2172 3295.58729   27  297 3299.00000 3288.27298  0.33% 21137 266999s
  7388  2172 3295.19464   18  298 3299.00000 3288.27298  0.33% 21135 267156s
  7389  2173 3296.32591   22  289 3299.00000 3288.27298  0.33% 21132 267707s
  7390  2174 3289.31282   17  287 3299.00000 3288.27298  0.33% 21129 267858s
  7391  2174 3294.83773   14  292 3299.00000 3288.27298  0.33% 21126 267930s
  7392  2175 3296.60276   27  301 3299.00000 3288.27298  0.33% 21123 268705s
  7393  2176 3293.40156   14  297 3299.00000 3288.27298  0.33% 21120 268815s
  7394  2176 3295.20173   18  297 3299.00000 3288.27298  0.33% 21117 268867s
  7395  2177 3290.69648   11  307 3299.00000 3288.27298  0.33% 21115 269793s
  7396  2178 3293.71924   12  301 3299.00000 3288.27298  0.33% 21112 269907s
  7397  2178 3291.57388   15  286 3299.00000 3288.27298  0.33% 21109 270198s
  7398  2179 3290.88270   12  303 3299.00000 3288.27298  0.33% 21106 270271s
  7399  2180 3293.89839   22  303 3299.00000 3288.27298  0.33% 21103 270331s
  7400  2180 3294.90992   16  300 3299.00000 3288.27298  0.33% 21100 270904s
  7401  2181 3295.10085   12  302 3299.00000 3288.27298  0.33% 21097 270981s
  7402  2182 3296.13479   22  302 3299.00000 3288.27298  0.33% 21095 271026s
  7403  2182 3294.51246   15  300 3299.00000 3288.27298  0.33% 21092 271534s
  7404  2183 3294.94235   17  300 3299.00000 3288.27298  0.33% 21089 271621s
  7405  2184 3297.49625   23  286 3299.00000 3288.27298  0.33% 21086 271920s
  7406  2184 3291.20931   12  289 3299.00000 3288.27298  0.33% 21083 272018s
  7407  2185 3292.86927   17  280 3299.00000 3288.27298  0.33% 21080 272443s
  7408  2186 3294.12950   20  288 3299.00000 3288.27298  0.33% 21078 272532s
  7409  2186 3293.20094   13  291 3299.00000 3288.27298  0.33% 21075 272646s
  7410  2187 3296.36802   18  279 3299.00000 3288.27298  0.33% 21072 273123s
  7411  2188 3292.52171   18  286 3299.00000 3288.27298  0.33% 21069 273238s
  7412  2188 3292.92219   18  283 3299.00000 3288.27298  0.33% 21066 273337s
  7413  2189 3293.97179   21  289 3299.00000 3288.27298  0.33% 21063 273451s
  7414  2190 3295.13285   18  290 3299.00000 3288.27298  0.33% 21060 273501s
  7415  2190 3292.79543   18  290 3299.00000 3288.27298  0.33% 21058 273551s
  7416  2191 3294.22929   13  286 3299.00000 3288.27298  0.33% 21055 273697s
  7417  2192 3290.01232   18  290 3299.00000 3288.27298  0.33% 21052 273810s
  7418  2192 3290.44775   14  291 3299.00000 3288.27298  0.33% 21049 273928s
  7419  2193 3294.99294   15  275 3299.00000 3288.27298  0.33% 21046 274068s
  7420  2194 3297.77154   43  245 3299.00000 3288.27298  0.33% 21043 274886s
  7421  2194 3294.65519   17  245 3299.00000 3288.27298  0.33% 21041 276301s
  7422  2198 3291.81946   16  221 3299.00000 3288.27298  0.33% 21489 277063s
  7424  2201 3292.27563   17  224 3299.00000 3288.38608  0.32% 21496 277939s
  7428  2208 3293.73447   18  231 3299.00000 3288.66536  0.31% 21533 280885s
  7436  2220 3293.76089   19  236 3299.00000 3289.00920  0.30% 21650 283381s
  7452  2225 3296.49545   20  181 3299.00000 3289.66837  0.28% 22350 345556s
  7483  2227     cutoff   21      3299.00000 3289.83332  0.28% 22658 368131s
  7515  2238 3291.87791   22  224 3299.00000 3289.94270  0.27% 22811 402414s
H 7524  2124                    3298.0000000 3289.94270  0.24% 23156 402415s
  7547  2118 3292.21236   23  190 3298.00000 3289.94270  0.24% 24501 402774s
  7550  2117 3294.09590   22  193 3298.00000 3289.94270  0.24% 24505 402775s
  7579  2114 3294.44593   23  229 3298.00000 3289.94270  0.24% 24450 403510s
  7611  2115 3294.12583   24  179 3298.00000 3289.94270  0.24% 24495 464705s
  7669  2084 3296.32605   26  173 3298.00000 3289.94270  0.24% 24579 465628s
  7730  2051 3296.32615   27  172 3298.00000 3289.94270  0.24% 24553 466914s
  7791  2003 3292.96319   22  186 3298.00000 3289.94270  0.24% 24549 471014s
  7874  1953 infeasible   24      3298.00000 3290.72232  0.22% 24615 543572s
  7925  1927     cutoff   23      3298.00000 3292.55210  0.17% 24661 544830s
  7952  1914     cutoff   25      3298.00000 3294.59851  0.10% 24646 545618s
  7972  1905 3296.79369   25   81 3298.00000 3294.77210  0.10% 24630 546538s
  7983  1898 3296.98600   28  202 3298.00000 3294.97719  0.09% 24650 547696s
  7989  1894     cutoff   29      3298.00000 3296.70697  0.04% 24653 547758s

Cutting planes:
  Gomory: 117
  Lift-and-project: 5
  Cover: 12
  Implied bound: 1044
  Projected implied bound: 277
  Clique: 2
  MIR: 1823
  Mixing: 2
  Flow cover: 795
  Inf proof: 3
  Zero half: 299
  RLT: 37
  Relax-and-lift: 32

Explored 7991 nodes (200986248 simplex iterations) in 547760.33 seconds (608486.06 work units)
Thread count was 32 (of 128 available processors)

Solution count 10: 3298 3299 3299 ... 3706

Optimal solution found (tolerance 1.00e-04)
Best objective 3.298000000000e+03, best bound 3.298000000000e+03, gap 0.0000%
True
