l001.ib.bridges2.psc.edu
2024-11-12 14:26:22.242398
Set parameter Username
Set parameter LicenseID to value 762805
Set parameter TokenServer to value "br017.ib.bridges2.psc.edu"
Set parameter LogFile to value "result1354/grblogL_l001.ib.bridges2.psc.edu_RelaxFalse_N-1_PSPS_SpanFalse_PFlow_Lazy0_1354_inst6.txt"
Gurobi Optimizer version 11.0.2 build v11.0.2rc0 (linux64 - "Red Hat Enterprise Linux 8.10 (Ootpa)")

CPU model: AMD EPYC 7742 64-Core Processor, instruction set [SSE2|AVX|AVX2]
Thread count: 128 physical cores, 128 logical processors, using up to 32 threads

Optimize a model with 12418040 rows, 10522515 columns and 50896779 nonzeros
Model fingerprint: 0x4cf6275b
Variable types: 10519170 continuous, 3345 integer (3345 binary)
Coefficient statistics:
  Matrix range     [1e+00, 3e+03]
  Objective range  [1e+00, 1e+01]
  Bounds range     [1e+00, 1e+00]
  RHS range        [1e+00, 4e+04]
Presolve removed 854102 rows and 482 columns (presolve time = 5s) ...
Presolve removed 3821372 rows and 2561939 columns (presolve time = 10s) ...
Presolve removed 4320212 rows and 2894324 columns (presolve time = 15s) ...
Presolve removed 4425865 rows and 2965646 columns (presolve time = 20s) ...
Presolve removed 4439136 rows and 2973589 columns (presolve time = 25s) ...
Presolve removed 4439136 rows and 2973589 columns (presolve time = 31s) ...
Presolve removed 4440108 rows and 2973589 columns (presolve time = 35s) ...
Presolve removed 4443557 rows and 2980000 columns (presolve time = 42s) ...
Presolve removed 5507198 rows and 5101106 columns (presolve time = 46s) ...
Presolve removed 5507198 rows and 5491290 columns (presolve time = 50s) ...
Presolve removed 5511592 rows and 5492063 columns (presolve time = 55s) ...
Presolve removed 5511592 rows and 5492063 columns (presolve time = 60s) ...
Presolve removed 5511592 rows and 5492063 columns (presolve time = 65s) ...
Presolve removed 5511592 rows and 5492063 columns (presolve time = 70s) ...
Presolve removed 5511592 rows and 5492063 columns (presolve time = 75s) ...
Presolve removed 5511592 rows and 5492063 columns (presolve time = 80s) ...
Presolve removed 5511592 rows and 5492063 columns (presolve time = 85s) ...
Presolve removed 5511592 rows and 5492063 columns (presolve time = 90s) ...
Presolve removed 5511592 rows and 5492063 columns (presolve time = 95s) ...
Presolve removed 6450116 rows and 5492087 columns (presolve time = 101s) ...
Presolve removed 6451191 rows and 5492651 columns (presolve time = 106s) ...
Presolve removed 6451191 rows and 5492651 columns (presolve time = 110s) ...
Presolve removed 7141460 rows and 5492651 columns (presolve time = 116s) ...
Presolve removed 7141460 rows and 5493285 columns (presolve time = 122s) ...
Presolve removed 7152706 rows and 5530877 columns (presolve time = 125s) ...
Presolve removed 7171994 rows and 5531100 columns (presolve time = 130s) ...
Presolve removed 7172260 rows and 5531268 columns (presolve time = 136s) ...
Presolve removed 7177547 rows and 5531268 columns (presolve time = 140s) ...
Presolve removed 7182860 rows and 5541890 columns (presolve time = 145s) ...
Presolve removed 7182952 rows and 5541924 columns (presolve time = 150s) ...
Presolve removed 7188185 rows and 5541945 columns (presolve time = 155s) ...
Presolve removed 7188189 rows and 5541949 columns (presolve time = 160s) ...
Presolve removed 7188189 rows and 5541949 columns (presolve time = 165s) ...
Presolve removed 7398462 rows and 5735381 columns (presolve time = 171s) ...
Presolve removed 7398463 rows and 5735381 columns (presolve time = 176s) ...
Presolve removed 7398463 rows and 5735523 columns (presolve time = 180s) ...
Presolve removed 7398469 rows and 5735542 columns (presolve time = 185s) ...
Presolve removed 7401656 rows and 5735734 columns (presolve time = 191s) ...
Presolve removed 7762645 rows and 5735734 columns (presolve time = 196s) ...
Presolve removed 7762881 rows and 5735983 columns (presolve time = 201s) ...
Presolve removed 7762905 rows and 5735993 columns (presolve time = 205s) ...
Presolve removed 7763088 rows and 5735993 columns (presolve time = 210s) ...
Presolve removed 7763089 rows and 5735997 columns (presolve time = 215s) ...
Presolve removed 7763089 rows and 5736008 columns (presolve time = 220s) ...
Presolve removed 7763089 rows and 5736008 columns (presolve time = 225s) ...
Presolve removed 7763089 rows and 5736008 columns (presolve time = 230s) ...
Presolve removed 7763089 rows and 5736008 columns (presolve time = 236s) ...
Presolve removed 7763090 rows and 5736007 columns
Presolve time: 237.96s
Presolved: 4654950 rows, 4786508 columns, 23156124 nonzeros
Variable types: 4784426 continuous, 2082 integer (2082 binary)
Deterministic concurrent LP optimizer: primal simplex, dual simplex, and barrier
Showing barrier log only...

Root barrier log...

Elapsed ordering time = 5s
Ordering time: 8.02s

Barrier statistics:
 Dense cols : 1962
 AA' NZ     : 2.040e+07
 Factor NZ  : 2.232e+08 (roughly 6.0 GB of memory)
 Factor Ops : 1.130e+11 (roughly 1 second per iteration)
 Threads    : 29

                  Objective                Residual
Iter       Primal          Dual         Primal    Dual     Compl     Time
   0   2.07445388e+05 -4.49158149e+07  1.68e+04 1.84e+00  2.63e+02   301s
   1   2.08820028e+05 -4.49624378e+07  1.57e+04 4.81e+00  2.40e+02   307s
   2   2.00611897e+05 -4.41188483e+07  1.27e+04 3.68e+00  1.86e+02   312s
   3   1.97399752e+05 -4.35777906e+07  1.15e+04 2.77e+00  1.62e+02   317s
   4   1.85880772e+05 -4.26311402e+07  8.55e+03 1.37e-01  1.08e+02   322s
   5   2.16229141e+04 -4.10805603e+07  5.46e+02 2.24e-06  9.70e+00   327s
   6   1.72931565e+04 -2.49610519e+07  3.31e+02 6.64e-08  4.64e+00   332s
   7   1.31082948e+04 -8.29240723e+06  1.29e+02 1.04e-08  1.17e+00   336s
   8   1.17396580e+04 -2.96204600e+06  6.54e+01 2.45e-08  3.62e-01   340s
   9   1.10011608e+04 -1.36400630e+06  3.28e+01 7.09e-09  1.40e-01   344s
  10   1.06499297e+04 -6.71257060e+05  1.78e+01 6.14e-09  6.20e-02   348s
  11   1.04168274e+04 -3.18411753e+05  8.76e+00 1.69e-09  2.74e-02   352s
  12   1.03104687e+04 -2.19890645e+05  6.09e+00 1.23e-09  1.87e-02   356s
  13   1.01314380e+04 -1.16743321e+05  3.95e+00 5.15e-10  1.01e-02   360s
  14   9.35463909e+03 -6.71748894e+04  1.17e+00 3.59e-10  5.86e-03   366s
  15   8.90865720e+03 -4.41468297e+04  8.15e-01 2.43e-10  4.05e-03   370s
  16   8.87342383e+03 -3.77287033e+04  7.94e-01 2.12e-10  3.55e-03   374s
  17   8.51606737e+03 -3.21057190e+04  6.57e-01 1.84e-10  3.09e-03   378s
  18   8.32213742e+03 -2.53028088e+04  6.07e-01 1.50e-10  2.56e-03   382s
  19   7.77795848e+03 -1.96817098e+04  5.11e-01 1.21e-10  2.09e-03   387s
  20   7.27283931e+03 -1.64816665e+04  4.43e-01 1.05e-10  1.80e-03   392s
  21   7.08157572e+03 -1.37261354e+04  4.16e-01 9.19e-11  1.58e-03   398s
  22   6.64453102e+03 -1.12605820e+04  3.52e-01 7.97e-11  1.36e-03   405s
  23   6.22528829e+03 -7.04056088e+03  2.95e-01 5.72e-11  1.01e-03   411s
  24   5.78859286e+03 -5.34518898e+03  2.48e-01 4.86e-11  8.44e-04   417s
  25   5.71562420e+03 -4.66354320e+03  2.40e-01 4.47e-11  7.87e-04   422s
  26   5.28851953e+03 -3.41500355e+03  1.98e-01 1.23e-09  6.60e-04   428s
  27   5.19017902e+03 -1.66697044e+03  1.88e-01 4.73e-10  5.20e-04   435s
  28   4.92580508e+03 -1.06839107e+03  1.66e-01 7.06e-11  4.54e-04   441s
  29   4.73232158e+03 -3.01724495e+02  1.48e-01 6.15e-10  3.81e-04   447s
  30   4.60783524e+03  2.28788412e+02  1.37e-01 1.71e-09  3.32e-04   454s
  31   4.46513865e+03  6.14276320e+02  1.25e-01 1.23e-09  2.92e-04   460s
  32   4.32815741e+03  8.24431037e+02  1.13e-01 1.70e-09  2.65e-04   466s
  33   4.20705999e+03  1.09717131e+03  1.03e-01 4.90e-09  2.36e-04   473s
  34   4.07887518e+03  1.32270800e+03  9.22e-02 5.05e-09  2.09e-04   478s
  35   3.98244729e+03  1.58525504e+03  8.45e-02 7.65e-09  1.82e-04   484s
  36   3.88449749e+03  1.70207663e+03  7.65e-02 7.34e-09  1.65e-04   491s
  37   3.79297934e+03  1.90178048e+03  6.93e-02 3.67e-09  1.43e-04   497s
  38   3.70204496e+03  1.97292597e+03  6.21e-02 3.85e-09  1.31e-04   503s
  39   3.61938723e+03  2.16015864e+03  5.60e-02 7.04e-09  1.11e-04   509s
  40   3.56921258e+03  2.23927028e+03  5.18e-02 5.90e-09  1.01e-04   516s
  41   3.48860517e+03  2.34640699e+03  4.58e-02 4.52e-09  8.65e-05   522s
  42   3.43982710e+03  2.43317967e+03  4.18e-02 4.07e-09  7.62e-05   528s
  43   3.39397127e+03  2.51955679e+03  3.83e-02 4.66e-09  6.62e-05   535s
  44   3.37391376e+03  2.56685492e+03  3.66e-02 4.05e-09  6.11e-05   541s
  45   3.30595983e+03  2.65754850e+03  3.11e-02 4.05e-09  4.91e-05   547s
  46   3.28546881e+03  2.72899906e+03  2.93e-02 3.42e-09  4.22e-05   553s
  47   3.22551204e+03  2.78181223e+03  2.41e-02 5.76e-09  3.36e-05   560s
  48   3.19024070e+03  2.80895506e+03  2.10e-02 1.89e-09  2.89e-05   566s
  49   3.16744682e+03  2.83336091e+03  1.91e-02 6.82e-10  2.53e-05   572s
  50   3.15122960e+03  2.85482033e+03  1.78e-02 5.88e-10  2.25e-05   578s
  51   3.13893114e+03  2.87924137e+03  1.67e-02 4.60e-10  1.97e-05   585s
  52   3.10512108e+03  2.89204792e+03  1.37e-02 1.21e-09  1.61e-05   590s
  53   3.08534079e+03  2.90062480e+03  1.20e-02 3.68e-09  1.40e-05   596s
  54   3.06853506e+03  2.90848112e+03  1.06e-02 5.19e-09  1.21e-05   603s
  55   3.06597222e+03  2.90920969e+03  1.04e-02 5.31e-09  1.19e-05   609s
  56   3.05638846e+03  2.91742814e+03  9.49e-03 5.85e-09  1.05e-05   613s
  57   3.04317406e+03  2.91953449e+03  8.31e-03 6.03e-09  9.37e-06   620s
  58   3.02561219e+03  2.93339264e+03  6.74e-03 5.77e-09  6.99e-06   626s
  59   3.00933924e+03  2.93770955e+03  5.23e-03 4.68e-09  5.43e-06   632s
  60   3.00020414e+03  2.94102005e+03  4.38e-03 3.53e-09  4.49e-06   638s
  61   2.98925241e+03  2.94507436e+03  3.45e-03 4.61e-09  3.35e-06   644s
  62   2.98723093e+03  2.94722052e+03  3.26e-03 4.19e-09  3.03e-06   650s
  63   2.97434705e+03  2.94960854e+03  2.05e-03 3.58e-09  1.88e-06   656s
  64   2.96789521e+03  2.95160908e+03  1.41e-03 1.11e-09  1.24e-06   662s
  65   2.96301908e+03  2.95228246e+03  9.60e-04 1.24e-09  8.14e-07   668s
  66   2.95797921e+03  2.95290672e+03  4.61e-04 2.77e-09  3.85e-07   674s
  67   2.95460605e+03  2.95313884e+03  1.23e-04 3.42e-09  1.11e-07   678s
  68   2.95369040e+03  2.95326024e+03  3.40e-05 3.16e-09  3.26e-08   682s
  69   2.95338618e+03  2.95331886e+03  4.83e-06 3.87e-09  5.10e-09   686s
  70   2.95333033e+03  2.95332917e+03  4.49e-08 4.13e-09  8.73e-11   690s
  71   2.95332957e+03  2.95332957e+03  3.50e-10 2.92e-10  2.36e-13   694s

Barrier solved model in 71 iterations and 693.79 seconds (512.94 work units)
Optimal objective 2.95332957e+03


Root crossover log...

  935335 DPushes remaining with DInf 3.7812596e-04               701s
  522825 DPushes remaining with DInf 1.7523832e-05               706s
  458645 DPushes remaining with DInf 1.4645010e-05               710s
  440116 DPushes remaining with DInf 1.0940502e-05               716s
  434997 DPushes remaining with DInf 7.3958372e-06               721s
  429380 DPushes remaining with DInf 7.3958372e-06               726s
  423403 DPushes remaining with DInf 6.1525309e-06               731s
  416698 DPushes remaining with DInf 6.1525309e-06               736s
  408572 DPushes remaining with DInf 6.1525309e-06               741s
  405775 DPushes remaining with DInf 6.1525309e-06               745s
  401793 DPushes remaining with DInf 6.1525309e-06               751s
  399434 DPushes remaining with DInf 6.1525309e-06               755s
  388928 DPushes remaining with DInf 6.1525309e-06               761s
  379879 DPushes remaining with DInf 6.1525309e-06               765s
  369807 DPushes remaining with DInf 5.1175158e-06               771s
  361357 DPushes remaining with DInf 5.1175158e-06               775s
  348298 DPushes remaining with DInf 5.1175158e-06               781s
  337867 DPushes remaining with DInf 5.1175158e-06               786s
  327623 DPushes remaining with DInf 5.1175158e-06               790s
  315996 DPushes remaining with DInf 5.1175158e-06               796s
  306990 DPushes remaining with DInf 5.1175158e-06               800s
  286974 DPushes remaining with DInf 5.1175158e-06               806s
  273583 DPushes remaining with DInf 5.1175158e-06               811s
  264165 DPushes remaining with DInf 5.1175158e-06               815s
  251717 DPushes remaining with DInf 5.1175158e-06               821s
  245845 DPushes remaining with DInf 1.0492803e-06               825s
  238064 DPushes remaining with DInf 1.0492803e-06               831s
  235142 DPushes remaining with DInf 1.0492803e-06               835s
  227560 DPushes remaining with DInf 1.0492803e-06               843s
  223966 DPushes remaining with DInf 1.0492803e-06               846s
  208541 DPushes remaining with DInf 1.0492803e-06               851s
  199988 DPushes remaining with DInf 1.0492803e-06               855s
  189688 DPushes remaining with DInf 1.0492803e-06               860s
  174377 DPushes remaining with DInf 1.0492803e-06               866s
  163363 DPushes remaining with DInf 1.0492803e-06               871s
  152132 DPushes remaining with DInf 1.0492803e-06               875s
  131070 DPushes remaining with DInf 1.0492803e-06               880s
  115031 DPushes remaining with DInf 1.0492803e-06               886s
   99900 DPushes remaining with DInf 1.0492803e-06               890s
   89654 DPushes remaining with DInf 1.0492803e-06               897s
   82099 DPushes remaining with DInf 1.0492803e-06               901s
   70625 DPushes remaining with DInf 0.0000000e+00               905s
   51950 DPushes remaining with DInf 0.0000000e+00               911s
   35640 DPushes remaining with DInf 0.0000000e+00               916s
   25522 DPushes remaining with DInf 0.0000000e+00               920s
   13794 DPushes remaining with DInf 0.0000000e+00               926s
    4232 DPushes remaining with DInf 0.0000000e+00               931s
    2546 DPushes remaining with DInf 0.0000000e+00               935s

 1001806 PPushes remaining with PInf 0.0000000e+00               936s
  851443 PPushes remaining with PInf 0.0000000e+00               942s
  774463 PPushes remaining with PInf 0.0000000e+00               946s
  728691 PPushes remaining with PInf 0.0000000e+00               951s
  674692 PPushes remaining with PInf 0.0000000e+00               956s
  618956 PPushes remaining with PInf 0.0000000e+00               961s
  570408 PPushes remaining with PInf 0.0000000e+00               967s
  520721 PPushes remaining with PInf 0.0000000e+00               972s
  475807 PPushes remaining with PInf 0.0000000e+00               978s
  434280 PPushes remaining with PInf 0.0000000e+00               984s
  395645 PPushes remaining with PInf 0.0000000e+00               990s
  359436 PPushes remaining with PInf 0.0000000e+00               996s
  325989 PPushes remaining with PInf 6.3077060e-06              1003s
  294642 PPushes remaining with PInf 9.4316301e-06              1009s
  264416 PPushes remaining with PInf 9.4316301e-06              1014s
  235469 PPushes remaining with PInf 3.1239241e-06              1020s
  208024 PPushes remaining with PInf 3.1239241e-06              1026s
  182796 PPushes remaining with PInf 0.0000000e+00              1032s
  160002 PPushes remaining with PInf 0.0000000e+00              1038s
  139742 PPushes remaining with PInf 0.0000000e+00              1043s
  121827 PPushes remaining with PInf 0.0000000e+00              1049s
  106293 PPushes remaining with PInf 0.0000000e+00              1054s
   93086 PPushes remaining with PInf 0.0000000e+00              1058s
   81783 PPushes remaining with PInf 0.0000000e+00              1063s
   72158 PPushes remaining with PInf 0.0000000e+00              1067s
   64179 PPushes remaining with PInf 0.0000000e+00              1072s
   57845 PPushes remaining with PInf 0.0000000e+00              1076s
   48662 PPushes remaining with PInf 0.0000000e+00              1083s
   45659 PPushes remaining with PInf 0.0000000e+00              1087s
   41777 PPushes remaining with PInf 0.0000000e+00              1093s
       0 PPushes remaining with PInf 0.0000000e+00              1102s

  Push phase complete: Pinf 0.0000000e+00, Dinf 2.4134514e-13   1103s


Root simplex log...

Iteration    Objective       Primal Inf.    Dual Inf.      Time
 1569877    2.9533296e+03   0.000000e+00   0.000000e+00   1105s
Waiting for other threads to finish...        1169s
Waiting for other threads to finish...        1232s
Waiting for other threads to finish...        1295s
Concurrent spin time: 220.69s (can be avoided by choosing Method=3)

Solved with barrier
 1569877    2.9533296e+03   0.000000e+00   0.000000e+00   1330s

Root relaxation: objective 2.953330e+03, 1569877 iterations, 1081.27 seconds (561.30 work units)
Total elapsed time = 1330.22s (DegenMoves)
Total elapsed time = 2083.11s (DegenMoves)
Total elapsed time = 2119.83s (DegenMoves)

    Nodes    |    Current Node    |     Objective Bounds      |     Work
 Expl Unexpl |  Obj  Depth IntInf | Incumbent    BestBd   Gap | It/Node Time

     0     0 2953.32957    0  314          - 2953.32957      -     - 2133s
     0     0 2955.93846    0  316          - 2955.93846      -     - 2212s
H    0     0                    3840.0000000 2955.93846  23.0%     - 2553s
H    0     0                    3826.0000000 2955.93846  22.7%     - 2820s
     0     0 3222.49160    0  390 3826.00000 3222.49160  15.8%     - 7355s
     0     0 3229.54863    0  399 3826.00000 3229.54863  15.6%     - 8269s
     0     0 3229.54863    0  401 3826.00000 3229.54863  15.6%     - 8894s
     0     0 3229.54863    0  401 3826.00000 3229.54863  15.6%     - 8904s
     0     0 3333.77729    0  340 3826.00000 3333.77729  12.9%     - 14340s
     0     0 3337.06020    0  286 3826.00000 3337.06020  12.8%     - 17366s
     0     0 3337.19202    0  285 3826.00000 3337.19202  12.8%     - 17469s
     0     0 3337.19202    0  285 3826.00000 3337.19202  12.8%     - 17482s
     0     0 3350.35590    0  284 3826.00000 3350.35590  12.4%     - 19347s
     0     0 3354.73583    0  308 3826.00000 3354.73583  12.3%     - 21728s
     0     0 3354.73583    0  311 3826.00000 3354.73583  12.3%     - 21754s
     0     0 3357.56846    0  290 3826.00000 3357.56846  12.2%     - 23091s
     0     0 3358.30655    0  292 3826.00000 3358.30655  12.2%     - 25900s
     0     0 3358.31078    0  292 3826.00000 3358.31078  12.2%     - 26031s
     0     0 3358.80237    0  287 3826.00000 3358.80237  12.2%     - 27352s
     0     0 3358.92600    0  291 3826.00000 3358.92600  12.2%     - 28379s
     0     0 3358.94368    0  279 3826.00000 3358.94368  12.2%     - 28959s
     0     0 3358.94942    0  279 3826.00000 3358.94942  12.2%     - 29580s
     0     0 3358.96867    0  264 3826.00000 3358.96867  12.2%     - 29994s
     0     0 3358.96867    0  264 3826.00000 3358.96867  12.2%     - 30113s
     0     0 3358.96867    0  264 3826.00000 3358.96867  12.2%     - 30331s
     0     0 3358.96867    0  264 3826.00000 3358.96867  12.2%     - 30478s
     0     0 3358.96867    0  241 3826.00000 3358.96867  12.2%     - 32128s
     0     0 3358.99842    0  245 3826.00000 3358.99842  12.2%     - 32711s
     0     0 3358.99842    0  243 3826.00000 3358.99842  12.2%     - 33728s
     0     0 3361.52812    0  243 3826.00000 3361.52812  12.1%     - 36297s
H    0     0                    3657.0000000 3361.52812  8.08%     - 41412s
     0     2 3361.52812    0  243 3657.00000 3361.52812  8.08%     - 45005s
     1     4 3361.52812    1  246 3657.00000 3361.52812  8.08% 49968 47003s
     3     8 3362.32418    2  247 3657.00000 3361.58031  8.08% 24903 51587s
     7    16 3363.82230    3  244 3657.00000 3363.82230  8.02% 16950 57845s
    15    32 3367.68238    4  235 3657.00000 3365.23690  7.98% 13752 62622s
    31    64 3463.82059    5  240 3657.00000 3367.92078  7.90% 50843 72886s
    63    96 3465.40709    6  234 3657.00000 3368.20220  7.90% 248090 83496s
    95   128 3467.19276    7  266 3657.00000 3368.20220  7.90% 172533 89344s
   100   128 3470.45991    7  261 3657.00000 3368.20220  7.90% 165571 89345s
   127   160 3466.76414    7  225 3657.00000 3368.20220  7.90% 135990 97826s
   159   192 3467.56356    8  268 3657.00000 3368.20220  7.90% 113399 104234s
   191   227 3468.45788    8  258 3657.00000 3368.20220  7.90% 99263 110676s
   226   259 3469.31395    9  268 3657.00000 3368.20220  7.90% 89977 121979s
   258   294 3470.67179    9  252 3657.00000 3368.20220  7.90% 139763 129260s
   293   326 3474.91470   10  252 3657.00000 3368.20220  7.90% 127511 135142s
   325   364 3474.97706   10  195 3657.00000 3368.20220  7.90% 117847 140661s
   363   401 3476.08036   11  243 3657.00000 3368.20220  7.90% 108391 147159s
   400   442 3477.88112   12  238 3657.00000 3368.20220  7.90% 100787 155208s
   441   484 3478.91366   13  231 3657.00000 3368.20220  7.90% 94135 161433s
   483   588 3479.16943   13  226 3657.00000 3368.20220  7.90% 88526 165352s
   588   710 3483.42354   16  187 3657.00000 3368.20220  7.90% 76838 167959s
H  591   710                    3574.0000000 3368.20220  5.76% 76482 167959s
   676   710 3403.50983   22  144 3574.00000 3368.20220  5.76% 69948 167960s
   710   828 3484.40881   19  183 3574.00000 3368.20220  5.76% 67623 169978s
   828   939 3490.18013   21  204 3574.00000 3368.20220  5.76% 61778 172212s
   939  1009 3488.97877   22  151 3574.00000 3368.20220  5.76% 57439 174693s
H  974  1009                    3546.0000000 3368.20220  5.01% 56009 174694s
   976  1009 3403.91331   22  169 3546.00000 3368.20220  5.01% 55933 174695s
H  994  1009                    3483.0000000 3368.20220  3.30% 55271 174695s
  1009  1077     cutoff   24      3483.00000 3368.98686  3.27% 54903 175929s
  1131  1196 3371.06137    7  231 3483.00000 3369.69732  3.25% 51021 177123s
  1251  1317 3374.83065    8  203 3483.00000 3369.69732  3.25% 48264 178637s
  1375  1437 3380.34884   11  222 3483.00000 3369.69732  3.25% 45809 180248s
  1497  1560 3380.41209   10  202 3483.00000 3369.69732  3.25% 43675 181218s
  1625  1684 3380.56829   11  193 3483.00000 3369.69732  3.25% 41649 182806s
  1749  1799 3384.61509   13  199 3483.00000 3369.69732  3.25% 39874 184107s
  1870  1877 3387.52707   17  197 3483.00000 3369.69732  3.25% 38527 185283s
  1993  1890 3390.77515   19  165 3483.00000 3369.69732  3.25% 37220 186632s
  2115  1998 3394.21530   21  133 3483.00000 3369.69732  3.25% 35971 189251s
  2241  2112 3396.58707   25  108 3483.00000 3369.69732  3.25% 34718 191002s
  2364  2230 3397.10490   27   83 3483.00000 3369.69732  3.25% 33820 192964s
  2452  2230 3454.38912   73   11 3483.00000 3369.69732  3.25% 33154 192965s
  2489  2350 3401.13544   30   70 3483.00000 3369.69732  3.25% 32917 194301s
  2613  2468 3403.19104   32   76 3483.00000 3369.69732  3.25% 32234 196906s
  2733  2591 3402.89678   33   93 3483.00000 3369.69732  3.25% 31555 197915s
  2859  2707 3404.67680   36   89 3483.00000 3369.69732  3.25% 30846 198789s
  2982  2826 3408.26604   37  126 3483.00000 3369.69732  3.25% 30082 200840s
  3106  2936 3409.18144   41   62 3483.00000 3369.69732  3.25% 29330 202175s
  3222  3048 3412.87287   44   53 3483.00000 3369.69732  3.25% 28664 203226s
  3348  3170 3422.37287   45   52 3483.00000 3369.69732  3.25% 27926 204327s
  3474  3288 3417.53485   47   17 3483.00000 3369.69732  3.25% 27303 206322s
  3593  3408 3417.66018   51    9 3483.00000 3369.69732  3.25% 26731 207509s
  3717  3525 3418.19390   53   18 3483.00000 3369.69732  3.25% 26138 209569s
  3837  3633 3418.30242   54    3 3483.00000 3369.69732  3.25% 25591 211238s
  3961  3742 3418.52031   57    3 3483.00000 3369.69732  3.25% 25039 213482s
  4084  3858 3418.70480   59    2 3483.00000 3369.69732  3.25% 24522 213896s
  4209  3974 3418.91048   61    2 3483.00000 3369.69732  3.25% 24019 214597s
  4334  4082 3419.01220   61   13 3483.00000 3369.69732  3.25% 23507 216035s
  4459  4201 3419.29705   64    1 3483.00000 3369.69732  3.25% 23025 216377s
  4585  4316 3419.29838   66    1 3483.00000 3369.69732  3.25% 22612 218101s
  4706  4440 3419.45731   67   12 3483.00000 3369.69732  3.25% 22258 219062s
  4832  4556 3419.31100   73   24 3483.00000 3369.69732  3.25% 21853 221794s
  4913  4556     cutoff  147      3483.00000 3369.69732  3.25% 21607 221795s
  4952  4677 3419.31874   77    1 3483.00000 3369.69732  3.25% 21514 222528s
  5073  4790 3419.32872   81    3 3483.00000 3369.69732  3.25% 21191 223190s
  5187  4909 3419.33564   85    2 3483.00000 3369.69732  3.25% 20909 223573s
  5307  5025 3419.35277   89    1 3483.00000 3369.69732  3.25% 20604 224952s
  5426  5136 3419.36796   93    6 3483.00000 3369.69732  3.25% 20295 230787s
  5539  5245 3419.37762   97    1 3483.00000 3369.69732  3.25% 20029 233072s
  5653  5351 3419.39628  101    3 3483.00000 3369.69732  3.25% 19748 233603s
  5767  5464 3419.40740  105   39 3483.00000 3369.69732  3.25% 19496 236343s
  5882  5577 3419.41493  109   37 3483.00000 3369.69732  3.25% 19328 237229s
  5968  5577 3402.54309   15  206 3483.00000 3369.69732  3.25% 19149 237230s
  6001  5694 3419.42198  112    1 3483.00000 3369.69732  3.25% 19103 238104s
  6121  5802 3419.42856  116    8 3483.00000 3369.69732  3.25% 18888 239430s
* 6192  5738             130    3482.0000000 3369.69732  3.23% 18748 239432s
  6238  5848 3419.43161  119    1 3482.00000 3369.69732  3.23% 18658 240183s
  6361  5967 3419.44416  123   13 3482.00000 3369.69732  3.23% 18443 241057s
  6483  6082 3419.45574  127   27 3482.00000 3369.69732  3.23% 18247 242465s
  6604  6191 3419.46336  131    1 3482.00000 3369.69732  3.23% 18038 243409s
  6670  6191 3402.80744   16  190 3482.00000 3369.69732  3.23% 17907 243410s
  6719  6296 3419.47050  135    7 3482.00000 3369.69732  3.23% 17832 244376s
  6834  6400 3419.47970  139    3 3482.00000 3369.69732  3.23% 17639 245551s
  6945  6513 3419.49760  143    1 3482.00000 3369.69732  3.23% 17475 248198s
  7066  6628 3419.50904  147    1 3482.00000 3369.69732  3.23% 17287 249649s
  7181  6743 3419.51199  151    2 3482.00000 3369.69732  3.23% 17134 251037s
  7298  6862 3419.51976  155    1 3482.00000 3369.69732  3.23% 16974 252016s
  7417  6974 3419.52877  159    1 3482.00000 3369.69732  3.23% 16793 253455s
  7532  7091 3419.54297  163    2 3482.00000 3369.69732  3.23% 16644 255036s
  7649  7195 3419.55315  167    1 3482.00000 3369.69732  3.23% 16472 256972s
  7757  7309 3419.56616  170    4 3482.00000 3369.69732  3.23% 16351 258057s
H 7873  1811                    3408.0000000 3369.69732  1.12% 16205 270885s
  7905  1674     cutoff  175      3408.00000 3369.69732  1.12% 16162 271456s
  8033  1691     cutoff  174      3408.00000 3371.61817  1.07% 15968 274552s
H 8125  1147                    3405.0000000 3373.53080  0.92% 16065 274929s
  8126  1148 3384.69318   14  243 3405.00000 3373.53080  0.92% 16063 275785s
  8128  1149 3373.53080    9  314 3405.00000 3373.53080  0.92% 16059 276940s
  8129  1150 3385.25973   10  251 3405.00000 3373.53080  0.92% 16057 278772s
  8130  1151 3384.39238   10  263 3405.00000 3373.53080  0.92% 16055 279276s
  8131  1151 3385.49866   12  257 3405.00000 3373.53080  0.92% 16053 279388s
  8132  1152 3385.12544   14  253 3405.00000 3373.53080  0.92% 16051 279453s
  8133  1153 3376.64865   10  220 3405.00000 3374.61014  0.89% 16049 280711s
  8134  1153 3381.24117   11  210 3405.00000 3374.61014  0.89% 16047 280822s
  8135  1154 3391.47644   10  231 3405.00000 3374.67073  0.89% 16045 280870s
  8136  1155 3399.95807   17  232 3405.00000 3374.68656  0.89% 16043 280963s
  8137  1155 3399.78571   30  198 3405.00000 3381.72781  0.68% 16041 282803s
  8138  1156 3388.07696   17  241 3405.00000 3382.30133  0.67% 16039 282955s
  8139  1157 3398.65385   19  230 3405.00000 3382.36692  0.66% 16037 283107s
  8140  1157 3385.22371   10  218 3405.00000 3384.70166  0.60% 16035 284919s
  8141  1158 3399.29292   20  251 3405.00000 3385.08238  0.58% 16033 285091s
  8142  1159 3397.76170   19  269 3405.00000 3385.45200  0.57% 16031 286171s
  8143  1159 3399.31646   29  259 3405.00000 3385.46429  0.57% 16029 286665s
  8144  1160 3398.88006   25  244 3405.00000 3388.01403  0.50% 16027 288090s
  8145  1161 3389.34661   12  250 3405.00000 3388.20745  0.49% 16025 288912s
  8146  1161 3388.31108   12  245 3405.00000 3388.31108  0.49% 16023 288994s
  8147  1162 3397.58679   18  245 3405.00000 3388.31304  0.49% 16021 289041s
  8148  1163 3402.41786   21  221 3405.00000 3390.06242  0.44% 16019 293024s
  8149  1163 3401.51373   14  221 3405.00000 3390.14183  0.44% 16017 293310s
  8150  1164 3390.21204   13  228 3405.00000 3390.21204  0.43% 16016 293679s
  8151  1165 3391.50058   17  205 3405.00000 3391.50058  0.40% 16014 296297s
  8152  1165 3399.11624   17  270 3405.00000 3391.52851  0.40% 16012 296856s
  8153  1166 3392.61416    9  259 3405.00000 3392.61416  0.36% 16010 300394s
  8154  1167 3402.95229   33  254 3405.00000 3392.61416  0.36% 16008 300644s
  8155  1167 3393.24011   14  258 3405.00000 3393.24011  0.35% 16006 301810s
  8156  1168 3394.94301   23  263 3405.00000 3393.24011  0.35% 16004 302027s
  8157  1169 3393.24011    9  265 3405.00000 3393.24011  0.35% 16002 302079s
  8158  1169 3393.65425    9  215 3405.00000 3393.65425  0.33% 16000 303571s
  8159  1170 3393.77112    9  231 3405.00000 3393.77112  0.33% 15998 304145s
  8160  1171 3398.23827   25  255 3405.00000 3393.81315  0.33% 15996 304444s
  8161  1171 3394.18493   18  239 3405.00000 3394.18493  0.32% 15994 305403s
  8162  1172 3394.18493   10  244 3405.00000 3394.18493  0.32% 15992 305451s
  8163  1173 3394.18493   10  231 3405.00000 3394.18493  0.32% 15990 306641s
  8164  1173 3394.18493    7  258 3405.00000 3394.18493  0.32% 15988 306857s
  8165  1174 3398.79175   18  243 3405.00000 3394.25975  0.32% 15986 307832s
  8166  1175 3394.25975   10  258 3405.00000 3394.25975  0.32% 15984 307996s
  8167  1175 3394.47104   12  247 3405.00000 3394.47104  0.31% 15982 309154s
  8168  1176 3394.49046   12  261 3405.00000 3394.49046  0.31% 15980 309339s
  8169  1177 3394.51590   12  246 3405.00000 3394.51590  0.31% 15978 310686s
  8170  1177 3394.66665   19  246 3405.00000 3394.66665  0.30% 15976 311253s
H 8170  1117                    3402.0000000 3394.66665  0.22% 15976 311970s
  8171  1118 3394.66665   15  246 3402.00000 3394.66665  0.22% 15974 314364s
  8172  1120 3396.15311   21  243 3402.00000 3394.66665  0.22% 16413 314868s
  8174  1121 3399.92597   21  268 3402.00000 3394.66665  0.22% 16409 315372s
  8175  1122 3394.66665   11  207 3402.00000 3394.66665  0.22% 16407 316014s
  8176  1123 3394.66665   11  231 3402.00000 3394.66665  0.22% 16405 316804s
  8177  1123 3394.66665   11  277 3402.00000 3394.66665  0.22% 16403 317189s
  8178  1124 3399.25826   21  251 3402.00000 3394.66665  0.22% 16401 317404s
  8179  1125 3394.97094   11  247 3402.00000 3394.97094  0.21% 16399 317556s
  8180  1125 3395.18543   13  260 3402.00000 3395.18543  0.20% 16397 318317s
  8181  1126 3400.71491   19  236 3402.00000 3395.18543  0.20% 16395 318441s
  8182  1127 3395.18543   11  221 3402.00000 3395.18543  0.20% 16393 319184s
  8183  1127 3396.69968   17  228 3402.00000 3395.18543  0.20% 16391 319219s
  8184  1128 3395.18543   12  221 3402.00000 3395.18543  0.20% 16389 319447s
  8185  1129 3400.64952   19  221 3402.00000 3395.18543  0.20% 16387 319512s
  8186  1129 3395.18543   18  215 3402.00000 3395.18543  0.20% 16385 319776s
  8187  1130 3402.00000   30  222 3402.00000 3395.18543  0.20% 16383 319832s
  8188  1131 3400.64523   23  222 3402.00000 3395.18543  0.20% 16381 319977s
  8189  1131 3395.18543   14  215 3402.00000 3395.18543  0.20% 16379 320114s
  8190  1132 3398.15174   23  229 3402.00000 3395.18543  0.20% 16377 320154s
  8191  1133 3397.04178   18  222 3402.00000 3395.18543  0.20% 16375 320364s
  8192  1133 3395.18543   13  222 3402.00000 3395.18543  0.20% 16373 320392s
  8193  1134 3401.05739   21  222 3402.00000 3395.18878  0.20% 16371 320492s
  8194  1135 3395.18878   15  222 3402.00000 3395.18878  0.20% 16369 320724s
  8195  1135 3396.95807   17  222 3402.00000 3395.18878  0.20% 16367 321096s
  8196  1136 3395.18878    9  222 3402.00000 3395.18878  0.20% 16365 322330s
  8197  1140 3395.18878   24  225 3402.00000 3395.18878  0.20% 16534 322911s
  8199  1143 3395.18878   25  210 3402.00000 3395.18878  0.20% 16536 323241s
  8203  1146 3395.29214   26  194 3402.00000 3395.18878  0.20% 16541 323996s
  8211  1152 3396.55847   27  221 3402.00000 3395.30051  0.20% 16615 325281s
  8223  1159 3398.18533   28  196 3402.00000 3395.74228  0.18% 16874 325759s
  8244  1164 3399.58935   29  198 3402.00000 3396.07745  0.17% 16914 327433s
  8276  1156     cutoff   30      3402.00000 3396.10990  0.17% 16920 328020s
  8308  1144 3397.45294   31  108 3402.00000 3396.10990  0.17% 16930 328735s
  8340  1137 3398.66471   32  138 3402.00000 3396.10990  0.17% 16940 330147s
  8372  1119 3398.87895   33  132 3402.00000 3396.64834  0.16% 16967 330777s
  8408  1087 3400.36959   33  141 3402.00000 3396.99289  0.15% 16977 332049s
  8409  1087 3398.63958   32   79 3402.00000 3396.99289  0.15% 16979 332050s
  8444  1064     cutoff   34      3402.00000 3396.99289  0.15% 16962 332445s
  8466  1054 3400.80147   31  125 3402.00000 3398.97688  0.09% 16955 332855s
  8477  1046     cutoff   32      3402.00000 3399.14067  0.08% 16950 333078s
  8485  1044 3400.16644   36  126 3402.00000 3399.14067  0.08% 16947 333405s
  8489  1042 3400.24903   37   75 3402.00000 3399.30733  0.08% 16942 333770s
  8493  1037     cutoff   38      3402.00000 3400.39603  0.05% 16938 333883s

Cutting planes:
  Gomory: 79
  Cover: 11
  Implied bound: 222
  Projected implied bound: 184
  MIR: 543
  Mixing: 1
  Flow cover: 220
  Zero half: 279
  RLT: 23
  Relax-and-lift: 30
  BQP: 2

Explored 8497 nodes (147872124 simplex iterations) in 333884.91 seconds (127636.57 work units)
Thread count was 32 (of 128 available processors)

Solution count 10: 3402 3402 3405 ... 3482

Optimal solution found (tolerance 1.00e-04)
Best objective 3.402000000000e+03, best bound 3.402000000000e+03, gap 0.0000%
True
