l013.ib.bridges2.psc.edu
2024-11-12 14:22:03.030138
Set parameter Username
Set parameter LicenseID to value 762805
Set parameter TokenServer to value "br017.ib.bridges2.psc.edu"
Set parameter LogFile to value "result1354/grblogL_l013.ib.bridges2.psc.edu_RelaxFalse_N-1_PSPS_SpanFalse_PFlow_Lazy0_1354_inst5.txt"
Gurobi Optimizer version 11.0.2 build v11.0.2rc0 (linux64 - "Red Hat Enterprise Linux 8.10 (Ootpa)")

CPU model: AMD EPYC 7742 64-Core Processor, instruction set [SSE2|AVX|AVX2]
Thread count: 128 physical cores, 128 logical processors, using up to 32 threads

Optimize a model with 12418040 rows, 10522515 columns and 50896779 nonzeros
Model fingerprint: 0x980846dd
Variable types: 10519170 continuous, 3345 integer (3345 binary)
Coefficient statistics:
  Matrix range     [1e+00, 3e+03]
  Objective range  [1e+00, 1e+01]
  Bounds range     [1e+00, 1e+00]
  RHS range        [1e+00, 4e+04]
Presolve removed 854102 rows and 482 columns (presolve time = 5s) ...
Presolve removed 3821372 rows and 2561939 columns (presolve time = 10s) ...
Presolve removed 4320212 rows and 2894324 columns (presolve time = 15s) ...
Presolve removed 4425865 rows and 2965646 columns (presolve time = 20s) ...
Presolve removed 4439136 rows and 2973589 columns (presolve time = 25s) ...
Presolve removed 4439136 rows and 2973589 columns (presolve time = 31s) ...
Presolve removed 4440108 rows and 2973589 columns (presolve time = 35s) ...
Presolve removed 4440108 rows and 2976551 columns (presolve time = 40s) ...
Presolve removed 5507198 rows and 5101106 columns (presolve time = 46s) ...
Presolve removed 5507198 rows and 5491290 columns (presolve time = 50s) ...
Presolve removed 5511592 rows and 5492063 columns (presolve time = 55s) ...
Presolve removed 5511592 rows and 5492063 columns (presolve time = 60s) ...
Presolve removed 5511592 rows and 5492063 columns (presolve time = 65s) ...
Presolve removed 5511592 rows and 5492063 columns (presolve time = 70s) ...
Presolve removed 5511592 rows and 5492063 columns (presolve time = 75s) ...
Presolve removed 5511592 rows and 5492063 columns (presolve time = 80s) ...
Presolve removed 5511592 rows and 5492063 columns (presolve time = 85s) ...
Presolve removed 5511592 rows and 5492063 columns (presolve time = 90s) ...
Presolve removed 5511592 rows and 5492063 columns (presolve time = 95s) ...
Presolve removed 6450116 rows and 5492075 columns (presolve time = 100s) ...
Presolve removed 6451191 rows and 5492651 columns (presolve time = 105s) ...
Presolve removed 6451191 rows and 5492651 columns (presolve time = 111s) ...
Presolve removed 7141460 rows and 5492651 columns (presolve time = 115s) ...
Presolve removed 7141460 rows and 5493285 columns (presolve time = 122s) ...
Presolve removed 7152706 rows and 5530877 columns (presolve time = 125s) ...
Presolve removed 7171994 rows and 5531100 columns (presolve time = 131s) ...
Presolve removed 7172260 rows and 5531268 columns (presolve time = 135s) ...
Presolve removed 7177547 rows and 5531268 columns (presolve time = 141s) ...
Presolve removed 7182860 rows and 5541890 columns (presolve time = 145s) ...
Presolve removed 7182874 rows and 5541902 columns (presolve time = 150s) ...
Presolve removed 7188177 rows and 5541934 columns (presolve time = 155s) ...
Presolve removed 7188189 rows and 5541949 columns (presolve time = 160s) ...
Presolve removed 7188189 rows and 5541949 columns (presolve time = 166s) ...
Presolve removed 7188189 rows and 5541949 columns (presolve time = 170s) ...
Presolve removed 7398463 rows and 5735381 columns (presolve time = 177s) ...
Presolve removed 7398463 rows and 5735427 columns (presolve time = 180s) ...
Presolve removed 7398469 rows and 5735542 columns (presolve time = 185s) ...
Presolve removed 7401654 rows and 5735732 columns (presolve time = 190s) ...
Presolve removed 7401656 rows and 5735734 columns (presolve time = 196s) ...
Presolve removed 7762881 rows and 5735983 columns (presolve time = 200s) ...
Presolve removed 7762905 rows and 5735993 columns (presolve time = 205s) ...
Presolve removed 7763088 rows and 5735993 columns (presolve time = 210s) ...
Presolve removed 7763089 rows and 5735997 columns (presolve time = 216s) ...
Presolve removed 7763089 rows and 5736008 columns (presolve time = 220s) ...
Presolve removed 7763089 rows and 5736008 columns (presolve time = 225s) ...
Presolve removed 7763089 rows and 5736008 columns (presolve time = 230s) ...
Presolve removed 7763089 rows and 5736008 columns (presolve time = 235s) ...
Presolve removed 7763091 rows and 5736008 columns (presolve time = 240s) ...
Presolve removed 7763090 rows and 5736007 columns
Presolve time: 240.05s
Presolved: 4654950 rows, 4786508 columns, 23156124 nonzeros
Variable types: 4784426 continuous, 2082 integer (2082 binary)
Deterministic concurrent LP optimizer: primal simplex, dual simplex, and barrier
Showing barrier log only...

Root barrier log...

Elapsed ordering time = 5s
Ordering time: 8.03s

Barrier statistics:
 Dense cols : 1962
 AA' NZ     : 2.040e+07
 Factor NZ  : 2.232e+08 (roughly 6.0 GB of memory)
 Factor Ops : 1.130e+11 (roughly 1 second per iteration)
 Threads    : 29

                  Objective                Residual
Iter       Primal          Dual         Primal    Dual     Compl     Time
   0   2.07023926e+05 -4.18964194e+07  1.68e+04 1.47e+00  2.45e+02   303s
   1   2.08294913e+05 -4.19398666e+07  1.57e+04 4.51e+00  2.24e+02   309s
   2   2.00223097e+05 -4.11536606e+07  1.27e+04 3.46e+00  1.74e+02   314s
   3   1.96923581e+05 -4.06533396e+07  1.14e+04 2.61e+00  1.51e+02   320s
   4   1.85389203e+05 -3.98111014e+07  8.56e+03 1.47e-01  1.02e+02   325s
   5   4.02379188e+04 -3.85757796e+07  1.59e+03 9.49e-07  2.09e+01   330s
   6   1.98996135e+04 -3.05340165e+07  4.96e+02 3.43e-08  7.05e+00   335s
   7   1.50414340e+04 -1.49148971e+07  2.40e+02 4.34e-09  2.55e+00   339s
   8   1.23427623e+04 -5.76683908e+06  1.06e+02 5.14e-05  7.91e-01   343s
   9   1.14008984e+04 -2.45744077e+06  6.03e+01 8.71e-09  3.00e-01   347s
  10   1.08634956e+04 -1.00647691e+06  3.52e+01 5.49e-06  1.08e-01   351s
  11   1.05901600e+04 -4.40526005e+05  2.28e+01 5.48e-06  4.37e-02   355s
  12   1.03396176e+04 -2.36848657e+05  1.35e+01 2.89e-06  2.19e-02   359s
  13   1.00307795e+04 -1.58248173e+05  7.87e+00 2.01e-06  1.40e-02   363s
  14   9.43236517e+03 -9.57875137e+04  3.83e+00 1.08e-06  8.35e-03   369s
  15   8.97684195e+03 -5.86695929e+04  2.50e+00 6.70e-07  5.28e-03   373s
  16   8.91687500e+03 -4.77785637e+04  2.38e+00 5.59e-07  4.42e-03   377s
  17   8.56084745e+03 -3.36544236e+04  1.89e+00 4.09e-07  3.27e-03   381s
  18   8.15518480e+03 -2.75122027e+04  1.50e+00 3.44e-07  2.75e-03   385s
  19   7.54629481e+03 -2.12514652e+04  1.17e+00 2.75e-07  2.21e-03   390s
  20   7.32800509e+03 -1.87069750e+04  1.09e+00 2.45e-07  2.00e-03   395s
  21   6.91474919e+03 -1.43505144e+04  9.38e-01 1.96e-07  1.63e-03   401s
  22   6.42284974e+03 -1.18010230e+04  7.94e-01 1.71e-07  1.39e-03   408s
  23   5.88917263e+03 -7.26899593e+03  6.27e-01 1.20e-07  1.00e-03   414s
  24   5.52249175e+03 -4.68782962e+03  5.31e-01 9.11e-08  7.79e-04   421s
  25   5.11275949e+03 -2.63871052e+03  4.41e-01 6.89e-08  5.91e-04   427s
  26   5.04304776e+03 -1.94084176e+03  4.24e-01 6.05e-08  5.32e-04   432s
  27   4.84275886e+03 -9.55511499e+02  3.83e-01 4.95e-08  4.42e-04   438s
  28   4.67947886e+03 -2.51345507e+02  3.47e-01 4.09e-08  3.76e-04   444s
  29   4.52022167e+03  4.22633617e+02  3.14e-01 3.26e-08  3.12e-04   451s
  30   4.29283120e+03  8.28464206e+02  2.70e-01 2.76e-08  2.64e-04   457s
  31   4.17955158e+03  1.05074953e+03  2.47e-01 2.48e-08  2.38e-04   463s
  32   4.03751037e+03  1.33543708e+03  2.20e-01 2.11e-08  2.06e-04   469s
  33   3.93700541e+03  1.54281686e+03  1.99e-01 1.85e-08  1.82e-04   475s
  34   3.83190992e+03  1.76211332e+03  1.81e-01 1.58e-08  1.58e-04   481s
  35   3.75499551e+03  1.88091396e+03  1.66e-01 1.43e-08  1.43e-04   487s
  36   3.67562672e+03  1.96883885e+03  1.51e-01 1.31e-08  1.30e-04   494s

Barrier performed 36 iterations in 493.55 seconds (348.48 work units)
Barrier solve interrupted - model solved by another algorithm

Concurrent spin time: 38.71s (can be avoided by choosing Method=3)

Solved with dual simplex

Root simplex log...

Iteration    Objective       Primal Inf.    Dual Inf.      Time
  668947    2.9228920e+03   0.000000e+00   0.000000e+00    496s

Root relaxation: objective 2.922892e+03, 668947 iterations, 245.72 seconds (164.90 work units)
Total elapsed time = 574.84s (DegenMoves)
Total elapsed time = 591.75s (DegenMoves)

    Nodes    |    Current Node    |     Objective Bounds      |     Work
 Expl Unexpl |  Obj  Depth IntInf | Incumbent    BestBd   Gap | It/Node Time

     0     0 2922.89203    0  329          - 2922.89203      -     -  603s
     0     0 2925.67811    0  330          - 2925.67811      -     -  607s
H    0     0                    3850.0000000 2925.67811  24.0%     -  621s
H    0     0                    3837.0000000 2925.67811  23.8%     -  634s
H    0     0                    3555.0000000 2925.67811  17.7%     -  642s
     0     0 3196.36361    0  437 3555.00000 3196.36361  10.1%     -  984s
     0     0 3200.20681    0  423 3555.00000 3200.20681  10.0%     - 1350s
     0     0 3200.20681    0  423 3555.00000 3200.20681  10.0%     - 1358s
     0     0 3276.07203    0  366 3555.00000 3276.07203  7.85%     - 1604s
     0     0 3279.18298    0  370 3555.00000 3279.18298  7.76%     - 1857s
     0     0 3279.18298    0  370 3555.00000 3279.18298  7.76%     - 1865s
     0     0 3298.93731    0  382 3555.00000 3298.93731  7.20%     - 2038s
     0     0 3301.21714    0  370 3555.00000 3301.21714  7.14%     - 2166s
     0     0 3301.47550    0  369 3555.00000 3301.47550  7.13%     - 2186s
     0     0 3307.33689    0  333 3555.00000 3307.33689  6.97%     - 2316s
     0     0 3308.33752    0  335 3555.00000 3308.33752  6.94%     - 2556s
     0     0 3308.48805    0  340 3555.00000 3308.48805  6.93%     - 2613s
     0     0 3308.52010    0  337 3555.00000 3308.52010  6.93%     - 2651s
     0     0 3309.67146    0  326 3555.00000 3309.67146  6.90%     - 2805s
     0     0 3310.86824    0  326 3555.00000 3310.86824  6.87%     - 2871s
     0     0 3310.86824    0  323 3555.00000 3310.86824  6.87%     - 2916s
     0     0 3310.86824    0  323 3555.00000 3310.86824  6.87%     - 2991s
     0     0 3310.86824    0  303 3555.00000 3310.86824  6.87%     - 3573s
     0     0 3310.86824    0  302 3555.00000 3310.86824  6.87%     - 3630s
     0     0 3310.86824    0  308 3555.00000 3310.86824  6.87%     - 3709s
     0     0 3312.17382    0  308 3555.00000 3312.17382  6.83%     - 4085s
     0     0 3312.17382    0  308 3555.00000 3312.17382  6.83%     - 4124s
     0     0 3312.17382    0  308 3555.00000 3312.17382  6.83%     - 4309s
     0     0 3314.76267    0  331 3555.00000 3314.76267  6.76%     - 5908s
     0     0 3314.76267    0  323 3555.00000 3314.76267  6.76%     - 6171s
     0     0 3314.76267    0  312 3555.00000 3314.76267  6.76%     - 6785s
     0     0 3314.76267    0  352 3555.00000 3314.76267  6.76%     - 6894s
     0     0 3314.76267    0  330 3555.00000 3314.76267  6.76%     - 6975s
     0     0 3321.31950    0  296 3555.00000 3321.31950  6.57%     - 7180s
     0     0 3323.48774    0  314 3555.00000 3323.48774  6.51%     - 7383s
     0     0 3323.48774    0  316 3555.00000 3323.48774  6.51%     - 7399s
     0     0 3323.48774    0  316 3555.00000 3323.48774  6.51%     - 7406s
     0     0 3328.01928    0  312 3555.00000 3328.01928  6.38%     - 7539s
     0     0 3330.41892    0  305 3555.00000 3330.41892  6.32%     - 7760s
     0     0 3330.44204    0  314 3555.00000 3330.44204  6.32%     - 7782s
     0     0 3334.71250    0  305 3555.00000 3334.71250  6.20%     - 7900s
     0     0 3335.29803    0  311 3555.00000 3335.29803  6.18%     - 8056s
     0     0 3335.82077    0  287 3555.00000 3335.82077  6.17%     - 8120s
     0     0 3335.83082    0  289 3555.00000 3335.83082  6.17%     - 8138s
     0     0 3336.00226    0  310 3555.00000 3336.00226  6.16%     - 8234s
     0     0 3336.08430    0  322 3555.00000 3336.08430  6.16%     - 8299s
     0     0 3336.08430    0  322 3555.00000 3336.08430  6.16%     - 8306s
     0     0 3336.28816    0  313 3555.00000 3336.28816  6.15%     - 8406s
     0     0 3336.53285    0  313 3555.00000 3336.53285  6.15%     - 8574s
     0     0 3337.43177    0  315 3555.00000 3337.43177  6.12%     - 8657s
     0     0 3337.43177    0  315 3555.00000 3337.43177  6.12%     - 8689s
     0     0 3337.43177    0  315 3555.00000 3337.43177  6.12%     - 8729s
     0     0 3337.43177    0  315 3555.00000 3337.43177  6.12%     - 8754s
     0     0 3337.43177    0  304 3555.00000 3337.43177  6.12%     - 8874s
     0     0 3337.43177    0  309 3555.00000 3337.43177  6.12%     - 8908s
     0     0 3337.55575    0  309 3555.00000 3337.55575  6.12%     - 9004s
     0     0 3338.34583    0  309 3555.00000 3338.34583  6.09%     - 9332s
H    0     0                    3554.0000000 3338.80385  6.06%     - 9869s
     0     2 3338.80385    0  309 3554.00000 3338.80385  6.06%     - 10662s
     1     4 3339.11337    1  306 3554.00000 3338.80385  6.06% 47528 11691s
     3     8 3342.30913    2  304 3554.00000 3339.22606  6.04% 26991 12194s
     7    16 3347.44208    3  288 3554.00000 3342.39773  5.95% 16764 12889s
    15    32 3350.99002    4  298 3554.00000 3343.27620  5.93% 17181 13477s
    31    64 3353.98632    5  293 3554.00000 3346.02109  5.85% 47762 15412s
H   35    64                    3544.0000000 3346.02109  5.59% 80184 15412s
    63    96 3359.66728    6  272 3544.00000 3347.74220  5.54% 143379 16858s
H   95   128                    3391.0000000 3347.74788  1.28% 104700 46135s
H   96   128                    3388.0000000 3347.74788  1.19% 103613 46136s
H   97   128                    3387.0000000 3347.74788  1.16% 102548 46136s
H   98   128                    3385.0000000 3347.74788  1.10% 101884 46137s
H   99   128                    3382.0000000 3347.74788  1.01% 101130 46138s
H  103   128                    3379.0000000 3347.74788  0.92% 98307 46138s
H  104   128                    3375.0000000 3347.74788  0.81% 97579 46139s
H  105   128                    3374.0000000 3348.34906  0.76% 96805 46139s
H  123   128                    3372.0000000 3348.34906  0.70% 92108 46140s
   127   151 3365.66728    8  264 3372.00000 3348.34906  0.70% 89930 47195s
   159   174 3367.54418    9  268 3372.00000 3348.37027  0.70% 74976 48496s
   191   200 3370.34880    9  275 3372.00000 3348.86935  0.69% 64385 49474s
   241   216 3367.96988   10  265 3372.00000 3348.86949  0.69% 52673 50431s
   292   239     cutoff   10      3372.00000 3348.86949  0.69% 44653 51424s
   340   264     cutoff   12      3372.00000 3348.86949  0.69% 39222 52690s
   382   287 3354.47975    7  246 3372.00000 3348.86949  0.69% 35805 54118s
   421   331 3354.73226    8  246 3372.00000 3350.33270  0.64% 33326 61533s
   488   379 3367.98405   11  250 3372.00000 3350.33270  0.64% 34814 62189s
   588   441 3369.73406   12  216 3372.00000 3350.33270  0.64% 30698 63381s
   685   497     cutoff   13      3372.00000 3350.65487  0.63% 28632 64524s
   787   545 3360.29760   13  202 3372.00000 3350.65487  0.63% 26755 65247s
   877   602 3363.28870   16  203 3372.00000 3350.65487  0.63% 25562 68755s
   979   646 3364.05871   17  183 3372.00000 3350.65487  0.63% 24191 70430s
  1082   696 3365.65131   19  172 3372.00000 3350.65487  0.63% 23350 74188s
  1178   748 3366.69961   22  163 3372.00000 3350.65487  0.63% 22686 74862s
  1280   802 3367.67063   24  169 3372.00000 3350.65487  0.63% 21915 75585s
  1391   837 3368.17063   26  158 3372.00000 3350.65487  0.63% 21174 76304s
  1500   877     cutoff   30      3372.00000 3350.65487  0.63% 20657 88096s
  1608   942 3367.53038   24  167 3372.00000 3350.65487  0.63% 20444 88934s
  1718   988 3369.49144   28  136 3372.00000 3350.65487  0.63% 20340 89935s
  1827  1030     cutoff   31      3372.00000 3350.65487  0.63% 20193 90729s
  1831  1030 3370.46367   30   76 3372.00000 3350.65487  0.63% 20173 90730s
  1934  1070     cutoff   32      3372.00000 3350.68427  0.63% 19903 91482s
  2053  1112 3357.78147   13  206 3372.00000 3350.68427  0.63% 19551 92325s
  2165  1162 3360.12547   16  200 3372.00000 3350.68427  0.63% 19359 93232s
  2277  1228 3361.40058   18  194 3372.00000 3350.68427  0.63% 19261 94061s
  2386  1267 3362.92416   21  156 3372.00000 3350.68427  0.63% 19187 94979s
  2507  1312 3365.74328   24  147 3372.00000 3350.68427  0.63% 18949 95846s
  2620  1387 3367.82795   28  117 3372.00000 3350.68427  0.63% 18835 170308s
  2738  1436 3369.12860   32   45 3372.00000 3350.68427  0.63% 19289 171290s
  2860  1480 3369.95473   36   39 3372.00000 3350.68427  0.63% 19128 173450s
  2984  1523 3370.66558   40   26 3372.00000 3350.68427  0.63% 18852 174428s
  3112  1577     cutoff   39      3372.00000 3353.86088  0.54% 18718 175670s
  3227  1635 3357.63497   11  199 3372.00000 3353.86088  0.54% 18709 176657s
  3350  1674 3359.39119   13  225 3372.00000 3353.86088  0.54% 18461 177888s
  3472  1724 3361.50972   17  226 3372.00000 3353.86088  0.54% 18306 178835s
  3591  1797 3363.45804   20  187 3372.00000 3353.86088  0.54% 18225 223645s
  3709  1843 3364.75634   23  178 3372.00000 3353.86088  0.54% 18347 224642s
  3829  1884 3366.96718   26  167 3372.00000 3353.86088  0.54% 18271 225587s
  3954  1932 3369.53098   30  124 3372.00000 3353.86088  0.54% 18186 230112s
  4076  1993     cutoff   33      3372.00000 3356.91127  0.45% 18079 231884s
  4190  1993 3362.78667   16  206 3372.00000 3356.91127  0.45% 18064 231885s
  4197  2066 3360.33291   10  235 3372.00000 3356.91127  0.45% 18075 232800s
  4320  2113 3365.92580   14  214 3372.00000 3356.91127  0.45% 18006 233858s
  4438  2166 3368.62149   17  201 3372.00000 3356.91127  0.45% 17975 234791s
  4560  2196 3370.86291   21  181 3372.00000 3356.91127  0.45% 17924 235629s
  4682  2242 3370.70036   15  220 3372.00000 3357.24978  0.44% 17815 237166s
  4801  2285 3359.38444   15  191 3372.00000 3357.24978  0.44% 17798 238179s
  4923  2299 3362.57959   19  168 3372.00000 3357.24978  0.44% 17820 257630s
H 4924  2211                    3371.0000000 3357.24978  0.41% 17817 257630s
  4999  2225 3363.35382   21  161 3371.00000 3357.24978  0.41% 17887 259026s
  5118  2264 3368.58718   25   98 3371.00000 3357.24978  0.41% 17839 259931s
  5235  2305     cutoff   26      3371.00000 3357.94714  0.39% 17848 261010s
  5357  2359 3366.98159   14  186 3371.00000 3357.94714  0.39% 17835 261827s
  5484  2360 3368.76313   17  308 3371.00000 3357.94714  0.39% 17739 263629s
  5486  2361 3366.29383   11  322 3371.00000 3357.94714  0.39% 17732 267329s
  5487  2362 3368.03388   18  335 3371.00000 3357.94714  0.39% 17729 267925s
  5488  2363 3366.51675   14  317 3371.00000 3357.94714  0.39% 17726 269392s
  5489  2363 3366.64131   21  311 3371.00000 3357.94714  0.39% 17723 269508s
  5490  2364 3369.36198   21  315 3371.00000 3357.94714  0.39% 17719 272829s
  5491  2365 3364.32950   11  315 3371.00000 3357.94714  0.39% 17716 272922s
  5492  2365 3369.75000   35  341 3371.00000 3357.94714  0.39% 17713 274790s
  5493  2366 3363.67776   21  348 3371.00000 3357.94714  0.39% 17710 274992s
  5494  2367 3367.01358   27  324 3371.00000 3357.94714  0.39% 17706 275076s
  5495  2367 3362.85479   14  331 3371.00000 3357.94714  0.39% 17703 275141s
  5496  2368 3369.23270   27  331 3371.00000 3357.94714  0.39% 17700 275210s
  5497  2369 3365.70790   15  352 3371.00000 3357.94714  0.39% 17697 278474s
  5498  2369 3361.67980   22  349 3371.00000 3357.94714  0.39% 17694 278546s
  5499  2370 3363.92030   14  355 3371.00000 3357.94714  0.39% 17690 278635s
  5500  2371 3359.29760   13  328 3371.00000 3357.94714  0.39% 17687 280180s
  5501  2371 3369.32268   14  330 3371.00000 3357.94714  0.39% 17684 280269s
  5502  2372 3364.26336   14  319 3371.00000 3357.94714  0.39% 17681 280360s
  5503  2373 3366.40531   15  319 3371.00000 3357.94714  0.39% 17677 280434s
  5504  2373 3368.56495   26  311 3371.00000 3358.25584  0.38% 17674 283111s
  5505  2374 3368.50530   17  319 3371.00000 3358.26368  0.38% 17671 283231s
  5506  2375 3364.19096   17  326 3371.00000 3358.26409  0.38% 17668 284410s
  5507  2375 3369.29511   24  307 3371.00000 3358.95261  0.36% 17665 284548s
  5508  2376 3362.48138   12  332 3371.00000 3359.18139  0.35% 17661 284667s
  5509  2377 3364.66636   24  308 3371.00000 3359.22773  0.35% 17658 284814s
  5510  2377 3366.64697   19  308 3371.00000 3359.22773  0.35% 17655 284855s
  5511  2378 3367.51846   18  323 3371.00000 3359.58556  0.34% 17652 285042s
  5512  2379 3365.16280   21  326 3371.00000 3359.58556  0.34% 17649 285142s
  5513  2379 3361.05395   20  319 3371.00000 3359.61749  0.34% 17645 286179s
  5514  2380 3360.23187   13  321 3371.00000 3359.61749  0.34% 17642 286272s
  5515  2381 3363.23934   15  330 3371.00000 3359.85824  0.33% 17639 286670s
  5516  2381 3359.90098   14  339 3371.00000 3359.90098  0.33% 17636 286865s
  5517  2382 3368.84650   18  333 3371.00000 3359.90451  0.33% 17633 287149s
  5518  2383 3360.12123   10  336 3371.00000 3360.12123  0.32% 17629 287311s
  5519  2383 3369.82664   18  343 3371.00000 3360.12123  0.32% 17626 287388s
  5520  2384 3367.60248   14  342 3371.00000 3360.12123  0.32% 17623 287430s
  5521  2385 3368.23162   27  342 3371.00000 3360.12123  0.32% 17620 287488s
  5522  2385 3362.09648   23  342 3371.00000 3360.12123  0.32% 17617 287571s
  5523  2386 3368.95587   32  342 3371.00000 3360.12123  0.32% 17613 287624s
  5524  2387 3367.28826   18  342 3371.00000 3360.12123  0.32% 17610 287664s
  5525  2387 3367.06132   16  342 3371.00000 3360.12123  0.32% 17607 288274s
  5526  2388 3368.95766   28  344 3371.00000 3360.12123  0.32% 17604 289257s
  5527  2389 3360.44670   10  344 3371.00000 3360.18088  0.32% 17601 289683s
  5528  2389 3364.56649   16  344 3371.00000 3360.18088  0.32% 17598 290500s
  5529  2393 3360.22554   11  338 3371.00000 3360.18088  0.32% 18043 291112s
  5531  2396 3362.72899   12  345 3371.00000 3360.18088  0.32% 18042 291569s
  5535  2401 3362.80941   13  344 3371.00000 3360.24720  0.32% 18063 292076s
  5543  2406 3368.22566   14  345 3371.00000 3360.32357  0.32% 18184 293798s
  5557  2417 3368.32558   15  346 3371.00000 3360.45248  0.31% 18800 294607s
  5579  2422 3368.65892   16  346 3371.00000 3360.55384  0.31% 18963 295843s
  5611  2421     cutoff   17      3371.00000 3360.66512  0.31% 19038 297148s
  5643  2428 3360.92237   18  256 3371.00000 3360.83274  0.30% 19122 298146s
  5675  2426 3363.00383   19  236 3371.00000 3360.83274  0.30% 19124 298612s
  5707  2427 3363.61115   20  194 3371.00000 3360.95778  0.30% 19106 299017s
  5742  2424 3365.60367   21  216 3371.00000 3360.95778  0.30% 19123 299359s
  5779  2421 3363.72170   21  187 3371.00000 3360.95778  0.30% 19123 300134s
  5815  2426 3361.06616   19  187 3371.00000 3361.06616  0.29% 19158 300811s
  5851  2425 3361.75490   20  158 3371.00000 3361.07519  0.29% 19122 301803s
  5885  2414     cutoff   22      3371.00000 3361.07519  0.29% 19132 303170s
  5926  2401 3364.61543   22  151 3371.00000 3361.07519  0.29% 19123 304483s
  5968  2391 3363.22311   21  198 3371.00000 3361.07519  0.29% 19171 307661s
  6006  2383 3369.58391   21  210 3371.00000 3361.07519  0.29% 19200 312039s
  6026  2376 3368.63012   23  175 3371.00000 3361.07519  0.29% 19200 312040s
  6065  2372     cutoff   23      3371.00000 3361.84997  0.27% 19345 314200s
  6098  2381 3362.40573   21  199 3371.00000 3361.84997  0.27% 21113 315703s
  6137  2379 3362.99326   22  201 3371.00000 3361.84997  0.27% 21122 316614s
  6186  2376 3363.90787   24  146 3371.00000 3361.84997  0.27% 21148 317788s
  6232  2370 3364.70405   25  147 3371.00000 3361.84997  0.27% 21145 319205s
  6285  2367 3365.50635   27  127 3371.00000 3361.84997  0.27% 21139 319957s
  6351  2355 3367.44506   27   92 3371.00000 3361.84997  0.27% 21067 320772s
  6420  2365 3368.29385   31   94 3371.00000 3361.84997  0.27% 20987 321664s
  6485  2343 3368.28808   22  199 3371.00000 3361.84997  0.27% 20955 321665s
  6516  2359 3368.37269   35   72 3371.00000 3361.84997  0.27% 20888 322505s
  6620  2349 3368.60466   37   31 3371.00000 3361.84997  0.27% 20794 323466s
  6727  2357 3369.73879   40   31 3371.00000 3361.84997  0.27% 20721 324967s
  6838  2337 3369.84458   41   40 3371.00000 3361.84997  0.27% 20586 325587s
  6952  2316 infeasible   41      3371.00000 3363.15143  0.23% 20470 378769s
  7065  2323 3366.06496   25  139 3371.00000 3363.75445  0.21% 20470 379431s
  7193  2296 3368.15190   29   87 3371.00000 3363.75445  0.21% 20350 395555s
  7317  2263     cutoff   31      3371.00000 3363.75445  0.21% 20314 397666s
  7362  2274 3368.83975   31   97 3371.00000 3364.04268  0.21% 21417 405200s
  7490  2270 3365.41841   24  115 3371.00000 3364.04268  0.21% 21418 406514s
  7546  2252 3368.95734   26  153 3371.00000 3364.04268  0.21% 21335 406515s
  7616  2250 3366.82573   28   85 3371.00000 3364.04268  0.21% 21252 407327s
  7742  2208     cutoff   28      3371.00000 3364.52270  0.19% 21069 408079s
* 7782  2074              57    3370.0000000 3364.52270  0.16% 21026 408079s
  7867  2024 3368.01021   23  118 3370.00000 3364.52270  0.16% 20943 408848s
  7992  1976     cutoff   25      3370.00000 3365.08758  0.15% 20828 410352s
  8109  1930 3366.38940   23  134 3370.00000 3365.08758  0.15% 20732 411333s
  8235  1875     cutoff   25      3370.00000 3365.08758  0.15% 20614 412377s
  8362  1826 3367.47956   30  139 3370.00000 3365.08758  0.15% 20434 413344s
  8485  1775 3367.78910   33   88 3370.00000 3365.08758  0.15% 20276 414659s
  8613  1740 3368.29901   36   81 3370.00000 3365.39258  0.14% 20133 415482s
  8739  1685 3368.77841   28   83 3370.00000 3365.39258  0.14% 19977 416184s
  8775  1673 3367.44884   27  145 3370.00000 3365.39258  0.14% 19921 416185s
  8867  1633     cutoff   41      3370.00000 3365.90125  0.12% 19817 417136s
  8992  1595 3368.14439   23  245 3370.00000 3366.49821  0.10% 19642 417908s
  9119  1542 3368.13966   23  256 3370.00000 3366.49821  0.10% 19487 418532s
  9247  1478 3368.54741   25  213 3370.00000 3366.49821  0.10% 19313 420219s
  9372  1430 3368.88449   38   57 3370.00000 3366.49821  0.10% 19153 421267s
  9497  1377 3368.49505   42    5 3370.00000 3366.49821  0.10% 19009 422177s
  9624  1301 3368.68803   45    4 3370.00000 3366.49821  0.10% 18835 422663s
  9752  1258 3368.83623   49    5 3370.00000 3366.49821  0.10% 18643 423211s
* 9834  1117              52    3369.0000000 3366.49821  0.07% 18539 423212s
  9879   942     cutoff   51      3369.00000 3366.71934  0.07% 18473 423537s
 10007   774     cutoff   21      3369.00000 3366.73168  0.07% 18249 423834s

Cutting planes:
  Gomory: 146
  Lift-and-project: 1
  Cover: 12
  Implied bound: 484
  Projected implied bound: 353
  MIR: 1371
  Mixing: 1
  StrongCG: 13
  Flow cover: 698
  Inf proof: 4
  Zero half: 316
  RLT: 26
  Relax-and-lift: 8
  BQP: 1

Explored 10135 nodes (186353005 simplex iterations) in 423837.45 seconds (370629.72 work units)
Thread count was 32 (of 128 available processors)

Solution count 10: 3369 3370 3371 ... 3387

Optimal solution found (tolerance 1.00e-04)
Best objective 3.369000000000e+03, best bound 3.369000000000e+03, gap 0.0000%
True
