l007.ib.bridges2.psc.edu
2024-11-12 14:20:23.751536
Set parameter Username
Set parameter LicenseID to value 762805
Set parameter TokenServer to value "br017.ib.bridges2.psc.edu"
Set parameter LogFile to value "result1354/grblogL_l007.ib.bridges2.psc.edu_RelaxFalse_N-1_PSPS_SpanFalse_PFlow_Lazy0_1354_inst1.txt"
Gurobi Optimizer version 11.0.2 build v11.0.2rc0 (linux64 - "Red Hat Enterprise Linux 8.10 (Ootpa)")

CPU model: AMD EPYC 7742 64-Core Processor, instruction set [SSE2|AVX|AVX2]
Thread count: 128 physical cores, 128 logical processors, using up to 32 threads

Optimize a model with 12418040 rows, 10522515 columns and 50896779 nonzeros
Model fingerprint: 0xed4bcd54
Variable types: 10519170 continuous, 3345 integer (3345 binary)
Coefficient statistics:
  Matrix range     [1e+00, 3e+03]
  Objective range  [1e+00, 1e+01]
  Bounds range     [1e+00, 1e+00]
  RHS range        [1e+00, 4e+04]
Presolve removed 893942 rows and 482 columns (presolve time = 5s) ...
Presolve removed 3821372 rows and 2561939 columns (presolve time = 10s) ...
Presolve removed 4320212 rows and 2894324 columns (presolve time = 15s) ...
Presolve removed 4431203 rows and 2968304 columns (presolve time = 21s) ...
Presolve removed 4439136 rows and 2973589 columns (presolve time = 25s) ...
Presolve removed 4439136 rows and 2973589 columns (presolve time = 31s) ...
Presolve removed 4440108 rows and 2973589 columns (presolve time = 35s) ...
Presolve removed 4443557 rows and 2980000 columns (presolve time = 42s) ...
Presolve removed 5507198 rows and 5101106 columns (presolve time = 46s) ...
Presolve removed 5507198 rows and 5491290 columns (presolve time = 50s) ...
Presolve removed 5511592 rows and 5492063 columns (presolve time = 55s) ...
Presolve removed 5511592 rows and 5492063 columns (presolve time = 60s) ...
Presolve removed 5511592 rows and 5492063 columns (presolve time = 65s) ...
Presolve removed 5511592 rows and 5492063 columns (presolve time = 70s) ...
Presolve removed 5511592 rows and 5492063 columns (presolve time = 75s) ...
Presolve removed 5511592 rows and 5492063 columns (presolve time = 80s) ...
Presolve removed 5511592 rows and 5492063 columns (presolve time = 85s) ...
Presolve removed 5511592 rows and 5492063 columns (presolve time = 90s) ...
Presolve removed 5511592 rows and 5492063 columns (presolve time = 95s) ...
Presolve removed 6450116 rows and 5492087 columns (presolve time = 100s) ...
Presolve removed 6451191 rows and 5492651 columns (presolve time = 105s) ...
Presolve removed 6451191 rows and 5492651 columns (presolve time = 112s) ...
Presolve removed 7141460 rows and 5492651 columns (presolve time = 116s) ...
Presolve removed 7141460 rows and 5493285 columns (presolve time = 121s) ...
Presolve removed 7152706 rows and 5530877 columns (presolve time = 125s) ...
Presolve removed 7171994 rows and 5531100 columns (presolve time = 130s) ...
Presolve removed 7172260 rows and 5531268 columns (presolve time = 136s) ...
Presolve removed 7177547 rows and 5531268 columns (presolve time = 140s) ...
Presolve removed 7182860 rows and 5541890 columns (presolve time = 145s) ...
Presolve removed 7182952 rows and 5541924 columns (presolve time = 150s) ...
Presolve removed 7188185 rows and 5541945 columns (presolve time = 155s) ...
Presolve removed 7188189 rows and 5541949 columns (presolve time = 160s) ...
Presolve removed 7188189 rows and 5541949 columns (presolve time = 165s) ...
Presolve removed 7398462 rows and 5735381 columns (presolve time = 171s) ...
Presolve removed 7398463 rows and 5735381 columns (presolve time = 176s) ...
Presolve removed 7398463 rows and 5735532 columns (presolve time = 180s) ...
Presolve removed 7398469 rows and 5735542 columns (presolve time = 185s) ...
Presolve removed 7401656 rows and 5735734 columns (presolve time = 190s) ...
Presolve removed 7762645 rows and 5735734 columns (presolve time = 196s) ...
Presolve removed 7762881 rows and 5735983 columns (presolve time = 201s) ...
Presolve removed 7762905 rows and 5735993 columns (presolve time = 205s) ...
Presolve removed 7763088 rows and 5735993 columns (presolve time = 211s) ...
Presolve removed 7763089 rows and 5735997 columns (presolve time = 215s) ...
Presolve removed 7763089 rows and 5736008 columns (presolve time = 221s) ...
Presolve removed 7763089 rows and 5736008 columns (presolve time = 225s) ...
Presolve removed 7763089 rows and 5736008 columns (presolve time = 230s) ...
Presolve removed 7763089 rows and 5736008 columns (presolve time = 237s) ...
Presolve removed 7763090 rows and 5736007 columns
Presolve time: 238.98s
Presolved: 4654950 rows, 4786508 columns, 23156124 nonzeros
Variable types: 4784426 continuous, 2082 integer (2082 binary)
Deterministic concurrent LP optimizer: primal simplex, dual simplex, and barrier
Showing barrier log only...

Root barrier log...

Elapsed ordering time = 5s
Ordering time: 8.03s

Barrier statistics:
 Dense cols : 1962
 AA' NZ     : 2.040e+07
 Factor NZ  : 2.232e+08 (roughly 6.0 GB of memory)
 Factor Ops : 1.130e+11 (roughly 1 second per iteration)
 Threads    : 29

                  Objective                Residual
Iter       Primal          Dual         Primal    Dual     Compl     Time
   0   2.07248816e+05 -4.85471496e+07  1.68e+04 1.81e+00  2.84e+02   302s
   1   2.08755644e+05 -4.85972537e+07  1.57e+04 5.18e+00  2.60e+02   308s
   2   2.00647705e+05 -4.76898935e+07  1.27e+04 3.97e+00  2.01e+02   313s
   3   1.97323993e+05 -4.71126400e+07  1.15e+04 3.01e+00  1.75e+02   319s
   4   1.85755147e+05 -4.60860239e+07  8.56e+03 1.58e-01  1.17e+02   323s
   5   2.13915477e+04 -4.43944700e+07  5.28e+02 1.59e-06  1.03e+01   329s
   6   1.73180777e+04 -2.66415954e+07  3.26e+02 4.83e-08  4.92e+00   333s
   7   1.31693730e+04 -8.81641996e+06  1.25e+02 1.49e-08  1.24e+00   337s
   8   1.18281068e+04 -3.12294334e+06  6.30e+01 4.67e-08  3.78e-01   341s
   9   1.11306183e+04 -1.45805338e+06  3.20e+01 1.83e-08  1.49e-01   345s
  10   1.07823451e+04 -6.80767753e+05  1.72e+01 9.43e-09  6.25e-02   349s
  11   1.05354848e+04 -3.23165841e+05  7.74e+00 7.37e-09  2.75e-02   354s
  12   1.04593075e+04 -2.43387988e+05  5.66e+00 5.01e-09  2.05e-02   358s
  13   1.02977295e+04 -1.22295985e+05  3.57e+00 2.42e-09  1.05e-02   363s
  14   9.71255051e+03 -7.23038630e+04  1.55e+00 1.50e-09  6.31e-03   369s
  15   9.29927667e+03 -3.95227857e+04  1.09e+00 9.43e-10  3.74e-03   373s
  16   9.14796062e+03 -3.53716227e+04  1.00e+00 8.62e-10  3.41e-03   377s
  17   8.49999864e+03 -2.72036914e+04  7.99e-01 6.84e-10  2.72e-03   381s
  18   8.41171333e+03 -2.42617436e+04  7.68e-01 6.19e-10  2.49e-03   385s
  19   7.53749718e+03 -2.15028504e+04  5.89e-01 5.57e-10  2.21e-03   390s
  20   7.35094716e+03 -1.79882011e+04  5.55e-01 4.79e-10  1.93e-03   395s
  21   6.96365529e+03 -1.38355567e+04  4.67e-01 3.99e-10  1.58e-03   402s
  22   6.34523015e+03 -8.67131139e+03  3.75e-01 2.89e-10  1.14e-03   408s
  23   6.08878514e+03 -5.81765063e+03  3.37e-01 2.21e-10  9.04e-04   414s
  24   5.62512298e+03 -3.70187429e+03  2.75e-01 1.72e-10  7.08e-04   421s
  25   5.30553308e+03 -2.58398855e+03  2.35e-01 1.45e-10  5.98e-04   427s
  26   5.10868656e+03 -1.57364698e+03  2.11e-01 1.21e-10  5.07e-04   433s
  27   4.85027739e+03 -6.10151396e+02  1.82e-01 9.72e-11  4.14e-04   440s
  28   4.71099810e+03  3.95961127e+01  1.66e-01 8.09e-11  3.54e-04   446s
  29   4.56706372e+03  4.16528553e+02  1.51e-01 1.82e-10  3.15e-04   452s
  30   4.43269460e+03  6.82068111e+02  1.36e-01 2.66e-10  2.84e-04   457s
  31   4.34066513e+03  1.01471683e+03  1.26e-01 2.27e-10  2.52e-04   463s
  32   4.21550305e+03  1.27349644e+03  1.13e-01 2.24e-10  2.23e-04   469s

Barrier performed 32 iterations in 469.04 seconds (328.31 work units)
Barrier solve interrupted - model solved by another algorithm

Concurrent spin time: 41.95s (can be avoided by choosing Method=3)

Solved with dual simplex

Root simplex log...

Iteration    Objective       Primal Inf.    Dual Inf.      Time
  610187    3.0900562e+03   0.000000e+00   0.000000e+00    472s

Root relaxation: objective 3.090056e+03, 610187 iterations, 222.30 seconds (145.80 work units)
Total elapsed time = 513.06s (DegenMoves)
Total elapsed time = 530.46s (DegenMoves)

    Nodes    |    Current Node    |     Objective Bounds      |     Work
 Expl Unexpl |  Obj  Depth IntInf | Incumbent    BestBd   Gap | It/Node Time

     0     0 3090.05619    0  326          - 3090.05619      -     -  553s
     0     0 3092.92997    0  331          - 3092.92997      -     -  612s
H    0     0                    4102.0000000 3092.92997  24.6%     -  627s
H    0     0                    4096.0000000 3092.92997  24.5%     -  641s
H    0     0                    4085.0000000 3092.92997  24.3%     -  656s
H    0     0                    3738.0000000 3092.92997  17.3%     -  662s
     0     0 3352.91855    0  440 3738.00000 3352.91855  10.3%     -  958s
     0     0 3357.95983    0  410 3738.00000 3357.95983  10.2%     - 1332s
     0     0 3357.95983    0  410 3738.00000 3357.95983  10.2%     - 1340s
     0     0 3463.62422    0  326 3738.00000 3463.62422  7.34%     - 1504s
     0     0 3466.81500    0  351 3738.00000 3466.81500  7.25%     - 3899s
     0     0 3466.81500    0  351 3738.00000 3466.81500  7.25%     - 3908s
     0     0 3485.56655    0  285 3738.00000 3485.56655  6.75%     - 5654s
     0     0 3488.85070    0  291 3738.00000 3488.85070  6.67%     - 6491s
     0     0 3488.85070    0  282 3738.00000 3488.85070  6.67%     - 6578s
     0     0 3491.79634    0  257 3738.00000 3491.79634  6.59%     - 6892s
     0     0 3493.09989    0  248 3738.00000 3493.09989  6.55%     - 8227s
     0     0 3493.09989    0  249 3738.00000 3493.09989  6.55%     - 8254s
     0     0 3494.72078    0  256 3738.00000 3494.72078  6.51%     - 8365s
     0     0 3496.09889    0  260 3738.00000 3496.09889  6.47%     - 8811s
     0     0 3496.09889    0  260 3738.00000 3496.09889  6.47%     - 8817s
     0     0 3497.63187    0  264 3738.00000 3497.63187  6.43%     - 8920s
     0     0 3499.38316    0  264 3738.00000 3499.38316  6.38%     - 9106s
     0     0 3499.38316    0  261 3738.00000 3499.38316  6.38%     - 9337s
     0     0 3499.38316    0  270 3738.00000 3499.38316  6.38%     - 9667s
     0     0 3499.38316    0  276 3738.00000 3499.38316  6.38%     - 9711s
     0     0 3499.38316    0  270 3738.00000 3499.38316  6.38%     - 9805s
     0     0 3499.38316    0  270 3738.00000 3499.38316  6.38%     - 9845s
     0     0 3499.38316    0  270 3738.00000 3499.38316  6.38%     - 9905s
     0     0 3499.38316    0  240 3738.00000 3499.38316  6.38%     - 10283s
H    0     0                    3663.0000000 3499.68353  4.46%     - 11092s
     0     0 3499.68353    0  326 3663.00000 3499.68353  4.46%     - 12411s
     0     0 3499.68353    0  319 3663.00000 3499.68353  4.46%     - 12625s
     0     0 3499.68353    0  284 3663.00000 3499.68353  4.46%     - 13004s
     0     0 3500.90058    0  266 3663.00000 3500.90058  4.43%     - 13082s
     0     0 3501.01408    0  257 3663.00000 3501.01408  4.42%     - 13130s
     0     0 3501.01408    0  257 3663.00000 3501.01408  4.42%     - 13137s
     0     0 3507.63879    0  304 3663.00000 3507.63879  4.24%     - 13324s
     0     0 3508.00141    0  286 3663.00000 3508.00141  4.23%     - 15599s
     0     0 3508.06937    0  290 3663.00000 3508.06937  4.23%     - 15700s
     0     0 3508.06937    0  290 3663.00000 3508.06937  4.23%     - 15707s
     0     0 3510.28110    0  305 3663.00000 3510.28110  4.17%     - 15908s
     0     0 3512.21001    0  312 3663.00000 3512.21001  4.12%     - 16737s
     0     0 3512.35592    0  307 3663.00000 3512.35592  4.11%     - 16856s
     0     0 3512.36280    0  307 3663.00000 3512.36280  4.11%     - 16879s
     0     0 3513.74708    0  287 3663.00000 3513.74708  4.07%     - 17077s
     0     0 3514.39496    0  296 3663.00000 3514.39496  4.06%     - 17441s
     0     0 3514.39496    0  296 3663.00000 3514.39496  4.06%     - 17452s
     0     0 3514.39496    0  296 3663.00000 3514.39496  4.06%     - 17457s
     0     0 3515.25541    0  296 3663.00000 3515.25541  4.03%     - 17569s
     0     0 3515.25575    0  296 3663.00000 3515.25575  4.03%     - 17640s
     0     0 3515.25711    0  296 3663.00000 3515.25711  4.03%     - 17751s
     0     0 3515.25772    0  296 3663.00000 3515.25772  4.03%     - 17801s
     0     0 3515.25810    0  296 3663.00000 3515.25810  4.03%     - 17844s
     0     0 3515.64030    0  296 3663.00000 3515.64030  4.02%     - 17936s
     0     0 3515.64030    0  296 3663.00000 3515.64030  4.02%     - 17976s
     0     0 3515.64030    0  296 3663.00000 3515.64030  4.02%     - 18027s
     0     0 3515.64030    0  266 3663.00000 3515.64030  4.02%     - 18319s
     0     0 3515.64030    0  270 3663.00000 3515.64030  4.02%     - 18345s
     0     0 3515.64030    0  272 3663.00000 3515.64030  4.02%     - 18574s
     0     0 3516.20318    0  271 3663.00000 3516.20318  4.01%     - 18875s
H    0     0                    3640.0000000 3516.20318  3.40%     - 20150s
     0     2 3516.20318    0  271 3640.00000 3516.20318  3.40%     - 21513s
     1     4 3516.20318    1  235 3640.00000 3516.20318  3.40% 43448 22457s
     3     8 3516.90433    2  228 3640.00000 3516.90433  3.38% 35270 23102s
     7    16 3518.77354    3  226 3640.00000 3517.74494  3.36% 21634 24378s
    15    32 3521.52015    4  202 3640.00000 3518.83248  3.33% 17069 25197s
H   31    64                    3639.0000000 3521.17641  3.24% 17640 27446s
H   37    64                    3636.0000000 3521.17641  3.16% 102840 27447s
H   53    64                    3633.0000000 3522.31185  3.05% 165077 27447s
    63    96 3526.42176    6  229 3633.00000 3522.31185  3.05% 142130 29022s
    95   128 3528.27421    6  224 3633.00000 3522.62165  3.04% 99291 30193s
   127   160 3527.79272    7  210 3633.00000 3523.01963  3.03% 79694 31285s
H  141   160                    3604.0000000 3523.01963  2.25% 74251 31286s
H  144   160                    3598.0000000 3523.01963  2.08% 73036 31287s
   159   192 3527.62818    7  226 3598.00000 3523.01963  2.08% 67511 32735s
   191   227 3528.76015    8  209 3598.00000 3523.01963  2.08% 60295 33719s
   199   227 3534.41968    8  195 3598.00000 3523.01963  2.08% 58483 33720s
   226   261 3529.42339    8  224 3598.00000 3523.01963  2.08% 54889 35411s
   260   300 3529.55044    9  217 3598.00000 3523.01963  2.08% 50931 36526s
   299   335 3532.69112    9  199 3598.00000 3523.01963  2.08% 46003 37791s
   334   368 3529.78634   10  209 3598.00000 3523.01963  2.08% 43045 39049s
   367   414 3531.71626   11  199 3598.00000 3523.01963  2.08% 40413 40171s
   413   453 3533.48562   13  202 3598.00000 3523.01963  2.08% 37554 41491s
   453   530 3535.50725   15  203 3598.00000 3523.01963  2.08% 36015 42894s
   531   622 3537.98977   18  186 3598.00000 3523.01963  2.08% 32598 43530s
H  623   653                    3546.0000000 3523.01963  0.65% 29429 123688s
H  624   653                    3545.0000000 3523.01963  0.62% 29418 123689s
H  625   653                    3544.0000000 3523.01963  0.59% 29379 123690s
   655   575     cutoff   20      3544.00000 3523.01963  0.59% 30513 123831s
   777   614 3542.48977   19  183 3544.00000 3523.01963  0.59% 26156 124304s
   892   662 3536.58564   15  181 3544.00000 3523.01963  0.59% 24555 125308s
  1011   674     cutoff   17      3544.00000 3523.01963  0.59% 23088 125646s
  1138   728 3534.91256   11  184 3544.00000 3523.01963  0.59% 22038 125997s
  1259   766 3537.63905   15  154 3544.00000 3523.01963  0.59% 21077 126384s
  1379   796 3541.88855   19   87 3544.00000 3523.01963  0.59% 20341 160997s
  1499   793 3538.86108   21   92 3544.00000 3523.01963  0.59% 20465 162629s
  1541   810 3539.36894   22   97 3544.00000 3523.01963  0.59% 24475 163082s
  1665   854 infeasible   26      3544.00000 3523.01963  0.59% 23494 163620s
  1784   877 3542.82805   28   38 3544.00000 3523.01963  0.59% 22791 163919s
  1845   877     cutoff   15      3544.00000 3523.01963  0.59% 22385 163920s
  1908   879 3540.12171   13  184 3544.00000 3523.01963  0.59% 22054 165022s
  2031   912     cutoff   15      3544.00000 3526.69677  0.49% 21567 165758s
  2151   926 3529.78455    8  184 3544.00000 3527.27432  0.47% 21210 166080s
  2276   938     cutoff   11      3544.00000 3527.27432  0.47% 20606 166575s
  2402   949 3541.34111   13  166 3544.00000 3527.27432  0.47% 20099 167020s
  2523   961     cutoff   14      3544.00000 3527.63762  0.46% 19940 167343s
  2641   978 3536.70089    9  172 3544.00000 3527.63762  0.46% 19654 167656s
  2768   991 3541.96551   13  183 3544.00000 3527.63762  0.46% 19340 168011s
  2884  1000     cutoff   14      3544.00000 3527.63762  0.46% 19113 168535s
  3005  1023 3536.90542   16  152 3544.00000 3527.63762  0.46% 19050 168913s
  3129  1040 3542.47890   19  114 3544.00000 3527.63762  0.46% 18979 169536s
  3248  1052 3542.56266   20  120 3544.00000 3527.63762  0.46% 18913 197187s
  3365  1052 3541.33136   20  114 3544.00000 3527.63762  0.46% 18995 197846s
  3488  1088     cutoff   20      3544.00000 3529.32284  0.41% 18864 239195s
  3610  1082 3539.17074   11  169 3544.00000 3529.32284  0.41% 18907 239429s
  3738  1092 3542.82955   14  146 3544.00000 3529.32284  0.41% 18670 239994s
  3861  1109 infeasible   16      3544.00000 3531.45083  0.35% 18496 240234s
  3886  1109 3538.98901   13  228 3544.00000 3531.45083  0.35% 18488 240235s
  3982  1111 3537.71136    7  186 3544.00000 3531.45083  0.35% 18388 241804s
  3999  1111 3536.90008   11  226 3544.00000 3531.45083  0.35% 18389 241805s
  4101  1122 3541.31581   10  161 3544.00000 3531.45083  0.35% 18323 242306s
  4220  1152     cutoff   12      3544.00000 3531.67351  0.35% 18259 242780s
  4346  1163 3536.38320   13  168 3544.00000 3531.67351  0.35% 18122 243483s
  4469  1189 3541.70075   14  154 3544.00000 3531.67351  0.35% 18008 244185s
  4587  1221     cutoff   16      3544.00000 3531.92151  0.34% 18011 244503s
  4713  1223 3533.52901    9  191 3544.00000 3532.61614  0.32% 17910 245063s
  4838  1227 3536.38409   12  175 3544.00000 3532.61614  0.32% 17881 245427s
  4965  1233 3542.87107   15  140 3544.00000 3532.66688  0.32% 17748 245920s
  5083  1233 3534.29695    9  210 3544.00000 3532.73802  0.32% 17685 246308s
  5204  1246 3535.90028   13  202 3544.00000 3532.73802  0.32% 17585 246771s
  5325  1241 3539.89962   17  136 3544.00000 3532.73802  0.32% 17525 247008s
  5450  1236     cutoff   18      3544.00000 3532.73802  0.32% 17398 247493s
  5567  1246 3541.43346   19  148 3544.00000 3532.73802  0.32% 17343 247802s
  5694  1248     cutoff   20      3544.00000 3532.73802  0.32% 17211 271524s
  5814  1266 3539.64051   18   79 3544.00000 3532.73802  0.32% 17227 289319s
  5931  1292 3539.64051   19   74 3544.00000 3532.73802  0.32% 17495 289935s
  6054  1302 3540.38376   21  110 3544.00000 3532.73802  0.32% 17369 290513s
  6179  1312 3541.65102   21   50 3544.00000 3532.73802  0.32% 17280 327035s
  6299  1330 3541.84502   23  135 3544.00000 3532.73802  0.32% 17364 328028s
  6423  1347 3542.80974   25  108 3544.00000 3532.73802  0.32% 17334 328482s
  6542  1348 3542.43851   27   57 3544.00000 3532.73802  0.32% 17296 329227s
  6664  1352     cutoff   29      3544.00000 3534.42162  0.27% 17346 329862s
  6779  1357 3538.77091   11  142 3544.00000 3534.42162  0.27% 17324 330618s
  6896  1356     cutoff   13      3544.00000 3534.42162  0.27% 17327 331373s
  7017  1371     cutoff   13      3544.00000 3535.14598  0.25% 17289 332161s
  7136  1374 3539.93633   11  185 3544.00000 3535.14598  0.25% 17211 332842s
  7254  1388     cutoff   12      3544.00000 3535.19182  0.25% 17200 333710s
  7377  1393 3542.20306   14  202 3544.00000 3535.19182  0.25% 17213 334395s
  7439  1386 3542.26218   15  184 3544.00000 3535.19182  0.25% 17201 334936s
  7563  1415     cutoff   14      3544.00000 3535.26667  0.25% 17136 335736s
  7678  1431 3540.41143   15  130 3544.00000 3535.26667  0.25% 17111 336314s
  7797  1440 3542.02279   19  100 3544.00000 3535.26667  0.25% 17095 393473s
  7910  1420 3542.42072   19  111 3544.00000 3535.60915  0.24% 17191 394941s
  8023  1437 3540.53230   12  264 3544.00000 3535.69984  0.23% 17227 396902s
  8140  1440 3542.96580   15  203 3544.00000 3535.69984  0.23% 17244 397490s
  8251  1451 3541.78582   16  125 3544.00000 3535.69984  0.23% 17368 398361s
  8362  1462     cutoff   18      3544.00000 3536.03992  0.22% 17358 425992s
  8477  1457 3540.90450   12  214 3544.00000 3536.03992  0.22% 17476 426997s
  8590  1471 3540.90450   13  209 3544.00000 3536.03992  0.22% 17512 428058s
  8707  1486     cutoff   17      3544.00000 3536.03992  0.22% 17532 428515s
  8825  1504 3542.53395   16  152 3544.00000 3536.03992  0.22% 17487 429780s
  8935  1510 3541.99122   19  124 3544.00000 3536.39897  0.21% 17502 430388s
  9039  1539 3542.91553   11  183 3544.00000 3536.39897  0.21% 17490 440159s
  9143  1539 3542.23454   19  117 3544.00000 3536.39897  0.21% 17540 440160s
  9148  1547 3542.73226   19  165 3544.00000 3536.69667  0.21% 17554 440524s
  9274  1552 3542.05368   13  147 3544.00000 3536.69667  0.21% 17510 441156s
  9400  1574 3541.49535   20  177 3544.00000 3536.69667  0.21% 17483 441905s
  9509  1585 3542.01324   22  147 3544.00000 3536.69667  0.21% 17495 442447s
  9629  1601     cutoff   22      3544.00000 3536.91595  0.20% 17481 443233s
  9750  1629     cutoff   11      3544.00000 3536.94007  0.20% 17450 443569s
  9874  1504 3540.37633   11  240 3544.00000 3536.94007  0.20% 17440 445782s
  9876  1505 3541.33880   14  294 3544.00000 3536.94007  0.20% 17437 446688s
  9877  1506 3537.73951   12  302 3544.00000 3536.94007  0.20% 17435 447034s
  9878  1507 3540.02560   14  339 3544.00000 3536.94007  0.20% 17433 447853s
  9879  1507 3539.98853   19  275 3544.00000 3536.94007  0.20% 17431 459091s
  9880  1508 3540.46865   14  274 3544.00000 3536.94007  0.20% 17430 459195s
  9881  1509 3538.31359   11  234 3544.00000 3536.94007  0.20% 17428 459800s
  9882  1509 3539.95287   16  229 3544.00000 3536.94007  0.20% 17426 460210s
  9883  1510 3537.49263   10  253 3544.00000 3536.94007  0.20% 17424 460340s
  9884  1511 3537.66260   15  249 3544.00000 3536.94007  0.20% 17423 460418s
  9885  1511 3537.83952   16  264 3544.00000 3536.94007  0.20% 17421 460493s
  9886  1512 3539.94196   17  253 3544.00000 3536.94007  0.20% 17419 460573s
  9887  1513 3541.17665   14  286 3544.00000 3536.94007  0.20% 17417 461393s
  9888  1513 3539.71010   18  245 3544.00000 3536.94007  0.20% 17415 461586s
  9889  1514 3541.38644   19  237 3544.00000 3536.94007  0.20% 17414 461718s
  9890  1515 3538.40134   13  282 3544.00000 3536.94007  0.20% 17412 462345s
  9891  1515 3538.09419   15  321 3544.00000 3536.94007  0.20% 17410 462564s
  9892  1516 3539.36817   15  316 3544.00000 3536.94007  0.20% 17408 462704s
  9893  1517 3541.43235   12  314 3544.00000 3536.94007  0.20% 17407 462812s
  9894  1517 3542.37086   21  272 3544.00000 3536.94007  0.20% 17405 463296s
  9895  1518 3537.98320   13  248 3544.00000 3536.94007  0.20% 17403 464393s
  9896  1519 3541.04899   18  251 3544.00000 3536.94007  0.20% 17401 464528s
  9897  1519 3542.87257   31  251 3544.00000 3536.94007  0.20% 17400 464872s
  9898  1520 3540.58950   19  237 3544.00000 3536.94007  0.20% 17398 467837s
  9899  1521 3538.33133   17  233 3544.00000 3536.94007  0.20% 17396 472559s
  9900  1521 3542.06884   17  230 3544.00000 3536.94007  0.20% 17394 473112s
  9901  1522 3539.08112   13  230 3544.00000 3536.94007  0.20% 17393 473193s
  9902  1523 3541.17523   14  241 3544.00000 3536.94007  0.20% 17391 478740s
  9903  1523 3537.93432   11  242 3544.00000 3536.94007  0.20% 17389 478822s
  9904  1524 3540.19300   12  237 3544.00000 3536.94007  0.20% 17387 479080s
  9905  1525 3542.01761   18  245 3544.00000 3536.94007  0.20% 17386 479408s
  9906  1525 3538.18835   13  246 3544.00000 3536.94007  0.20% 17384 479488s
  9907  1526 3539.87042   13  246 3544.00000 3536.94007  0.20% 17382 479526s
  9908  1527 3538.46130   15  246 3544.00000 3536.94007  0.20% 17380 479739s
  9909  1527 3542.24280   19  213 3544.00000 3536.94007  0.20% 17379 480166s
  9910  1528 3541.35700   12  224 3544.00000 3536.94007  0.20% 17377 480214s
  9911  1529 3539.81969   14  215 3544.00000 3536.94007  0.20% 17375 481146s
  9912  1529 3538.58493   15  220 3544.00000 3536.94007  0.20% 17373 481192s
  9913  1530 3540.05911   12  230 3544.00000 3536.94007  0.20% 17372 484864s
  9914  1531 3537.72303   15  230 3544.00000 3536.94007  0.20% 17370 485248s
  9915  1531 3537.62705   12  230 3544.00000 3536.94007  0.20% 17368 486942s
  9916  1533 3539.67372   16  240 3544.00000 3536.94007  0.20% 17653 487380s
  9918  1534 3539.83577   17  285 3544.00000 3536.94007  0.20% 17650 487681s
  9919  1535 3539.12429   17  233 3544.00000 3536.94007  0.20% 17648 487963s
  9920  1536 3540.92106   17  242 3544.00000 3536.94007  0.20% 17646 489575s
  9921  1536 3542.51627   15  256 3544.00000 3536.94007  0.20% 17644 490210s
  9922  1537 3541.15011   13  258 3544.00000 3536.97323  0.20% 17642 492146s
  9923  1538 3541.42771   18  260 3544.00000 3536.97323  0.20% 17641 492496s
  9924  1538 3540.58950   19  264 3544.00000 3536.97323  0.20% 17639 492668s
  9925  1539 3541.13330   20  262 3544.00000 3537.03965  0.20% 17637 494131s
  9926  1540 3541.54440   19  264 3544.00000 3537.03965  0.20% 17635 494231s
  9927  1540 3537.66260   15  265 3544.00000 3537.03965  0.20% 17634 494301s
  9928  1541 3541.12676   16  244 3544.00000 3538.00174  0.17% 17632 502882s
  9929  1542 3542.01761   18  239 3544.00000 3538.00174  0.17% 17630 502955s
  9930  1542 3542.31164   30  239 3544.00000 3538.00174  0.17% 17628 503079s
  9931  1543 3538.63631   13  274 3544.00000 3538.63631  0.15% 17626 517394s
  9932  1544 3541.23951   14  262 3544.00000 3538.64405  0.15% 17625 517491s
  9933  1544 3539.28613   17  225 3544.00000 3538.67832  0.15% 17623 517590s
  9934  1545 3542.31701   19  225 3544.00000 3538.67832  0.15% 17621 517624s
  9935  1546 3538.78366   19  226 3544.00000 3538.75998  0.15% 17619 517839s
  9936  1546 3541.40657   18  233 3544.00000 3538.75998  0.15% 17618 517998s
  9937  1547 3541.26117   12  223 3544.00000 3538.88641  0.14% 17616 518342s
  9938  1548 3540.48007   14  223 3544.00000 3538.88641  0.14% 17614 518370s
  9939  1548 3538.88641   14  224 3544.00000 3538.88641  0.14% 17612 518532s
  9940  1549 3540.54214   16  224 3544.00000 3538.88641  0.14% 17611 518610s
  9941  1550 3540.05911   12  249 3544.00000 3538.95258  0.14% 17609 518994s
  9942  1550 3542.72345   34  236 3544.00000 3538.95258  0.14% 17607 519057s
  9943  1551 3538.95258   15  229 3544.00000 3538.95258  0.14% 17605 519136s
  9944  1552 3541.43102   15  236 3544.00000 3539.28894  0.13% 17603 519406s
  9945  1552 3539.97642   12  236 3544.00000 3539.28894  0.13% 17602 519432s
  9946  1553 3541.98073   21  236 3544.00000 3539.28894  0.13% 17600 519768s
  9947  1554 3539.52243   17  212 3544.00000 3539.52243  0.13% 17598 520213s
  9948  1554 3541.67706   17  212 3544.00000 3539.52243  0.13% 17596 521110s
  9949  1556 3539.52243   15  240 3544.00000 3539.52243  0.13% 17783 521367s
  9951  1557 3539.52243   16  264 3544.00000 3539.52243  0.13% 17780 521652s
  9952  1558 3541.66868   16  216 3544.00000 3539.52243  0.13% 17778 522899s
  9953  1559 3542.13658   14  227 3544.00000 3539.52243  0.13% 17776 523342s
  9954  1559 3539.52243   15  209 3544.00000 3539.52243  0.13% 17774 523862s
  9955  1560 3539.52243    9  204 3544.00000 3539.52243  0.13% 17772 523944s
  9956  1561 3539.52243   14  234 3544.00000 3539.52243  0.13% 17771 524002s
  9957  1561 3539.52243   12  234 3544.00000 3539.52243  0.13% 17769 524033s
  9958  1562 3539.84007   11  227 3544.00000 3539.52243  0.13% 17767 524204s
  9959  1563 3540.48358   10  235 3544.00000 3539.52243  0.13% 17765 524273s
  9960  1563 3539.52243   11  234 3544.00000 3539.52243  0.13% 17763 524311s
  9961  1564 3541.03633   21  224 3544.00000 3539.53542  0.13% 17762 524685s
  9962  1565 3540.28504   17  234 3544.00000 3539.53542  0.13% 17760 524770s
  9963  1565 3539.53542   16  239 3544.00000 3539.53542  0.13% 17758 524838s
  9964  1566 3539.59279   15  216 3544.00000 3539.59279  0.12% 17756 525140s
  9965  1567 3540.28504   17  220 3544.00000 3539.59279  0.12% 17755 525190s
  9966  1567 3540.92436   14  220 3544.00000 3539.59279  0.12% 17753 525217s
  9967  1568 3539.99957   15  239 3544.00000 3539.99957  0.11% 17751 525340s
  9968  1569 3540.87372   16  240 3544.00000 3539.99957  0.11% 17749 525377s
  9969  1569 3542.86759   16  242 3544.00000 3539.99957  0.11% 17747 525408s
  9970  1570 3539.99957   16  242 3544.00000 3539.99957  0.11% 17746 525459s
  9971  1571 3540.18869   15  226 3544.00000 3540.18869  0.11% 17744 525607s
  9972  1571 3540.45273    9  225 3544.00000 3540.18869  0.11% 17742 525658s
  9973  1572 3540.53358   16  216 3544.00000 3540.18869  0.11% 17740 525788s
  9974  1573 3540.37633   11  217 3544.00000 3540.18869  0.11% 17739 526158s
  9975  1573 3542.67483   21  216 3544.00000 3540.18869  0.11% 17737 526209s
  9976  1574 3541.33880   14  219 3544.00000 3540.31447  0.10% 17735 526312s
  9977  1575 3540.31447   12  219 3544.00000 3540.31447  0.10% 17733 526335s
  9978  1575 3540.31447   14  222 3544.00000 3540.31447  0.10% 17731 526457s
  9979  1576 3540.31447   19  223 3544.00000 3540.31447  0.10% 17730 526498s
  9980  1577 3540.46865   14  223 3544.00000 3540.31447  0.10% 17728 526566s
  9981  1577 3540.31447   11  223 3544.00000 3540.31447  0.10% 17726 526589s
  9982  1578 3540.31447   16  223 3544.00000 3540.31447  0.10% 17724 526709s
  9983  1579 3540.31447   10  203 3544.00000 3540.31447  0.10% 17723 527055s
  9984  1579 3540.31447   15  203 3544.00000 3540.31447  0.10% 17721 527990s
  9985  1581 3540.31447   16  240 3544.00000 3540.31447  0.10% 17874 528167s
  9987  1582 3541.17665   14  243 3544.00000 3540.31447  0.10% 17870 529240s
  9988  1583 3540.31447   18  207 3544.00000 3540.31447  0.10% 17868 531184s
  9989  1584 3541.38644   19  225 3544.00000 3540.31447  0.10% 17867 532901s
  9990  1584 3540.31447   13  207 3544.00000 3540.31447  0.10% 17865 544604s
  9991  1585 3540.31447   15  208 3544.00000 3540.31447  0.10% 17863 546809s
  9992  1586 3540.43833   15   99 3544.00000 3540.43833  0.10% 17861 607623s
  9993  1586 3541.43235   12  105 3544.00000 3540.43833  0.10% 17860 608166s
  9994  1587 3542.37086   21  216 3544.00000 3540.43833  0.10% 17858 615205s
  9995  1588 3540.43833   13  216 3544.00000 3540.43833  0.10% 17856 615672s
  9996  1588 3541.04899   18  183 3544.00000 3540.46815  0.10% 17854 646009s
  9997  1589 3542.87257   31  235 3544.00000 3540.46815  0.10% 17852 646874s
  9998  1590 3540.58950   19  239 3544.00000 3540.46815  0.10% 17851 655721s
  9999  1590 3540.46815   17  239 3544.00000 3540.46815  0.10% 17849 656097s
 10000  1591 3542.06884   17  238 3544.00000 3540.46815  0.10% 17847 656353s
 10001  1592 3540.46815   13  238 3544.00000 3540.46815  0.10% 17845 656560s
 10002  1592 3541.17523   14  242 3544.00000 3540.49314  0.10% 17843 661789s
 10003  1593 3540.49314   11  244 3544.00000 3540.49314  0.10% 17842 663336s
 10004  1594 3540.55842   12  108 3544.00000 3540.55842  0.10% 17840 686109s
