l013.ib.bridges2.psc.edu
2024-12-13 13:17:36.561603
Set parameter Username
Set parameter LicenseID to value 762805
Set parameter TokenServer to value "br017.ib.bridges2.psc.edu"
Set parameter LogFile to value "result1354/grblogL_TL86400_l013.ib.bridges2.psc.edu_RelaxFalse_N-1_PSPS_SpanFalse_PFlow_Lazy0_1354_inst8.txt"
Set parameter TimeLimit to value 86400
Gurobi Optimizer version 11.0.2 build v11.0.2rc0 (linux64 - "Red Hat Enterprise Linux 8.10 (Ootpa)")

CPU model: AMD EPYC 7742 64-Core Processor, instruction set [SSE2|AVX|AVX2]
Thread count: 128 physical cores, 128 logical processors, using up to 32 threads

Optimize a model with 12418040 rows, 10522515 columns and 50896779 nonzeros
Model fingerprint: 0x03c01a1f
Variable types: 10519170 continuous, 3345 integer (3345 binary)
Coefficient statistics:
  Matrix range     [1e+00, 3e+03]
  Objective range  [1e+00, 1e+01]
  Bounds range     [1e+00, 1e+00]
  RHS range        [1e+00, 4e+04]
Presolve removed 893942 rows and 482 columns (presolve time = 5s) ...
Presolve removed 3821707 rows and 2562238 columns (presolve time = 10s) ...
Presolve removed 4320212 rows and 2894324 columns (presolve time = 15s) ...
Presolve removed 4431203 rows and 2968304 columns (presolve time = 21s) ...
Presolve removed 4439136 rows and 2973589 columns (presolve time = 25s) ...
Presolve removed 4439136 rows and 2973589 columns (presolve time = 31s) ...
Presolve removed 4440108 rows and 2973589 columns (presolve time = 35s) ...
Presolve removed 4443557 rows and 2980000 columns (presolve time = 42s) ...
Presolve removed 5507198 rows and 5101106 columns (presolve time = 46s) ...
Presolve removed 5507198 rows and 5491290 columns (presolve time = 50s) ...
Presolve removed 5511592 rows and 5492063 columns (presolve time = 55s) ...
Presolve removed 5511592 rows and 5492063 columns (presolve time = 60s) ...
Presolve removed 5511592 rows and 5492063 columns (presolve time = 65s) ...
Presolve removed 5511592 rows and 5492063 columns (presolve time = 70s) ...
Presolve removed 5511592 rows and 5492063 columns (presolve time = 75s) ...
Presolve removed 5511592 rows and 5492063 columns (presolve time = 80s) ...
Presolve removed 5511592 rows and 5492063 columns (presolve time = 85s) ...
Presolve removed 5511592 rows and 5492063 columns (presolve time = 90s) ...
Presolve removed 5511592 rows and 5492063 columns (presolve time = 95s) ...
Presolve removed 6450116 rows and 5492087 columns (presolve time = 101s) ...
Presolve removed 6451191 rows and 5492651 columns (presolve time = 106s) ...
Presolve removed 6451191 rows and 5492651 columns (presolve time = 110s) ...
Presolve removed 7141460 rows and 5492651 columns (presolve time = 116s) ...
Presolve removed 7141460 rows and 5493285 columns (presolve time = 122s) ...
Presolve removed 7152706 rows and 5530877 columns (presolve time = 125s) ...
Presolve removed 7171994 rows and 5531100 columns (presolve time = 130s) ...
Presolve removed 7172260 rows and 5531268 columns (presolve time = 136s) ...
Presolve removed 7177547 rows and 5531268 columns (presolve time = 140s) ...
Presolve removed 7182860 rows and 5541890 columns (presolve time = 145s) ...
Presolve removed 7182952 rows and 5541924 columns (presolve time = 150s) ...
Presolve removed 7188185 rows and 5541945 columns (presolve time = 155s) ...
Presolve removed 7188189 rows and 5541949 columns (presolve time = 160s) ...
Presolve removed 7188189 rows and 5541949 columns (presolve time = 165s) ...
Presolve removed 7398462 rows and 5735381 columns (presolve time = 171s) ...
Presolve removed 7398463 rows and 5735381 columns (presolve time = 176s) ...
Presolve removed 7398463 rows and 5735532 columns (presolve time = 180s) ...
Presolve removed 7398469 rows and 5735542 columns (presolve time = 185s) ...
Presolve removed 7401656 rows and 5735734 columns (presolve time = 191s) ...
Presolve removed 7762645 rows and 5735734 columns (presolve time = 196s) ...
Presolve removed 7762881 rows and 5735983 columns (presolve time = 200s) ...
Presolve removed 7762905 rows and 5735993 columns (presolve time = 205s) ...
Presolve removed 7763088 rows and 5735993 columns (presolve time = 210s) ...
Presolve removed 7763089 rows and 5735997 columns (presolve time = 216s) ...
Presolve removed 7763089 rows and 5736008 columns (presolve time = 220s) ...
Presolve removed 7763089 rows and 5736008 columns (presolve time = 225s) ...
Presolve removed 7763089 rows and 5736008 columns (presolve time = 231s) ...
Presolve removed 7763089 rows and 5736008 columns (presolve time = 237s) ...
Presolve removed 7763090 rows and 5736007 columns
Presolve time: 238.69s
Presolved: 4654950 rows, 4786508 columns, 23156124 nonzeros
Variable types: 4784426 continuous, 2082 integer (2082 binary)
Deterministic concurrent LP optimizer: primal simplex, dual simplex, and barrier
Showing barrier log only...

Root barrier log...

Elapsed ordering time = 5s
Ordering time: 8.17s

Barrier statistics:
 Dense cols : 1962
 AA' NZ     : 2.040e+07
 Factor NZ  : 2.232e+08 (roughly 6.0 GB of memory)
 Factor Ops : 1.130e+11 (roughly 1 second per iteration)
 Threads    : 29

                  Objective                Residual
Iter       Primal          Dual         Primal    Dual     Compl     Time
   0   2.05416313e+05 -4.64256258e+07  1.68e+04 1.80e+00  2.72e+02   303s
   1   2.06771378e+05 -4.64738384e+07  1.57e+04 4.99e+00  2.48e+02   309s
   2   1.98596691e+05 -4.56009526e+07  1.27e+04 3.79e+00  1.92e+02   313s
   3   1.95339215e+05 -4.50410957e+07  1.14e+04 2.86e+00  1.67e+02   318s
   4   1.83884841e+05 -4.40639097e+07  8.55e+03 1.41e-01  1.12e+02   323s
   5   2.17530634e+04 -4.24719843e+07  5.61e+02 1.53e-06  1.02e+01   328s
   6   1.72463754e+04 -2.60236215e+07  3.35e+02 4.44e-08  4.87e+00   333s
   7   1.30423568e+04 -8.72084598e+06  1.29e+02 5.74e-09  1.23e+00   337s
   8   1.16963780e+04 -3.12596610e+06  6.62e+01 1.66e-08  3.83e-01   341s
   9   1.09584258e+04 -1.45195266e+06  3.31e+01 9.75e-09  1.50e-01   345s
  10   1.06022438e+04 -7.20485329e+05  1.78e+01 7.37e-09  6.64e-02   348s
  11   1.03713733e+04 -3.90415125e+05  8.80e+00 4.42e-09  3.35e-02   352s
  12   1.02901838e+04 -2.33921126e+05  6.61e+00 2.42e-09  2.00e-02   356s
  13   1.01102480e+04 -1.42516798e+05  4.38e+00 1.63e-09  1.22e-02   361s
  14   9.46827865e+03 -9.86877795e+04  1.86e+00 1.11e-09  8.36e-03   366s
  15   9.08847514e+03 -5.29415513e+04  1.12e+00 6.29e-10  4.75e-03   370s
  16   8.92636846e+03 -4.07064967e+04  9.87e-01 5.00e-10  3.80e-03   374s
  17   8.60855344e+03 -3.40190817e+04  8.19e-01 4.27e-10  3.25e-03   378s
  18   8.27731007e+03 -2.62747878e+04  6.98e-01 3.41e-10  2.63e-03   382s
  19   7.48888713e+03 -2.24551846e+04  5.34e-01 2.97e-10  2.28e-03   386s
  20   6.95851021e+03 -1.45677048e+04  4.48e-01 2.06e-10  1.64e-03   392s
  21   6.74272007e+03 -1.32805471e+04  4.13e-01 1.93e-10  1.52e-03   398s
  22   6.34902756e+03 -1.09944655e+04  3.52e-01 1.70e-10  1.32e-03   404s
  23   5.83478449e+03 -6.78901744e+03  2.79e-01 1.20e-10  9.58e-04   410s

Barrier performed 23 iterations in 410.09 seconds (282.77 work units)
Barrier solve interrupted - model solved by another algorithm

Concurrent spin time: 44.71s (can be avoided by choosing Method=3)

Solved with dual simplex

Root simplex log...

Iteration    Objective       Primal Inf.    Dual Inf.      Time
  455384    2.9129292e+03   0.000000e+00   0.000000e+00    413s

Root relaxation: objective 2.912929e+03, 455384 iterations, 163.64 seconds (97.60 work units)
Total elapsed time = 445.44s (DegenMoves)
Total elapsed time = 479.49s (DegenMoves)

    Nodes    |    Current Node    |     Objective Bounds      |     Work
 Expl Unexpl |  Obj  Depth IntInf | Incumbent    BestBd   Gap | It/Node Time

     0     0 2912.92916    0  324          - 2912.92916      -     -  490s
     0     0 2915.62739    0  326          - 2915.62739      -     -  494s
H    0     0                    3857.0000000 2915.62739  24.4%     -  503s
H    0     0                    3850.0000000 2915.62739  24.3%     -  513s
H    0     0                    3546.0000000 2915.62739  17.8%     -  519s
     0     0 3178.56105    0  429 3546.00000 3178.56105  10.4%     -  780s
     0     0 3184.02448    0  414 3546.00000 3184.02448  10.2%     - 1099s
     0     0 3264.10159    0  380 3546.00000 3264.10159  7.95%     - 1844s
     0     0 3267.85379    0  385 3546.00000 3267.85379  7.84%     - 2054s
     0     0 3268.85102    0  385 3546.00000 3268.85102  7.82%     - 2143s
     0     0 3268.85102    0  385 3546.00000 3268.85102  7.82%     - 2152s
     0     0 3292.39163    0  325 3546.00000 3292.39163  7.15%     - 2308s
     0     0 3294.56169    0  299 3546.00000 3294.56169  7.09%     - 2597s
     0     0 3294.58771    0  303 3546.00000 3294.58771  7.09%     - 2610s
     0     0 3300.10945    0  286 3546.00000 3300.10945  6.93%     - 2754s
     0     0 3300.71064    0  287 3546.00000 3300.71064  6.92%     - 2846s
     0     0 3300.74184    0  293 3546.00000 3300.74184  6.92%     - 2873s
     0     0 3302.32018    0  284 3546.00000 3302.32018  6.87%     - 2999s
     0     0 3302.58539    0  290 3546.00000 3302.58539  6.86%     - 3233s
     0     0 3302.58539    0  290 3546.00000 3302.58539  6.86%     - 3241s
     0     0 3302.91950    0  299 3546.00000 3302.91950  6.86%     - 3363s
     0     0 3302.92565    0  299 3546.00000 3302.92565  6.85%     - 3387s
     0     0 3303.03639    0  305 3546.00000 3303.03639  6.85%     - 3470s
     0     0 3303.03639    0  305 3546.00000 3303.03639  6.85%     - 3495s
     0     0 3303.07363    0  323 3546.00000 3303.07363  6.85%     - 3602s
     0     0 3303.07753    0  296 3546.00000 3303.07753  6.85%     - 3684s
     0     0 3303.07753    0  296 3546.00000 3303.07753  6.85%     - 3723s
     0     0 3303.07753    0  295 3546.00000 3303.07753  6.85%     - 3776s
     0     0 3304.71118    0  266 3546.00000 3304.71118  6.80%     - 4222s
     0     0 3304.71118    0  324 3546.00000 3304.71118  6.80%     - 5601s
     0     0 3304.71118    0  301 3546.00000 3304.71118  6.80%     - 6118s
     0     0 3304.71118    0  326 3546.00000 3304.71118  6.80%     - 6381s
     0     0 3304.71118    0  296 3546.00000 3304.71118  6.80%     - 6516s
     0     0 3304.71118    0  291 3546.00000 3304.71118  6.80%     - 6587s
     0     0 3304.71118    0  291 3546.00000 3304.71118  6.80%     - 6592s
     0     0 3310.89604    0  327 3546.00000 3310.89604  6.63%     - 6760s
     0     0 3311.60056    0  320 3546.00000 3311.60056  6.61%     - 6929s
     0     0 3311.60056    0  314 3546.00000 3311.60056  6.61%     - 6991s
     0     0 3313.94903    0  341 3546.00000 3313.94903  6.54%     - 7164s
     0     0 3314.32253    0  327 3546.00000 3314.32253  6.53%     - 7453s
     0     0 3314.37866    0  329 3546.00000 3314.37866  6.53%     - 7462s
     0     0 3317.33438    0  294 3546.00000 3317.33438  6.45%     - 7599s
     0     0 3317.75568    0  284 3546.00000 3317.75568  6.44%     - 7736s
     0     0 3317.76007    0  289 3546.00000 3317.76007  6.44%     - 7763s
     0     0 3319.07636    0  284 3546.00000 3319.07636  6.40%     - 7883s
     0     0 3319.75951    0  248 3546.00000 3319.75951  6.38%     - 8048s
     0     0 3319.75951    0  271 3546.00000 3319.75951  6.38%     - 8129s
     0     0 3319.75951    0  264 3546.00000 3319.75951  6.38%     - 8183s
     0     0 3319.75951    0  270 3546.00000 3319.75951  6.38%     - 8221s
     0     0 3319.75951    0  270 3546.00000 3319.75951  6.38%     - 8283s
     0     0 3319.75951    0  270 3546.00000 3319.75951  6.38%     - 8317s
     0     0 3319.75951    0  236 3546.00000 3319.75951  6.38%     - 8456s
     0     0 3319.75951    0  239 3546.00000 3319.75951  6.38%     - 8499s
     0     0 3319.75951    0  245 3546.00000 3319.75951  6.38%     - 8579s
     0     0 3319.75951    0  243 3546.00000 3319.75951  6.38%     - 8679s
H    0     0                    3524.0000000 3319.75951  5.80%     - 9083s
H    0     0                    3449.0000000 3319.75951  3.75%     - 9341s
H    0     0                    3441.0000000 3319.75951  3.52%     - 9355s
     0     2 3319.75951    0  242 3441.00000 3319.75951  3.52%     - 9631s
     1     4 3322.51649    1  246 3441.00000 3319.75951  3.52% 20099 9809s
     3     8 3330.33783    2  231 3441.00000 3319.75951  3.52% 13311 10290s
     7    16 3330.40581    3  229 3441.00000 3319.75951  3.52% 14849 10600s
    15    32 3331.13358    4  224 3441.00000 3319.99557  3.52% 17376 10835s
    31    64 3332.37748    5  256 3441.00000 3320.69519  3.50% 30290 12751s
H   44    64                    3436.9999998 3321.32691  3.37% 139919 12751s
    63    96 3333.69834    6  256 3437.00000 3322.08742  3.34% 126592 13735s
H   95   128                    3369.0000000 3322.29308  1.39% 97224 17220s
H   96   128                    3368.0000000 3322.29308  1.36% 96506 17220s
H   97   128                    3365.0000000 3322.29308  1.27% 95609 17221s
H  100   128                    3364.0000000 3322.75566  1.23% 93346 17222s
H  106   128                    3363.0000000 3322.75566  1.20% 90168 17222s
   127   160 3334.49463    7  246 3363.00000 3322.75566  1.20% 79173 17753s
   159   192 3345.72074    7  275 3363.00000 3322.75566  1.20% 67154 18242s
   191   236 3336.22543    8  230 3363.00000 3322.75566  1.20% 58332 18826s
   236   283 3338.17265    9  245 3363.00000 3322.75566  1.20% 50344 19463s
   284   325 3339.17265   10  240 3363.00000 3322.75566  1.20% 44455 20263s
   333   355 3342.17265   10  239 3363.00000 3322.75566  1.20% 39791 20809s
   373   395 3340.65397   11  236 3363.00000 3322.75566  1.20% 36792 21294s
   428   441 3342.67463   12  229 3363.00000 3322.75566  1.20% 33302 21815s
   512   521 3352.89206   13  204 3363.00000 3322.75566  1.20% 29186 22009s
   548   521 3340.19833    9  188 3363.00000 3322.75566  1.20% 27694 22010s
   634   571     cutoff   16      3363.00000 3322.75566  1.20% 25234 22216s
   749   620     cutoff   16      3363.00000 3324.99898  1.13% 23223 22455s
   860   668 3331.43436    7  245 3363.00000 3324.99898  1.13% 21567 22714s
   877   668 3337.08431   12  189 3363.00000 3324.99898  1.13% 21404 22715s
   973   684 3334.75945   10  232 3363.00000 3324.99898  1.13% 20180 22879s
  1058   716 3352.45050   13  208 3363.00000 3324.99898  1.13% 19532 23010s
  1170   729     cutoff   16      3363.00000 3324.99898  1.13% 18676 23446s
  1224   783 3358.69674   18  169 3363.00000 3324.99898  1.13% 18336 23555s
  1346   801     cutoff   19      3363.00000 3327.19533  1.06% 17481 23681s
  1464   844 3332.45704    8  290 3363.00000 3327.19533  1.06% 16721 26295s
  1579   886 3339.26459   10  265 3363.00000 3327.19533  1.06% 16223 26489s
  1670   886 3360.99411   21  107 3363.00000 3327.19533  1.06% 15807 26490s
  1696   923 3335.60326    9  270 3363.00000 3327.19533  1.06% 15676 26782s
  1811   951 3343.12783   10  275 3363.00000 3327.19533  1.06% 15363 26892s
  1928   994 3350.14539   11  252 3363.00000 3327.19533  1.06% 14905 27111s
  2034  1016 3360.60667   13  246 3363.00000 3327.19533  1.06% 14646 27228s
  2155  1038     cutoff   14      3363.00000 3327.19533  1.06% 14286 27367s
  2276  1078 3359.63890   14  222 3363.00000 3327.19533  1.06% 14035 27540s
  2397  1134     cutoff   16      3363.00000 3330.90509  0.95% 13780 32462s
  2509  1160 3341.85016   10  206 3363.00000 3330.90509  0.95% 13882 32714s
  2634  1194 3352.85343   12  192 3363.00000 3330.90509  0.95% 13574 33059s
  2748  1225 3360.84987   15  186 3363.00000 3330.90509  0.95% 13441 33212s
  2870  1258     cutoff   17      3363.00000 3332.47016  0.91% 13230 33586s
  2989  1280 3335.60869   10  220 3363.00000 3332.47016  0.91% 13095 33864s
  3114  1297     cutoff   14      3363.00000 3332.47016  0.91% 12926 34112s
  3229  1327 3359.19158   14  206 3363.00000 3332.47016  0.91% 12826 34350s
  3345  1378     cutoff   15      3363.00000 3332.47016  0.91% 12666 34670s
  3459  1406     cutoff   14      3363.00000 3333.22221  0.89% 12586 34875s
  3574  1433 3346.28365   13  229 3363.00000 3333.22221  0.89% 12538 35188s
  3695  1471 3358.43141   17  243 3363.00000 3333.22221  0.89% 12466 35376s
  3819  1509 3358.61090   17  239 3363.00000 3333.22221  0.89% 12371 35561s
  3938  1536 3358.81375   16  197 3363.00000 3333.22221  0.89% 12259 35711s
  4059  1564     cutoff   17      3363.00000 3336.27744  0.79% 12143 36036s
  4184  1604 3356.23157   13  199 3363.00000 3336.27744  0.79% 12046 36413s
  4297  1623 3360.49666   16  161 3363.00000 3336.27744  0.79% 11938 36630s
  4415  1664 3355.42569   15  195 3363.00000 3336.27744  0.79% 11803 36787s
  4534  1696 3357.67761   18  190 3363.00000 3336.27744  0.79% 11726 36910s
  4652  1702 3359.44018   21  203 3363.00000 3336.27744  0.79% 11687 37230s
  4766  1725     cutoff   23      3363.00000 3336.27744  0.79% 11621 65341s
  4883  1756 3361.74631   23  130 3363.00000 3337.61195  0.75% 11738 65871s
  4994  1803 3352.37094   14  231 3363.00000 3337.61195  0.75% 11656 66199s
  5020  1803 3361.10969   25  159 3363.00000 3337.61195  0.75% 11652 66200s
  5103  1850     cutoff   16      3363.00000 3337.61195  0.75% 11597 66521s
  5224  1882 3361.25688   17  190 3363.00000 3337.61195  0.75% 11553 66727s
  5344  1899     cutoff   18      3363.00000 3337.61195  0.75% 11523 67009s
  5460  1931     cutoff   18      3363.00000 3338.56953  0.73% 11461 67214s
  5514  1931 3350.96571    8  259 3363.00000 3338.56953  0.73% 11406 67215s
  5579  1953 3344.33010   12  193 3363.00000 3338.56953  0.73% 11374 67429s
  5692  1971 3346.73946   13  186 3363.00000 3338.56953  0.73% 11331 67727s
  5801  1990 3350.90074   17  148 3363.00000 3338.56953  0.73% 11298 68318s
  5912  2012 3359.04360   18  143 3363.00000 3338.56953  0.73% 11287 69234s
  6027  2030     cutoff   21      3363.00000 3338.56953  0.73% 11241 69603s
  6148  2041     cutoff   20      3363.00000 3339.33723  0.70% 11219 69861s
  6269  2050 3358.95156   13  192 3363.00000 3339.33723  0.70% 11179 70216s
  6391  2068 3360.67306   14  177 3363.00000 3340.57766  0.67% 11108 70705s
  6513  2084 3348.84734   11  218 3363.00000 3340.57766  0.67% 11052 70933s
  6626  2103 3355.55927   13  201 3363.00000 3340.57766  0.67% 10992 71046s
  6749  2116 3361.27406   17  188 3363.00000 3340.57766  0.67% 10946 71182s
  6875  2094     cutoff   18      3363.00000 3340.69565  0.66% 10888 71450s
  6997  2099 3353.55927   13  214 3363.00000 3340.69565  0.66% 10824 71617s
  7109  2149 3357.14961   15  201 3363.00000 3340.69565  0.66% 10804 71796s
  7236  2187 3361.80790   19  183 3363.00000 3340.69565  0.66% 10826 72017s
  7359  2214     cutoff   18      3363.00000 3340.69565  0.66% 10794 72304s
  7475  2241 3359.62459   18  217 3363.00000 3340.69565  0.66% 10771 72476s
  7595  2266     cutoff   17      3363.00000 3340.69565  0.66% 10718 73068s
  7712  2267 3356.54433   16  266 3363.00000 3340.69565  0.66% 10714 74177s
  7714  2268 3347.03438   12  321 3363.00000 3340.69565  0.66% 10711 75012s
  7715  2269 3355.78219   15  302 3363.00000 3340.69565  0.66% 10710 75438s
  7716  2270 3345.68685   15  277 3363.00000 3340.69565  0.66% 10708 78752s
  7717  2270 3351.02786   11  248 3363.00000 3340.69565  0.66% 10707 79820s
  7718  2271 3350.93962   12  262 3363.00000 3340.69565  0.66% 10705 80778s
  7719  2272 3354.39812   12  268 3363.00000 3340.69565  0.66% 10704 80872s
  7720  2272 3342.84049   13  294 3363.00000 3340.69565  0.66% 10703 81439s
  7721  2273 3352.43185   16  303 3363.00000 3340.69565  0.66% 10701 82804s
  7722  2274 3358.74327   14  262 3363.00000 3340.69565  0.66% 10700 82932s
  7723  2274 3352.83079   14  276 3363.00000 3340.69565  0.66% 10699 82979s
  7724  2275 3358.42422   16  276 3363.00000 3340.69565  0.66% 10697 83059s
  7725  2276 3351.83766    8  295 3363.00000 3340.69565  0.66% 10696 83917s
  7726  2276 3352.48362   15  279 3363.00000 3340.69565  0.66% 10694 84027s
  7727  2277 3361.82466   26  278 3363.00000 3340.69565  0.66% 10693 84035s
  7728  2278 3343.22497   12  278 3363.00000 3340.69565  0.66% 10692 84101s
  7729  2278 3361.67971   22  289 3363.00000 3340.69565  0.66% 10690 84524s
  7730  2279 3351.14960   13  297 3363.00000 3340.69565  0.66% 10689 85998s
  7731  2280 3349.01530   12  295 3363.00000 3340.69565  0.66% 10687 86073s
  7732  2280 3358.47300   15  296 3363.00000 3340.69565  0.66% 10686 86137s

Cutting planes:
  Gomory: 158
  Lift-and-project: 6
  Cover: 12
  Implied bound: 2005
  Projected implied bound: 231
  Clique: 10
  MIR: 435
  StrongCG: 1
  Flow cover: 142
  Inf proof: 5
  Zero half: 314
  RLT: 34
  Relax-and-lift: 18

Explored 7732 nodes (87638300 simplex iterations) in 86403.82 seconds (71630.90 work units)
Thread count was 32 (of 128 available processors)

Solution count 10: 3363 3364 3365 ... 3546

Time limit reached
Best objective 3.363000000000e+03, best bound 3.341000000000e+03, gap 0.6542%
