l014.ib.bridges2.psc.edu
2024-12-10 06:20:54.425060
Set parameter Username
Set parameter LicenseID to value 762805
Set parameter TokenServer to value "br017.ib.bridges2.psc.edu"
Set parameter LogFile to value "result1354/grblogLCC2_l014.ib.bridges2.psc.edu_RelaxFalse_N-1_PSPS_SpanFalse_PFlow_Lazy0_1354_inst1.txt"
Set parameter Cuts to value 0
Set parameter MIRCuts to value 2
Set parameter ImpliedCuts to value 2
Set parameter FlowCoverCuts to value 2
Set parameter ZeroHalfCuts to value 2
Set parameter ProjImpliedCuts to value 2
Set parameter GomoryPasses to value 100
Set parameter RelaxLiftCuts to value 2
Set parameter CoverCuts to value 2
Set parameter RLTCuts to value 2
Set parameter MIPFocus to value 3
Gurobi Optimizer version 11.0.2 build v11.0.2rc0 (linux64 - "Red Hat Enterprise Linux 8.10 (Ootpa)")

CPU model: AMD EPYC 7742 64-Core Processor, instruction set [SSE2|AVX|AVX2]
Thread count: 128 physical cores, 128 logical processors, using up to 32 threads

Optimize a model with 12418040 rows, 10522515 columns and 50896779 nonzeros
Model fingerprint: 0xed4bcd54
Variable types: 10519170 continuous, 3345 integer (3345 binary)
Coefficient statistics:
  Matrix range     [1e+00, 3e+03]
  Objective range  [1e+00, 1e+01]
  Bounds range     [1e+00, 1e+00]
  RHS range        [1e+00, 4e+04]
Presolve removed 854102 rows and 482 columns (presolve time = 5s) ...
Presolve removed 3821372 rows and 2561939 columns (presolve time = 10s) ...
Presolve removed 4320212 rows and 2894324 columns (presolve time = 15s) ...
Presolve removed 4425865 rows and 2965646 columns (presolve time = 20s) ...
Presolve removed 4439136 rows and 2973589 columns (presolve time = 25s) ...
Presolve removed 4439136 rows and 2973589 columns (presolve time = 31s) ...
Presolve removed 4440108 rows and 2973589 columns (presolve time = 35s) ...
Presolve removed 4440108 rows and 2976551 columns (presolve time = 40s) ...
Presolve removed 5507198 rows and 5101106 columns (presolve time = 46s) ...
Presolve removed 5507198 rows and 5491290 columns (presolve time = 50s) ...
Presolve removed 5507972 rows and 5492062 columns (presolve time = 55s) ...
Presolve removed 5511592 rows and 5492063 columns (presolve time = 60s) ...
Presolve removed 5511592 rows and 5492063 columns (presolve time = 65s) ...
Presolve removed 5511592 rows and 5492063 columns (presolve time = 70s) ...
Presolve removed 5511592 rows and 5492063 columns (presolve time = 75s) ...
Presolve removed 5511592 rows and 5492063 columns (presolve time = 80s) ...
Presolve removed 5511592 rows and 5492063 columns (presolve time = 85s) ...
Presolve removed 5511592 rows and 5492063 columns (presolve time = 90s) ...
Presolve removed 5511592 rows and 5492063 columns (presolve time = 95s) ...
Presolve removed 5511592 rows and 5492063 columns (presolve time = 100s) ...
Presolve removed 5511592 rows and 5492063 columns (presolve time = 105s) ...
Presolve removed 5511592 rows and 5492063 columns (presolve time = 110s) ...
Presolve removed 5511592 rows and 5492063 columns (presolve time = 115s) ...
Presolve removed 5511592 rows and 5492063 columns (presolve time = 120s) ...
Presolve removed 5511592 rows and 5492063 columns (presolve time = 125s) ...
Presolve removed 5511592 rows and 5492063 columns (presolve time = 130s) ...
Presolve removed 5511592 rows and 5492063 columns (presolve time = 135s) ...
Presolve removed 5511592 rows and 5492111 columns (presolve time = 140s) ...
Presolve removed 5511592 rows and 5493081 columns (presolve time = 145s) ...
Presolve removed 5511592 rows and 5493664 columns (presolve time = 150s) ...
Presolve removed 5511592 rows and 5493686 columns (presolve time = 155s) ...
Presolve removed 5511592 rows and 5493686 columns (presolve time = 160s) ...
Presolve removed 5511592 rows and 5493686 columns (presolve time = 165s) ...
Presolve removed 5511592 rows and 5493694 columns (presolve time = 170s) ...
Presolve removed 5511592 rows and 5493698 columns (presolve time = 175s) ...
Presolve removed 5511592 rows and 5493698 columns (presolve time = 180s) ...
Presolve removed 5511592 rows and 5493698 columns (presolve time = 185s) ...
Presolve removed 5511592 rows and 5493698 columns (presolve time = 190s) ...
Presolve removed 5511592 rows and 5493698 columns (presolve time = 195s) ...
Presolve removed 5511592 rows and 5493698 columns (presolve time = 200s) ...
Presolve removed 5511592 rows and 5493698 columns (presolve time = 205s) ...
Presolve removed 5511592 rows and 5493698 columns (presolve time = 210s) ...
Presolve removed 5511592 rows and 5493698 columns (presolve time = 215s) ...
Presolve removed 5511592 rows and 5493702 columns (presolve time = 220s) ...
Presolve removed 5511592 rows and 5493720 columns (presolve time = 225s) ...
Presolve removed 5511592 rows and 5493720 columns (presolve time = 230s) ...
Presolve removed 5511592 rows and 5493720 columns (presolve time = 235s) ...
Presolve removed 5511592 rows and 5493742 columns (presolve time = 240s) ...
Presolve removed 5511592 rows and 5493745 columns (presolve time = 245s) ...
Presolve removed 5511592 rows and 5493753 columns (presolve time = 250s) ...
Presolve removed 7143015 rows and 5493763 columns (presolve time = 255s) ...
Presolve removed 7144368 rows and 5494534 columns (presolve time = 260s) ...
Presolve removed 7144368 rows and 5494534 columns (presolve time = 266s) ...
Presolve removed 7144835 rows and 5494534 columns (presolve time = 271s) ...
Presolve removed 7144835 rows and 5495212 columns (presolve time = 277s) ...
Presolve removed 7156011 rows and 5532754 columns (presolve time = 280s) ...
Presolve removed 7156550 rows and 5532829 columns (presolve time = 285s) ...
Presolve removed 7156550 rows and 5532829 columns (presolve time = 290s) ...
Presolve removed 7156550 rows and 5532829 columns (presolve time = 295s) ...
Presolve removed 7156550 rows and 5532829 columns (presolve time = 300s) ...
Presolve removed 7156550 rows and 5532829 columns (presolve time = 305s) ...
Presolve removed 7156550 rows and 5532829 columns (presolve time = 310s) ...
Presolve removed 7156550 rows and 5532829 columns (presolve time = 315s) ...
Presolve removed 7156550 rows and 5532829 columns (presolve time = 320s) ...
Presolve removed 7156550 rows and 5532829 columns (presolve time = 325s) ...
Presolve removed 7156550 rows and 5532829 columns (presolve time = 330s) ...
Presolve removed 7156550 rows and 5532829 columns (presolve time = 335s) ...
Presolve removed 7156550 rows and 5532829 columns (presolve time = 340s) ...
Presolve removed 7156550 rows and 5532829 columns (presolve time = 345s) ...
Presolve removed 7156550 rows and 5532829 columns (presolve time = 350s) ...
Presolve removed 7156550 rows and 5532829 columns (presolve time = 355s) ...
Presolve removed 7156550 rows and 5532909 columns (presolve time = 360s) ...
Presolve removed 7156550 rows and 5532980 columns (presolve time = 365s) ...
Presolve removed 7156550 rows and 5532984 columns (presolve time = 370s) ...
Presolve removed 7156550 rows and 5532984 columns (presolve time = 375s) ...
Presolve removed 7156550 rows and 5532984 columns (presolve time = 380s) ...
Presolve removed 7156550 rows and 5532986 columns (presolve time = 385s) ...
Presolve removed 7156550 rows and 5532986 columns (presolve time = 390s) ...
Presolve removed 7156550 rows and 5532986 columns (presolve time = 395s) ...
Presolve removed 7156550 rows and 5532986 columns (presolve time = 400s) ...
Presolve removed 7156550 rows and 5532986 columns (presolve time = 405s) ...
Presolve removed 7156550 rows and 5532986 columns (presolve time = 410s) ...
Presolve removed 7156550 rows and 5532986 columns (presolve time = 415s) ...
Presolve removed 7156550 rows and 5532986 columns (presolve time = 420s) ...
Presolve removed 7156550 rows and 5532986 columns (presolve time = 425s) ...
Presolve removed 7156550 rows and 5532986 columns (presolve time = 430s) ...
Presolve removed 7156550 rows and 5532986 columns (presolve time = 435s) ...
Presolve removed 7156550 rows and 5532986 columns (presolve time = 440s) ...
Presolve removed 7156550 rows and 5532998 columns (presolve time = 445s) ...
Presolve removed 7156550 rows and 5532998 columns (presolve time = 450s) ...
Presolve removed 7156550 rows and 5532998 columns (presolve time = 455s) ...
Presolve removed 7162222 rows and 5533021 columns (presolve time = 460s) ...
Presolve removed 7180912 rows and 5533071 columns (presolve time = 466s) ...
Presolve removed 7180965 rows and 5533071 columns (presolve time = 471s) ...
Presolve removed 7186262 rows and 5543700 columns (presolve time = 475s) ...
Presolve removed 7186288 rows and 5543700 columns (presolve time = 480s) ...
Presolve removed 7186288 rows and 5543700 columns (presolve time = 485s) ...
Presolve removed 7186288 rows and 5543700 columns (presolve time = 490s) ...
Presolve removed 7186288 rows and 5543700 columns (presolve time = 495s) ...
Presolve removed 7186288 rows and 5543700 columns (presolve time = 500s) ...
Presolve removed 7186288 rows and 5543700 columns (presolve time = 505s) ...
Presolve removed 7186288 rows and 5543700 columns (presolve time = 510s) ...
Presolve removed 7186288 rows and 5543700 columns (presolve time = 515s) ...
Presolve removed 7186288 rows and 5543700 columns (presolve time = 520s) ...
Presolve removed 7186288 rows and 5543700 columns (presolve time = 525s) ...
Presolve removed 7186288 rows and 5543700 columns (presolve time = 530s) ...
Presolve removed 7186288 rows and 5543700 columns (presolve time = 535s) ...
Presolve removed 7186288 rows and 5543700 columns (presolve time = 540s) ...
Presolve removed 7186288 rows and 5543700 columns (presolve time = 545s) ...
Presolve removed 7186288 rows and 5543700 columns (presolve time = 550s) ...
Presolve removed 7186288 rows and 5543700 columns (presolve time = 555s) ...
Presolve removed 7186288 rows and 5543700 columns (presolve time = 560s) ...
Presolve removed 7186288 rows and 5543709 columns (presolve time = 565s) ...
Presolve removed 7186288 rows and 5543709 columns (presolve time = 570s) ...
Presolve removed 7186288 rows and 5543709 columns (presolve time = 575s) ...
Presolve removed 7186288 rows and 5543709 columns (presolve time = 580s) ...
Presolve removed 7186288 rows and 5543709 columns (presolve time = 585s) ...
Presolve removed 7186288 rows and 5543709 columns (presolve time = 590s) ...
Presolve removed 7186288 rows and 5543709 columns (presolve time = 595s) ...
Presolve removed 7186288 rows and 5543709 columns (presolve time = 600s) ...
Presolve removed 7186288 rows and 5543709 columns (presolve time = 605s) ...
Presolve removed 7186288 rows and 5543709 columns (presolve time = 610s) ...
Presolve removed 7186288 rows and 5543709 columns (presolve time = 615s) ...
Presolve removed 7186288 rows and 5543709 columns (presolve time = 620s) ...
Presolve removed 7186288 rows and 5543709 columns (presolve time = 625s) ...
Presolve removed 7186288 rows and 5543709 columns (presolve time = 630s) ...
Presolve removed 7186288 rows and 5543709 columns (presolve time = 635s) ...
Presolve removed 7186288 rows and 5543709 columns (presolve time = 640s) ...
Presolve removed 7186288 rows and 5543709 columns (presolve time = 645s) ...
Presolve removed 7186288 rows and 5543709 columns (presolve time = 650s) ...
Presolve removed 7186288 rows and 5543709 columns (presolve time = 655s) ...
Presolve removed 7191592 rows and 5543723 columns (presolve time = 660s) ...
Presolve removed 7191602 rows and 5543728 columns (presolve time = 665s) ...
Presolve removed 7191602 rows and 5543728 columns (presolve time = 670s) ...
Presolve removed 7191602 rows and 5543728 columns (presolve time = 675s) ...
Presolve removed 7191602 rows and 5543728 columns (presolve time = 680s) ...
Presolve removed 7191602 rows and 5543728 columns (presolve time = 685s) ...
Presolve removed 7191602 rows and 5543728 columns (presolve time = 690s) ...
Presolve removed 7191602 rows and 5543728 columns (presolve time = 695s) ...
Presolve removed 7191602 rows and 5543728 columns (presolve time = 700s) ...
Presolve removed 7191602 rows and 5543728 columns (presolve time = 705s) ...
Presolve removed 7191602 rows and 5543728 columns (presolve time = 710s) ...
Presolve removed 7191602 rows and 5543728 columns (presolve time = 715s) ...
Presolve removed 7191602 rows and 5543728 columns (presolve time = 720s) ...
Presolve removed 7191602 rows and 5543728 columns (presolve time = 725s) ...
Presolve removed 7191604 rows and 5543728 columns (presolve time = 731s) ...
Presolve removed 7191604 rows and 5543728 columns (presolve time = 735s) ...
Presolve removed 7361022 rows and 5697515 columns (presolve time = 740s) ...
Presolve removed 7361022 rows and 5697558 columns (presolve time = 745s) ...
Presolve removed 7361022 rows and 5697558 columns (presolve time = 750s) ...
Presolve removed 7364188 rows and 5697922 columns (presolve time = 755s) ...
Presolve removed 7723856 rows and 5697922 columns (presolve time = 761s) ...
Presolve removed 7724227 rows and 5698306 columns (presolve time = 765s) ...
Presolve removed 7724264 rows and 5698376 columns (presolve time = 770s) ...
Presolve removed 7724264 rows and 5698376 columns (presolve time = 775s) ...
Presolve removed 7724264 rows and 5698376 columns (presolve time = 780s) ...
Presolve removed 7724264 rows and 5698376 columns (presolve time = 785s) ...
Presolve removed 7724264 rows and 5698376 columns (presolve time = 790s) ...
Presolve removed 7724264 rows and 5698376 columns (presolve time = 795s) ...
Presolve removed 7724264 rows and 5698376 columns (presolve time = 800s) ...
Presolve removed 7724264 rows and 5698376 columns (presolve time = 805s) ...
Presolve removed 7724264 rows and 5698376 columns (presolve time = 810s) ...
Presolve removed 7724264 rows and 5698376 columns (presolve time = 815s) ...
Presolve removed 7724264 rows and 5698376 columns (presolve time = 820s) ...
Presolve removed 7724264 rows and 5698376 columns (presolve time = 825s) ...
Presolve removed 7724264 rows and 5698376 columns (presolve time = 830s) ...
Presolve removed 7724264 rows and 5698376 columns (presolve time = 835s) ...
Presolve removed 7724264 rows and 5698376 columns (presolve time = 840s) ...
Presolve removed 7724264 rows and 5698376 columns (presolve time = 845s) ...
Presolve removed 7724264 rows and 5698376 columns (presolve time = 850s) ...
Presolve removed 7724264 rows and 5698389 columns (presolve time = 855s) ...
Presolve removed 7724264 rows and 5698418 columns (presolve time = 860s) ...
Presolve removed 7724264 rows and 5698453 columns (presolve time = 865s) ...
Presolve removed 7724264 rows and 5698483 columns (presolve time = 870s) ...
Presolve removed 7724264 rows and 5698511 columns (presolve time = 875s) ...
Presolve removed 7724264 rows and 5698511 columns (presolve time = 880s) ...
Presolve removed 7724264 rows and 5698511 columns (presolve time = 885s) ...
Presolve removed 7724264 rows and 5698511 columns (presolve time = 890s) ...
Presolve removed 7724264 rows and 5698511 columns (presolve time = 895s) ...
Presolve removed 7724264 rows and 5698511 columns (presolve time = 900s) ...
Presolve removed 7724264 rows and 5698511 columns (presolve time = 905s) ...
Presolve removed 7724264 rows and 5698511 columns (presolve time = 910s) ...
Presolve removed 7724264 rows and 5698511 columns (presolve time = 915s) ...
Presolve removed 7724264 rows and 5698511 columns (presolve time = 920s) ...
Presolve removed 7724264 rows and 5698511 columns (presolve time = 925s) ...
Presolve removed 7724264 rows and 5698511 columns (presolve time = 930s) ...
Presolve removed 7724264 rows and 5698511 columns (presolve time = 935s) ...
Presolve removed 7724264 rows and 5698511 columns (presolve time = 940s) ...
Presolve removed 7724264 rows and 5698511 columns (presolve time = 945s) ...
Presolve removed 7724264 rows and 5698523 columns (presolve time = 950s) ...
Presolve removed 7724264 rows and 5698523 columns (presolve time = 955s) ...
Presolve removed 7724264 rows and 5698523 columns (presolve time = 960s) ...
Presolve removed 7726320 rows and 5698532 columns (presolve time = 966s) ...
Presolve removed 7726366 rows and 5698546 columns (presolve time = 971s) ...
Presolve removed 7726385 rows and 5698578 columns (presolve time = 975s) ...
Presolve removed 7726385 rows and 5698578 columns (presolve time = 980s) ...
Presolve removed 7726385 rows and 5698578 columns (presolve time = 985s) ...
Presolve removed 7726385 rows and 5698578 columns (presolve time = 990s) ...
Presolve removed 7726385 rows and 5698578 columns (presolve time = 995s) ...
Presolve removed 7726385 rows and 5698578 columns (presolve time = 1000s) ...
Presolve removed 7726385 rows and 5698578 columns (presolve time = 1005s) ...
Presolve removed 7726385 rows and 5698578 columns (presolve time = 1010s) ...
Presolve removed 7726385 rows and 5698578 columns (presolve time = 1015s) ...
Presolve removed 7726385 rows and 5698578 columns (presolve time = 1020s) ...
Presolve removed 7726385 rows and 5698578 columns (presolve time = 1025s) ...
Presolve removed 7726385 rows and 5698578 columns (presolve time = 1030s) ...
Presolve removed 7726385 rows and 5698578 columns (presolve time = 1035s) ...
Presolve removed 7726385 rows and 5698578 columns (presolve time = 1040s) ...
Presolve removed 7726385 rows and 5698578 columns (presolve time = 1045s) ...
Presolve removed 7726385 rows and 5698578 columns (presolve time = 1050s) ...
Presolve removed 7726385 rows and 5698578 columns (presolve time = 1055s) ...
Presolve removed 7726385 rows and 5698582 columns (presolve time = 1060s) ...
Presolve removed 7726385 rows and 5698600 columns (presolve time = 1065s) ...
Presolve removed 7726385 rows and 5698608 columns (presolve time = 1070s) ...
Presolve removed 7726385 rows and 5698612 columns (presolve time = 1075s) ...
Presolve removed 7726385 rows and 5698633 columns (presolve time = 1080s) ...
Presolve removed 7726385 rows and 5698633 columns (presolve time = 1085s) ...
Presolve removed 7726385 rows and 5698633 columns (presolve time = 1090s) ...
Presolve removed 7726385 rows and 5698633 columns (presolve time = 1095s) ...
Presolve removed 7726385 rows and 5698633 columns (presolve time = 1100s) ...
Presolve removed 7726385 rows and 5698633 columns (presolve time = 1105s) ...
Presolve removed 7726385 rows and 5698633 columns (presolve time = 1110s) ...
Presolve removed 7726385 rows and 5698633 columns (presolve time = 1115s) ...
Presolve removed 7726385 rows and 5698633 columns (presolve time = 1120s) ...
Presolve removed 7726385 rows and 5698633 columns (presolve time = 1125s) ...
Presolve removed 7726385 rows and 5698633 columns (presolve time = 1130s) ...
Presolve removed 7726385 rows and 5698633 columns (presolve time = 1135s) ...
Presolve removed 7726385 rows and 5698633 columns (presolve time = 1140s) ...
Presolve removed 7726385 rows and 5698633 columns (presolve time = 1145s) ...
Presolve removed 7726385 rows and 5698633 columns (presolve time = 1150s) ...
Presolve removed 7726385 rows and 5698633 columns (presolve time = 1155s) ...
Presolve removed 7726385 rows and 5698633 columns (presolve time = 1160s) ...
Presolve removed 7726385 rows and 5698633 columns (presolve time = 1165s) ...
Presolve removed 7726426 rows and 5698633 columns (presolve time = 1170s) ...
Presolve removed 7726426 rows and 5698633 columns (presolve time = 1175s) ...
Presolve removed 7726426 rows and 5698633 columns (presolve time = 1180s) ...
Presolve removed 7726436 rows and 5698633 columns (presolve time = 1186s) ...
Presolve removed 7726435 rows and 5698632 columns
Presolve time: 1186.09s
Presolved: 4691605 rows, 4823883 columns, 23334812 nonzeros
Variable types: 4821801 continuous, 2082 integer (2082 binary)
Root relaxation presolve removed 104 rows and 93 columns (presolve time = 6s) ...
Root relaxation presolve removed 104 rows and 93 columns (presolve time = 10s) ...
Root relaxation presolve removed 104 rows and 93 columns (presolve time = 15s) ...
Root relaxation presolve removed 104 rows and 93 columns (presolve time = 20s) ...
Root relaxation presolve removed 104 rows and 93 columns (presolve time = 25s) ...
Root relaxation presolve removed 104 rows and 93 columns (presolve time = 30s) ...
Root relaxation presolve removed 104 rows and 93 columns (presolve time = 35s) ...
Root relaxation presolve removed 104 rows and 93 columns (presolve time = 40s) ...
Root relaxation presolve removed 104 rows and 93 columns (presolve time = 45s) ...
Root relaxation presolve removed 104 rows and 93 columns (presolve time = 50s) ...
Root relaxation presolve removed 104 rows and 93 columns (presolve time = 55s) ...
Root relaxation presolve removed 104 rows and 93 columns (presolve time = 60s) ...
Root relaxation presolve removed 104 rows and 93 columns (presolve time = 65s) ...
Root relaxation presolve removed 216 rows and 93 columns (presolve time = 70s) ...
Root relaxation presolve removed 2823 rows and 121 columns (presolve time = 76s) ...
Root relaxation presolve removed 2823 rows and 121 columns (presolve time = 80s) ...
Root relaxation presolve removed 2823 rows and 121 columns (presolve time = 85s) ...
Root relaxation presolve removed 2823 rows and 121 columns (presolve time = 90s) ...
Root relaxation presolve removed 2823 rows and 121 columns (presolve time = 95s) ...
Root relaxation presolve removed 2823 rows and 121 columns (presolve time = 100s) ...
Root relaxation presolve removed 2823 rows and 121 columns (presolve time = 105s) ...
Root relaxation presolve removed 2823 rows and 121 columns (presolve time = 110s) ...
Root relaxation presolve removed 2823 rows and 121 columns (presolve time = 115s) ...
Root relaxation presolve removed 2823 rows and 121 columns (presolve time = 120s) ...
Root relaxation presolve removed 2823 rows and 121 columns (presolve time = 125s) ...
Root relaxation presolve removed 2823 rows and 121 columns (presolve time = 130s) ...
Root relaxation presolve removed 2823 rows and 121 columns (presolve time = 135s) ...
Root relaxation presolve removed 2823 rows and 121 columns (presolve time = 140s) ...
Root relaxation presolve removed 2823 rows and 121 columns (presolve time = 145s) ...
Root relaxation presolve removed 2823 rows and 121 columns (presolve time = 150s) ...
Root relaxation presolve removed 2823 rows and 121 columns
Root relaxation presolved: 4688782 rows, 4823762 columns, 23288910 nonzeros

Deterministic concurrent LP optimizer: primal simplex, dual simplex, and barrier
Showing barrier log only...

Root barrier log...

Elapsed ordering time = 5s
Ordering time: 8.15s

Barrier statistics:
 Dense cols : 1962
 AA' NZ     : 2.050e+07
 Factor NZ  : 2.232e+08 (roughly 6.0 GB of memory)
 Factor Ops : 1.126e+11 (roughly 1 second per iteration)
 Threads    : 30

                  Objective                Residual
Iter       Primal          Dual         Primal    Dual     Compl     Time
   0   2.10858658e+05 -4.76723668e+07  1.70e+04 1.72e+00  2.81e+02  1388s
   1   2.12517308e+05 -4.77183973e+07  1.60e+04 5.90e+00  2.57e+02  1392s
   2   2.02732760e+05 -4.68735295e+07  1.23e+04 1.53e+00  1.75e+02  1396s
   3   1.71446065e+05 -4.62918997e+07  7.94e+03 5.89e+01  1.09e+02  1401s
   4   7.43797811e+04 -4.46394711e+07  3.15e+03 2.66e+02  4.42e+01  1406s
   5   3.58920270e+04 -3.81372616e+07  1.22e+03 1.11e+02  1.69e+01  1410s
   6   2.17797472e+04 -2.67200334e+07  5.27e+02 3.57e+02  6.79e+00  1414s
   7   1.49060020e+04 -1.19717301e+07  2.01e+02 4.95e+02  2.04e+00  1418s
   8   1.18292898e+04 -4.64918899e+06  5.99e+01 7.98e-02  5.37e-01  1423s
   9   1.08181138e+04 -1.59166962e+06  1.52e+01 4.65e-01  1.39e-01  1430s
  10   1.07572224e+04 -6.93575088e+05  1.29e+01 1.69e-01  6.02e-02  1434s
  11   1.05926339e+04 -3.14801605e+05  6.96e+00 7.03e-02  2.63e-02  1438s
  12   1.05170364e+04 -1.66059094e+05  4.78e+00 3.62e-02  1.40e-02  1442s
  13   1.04859049e+04 -1.61723942e+05  4.14e+00 3.52e-02  1.35e-02  1446s
  14   1.03762558e+04 -1.00357113e+05  2.68e+00 2.19e-02  8.55e-03  1451s
  15   1.00774798e+04 -7.42806198e+04  1.54e+00 1.63e-02  6.43e-03  1456s
  16   9.38096998e+03 -3.89771814e+04  8.58e-01 8.94e-03  3.66e-03  1463s
  17   8.90735141e+03 -2.93147797e+04  7.06e-01 6.99e-03  2.89e-03  1467s
  18   8.46815311e+03 -2.11616830e+04  6.02e-01 5.32e-03  2.24e-03  1473s
  19   8.11985364e+03 -1.75916467e+04  5.60e-01 4.62e-03  1.94e-03  1477s
  20   7.47936819e+03 -1.37292211e+04  4.61e-01 3.77e-03  1.60e-03  1483s
  21   7.23312174e+03 -1.28570106e+04  4.24e-01 3.59e-03  1.51e-03  1488s
  22   6.94270316e+03 -9.63778618e+03  3.87e-01 2.92e-03  1.25e-03  1495s
  23   6.41457539e+03 -6.63933249e+03  3.22e-01 2.25e-03  9.82e-04  1501s
  24   6.04399359e+03 -4.41774570e+03  2.80e-01 1.76e-03  7.87e-04  1507s
  25   5.67562783e+03 -3.44205895e+03  2.43e-01 1.54e-03  6.86e-04  1513s
  26   5.41649381e+03 -1.71582372e+03  2.16e-01 1.16e-03  5.36e-04  1520s
  27   5.13829550e+03 -1.10602556e+03  1.89e-01 1.02e-03  4.69e-04  1526s
  28   4.95681489e+03 -6.05793918e+02  1.71e-01 9.04e-04  4.18e-04  1532s
  29   4.79287769e+03 -2.48795633e+02  1.55e-01 8.12e-04  3.79e-04  1537s

Barrier performed 29 iterations in 1537.43 seconds (1887.88 work units)
Barrier solve interrupted - model solved by another algorithm

Concurrent spin time: 46.94s (can be avoided by choosing Method=3)

Solved with dual simplex

Root simplex log...

Iteration    Objective       Primal Inf.    Dual Inf.      Time
  578827    3.0900562e+03   0.000000e+00   0.000000e+00   1540s

Root relaxation: objective 3.090056e+03, 578827 iterations, 344.15 seconds (150.33 work units)
Total elapsed time = 1593.68s (DegenMoves)
Total elapsed time = 1610.66s (DegenMoves)

    Nodes    |    Current Node    |     Objective Bounds      |     Work
 Expl Unexpl |  Obj  Depth IntInf | Incumbent    BestBd   Gap | It/Node Time

     0     0 3090.05619    0  326          - 3090.05619      -     - 1636s
     0     0 3092.92997    0  328          - 3092.92997      -     - 1689s
H    0     0                    4101.0000000 3092.92997  24.6%     - 1704s
H    0     0                    4096.0000000 3092.92997  24.5%     - 1717s
H    0     0                    4084.0000000 3092.92997  24.3%     - 1732s
H    0     0                    3733.0000000 3092.92997  17.1%     - 1737s
     0     0 3363.20135    0  455 3733.00000 3363.20135  9.91%     - 2083s
     0     0 3485.27716    0  364 3733.00000 3485.27716  6.64%     - 4690s
     0     0 3486.34792    0  363 3733.00000 3486.34792  6.61%     - 4846s
     0     0 3486.34792    0  363 3733.00000 3486.34792  6.61%     - 4854s
     0     0 3503.99414    0  301 3733.00000 3503.99414  6.13%     - 7519s
     0     0 3505.35650    0  327 3733.00000 3505.35650  6.10%     - 7885s
     0     0 3505.35650    0  327 3733.00000 3505.35650  6.10%     - 7893s
     0     0 3516.77219    0  309 3733.00000 3516.77219  5.79%     - 8372s
     0     0 3517.71704    0  311 3733.00000 3517.71704  5.77%     - 9183s
     0     0 3522.03493    0  319 3733.00000 3522.03493  5.65%     - 9653s
     0     0 3522.23116    0  329 3733.00000 3522.23116  5.65%     - 10032s
     0     0 3522.23116    0  330 3733.00000 3522.23116  5.65%     - 10039s
     0     0 3524.34098    0  277 3733.00000 3524.34098  5.59%     - 10544s
     0     0 3524.75903    0  270 3733.00000 3524.75903  5.58%     - 11062s
     0     0 3524.76643    0  268 3733.00000 3524.76643  5.58%     - 11113s
     0     0 3528.13995    0  310 3733.00000 3528.13995  5.49%     - 11451s
     0     0 3528.57770    0  321 3733.00000 3528.57770  5.48%     - 12184s
     0     0 3530.52640    0  343 3733.00000 3530.52640  5.42%     - 12847s
     0     0 3530.68993    0  349 3733.00000 3530.68993  5.42%     - 13200s
     0     0 3531.16089    0  317 3733.00000 3531.16089  5.41%     - 13752s
     0     0 3531.25951    0  320 3733.00000 3531.25951  5.40%     - 14062s
     0     0 3532.13541    0  338 3733.00000 3532.13541  5.38%     - 14377s
     0     0 3532.21120    0  353 3733.00000 3532.21120  5.38%     - 14580s
     0     0 3532.26697    0  359 3733.00000 3532.26697  5.38%     - 14881s
     0     0 3532.29100    0  356 3733.00000 3532.29100  5.38%     - 15057s
     0     0 3532.41619    0  325 3733.00000 3532.41619  5.37%     - 15668s
     0     0 3532.42995    0  360 3733.00000 3532.42995  5.37%     - 16192s
     0     0 3532.62343    0  338 3733.00000 3532.62343  5.37%     - 16819s
     0     0 3532.96033    0  293 3733.00000 3532.96033  5.36%     - 17075s
H    0     0                    3692.9999995 3532.96033  4.33%     - 19354s
     0     0 3532.96228    0  326 3693.00000 3532.96228  4.33%     - 21063s
     0     0 3532.96228    0  363 3693.00000 3532.96228  4.33%     - 21689s
     0     0 3532.96228    0  305 3693.00000 3532.96228  4.33%     - 22219s
     0     0 3532.96228    0  336 3693.00000 3532.96228  4.33%     - 22314s
     0     0 3532.96228    0  345 3693.00000 3532.96228  4.33%     - 22350s
     0     0 3533.18907    0  365 3693.00000 3533.18907  4.33%     - 22515s
     0     0 3533.22151    0  364 3693.00000 3533.22151  4.33%     - 22645s
     0     0 3533.42765    0  349 3693.00000 3533.42765  4.32%     - 22779s
     0     0 3533.45874    0  354 3693.00000 3533.45874  4.32%     - 23027s
     0     0 3533.98796    0  405 3693.00000 3533.98796  4.31%     - 23330s
     0     0 3534.00240    0  351 3693.00000 3534.00240  4.31%     - 23508s
     0     0 3534.05633    0  365 3693.00000 3534.05633  4.30%     - 23598s
     0     0 3534.15360    0  367 3693.00000 3534.15360  4.30%     - 23744s
     0     0 3534.15360    0  347 3693.00000 3534.15360  4.30%     - 23839s
     0     0 3534.15360    0  339 3693.00000 3534.15360  4.30%     - 23953s
     0     0 3534.15360    0  356 3693.00000 3534.15360  4.30%     - 24022s
     0     0 3534.31225    0  356 3693.00000 3534.31225  4.30%     - 24113s
     0     0 3534.31225    0  337 3693.00000 3534.31225  4.30%     - 24173s
     0     0 3534.31225    0  337 3693.00000 3534.31225  4.30%     - 24224s
     0     0 3534.31225    0  349 3693.00000 3534.31225  4.30%     - 24275s
     0     0 3534.31225    0  349 3693.00000 3534.31225  4.30%     - 24342s
     0     0 3534.31225    0  349 3693.00000 3534.31225  4.30%     - 24379s
     0     0 3534.44256    0  314 3693.00000 3534.44256  4.29%     - 24625s
H    0     0                    3600.0000000 3534.44256  1.82%     - 25028s
     0     2 3534.44256    0  314 3600.00000 3534.44256  1.82%     - 25188s
     1     4 3534.44256    1  339 3600.00000 3534.44256  1.82% 40130 25706s
     3     8 3535.44301    2  313 3600.00000 3534.44256  1.82% 60537 26001s
     7    16 3534.60446    3  314 3600.00000 3534.47996  1.82% 55223 104926s
    15    32 3535.22211    4  263 3600.00000 3534.66249  1.81% 117611 105318s
    31    63 3535.41827    5  262 3600.00000 3535.24283  1.80% 101385 107136s
    63    95 3535.91617    6  249 3600.00000 3535.44748  1.79% 88868 108959s
H   95   127                    3548.0000000 3535.73220  0.35% 79483 115669s
H   96   127                    3547.0000000 3535.82987  0.31% 78827 115669s
H   97   127                    3544.0000000 3536.00764  0.23% 78820 115670s
   127   100 3537.26606    8  229 3544.00000 3536.65573  0.21% 72873 152556s
   160   101 3537.28492    0  293 3544.00000 3537.28492  0.19% 71792 156584s
   162   102 3537.28492    0  293 3544.00000 3537.28492  0.19% 70905 156920s
   163   103 3537.28492    0  313 3544.00000 3537.28492  0.19% 70470 157324s
   164   104 3537.28492    0  284 3544.00000 3537.28492  0.19% 70041 157540s
   165   104 3537.28492    0  280 3544.00000 3537.28492  0.19% 69616 157683s
   166   105 3537.28492    0  279 3544.00000 3537.28492  0.19% 69197 157726s
   167   106 3537.28492    0  305 3544.00000 3537.28492  0.19% 68782 158225s
   168   106 3537.28492    0  302 3544.00000 3537.28492  0.19% 68373 158289s
   169   107 3537.28492    0  306 3544.00000 3537.28492  0.19% 67968 158331s
   170   108 3537.28492    0  300 3544.00000 3537.28492  0.19% 67568 158706s
   171   108 3537.28492    0  304 3544.00000 3537.28492  0.19% 67173 158802s
   172   109 3537.28492    0  305 3544.00000 3537.28492  0.19% 66783 158852s
   173   110 3537.28492    0  306 3544.00000 3537.28492  0.19% 66397 159488s
   174   110 3537.28492    0  321 3544.00000 3537.28492  0.19% 66015 159807s
   175   111 3537.28492    0  318 3544.00000 3537.28492  0.19% 65638 159873s
   176   112 3537.28492    0  327 3544.00000 3537.28492  0.19% 65265 159932s
   177   112 3537.28492    0  326 3544.00000 3537.28492  0.19% 64896 159955s
   178   113 3537.28492    0  316 3544.00000 3537.28492  0.19% 64532 160256s
   179   114 3537.28492    0  317 3544.00000 3537.28492  0.19% 64171 160375s
   180   114 3537.28492    0  319 3544.00000 3537.28492  0.19% 63815 160411s
   181   115 3537.28492    0  319 3544.00000 3537.28492  0.19% 63462 160561s
   182   116 3537.28492    0  322 3544.00000 3537.28492  0.19% 63113 160608s
   183   116 3537.28492    0  325 3544.00000 3537.28492  0.19% 62769 160654s
   184   117 3537.52750    0  310 3544.00000 3537.52750  0.18% 62427 160857s
   185   118 3537.52750    0  310 3544.00000 3537.52750  0.18% 62090 160924s
   186   118 3537.52750    0  314 3544.00000 3537.52750  0.18% 61756 160967s
   187   119 3537.52750    0  314 3544.00000 3537.52750  0.18% 61426 160986s
   188   120 3537.86304    0  253 3544.00000 3537.86304  0.17% 61099 161312s
   189   120 3537.86304    0  282 3544.00000 3537.86304  0.17% 60776 161398s
   190   121 3537.86304    0  262 3544.00000 3537.86304  0.17% 60456 161463s
   191   122 3537.86304    0  271 3544.00000 3537.86304  0.17% 60139 161505s
   192   122 3538.33835    0  270 3544.00000 3538.33835  0.16% 59826 161888s
   193   123 3538.33835    0  260 3544.00000 3538.33835  0.16% 59516 161977s
   194   124 3538.33835    0  262 3544.00000 3538.33835  0.16% 59210 162007s
   195   124 3538.33835    0  265 3544.00000 3538.33835  0.16% 58906 162059s
   196   125 3538.72738    0  259 3544.00000 3538.72738  0.15% 58605 162335s
   197   126 3538.72738    0  275 3544.00000 3538.72738  0.15% 58308 162389s
   198   126 3538.72738    0  270 3544.00000 3538.72738  0.15% 58013 162430s
   199   127 3538.88648    0  273 3544.00000 3538.88648  0.14% 57722 162593s
   200   128 3538.92677    0  258 3544.00000 3538.92677  0.14% 57433 162655s
   201   128 3538.93283    0  269 3544.00000 3538.93283  0.14% 57147 162700s
   202   129 3538.93283    0  269 3544.00000 3538.93283  0.14% 56865 162719s
   203   130 3538.95547    0  264 3544.00000 3538.95547  0.14% 56584 162791s
   204   130 3538.95891    0  260 3544.00000 3538.95891  0.14% 56307 162832s
   205   131 3538.95894    0  260 3544.00000 3538.95894  0.14% 56032 162856s
   206   132 3538.98879    0  259 3544.00000 3538.98879  0.14% 55760 162961s
   207   132 3538.98879    0  267 3544.00000 3538.98879  0.14% 55491 163022s
   208   133 3538.99187    0  266 3544.00000 3538.99187  0.14% 55224 163060s
   209   134 3538.99260    0  265 3544.00000 3538.99260  0.14% 54960 163092s
   210   134 3538.99383    0  265 3544.00000 3538.99383  0.14% 54698 163104s
   212   137 3538.99383    0  293 3544.00000 3538.99383  0.14% 64919 163308s
   214   138 3538.99383    0  278 3544.00000 3538.99383  0.14% 64313 163604s
   215   139 3538.99383    0  248 3544.00000 3538.99383  0.14% 64013 164154s
   216   140 3538.99813    0  234 3544.00000 3538.99813  0.14% 63717 164328s
   217   140 3539.04246    0  233 3544.00000 3539.04246  0.14% 63423 164428s
   218   141 3539.06189    0  240 3544.00000 3539.06189  0.14% 63132 164484s
   219   142 3539.12210    0  239 3544.00000 3539.12210  0.14% 62844 164537s
   220   142 3539.22556    0  246 3544.00000 3539.22556  0.13% 62559 164735s
   221   143 3539.22556    0  248 3544.00000 3539.22556  0.13% 62275 164753s
   222   144 3539.42090    0  242 3544.00000 3539.42090  0.13% 61995 165102s
   223   144 3539.42090    0  241 3544.00000 3539.42090  0.13% 61717 165125s
   224   145 3539.99877    0  223 3544.00000 3539.99877  0.11% 61441 167069s
   225   146 3540.04196    0  222 3544.00000 3540.04196  0.11% 61168 167113s
   226   146 3540.08469    0  224 3544.00000 3540.08469  0.11% 60898 167142s
   227   147 3540.08469    0  224 3544.00000 3540.08469  0.11% 60629 167154s
   228   148 3540.40900    0  215 3544.00000 3540.40900  0.10% 60364 170348s
   229   148 3540.40900    0  214 3544.00000 3540.40900  0.10% 60100 170377s
   230   149 3540.40900    0  214 3544.00000 3540.40900  0.10% 59839 170390s
   231   150 3540.40900    0  218 3544.00000 3540.40900  0.10% 59580 170621s
   232   150 3540.40900    0  219 3544.00000 3540.40900  0.10% 59323 170679s
   233   151 3540.40900    0  215 3544.00000 3540.40900  0.10% 59068 170693s
   234   152 3540.40900    0  215 3544.00000 3540.40900  0.10% 58816 170704s
   235   152 3540.43922    0  238 3544.00000 3540.43922  0.10% 58565 170985s
   236   153 3540.43922    0  260 3544.00000 3540.43922  0.10% 58317 171034s
   237   154 3540.43922    0  266 3544.00000 3540.43922  0.10% 58071 171118s
   238   154 3540.43922    0  256 3544.00000 3540.43922  0.10% 57827 171165s
   239   155 3540.48080    0  248 3544.00000 3540.48080  0.10% 57585 171353s
   240   156 3540.48080    0  264 3544.00000 3540.48080  0.10% 57345 171376s
   241   156 3540.48080    0  263 3544.00000 3540.48080  0.10% 57107 171398s
   242   157 3540.48080    0  263 3544.00000 3540.48080  0.10% 56871 171413s
   243   158 3540.48080    0  264 3544.00000 3540.48080  0.10% 56637 171429s
   245   160 3540.48080    0  293 3544.00000 3540.48080  0.10% 61860 171563s
   247   161 3540.48080    0  231 3544.00000 3540.48080  0.10% 61359 172705s
   248   162 3540.48080    0  215 3544.00000 3540.48080  0.10% 61111 189218s
   249   163 3540.64645    0  190 3544.00000 3540.64645  0.09% 60866 190143s
   250   163 3540.87383    0  184 3544.00000 3540.87383  0.09% 60623 190279s
   251   164 3540.88279    0  188 3544.00000 3540.88279  0.09% 60381 190341s
   252   165 3540.88279    0  188 3544.00000 3540.88279  0.09% 60141 190725s
   253   165 3541.07945    0  166 3544.00000 3541.07945  0.08% 59904 191059s
   254   166 3541.12559    0  196 3544.00000 3541.12559  0.08% 59668 191297s
   255   167 3541.13169    0  203 3544.00000 3541.13169  0.08% 59434 191376s
   256   167 3541.13412    0  216 3544.00000 3541.13412  0.08% 59202 191413s
   257   168 3541.13467    0  216 3544.00000 3541.13467  0.08% 58971 192081s
   258   169 3541.18232    0  221 3544.00000 3541.18232  0.08% 58743 192411s
   259   169 3541.18232    0  218 3544.00000 3541.18232  0.08% 58516 192587s
   260   170 3541.22422    0  215 3544.00000 3541.22422  0.08% 58291 193086s
   261   171 3541.22422    0  215 3544.00000 3541.22422  0.08% 58068 193195s
   262   171 3541.26278    0  226 3544.00000 3541.26278  0.08% 57846 193711s
   263   172 3541.26278    0  227 3544.00000 3541.26278  0.08% 57626 194073s
   264   173 3541.26278    0  106 3544.00000 3541.26278  0.08% 57408 195518s
   265   173 3541.26278    0  207 3544.00000 3541.26278  0.08% 57191 195867s
   266   174 3541.26278    0  223 3544.00000 3541.26278  0.08% 56976 195943s
   267   175 3541.26278    0  216 3544.00000 3541.26278  0.08% 56763 196307s
   268   175 3541.26278    0  218 3544.00000 3541.26278  0.08% 56551 196584s
   269   176 3541.26278    0  216 3544.00000 3541.26278  0.08% 56341 196669s
   270   177 3541.26278    0  212 3544.00000 3541.26278  0.08% 56132 196710s
   271   177 3541.26278    0  211 3544.00000 3541.26278  0.08% 55925 196727s
   272   178 3541.26278    0  212 3544.00000 3541.26278  0.08% 55719 196762s
   273   179 3541.28222    0  203 3544.00000 3541.28222  0.08% 55515 197128s
   274   179 3541.28222    0  202 3544.00000 3541.28222  0.08% 55313 197425s
   275   180 3541.28222    0  202 3544.00000 3541.28222  0.08% 55111 197936s
   276   182 3541.28222    0  293 3544.00000 3541.28222  0.08% 62662 198064s
   278   183 3541.28222    0  182 3544.00000 3541.28222  0.08% 62211 198240s
   279   184 3541.28222    0  188 3544.00000 3541.28222  0.08% 61988 198554s
   280   185 3541.28222    0  196 3544.00000 3541.28222  0.08% 61767 198707s
   281   185 3541.28222    0  193 3544.00000 3541.28222  0.08% 61547 198807s
   282   186 3541.30364    0  216 3544.00000 3541.30364  0.08% 61329 198838s
   283   187 3541.31328    0  217 3544.00000 3541.31328  0.08% 61112 198859s
   284   187 3541.31328    0  216 3544.00000 3541.31328  0.08% 60897 198890s
   285   188 3541.42342    0  198 3544.00000 3541.42342  0.07% 60683 199081s
   286   189 3541.42342    0  198 3544.00000 3541.42342  0.07% 60471 199092s
   287   189 3541.42939    0  187 3544.00000 3541.42939  0.07% 60260 199157s
   288   190 3541.42939    0  187 3544.00000 3541.42939  0.07% 60051 199165s
   289   191 3541.42939    0  197 3544.00000 3541.42939  0.07% 59843 199197s
   290   191 3541.42939    0  197 3544.00000 3541.42939  0.07% 59637 199205s
   291   192 3541.42939    0  196 3544.00000 3541.42939  0.07% 59432 199246s
   292   193 3541.42939    0  199 3544.00000 3541.42939  0.07% 59228 199265s
   293   193 3541.42939    0  200 3544.00000 3541.42939  0.07% 59026 199277s
   294   194 3541.42939    0  200 3544.00000 3541.42939  0.07% 58825 199284s
   295   195 3541.42939    0  200 3544.00000 3541.42939  0.07% 58626 199293s
   296   195 3541.42939    0  200 3544.00000 3541.42939  0.07% 58428 199300s
   297   196 3541.42939    0  200 3544.00000 3541.42939  0.07% 58231 199316s
   298   197 3541.42939    0  200 3544.00000 3541.42939  0.07% 58036 199341s
   299   197 3541.43166    0  200 3544.00000 3541.43166  0.07% 57842 199406s
   300   198 3541.43737    0  181 3544.00000 3541.43737  0.07% 57649 199551s
   301   199 3541.43737    0  181 3544.00000 3541.43737  0.07% 57457 199680s
   302   201 3541.43737    0  293 3544.00000 3541.43737  0.07% 59799 199761s
   304   202 3541.43737    0  174 3544.00000 3541.43737  0.07% 59405 199848s
   305   203 3541.43737    0  130 3544.00000 3541.43737  0.07% 59210 200020s
   306   204 3541.43737    0   39 3544.00000 3541.43737  0.07% 59017 200204s
   307   204 3541.44180    0   80 3544.00000 3541.44180  0.07% 58825 200243s
   308   205 3541.46317    0  151 3544.00000 3541.46317  0.07% 58634 200304s
   309   206 3541.54801    0  172 3544.00000 3541.54801  0.07% 58444 200761s
   310   206 3541.54801    0  172 3544.00000 3541.54801  0.07% 58255 200789s
   311   207 3541.54801    0  175 3544.00000 3541.54801  0.07% 58068 200805s
   312   208 3541.54801    0   79 3544.00000 3541.54801  0.07% 57882 200857s
   313   208 3541.54801    0   72 3544.00000 3541.54801  0.07% 57697 200947s
   314   209 3541.54801    0   71 3544.00000 3541.54801  0.07% 57513 200958s
   315   210 3541.54801    0   71 3544.00000 3541.54801  0.07% 57331 200963s
   316   210 3541.54801    0   72 3544.00000 3541.54801  0.07% 57149 200998s
   317   211 3541.54801    0   72 3544.00000 3541.54801  0.07% 56969 201002s
   318   212 3541.54801    0  215 3544.00000 3541.54801  0.07% 56790 201048s
   319   212 3541.54801    0  177 3544.00000 3541.54801  0.07% 56612 201059s
   320   213 3541.54801    0  177 3544.00000 3541.54801  0.07% 56435 201066s
   321   214 3541.54801    0  179 3544.00000 3541.54801  0.07% 56259 201091s
   322   214 3541.54801    0  179 3544.00000 3541.54801  0.07% 56084 201113s
   323   215 3541.54801    0  181 3544.00000 3541.54801  0.07% 55911 201140s
   324   216 3541.54801    0  178 3544.00000 3541.54801  0.07% 55738 201152s
   325   216 3541.54801    0  178 3544.00000 3541.54801  0.07% 55567 201159s
   326   217 3541.54801    0  180 3544.00000 3541.54801  0.07% 55396 201167s
   327   218 3541.54801    0  180 3544.00000 3541.54801  0.07% 55227 201174s
   328   218 3541.54801    0  180 3544.00000 3541.54801  0.07% 55059 201180s
   329   219 3541.54801    0  180 3544.00000 3541.54801  0.07% 54891 201187s
   330   220 3541.54801    0  180 3544.00000 3541.54801  0.07% 54725 201216s
   331   220 3541.54801    0  166 3544.00000 3541.54801  0.07% 54559 201298s
   332   221 3541.54801    0  166 3544.00000 3541.54801  0.07% 54395 201412s
   333   223 3541.54801    0  293 3544.00000 3541.54801  0.07% 56110 201472s
   335   224 3541.54801    0  159 3544.00000 3541.54801  0.07% 55775 201587s
   336   225 3541.54801    0  158 3544.00000 3541.54801  0.07% 55609 201710s
   337   226 3541.54801    0   37 3544.00000 3541.54801  0.07% 55444 201733s
   338   226 3541.59499    0   45 3544.00000 3541.59499  0.07% 55280 201938s
   339   227 3541.60756    0  128 3544.00000 3541.60756  0.07% 55117 202000s
   340   228 3541.60756    0  108 3544.00000 3541.60756  0.07% 54954 202019s
   341   228 3541.60756    0  110 3544.00000 3541.60756  0.07% 54793 202031s
   342   229 3541.60942    0   75 3544.00000 3541.60942  0.07% 54633 202093s
   343   230 3541.68540    0   23 3544.00000 3541.68540  0.07% 54474 203098s
   344   230 3541.68547    0   27 3544.00000 3541.68547  0.07% 54315 203125s
   345   231 3541.68548    0   27 3544.00000 3541.68548  0.07% 54158 203131s
   346   232 3541.68548    0   88 3544.00000 3541.68548  0.07% 54001 203229s
   347   232 3541.68636    0   81 3544.00000 3541.68636  0.07% 53846 203287s
   348   233 3541.68636    0   80 3544.00000 3541.68636  0.07% 53691 203299s
   349   234 3541.68669    0    9 3544.00000 3541.68669  0.07% 53537 203342s
   350   234 3541.68727    0   11 3544.00000 3541.68727  0.07% 53384 203373s
   351   235 3541.82390    0   89 3544.00000 3541.82390  0.06% 53232 203438s
   352   236 3541.82390    0   95 3544.00000 3541.82390  0.06% 53081 203473s
   353   236 3541.82390    0   94 3544.00000 3541.82390  0.06% 52931 203484s
   354   237 3541.92663    0   30 3544.00000 3541.92663  0.06% 52781 203549s
   355   238 3541.92663    0  124 3544.00000 3541.92663  0.06% 52632 203597s
   356   238 3541.92663    0   30 3544.00000 3541.92663  0.06% 52485 203620s
   357   239 3541.92663    0   82 3544.00000 3541.92663  0.06% 52338 203672s
   358   240 3541.92663    0   82 3544.00000 3541.92663  0.06% 52191 203677s
   359   240 3541.92663    0   98 3544.00000 3541.92663  0.06% 52046 203713s
   360   241 3541.92663    0   85 3544.00000 3541.92663  0.06% 51901 203731s
   361   242 3541.93626    0  104 3544.00000 3541.93626  0.06% 51758 203745s
   362   242 3541.93839    0  115 3544.00000 3541.93839  0.06% 51615 203775s
   363   243 3541.94652    0   98 3544.00000 3541.94652  0.06% 51472 203789s
   364   244 3541.96165    0   97 3544.00000 3541.96165  0.06% 51331 203814s
   365   244 3541.96165    0   97 3544.00000 3541.96165  0.06% 51190 203819s
   366   245 3541.97677    0   40 3544.00000 3541.97677  0.06% 51051 203861s
   367   246 3541.97677    0   38 3544.00000 3541.97677  0.06% 50911 203865s
   368   246 3541.99171    0   96 3544.00000 3541.99171  0.06% 50773 203888s
   369   247 3541.99271    0   95 3544.00000 3541.99271  0.06% 50636 203902s
   370   248 3542.06786    0   86 3544.00000 3542.06786  0.05% 50499 203917s
   371   248 3542.07036    0   89 3544.00000 3542.07036  0.05% 50363 203926s
   372   249 3542.07140    0   90 3544.00000 3542.07140  0.05% 50227 203945s
   373   250 3542.08309    0   94 3544.00000 3542.08309  0.05% 50093 203981s
   374   250 3542.08309    0  109 3544.00000 3542.08309  0.05% 49959 203998s
   375   251 3542.11221    0  138 3544.00000 3542.11221  0.05% 49825 204025s
   377   254 3542.11221    0  293 3544.00000 3542.11221  0.05% 51329 204059s
   379   255 3542.11221    0   90 3544.00000 3542.11221  0.05% 51058 204110s
   380   256 3542.11221    0   65 3544.00000 3542.11221  0.05% 50923 204170s
   381   257 3542.12182    0   43 3544.00000 3542.12182  0.05% 50790 204189s
   382   257 3542.13389    0   34 3544.00000 3542.13389  0.05% 50657 204198s
   383   258 3542.15491    0   49 3544.00000 3542.15491  0.05% 50525 204213s
   384   259 3542.15491    0   49 3544.00000 3542.15491  0.05% 50393 204216s
   385   259 3542.17102    0   41 3544.00000 3542.17102  0.05% 50262 204239s
   386   260 3542.17102    0   41 3544.00000 3542.17102  0.05% 50132 204242s
   387   261 3542.17158    0   53 3544.00000 3542.17158  0.05% 50002 204252s
   388   261 3542.17330    0   53 3544.00000 3542.17330  0.05% 49873 204257s
   389   262 3542.17537    0   53 3544.00000 3542.17537  0.05% 49745 204260s
   390   263 3542.22311    0   32 3544.00000 3542.22311  0.05% 49618 204276s
   391   263 3542.22311    0   39 3544.00000 3542.22311  0.05% 49491 204287s
   393   265 3542.24672    0  121 3544.00000 3542.24672  0.05% 49239 204300s
   394   265 3542.25431    0   48 3544.00000 3542.25431  0.05% 49114 204308s
   395   266 3542.26633    0   73 3544.00000 3542.26633  0.05% 48990 204324s
   396   267 3542.26667    0   70 3544.00000 3542.26667  0.05% 48866 204335s
   397   267 3542.28756    0  107 3544.00000 3542.28756  0.05% 48743 204342s
   399   270 3542.28756    0  293 3544.00000 3542.28756  0.05% 49130 204356s
   401   271 3542.28756    0   78 3544.00000 3542.28756  0.05% 48885 204386s
   402   272 3542.28756    0   55 3544.00000 3542.28756  0.05% 48763 204403s
   403   273 3542.29900    0    9 3544.00000 3542.29900  0.05% 48642 204422s
   404   273 3542.31732    0   39 3544.00000 3542.31732  0.05% 48522 204428s
   405   274 3542.31732    0   52 3544.00000 3542.31732  0.05% 48402 204434s
   406   275 3542.33791    0   51 3544.00000 3542.33791  0.05% 48283 204435s
H  406   261                    3543.0000000 3542.35561  0.02% 48283 204443s

Cutting planes:
  Gomory: 63
  Cover: 3
  Implied bound: 60
  Projected implied bound: 13
  MIR: 1691
  Flow cover: 490
  Zero half: 48
  RLT: 8
  Relax-and-lift: 23

Explored 406 nodes (25094013 simplex iterations) in 204444.96 seconds (182026.54 work units)
Thread count was 32 (of 128 available processors)

Solution count 10: 3543 3544 3544 ... 3548

Optimal solution found (tolerance 1.00e-04)
Best objective 3.543000000000e+03, best bound 3.543000000000e+03, gap 0.0000%
True
