l002.ib.bridges2.psc.edu
2024-11-20 16:23:44.072887
Set parameter Username
Set parameter LicenseID to value 762805
Set parameter TokenServer to value "br017.ib.bridges2.psc.edu"
Set parameter LogFile to value "result300/grblog_l002.ib.bridges2.psc.edu_RelaxFalse_N-1_PSPS_SpanFalse_PFlow_Lazy0_300_inst41.txt"
Gurobi Optimizer version 11.0.2 build v11.0.2rc0 (linux64 - "Red Hat Enterprise Linux 8.10 (Ootpa)")

CPU model: AMD EPYC 7742 64-Core Processor, instruction set [SSE2|AVX|AVX2]
Thread count: 128 physical cores, 128 logical processors, using up to 32 threads

Optimize a model with 627554 rows, 510129 columns and 2475289 nonzeros
Model fingerprint: 0x1ebdd3ed
Variable types: 509418 continuous, 711 integer (711 binary)
Coefficient statistics:
  Matrix range     [3e-01, 2e+03]
  Objective range  [1e+00, 1e+01]
  Bounds range     [1e+00, 1e+00]
  RHS range        [1e+00, 1e+04]
Presolve removed 279000 rows and 221212 columns (presolve time = 5s) ...
Presolve removed 313303 rows and 227573 columns (presolve time = 10s) ...
Presolve removed 313305 rows and 227572 columns
Presolve time: 10.95s
Presolved: 314249 rows, 282557 columns, 1398429 nonzeros
Variable types: 282113 continuous, 444 integer (444 binary)
Deterministic concurrent LP optimizer: primal simplex, dual simplex, and barrier
Showing barrier log only...

Root barrier log...

Ordering time: 0.14s

Barrier statistics:
 Dense cols : 442
 AA' NZ     : 1.359e+06
 Factor NZ  : 1.042e+07 (roughly 300 MB of memory)
 Factor Ops : 1.350e+09 (less than 1 second per iteration)
 Threads    : 29

                  Objective                Residual
Iter       Primal          Dual         Primal    Dual     Compl     Time
   0   3.79874219e+04 -1.42815425e+06  3.81e+03 6.24e-01  1.24e+02    14s
   1   3.79976891e+04 -1.41644519e+06  3.26e+03 3.59e+00  1.07e+02    14s
   2   3.62889309e+04 -1.40546516e+06  2.76e+03 2.64e+00  8.93e+01    14s
   3   3.55267487e+04 -1.38891350e+06  2.32e+03 2.10e+00  7.18e+01    14s
   4   3.11648400e+04 -1.38061588e+06  1.66e+03 1.80e+00  5.27e+01    15s
   5   2.09700494e+04 -1.37616234e+06  1.14e+03 1.25e-10  3.52e+01    15s
   6   3.61294407e+03 -1.23700327e+06  8.15e+01 2.03e-10  3.76e+00    15s
   7   2.92404338e+03 -5.34564365e+05  4.07e+01 3.16e-10  1.25e+00    15s
   8   2.46645015e+03 -2.78281234e+05  1.41e+01 1.44e-10  4.69e-01    15s
   9   2.34450096e+03 -8.80782851e+04  7.25e+00 3.25e-11  1.36e-01    16s
  10   2.26897845e+03 -3.82132325e+04  3.34e+00 2.11e-11  5.54e-02    16s
  11   2.21307523e+03 -2.49215561e+04  1.49e+00 1.35e-11  3.53e-02    16s
  12   2.16069312e+03 -1.22971205e+04  6.08e-01 6.88e-12  1.84e-02    16s
  13   2.12207551e+03 -1.09225849e+04  4.57e-01 6.05e-12  1.65e-02    16s
  14   2.04192707e+03 -8.75931727e+03  3.62e-01 5.05e-12  1.36e-02    17s
  15   1.84753763e+03 -4.88698909e+03  2.29e-01 3.11e-12  8.46e-03    17s

Barrier performed 15 iterations in 16.76 seconds (12.71 work units)
Barrier solve interrupted - model solved by another algorithm

Concurrent spin time: 0.57s (can be avoided by choosing Method=3)

Solved with dual simplex

Root simplex log...

Iteration    Objective       Primal Inf.    Dual Inf.      Time
   31596    5.9330038e+02   0.000000e+00   0.000000e+00     17s

Root relaxation: objective 5.933004e+02, 31596 iterations, 5.43 seconds (3.65 work units)

    Nodes    |    Current Node    |     Objective Bounds      |     Work
 Expl Unexpl |  Obj  Depth IntInf | Incumbent    BestBd   Gap | It/Node Time

     0     0  593.30038    0  102          -  593.30038      -     -   19s
H    0     0                     951.0000000  593.30038  37.6%     -   20s
H    0     0                     946.0000000  593.30038  37.3%     -   21s
H    0     0                     938.0000000  593.30038  36.7%     -   21s
H    0     0                     862.0000000  593.30038  31.2%     -   21s
     0     0  694.19713    0  187  862.00000  694.19713  19.5%     -   27s
     0     0  742.71239    0  173  862.00000  742.71239  13.8%     -   42s
     0     0  743.08413    0  167  862.00000  743.08413  13.8%     -   45s
     0     0  753.51604    0  139  862.00000  753.51604  12.6%     -   52s
     0     0  754.96864    0  148  862.00000  754.96864  12.4%     -   59s
     0     0  754.96864    0  148  862.00000  754.96864  12.4%     -   60s
     0     0  756.34249    0  117  862.00000  756.34249  12.3%     -   64s
     0     0  756.86037    0  137  862.00000  756.86037  12.2%     -   68s
     0     0  756.86604    0  138  862.00000  756.86604  12.2%     -   69s
     0     0  756.86739    0  139  862.00000  756.86739  12.2%     -   71s
     0     0  757.00207    0  138  862.00000  757.00207  12.2%     -   73s
     0     0  757.13947    0  137  862.00000  757.13947  12.2%     -   75s
     0     0  757.27584    0  137  862.00000  757.27584  12.1%     -   79s
     0     0  757.27584    0  137  862.00000  757.27584  12.1%     -   80s
     0     0  757.29542    0  137  862.00000  757.29542  12.1%     -   81s
     0     0  757.33525    0  138  862.00000  757.33525  12.1%     -   86s
     0     0  759.52254    0  138  862.00000  759.52254  11.9%     -   92s
     0     0  760.21004    0  110  862.00000  760.21004  11.8%     -  108s
     0     0  760.21004    0  110  862.00000  760.21004  11.8%     -  115s
     0     2  761.54931    0  110  862.00000  761.54931  11.7%     -  128s
     1     4  767.44258    1   76  862.00000  761.54931  11.7%  5621  134s
     3     8  771.33294    2   85  862.00000  763.59895  11.4%  5639  142s
     7    16  778.61025    3   67  862.00000  767.11477  11.0%  4072  150s
    15    30  781.10787    4   68  862.00000  768.53216  10.8%  3638  160s
    31    55  796.10549    5   64  862.00000  769.39745  10.7%  3507  170s
    61    87  798.10549    6   61  862.00000  771.97112  10.4%  3204  181s
    93   119  801.62654    7   76  862.00000  772.01530  10.4%  2914  188s
   125   150  802.91634    7   60  862.00000  772.01530  10.4%  2755  198s
   157   180  806.07772    8   48  862.00000  774.40121  10.2%  2584  204s
   189   220  806.89788    9   46  862.00000  775.81400  10.0%  2484  208s
   229   263  807.99441   11   24  862.00000  775.81400  10.0%  2441  212s
   272   305  809.21488   13   52  862.00000  775.81400  10.0%  2321  220s
   314   350  810.39084   13   48  862.00000  775.81400  10.0%  2224  225s
H  323   350                     796.0000000  775.81400  2.54%  2182  225s
H  335   350                     793.0000000  775.81400  2.17%  2190  225s
   434   303     cutoff   14       793.00000  775.97865  2.15%  1866  234s
   492   339  777.00788    7   70  793.00000  775.97865  2.15%  1846  252s
H  516   339                     788.0000000  775.97865  1.53%  1830  252s
   540   307  778.10360    8   39  788.00000  775.97865  1.53%  1811  256s
   630   318  778.39935    9   29  788.00000  775.97865  1.53%  1656  260s
H  697   321                     784.0000000  775.97865  1.02%  1634  268s
   749   222  780.32514   12   24  784.00000  775.97865  1.02%  1608  271s
   871   192  782.51024   13   23  784.00000  775.97865  1.02%  1434  275s
  1077    91  777.34612    7   49  784.00000  777.34612  0.85%  1271  281s
  1165    82  779.96209    8   44  784.00000  777.79971  0.79%  1221  285s
  1291    36  782.55286   11   61  784.00000  777.81153  0.79%  1206  292s
  1402    13     cutoff    9       784.00000  780.38784  0.46%  1155  297s
  1439     4     cutoff   15       784.00000  782.54350  0.19%  1145  302s

Cutting planes:
  Gomory: 19
  Lift-and-project: 1
  Cover: 10
  Implied bound: 133
  MIR: 146
  Flow cover: 58
  Zero half: 100
  Network: 1
  RLT: 15
  Relax-and-lift: 2

Explored 1452 nodes (1767212 simplex iterations) in 302.21 seconds (272.42 work units)
Thread count was 32 (of 128 available processors)

Solution count 8: 784 788 793 ... 951

Optimal solution found (tolerance 1.00e-04)
Best objective 7.840000000000e+02, best bound 7.840000000000e+02, gap 0.0000%
True
Set parameter LogFile to value "result300/grblog_l002.ib.bridges2.psc.edu_RelaxFalse_N-1_PSPS_SpanFalse_PFlow_Lazy0_300_inst42.txt"
Gurobi Optimizer version 11.0.2 build v11.0.2rc0 (linux64 - "Red Hat Enterprise Linux 8.10 (Ootpa)")

CPU model: AMD EPYC 7742 64-Core Processor, instruction set [SSE2|AVX|AVX2]
Thread count: 128 physical cores, 128 logical processors, using up to 32 threads

Optimize a model with 627554 rows, 510129 columns and 2475289 nonzeros
Model fingerprint: 0x019dd2e8
Variable types: 509418 continuous, 711 integer (711 binary)
Coefficient statistics:
  Matrix range     [3e-01, 2e+03]
  Objective range  [1e+00, 1e+01]
  Bounds range     [1e+00, 1e+00]
  RHS range        [1e+00, 1e+04]
Presolve removed 278993 rows and 221208 columns (presolve time = 5s) ...
Presolve removed 313303 rows and 227569 columns (presolve time = 10s) ...
Presolve removed 313305 rows and 227572 columns
Presolve time: 12.01s
Presolved: 314249 rows, 282557 columns, 1398429 nonzeros
Variable types: 282113 continuous, 444 integer (444 binary)
Deterministic concurrent LP optimizer: primal simplex, dual simplex, and barrier
Showing barrier log only...

Root barrier log...

Ordering time: 0.16s

Barrier statistics:
 Dense cols : 442
 AA' NZ     : 1.359e+06
 Factor NZ  : 1.042e+07 (roughly 300 MB of memory)
 Factor Ops : 1.350e+09 (less than 1 second per iteration)
 Threads    : 29

                  Objective                Residual
Iter       Primal          Dual         Primal    Dual     Compl     Time
   0   3.70223550e+04 -1.64834951e+06  3.81e+03 9.36e-01  1.43e+02    15s
   1   3.69649319e+04 -1.63487018e+06  3.26e+03 4.21e+00  1.24e+02    15s
   2   3.53241805e+04 -1.62087996e+06  2.75e+03 2.98e+00  1.02e+02    16s
   3   3.45033527e+04 -1.60123132e+06  2.28e+03 2.24e+00  8.08e+01    16s
   4   2.82270467e+04 -1.58913423e+06  1.63e+03 1.81e+00  5.80e+01    16s
   5   1.97502989e+04 -1.57493944e+06  1.14e+03 3.18e-01  3.98e+01    16s
   6   3.12304480e+03 -1.50163896e+06  5.58e+01 1.61e-10  3.67e+00    17s
   7   2.42473398e+03 -4.97891713e+05  1.50e+01 3.06e-10  8.22e-01    17s
   8   2.23240991e+03 -1.56855019e+05  4.15e+00 6.53e-11  2.19e-01    17s
   9   2.20067610e+03 -9.30814090e+04  2.54e+00 3.58e-11  1.26e-01    17s
  10   2.16538609e+03 -5.75538982e+04  9.97e-01 2.16e-11  7.64e-02    17s
  11   2.14189219e+03 -3.12620350e+04  3.20e-01 1.16e-11  4.20e-02    18s
  12   2.11064646e+03 -1.65168429e+04  1.41e-01 6.43e-12  2.33e-02    18s
  13   2.00783635e+03 -1.17548062e+04  4.49e-02 4.72e-12  1.72e-02    18s
  14   1.85668112e+03 -9.39881441e+03  2.70e-02 3.86e-12  1.40e-02    18s
  15   1.77109529e+03 -7.35388592e+03  2.01e-02 3.08e-12  1.14e-02    18s
  16   1.60135202e+03 -4.60031461e+03  1.20e-02 2.06e-12  7.74e-03    19s
  17   1.49376710e+03 -3.38453131e+03  9.47e-03 1.59e-12  6.09e-03    19s
  18   1.27160105e+03 -2.54312332e+03  6.64e-03 8.58e-12  4.76e-03    19s
  19   1.21846687e+03 -1.79844667e+03  6.07e-03 1.43e-11  3.76e-03    19s
  20   1.05629790e+03 -1.18252489e+03  4.58e-03 2.15e-11  2.79e-03    20s
  21   9.17418457e+02 -6.71651119e+02  3.38e-03 3.69e-11  1.98e-03    20s
  22   8.75411046e+02 -2.68784329e+02  3.04e-03 1.24e-11  1.43e-03    20s
  23   8.10496619e+02 -1.48348933e+02  2.53e-03 2.14e-11  1.20e-03    21s
  24   7.74160978e+02 -4.48456721e+01  2.24e-03 1.83e-11  1.02e-03    21s

Barrier performed 24 iterations in 20.85 seconds (14.42 work units)
Barrier solve interrupted - model solved by another algorithm

Concurrent spin time: 1.20s (can be avoided by choosing Method=3)

Solved with dual simplex

Root simplex log...

Iteration    Objective       Primal Inf.    Dual Inf.      Time
   45857    5.3038242e+02   0.000000e+00   0.000000e+00     21s

Root relaxation: objective 5.303824e+02, 45857 iterations, 8.43 seconds (5.35 work units)

    Nodes    |    Current Node    |     Objective Bounds      |     Work
 Expl Unexpl |  Obj  Depth IntInf | Incumbent    BestBd   Gap | It/Node Time

     0     0  530.38242    0  106          -  530.38242      -     -   24s
H    0     0                     852.0000000  530.38242  37.7%     -   24s
H    0     0                     850.0000000  530.38242  37.6%     -   25s
H    0     0                     835.0000000  530.38242  36.5%     -   26s
     0     0  599.15644    0  135  835.00000  599.15644  28.2%     -   34s
     0     0  609.91757    0  135  835.00000  609.91757  27.0%     -   43s
     0     0  638.78974    0  140  835.00000  638.78974  23.5%     -   53s
     0     0  644.24437    0  142  835.00000  644.24437  22.8%     -   58s
     0     0  644.24437    0  142  835.00000  644.24437  22.8%     -   58s
     0     0  661.75535    0  130  835.00000  661.75535  20.7%     -   65s
     0     0  664.33377    0  113  835.00000  664.33377  20.4%     -   72s
     0     0  664.33377    0  104  835.00000  664.33377  20.4%     -   72s
     0     0  664.33377    0  102  835.00000  664.33377  20.4%     -   77s
     0     0  664.33377    0  102  835.00000  664.33377  20.4%     -   80s
     0     0  664.33377    0  102  835.00000  664.33377  20.4%     -   80s
     0     0  664.33377    0   93  835.00000  664.33377  20.4%     -   84s
H    0     0                     820.0000000  664.59827  19.0%     -   85s
     0     0  664.59827    0   93  820.00000  664.59827  19.0%     -   88s
     0     0  664.95240    0  114  820.00000  664.95240  18.9%     -   91s
     0     0  665.12205    0  108  820.00000  665.12205  18.9%     -   94s
     0     0  665.12205    0  108  820.00000  665.12205  18.9%     -   95s
     0     0  665.12205    0  108  820.00000  665.12205  18.9%     -   97s
     0     0  666.08422    0  101  820.00000  666.08422  18.8%     -  112s
H    0     0                     775.0000000  666.26124  14.0%     -  125s
     0     2  666.26124    0  101  775.00000  666.26124  14.0%     -  133s
     1     2 infeasible    1       775.00000  666.44631  14.0%  8702  142s
     3     4  678.86583    2   62  775.00000  669.39919  13.6%  6040  150s
     5     8  684.27962    3   74  775.00000  673.76318  13.1%  4640  160s
     9    16  685.77962    4   73  775.00000  677.41220  12.6%  3773  168s
    17    32  691.62693    5   80  775.00000  677.88340  12.5%  5031  227s
    33    50 infeasible    6       775.00000  680.38340  12.2% 12587  237s
    65    79  692.67586    7   23  775.00000  682.01193  12.0%  6967  247s
    97   106  693.66419    8   36  775.00000  682.31024  12.0%  5302  256s
   129   133  695.66419    9   35  775.00000  682.31024  12.0%  4440  263s
   161   168  700.66419   10   32  775.00000  682.31024  12.0%  4050  268s
H  163   168                     744.0000000  682.31024  8.29%  4005  268s
H  170   168                     717.0000000  682.31024  4.84%  3914  268s
H  183   168                     703.0000000  682.31024  2.94%  3776  268s
   197   129     cutoff   12       703.00000  682.31024  2.94%  3603  272s
   252   116 infeasible   11       703.00000  683.93773  2.71%  2865  279s
   307   113  701.40298    8   50  703.00000  683.93773  2.71%  2514  284s
   354   108     cutoff    9       703.00000  685.68616  2.46%  2288  290s
H  356   108                     699.0000000  685.68616  1.90%  2275  290s
   483    28     cutoff    9       699.00000  690.31925  1.24%  1851  298s
H  484    28                     697.0000000  690.31925  0.96%  1847  298s
H  492    28                     696.0000000  690.31925  0.82%  1841  298s
   519     2  694.60077    8   68  696.00000  690.31925  0.82%  1786  300s

Cutting planes:
  Gomory: 13
  Cover: 6
  Implied bound: 155
  MIR: 178
  Flow cover: 31
  Inf proof: 3
  Zero half: 80
  Mod-K: 1
  RLT: 6
  Relax-and-lift: 3

Explored 541 nodes (1058001 simplex iterations) in 300.53 seconds (244.98 work units)
Thread count was 32 (of 128 available processors)

Solution count 10: 696 697 699 ... 850

Optimal solution found (tolerance 1.00e-04)
Best objective 6.960000000000e+02, best bound 6.960000000000e+02, gap 0.0000%
True
Set parameter LogFile to value "result300/grblog_l002.ib.bridges2.psc.edu_RelaxFalse_N-1_PSPS_SpanFalse_PFlow_Lazy0_300_inst43.txt"
Gurobi Optimizer version 11.0.2 build v11.0.2rc0 (linux64 - "Red Hat Enterprise Linux 8.10 (Ootpa)")

CPU model: AMD EPYC 7742 64-Core Processor, instruction set [SSE2|AVX|AVX2]
Thread count: 128 physical cores, 128 logical processors, using up to 32 threads

Optimize a model with 627554 rows, 510129 columns and 2475289 nonzeros
Model fingerprint: 0x92539a77
Variable types: 509418 continuous, 711 integer (711 binary)
Coefficient statistics:
  Matrix range     [3e-01, 2e+03]
  Objective range  [1e+00, 1e+01]
  Bounds range     [1e+00, 1e+00]
  RHS range        [1e+00, 1e+04]
Presolve removed 277143 rows and 221208 columns (presolve time = 5s) ...
Presolve removed 313303 rows and 227569 columns (presolve time = 10s) ...
Presolve removed 313305 rows and 227572 columns
Presolve time: 11.55s
Presolved: 314249 rows, 282557 columns, 1398429 nonzeros
Variable types: 282113 continuous, 444 integer (444 binary)
Deterministic concurrent LP optimizer: primal simplex, dual simplex, and barrier
Showing barrier log only...

Root barrier log...

Ordering time: 0.14s

Barrier statistics:
 Dense cols : 442
 AA' NZ     : 1.359e+06
 Factor NZ  : 1.042e+07 (roughly 300 MB of memory)
 Factor Ops : 1.350e+09 (less than 1 second per iteration)
 Threads    : 29

                  Objective                Residual
Iter       Primal          Dual         Primal    Dual     Compl     Time
   0   3.62167386e+04 -1.20722416e+06  3.81e+03 4.46e-01  1.05e+02    14s
   1   3.61691634e+04 -1.19731309e+06  3.26e+03 3.02e+00  9.08e+01    14s
   2   3.45944625e+04 -1.18791843e+06  2.76e+03 2.20e+00  7.54e+01    15s
   3   3.36095615e+04 -1.17211562e+06  2.23e+03 1.34e+00  5.80e+01    15s
   4   2.51995182e+04 -1.17623689e+06  1.49e+03 9.46e-01  3.96e+01    15s
   5   1.12505378e+04 -1.18026791e+06  6.06e+02 3.04e-11  1.68e+01    16s
   6   3.61358189e+03 -9.34868357e+05  9.97e+01 2.18e-10  3.27e+00    16s
   7   2.57153664e+03 -5.36272762e+05  3.10e+01 1.04e-10  1.09e+00    16s
   8   2.36565260e+03 -2.72261054e+05  1.78e+01 4.40e-11  4.80e-01    17s
   9   2.26680344e+03 -2.07305565e+05  1.15e+01 2.80e-11  3.30e-01    17s
  10   2.16992357e+03 -1.48692344e+05  5.37e+00 1.69e-11  2.12e-01    17s
  11   2.14390315e+03 -8.66048371e+04  3.90e+00 7.82e-12  1.21e-01    17s
  12   2.10093524e+03 -4.74240893e+04  1.81e+00 5.70e-12  6.46e-02    17s
  13   2.05919930e+03 -2.24662762e+04  6.97e-01 2.40e-12  3.11e-02    18s
  14   2.01351689e+03 -1.31624970e+04  3.83e-01 1.30e-12  1.91e-02    18s
  15   1.88990906e+03 -9.97142366e+03  8.43e-02 9.49e-13  1.48e-02    18s
  16   1.69581398e+03 -6.90458335e+03  4.48e-02 6.61e-13  1.07e-02    18s
  17   1.55196880e+03 -3.68729225e+03  3.43e-02 4.35e-12  6.54e-03    19s
  18   1.27024533e+03 -2.10938132e+03  1.99e-02 3.39e-12  4.22e-03    19s
  19   1.18347936e+03 -1.47842984e+03  1.67e-02 1.38e-11  3.32e-03    19s
  20   1.07856602e+03 -1.17138795e+03  1.38e-02 1.18e-11  2.81e-03    19s
  21   9.52757293e+02 -5.76504898e+02  1.06e-02 8.25e-12  1.91e-03    20s

Barrier performed 21 iterations in 19.51 seconds (13.68 work units)
Barrier solve interrupted - model solved by another algorithm

Concurrent spin time: 1.81s (can be avoided by choosing Method=3)

Solved with dual simplex

Root simplex log...

Iteration    Objective       Primal Inf.    Dual Inf.      Time
   37742    5.2480102e+02   0.000000e+00   0.000000e+00     20s

Root relaxation: objective 5.248010e+02, 37742 iterations, 7.52 seconds (4.53 work units)
Total elapsed time = 21.92s (DegenMoves)

    Nodes    |    Current Node    |     Objective Bounds      |     Work
 Expl Unexpl |  Obj  Depth IntInf | Incumbent    BestBd   Gap | It/Node Time

     0     0  524.80102    0  137          -  524.80102      -     -   24s
H    0     0                     933.0000000  524.80102  43.8%     -   26s
H    0     0                     925.0000000  524.80102  43.3%     -   27s
H    0     0                     810.0000000  524.80102  35.2%     -   28s
     0     0  618.82720    0  162  810.00000  618.82720  23.6%     -   39s
     0     0  622.99057    0  161  810.00000  622.99057  23.1%     -   45s
     0     0  663.37121    0  156  810.00000  663.37121  18.1%     -   53s
     0     0  664.18421    0  159  810.00000  664.18421  18.0%     -   58s
     0     0  669.69941    0  149  810.00000  669.69941  17.3%     -   63s
     0     0  670.55753    0  143  810.00000  670.55753  17.2%     -   69s
     0     0  670.55753    0  143  810.00000  670.55753  17.2%     -   69s
     0     0  671.12929    0  130  810.00000  671.12929  17.1%     -   73s
H    0     0                     780.0000000  671.19184  13.9%     -   75s
     0     0  671.35100    0  132  780.00000  671.35100  13.9%     -   78s
     0     0  671.35644    0  135  780.00000  671.35644  13.9%     -   78s
     0     0  672.06752    0  118  780.00000  672.06752  13.8%     -   81s
     0     0  672.15364    0  123  780.00000  672.15364  13.8%     -   87s
     0     0  672.17569    0  128  780.00000  672.17569  13.8%     -   90s
H    0     0                     776.0000000  672.17569  13.4%     -   90s
     0     0  672.19268    0  129  776.00000  672.19268  13.4%     -   92s
     0     0  672.19275    0  133  776.00000  672.19275  13.4%     -   92s
     0     0  672.80840    0  125  776.00000  672.80840  13.3%     -   95s
     0     0  672.80840    0  125  776.00000  672.80840  13.3%     -   97s
     0     0  672.84578    0  132  776.00000  672.84578  13.3%     -   99s
     0     0  672.92696    0  132  776.00000  672.92696  13.3%     -  101s
     0     0  672.92696    0  129  776.00000  672.92696  13.3%     -  103s
     0     0  673.13396    0  132  776.00000  673.13396  13.3%     -  107s
     0     0  673.91107    0  125  776.00000  673.91107  13.2%     -  119s
H    0     0                     745.0000000  673.91107  9.54%     -  132s
     0     2  673.91107    0  125  745.00000  673.91107  9.54%     -  141s
     1     4  674.41544    1  120  745.00000  673.91107  9.54%  1789  146s
     3     8  674.96362    2  118  745.00000  674.67663  9.44%  2504  157s
     7    16  675.27184    3  114  745.00000  675.09277  9.38%  2959  163s
    15    32  680.08139    4  104  745.00000  675.46827  9.33%  2028  172s
    31    64  681.09493    5  107  745.00000  675.46865  9.33%  1744  188s
    63    96  682.34164    6  118  745.00000  676.54906  9.19%  2123  198s
    95   128  683.56530    6  116  745.00000  676.63460  9.18%  2497  209s
H  120   128                     742.0000000  676.63460  8.81%  2592  210s
H  122   128                     740.0000000  676.63460  8.56%  2587  210s
   127   156  682.64417    7  103  740.00000  676.63460  8.56%  2548  220s
   159   188  693.70203    7  115  740.00000  676.63460  8.56%  2510  226s
   191   220  691.42716    8  111  740.00000  676.63460  8.56%  2655  237s
H  195   220                     735.0000000  676.63460  7.94%  2691  237s
H  200   220                     733.0000000  676.63460  7.69%  2696  237s
H  215   220                     724.0000000  676.63460  6.54%  2620  237s
   223   266  691.67435    8   88  724.00000  676.63460  6.54%  2592  244s
   269   307  693.34101    9   88  724.00000  676.63460  6.54%  2418  249s
   314   338  695.12429   10   81  724.00000  676.63460  6.54%  2333  256s
   348   373  695.60515   10   85  724.00000  676.63460  6.54%  2353  262s
   391   422  696.24887   11   86  724.00000  676.63460  6.54%  2297  269s
   440   467  695.93329   11   72  724.00000  676.63460  6.54%  2251  274s
   489   518  699.29044   12   68  724.00000  676.63460  6.54%  2181  278s
   545   578  700.85407   13   78  724.00000  676.63460  6.54%  2118  286s
   605   631  701.05403   14   71  724.00000  676.63460  6.54%  2028  290s
   729   759  705.34635   16   63  724.00000  676.63460  6.54%  1921  298s
   808   843  707.39900   17   65  724.00000  676.63460  6.54%  1841  303s
   894   925  707.23795   18   51  724.00000  676.63460  6.54%  1784  308s
*  948   925              40     722.0000000  676.63460  6.28%  1726  309s
   990   971  708.51856   19   46  722.00000  676.63460  6.28%  1692  314s
  1084  1033     cutoff   22       722.00000  678.03608  6.09%  1642  319s
  1173  1126  681.80186    7   83  722.00000  678.03608  6.09%  1609  325s
* 1337  1207              52     710.0000000  678.03608  4.50%  1545  329s
  1376  1249  695.27392   10   82  710.00000  678.03608  4.50%  1534  335s
  1497  1329  702.50007   15   83  710.00000  678.03608  4.50%  1488  340s
  1592  1390  702.90758   16   82  710.00000  678.03608  4.50%  1465  346s
* 1690  1390              38     707.0000000  678.03608  4.10%  1456  346s
  1701  1422     cutoff   21       707.00000  679.08933  3.95%  1456  357s
H 1710  1422                     706.0000000  679.19975  3.80%  1455  357s
H 1725  1422                     705.0000000  679.19975  3.66%  1461  357s
* 1764  1422              51     704.0000000  679.19975  3.52%  1455  357s
  1815  1465  688.95343   10   87  704.00000  679.19975  3.52%  1443  363s
* 1853  1465              39     703.0000000  679.19975  3.39%  1438  363s
H 1940  1475                     698.0000000  679.19975  2.69%  1427  383s
H 1941  1475                     697.0000000  679.19975  2.55%  1428  383s
  1993  1406     cutoff   13       697.00000  679.19975  2.55%  1421  390s
  2173  1417  695.34350   14   77  697.00000  681.16610  2.27%  1391  398s
  2292  1417  695.48538   10   60  697.00000  681.16610  2.27%  1406  406s
  2430  1417  693.00788    9   78  697.00000  681.16610  2.27%  1404  414s
  2580  1412     cutoff   12       697.00000  681.16610  2.27%  1406  421s
  2729  1428  695.98902   12   49  697.00000  681.73690  2.19%  1400  429s
* 2831  1428              22     696.0000000  681.73690  2.05%  1398  429s
  2899  1327  691.43958    9  100  696.00000  681.73690  2.05%  1391  438s
  3158  1160     cutoff   12       696.00000  686.96427  1.30%  1345  447s
* 3340  1160              20     695.0000000  686.96427  1.16%  1313  447s
  3488   602     cutoff    8       695.00000  688.99453  0.86%  1278  454s
  4098    40     cutoff   12       695.00000  691.53198  0.50%  1110  460s

Cutting planes:
  Gomory: 16
  Cover: 11
  Implied bound: 81
  MIR: 184
  Flow cover: 79
  GUB cover: 1
  Inf proof: 1
  Zero half: 109
  Mod-K: 1
  RLT: 11
  Relax-and-lift: 1

Explored 4724 nodes (4696564 simplex iterations) in 461.09 seconds (418.89 work units)
Thread count was 32 (of 128 available processors)

Solution count 10: 695 696 697 ... 710

Optimal solution found (tolerance 1.00e-04)
Best objective 6.950000000000e+02, best bound 6.950000000000e+02, gap 0.0000%
True
Set parameter LogFile to value "result300/grblog_l002.ib.bridges2.psc.edu_RelaxFalse_N-1_PSPS_SpanFalse_PFlow_Lazy0_300_inst44.txt"
Gurobi Optimizer version 11.0.2 build v11.0.2rc0 (linux64 - "Red Hat Enterprise Linux 8.10 (Ootpa)")

CPU model: AMD EPYC 7742 64-Core Processor, instruction set [SSE2|AVX|AVX2]
Thread count: 128 physical cores, 128 logical processors, using up to 32 threads

Optimize a model with 627554 rows, 510129 columns and 2475289 nonzeros
Model fingerprint: 0x0ed62776
Variable types: 509418 continuous, 711 integer (711 binary)
Coefficient statistics:
  Matrix range     [3e-01, 2e+03]
  Objective range  [1e+00, 1e+01]
  Bounds range     [1e+00, 1e+00]
  RHS range        [1e+00, 1e+04]
Presolve removed 277179 rows and 221208 columns (presolve time = 5s) ...
Presolve removed 313303 rows and 227569 columns (presolve time = 10s) ...
Presolve removed 313305 rows and 227572 columns
Presolve time: 12.03s
Presolved: 314249 rows, 282557 columns, 1398429 nonzeros
Variable types: 282113 continuous, 444 integer (444 binary)
Deterministic concurrent LP optimizer: primal simplex, dual simplex, and barrier
Showing barrier log only...

Root barrier log...

Ordering time: 0.22s

Barrier statistics:
 Dense cols : 442
 AA' NZ     : 1.359e+06
 Factor NZ  : 1.042e+07 (roughly 300 MB of memory)
 Factor Ops : 1.350e+09 (less than 1 second per iteration)
 Threads    : 29

                  Objective                Residual
Iter       Primal          Dual         Primal    Dual     Compl     Time
   0   3.92627484e+04 -1.55231701e+06  3.81e+03 7.37e-01  1.35e+02    15s
   1   3.91477769e+04 -1.53961347e+06  3.26e+03 3.95e+00  1.17e+02    16s
   2   3.75030627e+04 -1.52667334e+06  2.75e+03 2.81e+00  9.63e+01    16s
   3   3.66522995e+04 -1.50838117e+06  2.29e+03 2.15e+00  7.66e+01    16s
   4   3.06678305e+04 -1.49704122e+06  1.68e+03 1.75e+00  5.63e+01    17s
   5   2.32483947e+04 -1.48587214e+06  1.15e+03 3.79e-01  3.81e+01    17s
   6   2.93791101e+03 -1.42861592e+06  3.65e+01 3.03e-10  2.90e+00    17s
   7   2.46300039e+03 -3.19500784e+05  1.12e+01 5.02e-10  5.02e-01    18s
   8   2.35816943e+03 -1.44777312e+05  5.81e+00 2.35e-10  2.08e-01    18s
   9   2.27015164e+03 -8.00084828e+04  1.59e+00 1.19e-10  1.07e-01    18s
  10   2.24685356e+03 -5.15159184e+04  7.33e-01 7.58e-11  6.83e-02    18s
  11   2.22847227e+03 -1.90531869e+04  3.08e-01 2.89e-11  2.67e-02    18s
  12   2.18336869e+03 -1.49467984e+04  1.50e-01 2.31e-11  2.14e-02    19s
  13   2.07079122e+03 -1.17180373e+04  7.31e-02 1.85e-11  1.72e-02    19s
  14   1.97057436e+03 -7.41549744e+03  4.11e-02 1.24e-11  1.17e-02    19s
  15   1.83904313e+03 -5.78070173e+03  2.74e-02 9.92e-12  9.51e-03    19s
  16   1.63716229e+03 -4.82254729e+03  1.99e-02 8.47e-12  8.06e-03    20s
  17   1.44679682e+03 -2.89356840e+03  1.47e-02 1.79e-11  5.42e-03    20s
  18   1.29722577e+03 -2.38762183e+03  1.14e-02 7.96e-12  4.60e-03    20s
  19   1.18555896e+03 -1.45958355e+03  9.35e-03 3.20e-12  3.30e-03    21s
  20   1.07198324e+03 -9.08577212e+02  7.61e-03 2.34e-12  2.47e-03    21s
  21   9.78246633e+02 -6.26031150e+02  6.30e-03 1.82e-12  2.00e-03    22s
  22   8.82820329e+02 -3.22860580e+02  5.08e-03 1.39e-12  1.50e-03    22s
  23   8.33567255e+02 -1.80279719e+02  4.44e-03 1.13e-12  1.26e-03    23s
  24   7.87134607e+02 -5.91389387e+01  3.81e-03 9.13e-13  1.06e-03    23s
  25   7.35896468e+02  6.15660248e+01  3.01e-03 7.40e-13  8.41e-04    24s

Barrier performed 25 iterations in 23.61 seconds (14.81 work units)
Barrier solve interrupted - model solved by another algorithm

Concurrent spin time: 1.24s (can be avoided by choosing Method=3)

Solved with dual simplex

Root simplex log...

Iteration    Objective       Primal Inf.    Dual Inf.      Time
   34677    5.5262734e+02   0.000000e+00   0.000000e+00     24s

Root relaxation: objective 5.526273e+02, 34677 iterations, 11.19 seconds (5.65 work units)
Total elapsed time = 26.46s (DegenMoves)

    Nodes    |    Current Node    |     Objective Bounds      |     Work
 Expl Unexpl |  Obj  Depth IntInf | Incumbent    BestBd   Gap | It/Node Time

     0     0  552.62734    0   95          -  552.62734      -     -   28s
H    0     0                     848.0000000  552.62734  34.8%     -   30s
H    0     0                     841.0000000  552.62734  34.3%     -   31s
H    0     0                     780.0000000  552.62734  29.2%     -   32s
     0     0  638.12174    0  155  780.00000  638.12174  18.2%     -   41s
     0     0  640.57856    0  158  780.00000  640.57856  17.9%     -   47s
     0     0  673.20929    0   94  780.00000  673.20929  13.7%     -   59s
     0     0  681.72481    0  102  780.00000  681.72481  12.6%     -   66s
     0     0  681.72481    0  112  780.00000  681.72481  12.6%     -   67s
     0     0  681.72481    0  113  780.00000  681.72481  12.6%     -   71s
     0     0  682.68247    0  110  780.00000  682.68247  12.5%     -   78s
     0     0  682.68247    0  121  780.00000  682.68247  12.5%     -   79s
     0     0  682.68247    0  118  780.00000  682.68247  12.5%     -   80s
     0     0  682.68247    0   97  780.00000  682.68247  12.5%     -   84s
     0     0  683.21264    0   96  780.00000  683.21264  12.4%     -   90s
     0     0  683.21264    0   99  780.00000  683.21264  12.4%     -   93s
     0     0  683.21264    0  104  780.00000  683.21264  12.4%     -   98s
     0     0  683.21264    0   95  780.00000  683.21264  12.4%     -  101s
     0     0  683.21264    0   95  780.00000  683.21264  12.4%     -  105s
     0     0  683.21264    0   95  780.00000  683.21264  12.4%     -  108s
     0     0  683.21264    0   95  780.00000  683.21264  12.4%     -  111s
     0     0  683.21264    0   98  780.00000  683.21264  12.4%     -  118s
     0     0  683.21264    0   99  780.00000  683.21264  12.4%     -  121s
     0     0  683.21264    0  100  780.00000  683.21264  12.4%     -  123s
     0     0  683.21264    0  100  780.00000  683.21264  12.4%     -  126s
     0     0  683.21264    0  101  780.00000  683.21264  12.4%     -  131s
     0     0  683.21264    0  100  780.00000  683.21264  12.4%     -  138s
     0     2  683.21264    0   99  780.00000  683.21264  12.4%     -  154s
     1     2 infeasible    1       780.00000  683.21264  12.4%  5328  160s
     3     4  690.81936    2   89  780.00000  688.93573  11.7%  4542  165s
     5     8  693.37816    3  105  780.00000  689.07058  11.7%  3758  171s
     9    16  695.37816    4  106  780.00000  691.63121  11.3%  3290  175s
    17    24     cutoff    5       780.00000  694.43562  11.0%  1951  182s
    33    43  698.53008    6   86  780.00000  695.96961  10.8%  1410  190s
    57    73  701.85063    7   87  780.00000  698.61700  10.4%  1345  197s
    89    96  705.94989    8   94  780.00000  700.21747  10.2%  1394  204s
   121   127  736.71520    9   74  780.00000  700.21747  10.2%  1444  213s
   153   157  737.23454   10   70  780.00000  707.09565  9.35%  1629  222s
   185   199  738.71520   11   73  780.00000  707.09565  9.35%  1662  228s
   229   233  743.44148   13   82  780.00000  707.09565  9.35%  1716  233s
   267   268  746.05840   14   87  780.00000  707.09565  9.35%  1825  241s
   302   312  747.44148   15   79  780.00000  707.09565  9.35%  1960  250s
   408   433  750.02539   19   40  780.00000  707.09565  9.35%  1932  257s
   478   493  750.94819   20   37  780.00000  707.09565  9.35%  1830  260s
   547   567  753.60724   23   17  780.00000  707.09565  9.35%  1797  265s
   702   723  757.85544   29   15  780.00000  707.09565  9.35%  1682  276s
   784   798  757.86066   30   20  780.00000  707.09565  9.35%  1617  280s
   971   981  759.72347   34    5  780.00000  707.09565  9.35%  1471  290s
H 1084  1072                     779.0000000  707.09565  9.23%  1419  294s
  1166  1179  759.76656   39    8  779.00000  707.09565  9.23%  1388  300s
* 1369  1301              56     778.0000000  707.09565  9.11%  1311  303s
* 1372  1301              56     774.0000000  707.09565  8.64%  1309  303s
  1440  1393  759.85740   49   18  774.00000  707.09565  8.64%  1273  309s
H 1519  1393                     771.0000000  707.09565  8.29%  1242  309s
  1591  1477  759.95265   53    1  771.00000  707.09565  8.29%  1217  314s
* 1593  1477              55     760.0000000  707.09565  6.96%  1215  314s
  1720  1542     cutoff   56       760.00000  707.35336  6.93%  1214  321s
* 1773  1542              49     733.0000000  707.82199  3.43%  1218  321s
  1840  1545  712.07282    9   66  733.00000  707.82199  3.43%  1229  328s
H 1898  1545                     732.0000000  707.82199  3.30%  1228  328s
H 1907  1545                     725.0000000  707.82199  2.37%  1226  328s
  1981  1513  713.22180   11   60  725.00000  707.82199  2.37%  1217  334s
  1984  1513     cutoff   11       725.00000  707.82199  2.37%  1221  335s
H 2150  1518                     721.0000000  707.82199  1.83%  1207  351s
  2205  1319  715.52521   15   43  721.00000  707.82199  1.83%  1215  356s
  2481  1117  716.39208   18   37  721.00000  707.82199  1.83%  1129  361s
  3160   778     cutoff    9       721.00000  712.84864  1.13%   940  371s
  3350   660  716.73936   10   32  721.00000  712.84864  1.13%   897  376s
* 3474   660              23     720.0000000  712.84864  0.99%   883  376s
* 3488   660              23     719.0000000  712.84864  0.86%   883  376s
* 4138   136              20     718.0000000  715.17872  0.39%   761  380s

Cutting planes:
  Learned: 1
  Gomory: 23
  Cover: 19
  Implied bound: 142
  MIR: 103
  Flow cover: 26
  GUB cover: 2
  Inf proof: 4
  Zero half: 92
  Mod-K: 1
  RLT: 4
  Relax-and-lift: 6

Explored 4386 nodes (3265467 simplex iterations) in 381.28 seconds (316.01 work units)
Thread count was 32 (of 128 available processors)

Solution count 10: 718 719 720 ... 774

Optimal solution found (tolerance 1.00e-04)
Best objective 7.180000000000e+02, best bound 7.180000000000e+02, gap 0.0000%
True
Set parameter LogFile to value "result300/grblog_l002.ib.bridges2.psc.edu_RelaxFalse_N-1_PSPS_SpanFalse_PFlow_Lazy0_300_inst45.txt"
Gurobi Optimizer version 11.0.2 build v11.0.2rc0 (linux64 - "Red Hat Enterprise Linux 8.10 (Ootpa)")

CPU model: AMD EPYC 7742 64-Core Processor, instruction set [SSE2|AVX|AVX2]
Thread count: 128 physical cores, 128 logical processors, using up to 32 threads

Optimize a model with 627554 rows, 510129 columns and 2475289 nonzeros
Model fingerprint: 0x8c777ccd
Variable types: 509418 continuous, 711 integer (711 binary)
Coefficient statistics:
  Matrix range     [3e-01, 2e+03]
  Objective range  [1e+00, 1e+01]
  Bounds range     [1e+00, 1e+00]
  RHS range        [1e+00, 1e+04]
Presolve removed 275812 rows and 218440 columns (presolve time = 5s) ...
Presolve removed 287505 rows and 227353 columns (presolve time = 10s) ...
Presolve removed 313305 rows and 227572 columns
Presolve time: 14.28s
Presolved: 314249 rows, 282557 columns, 1398429 nonzeros
Variable types: 282113 continuous, 444 integer (444 binary)
Deterministic concurrent LP optimizer: primal simplex, dual simplex, and barrier
Showing barrier log only...

Root barrier log...

Ordering time: 0.14s

Barrier statistics:
 Dense cols : 442
 AA' NZ     : 1.359e+06
 Factor NZ  : 1.042e+07 (roughly 300 MB of memory)
 Factor Ops : 1.350e+09 (less than 1 second per iteration)
 Threads    : 29

                  Objective                Residual
Iter       Primal          Dual         Primal    Dual     Compl     Time
   0   3.82988380e+04 -1.77697478e+06  3.81e+03 9.68e-01  1.54e+02    17s
   1   3.81891569e+04 -1.76245863e+06  3.26e+03 4.57e+00  1.34e+02    18s
   2   3.65385972e+04 -1.74704080e+06  2.74e+03 3.32e+00  1.10e+02    18s
   3   3.56698422e+04 -1.72521427e+06  2.26e+03 2.34e+00  8.59e+01    18s
   4   2.78131449e+04 -1.71189175e+06  1.52e+03 1.86e+00  5.85e+01    18s
   5   1.67962559e+04 -1.68854341e+06  8.63e+02 3.05e-11  3.25e+01    19s
   6   3.29956086e+03 -1.52168927e+06  6.25e+01 1.50e-10  3.94e+00    19s
   7   2.55396788e+03 -5.91560531e+05  2.01e+01 1.28e-10  1.05e+00    19s
   8   2.45049450e+03 -3.25920154e+05  1.44e+01 5.80e-11  5.44e-01    19s
   9   2.26826598e+03 -1.79342717e+05  4.48e+00 1.05e-10  2.51e-01    19s
  10   2.22220114e+03 -1.13512653e+05  2.19e+00 6.26e-11  1.52e-01    20s
  11   2.19497713e+03 -6.34555606e+04  1.04e+00 3.40e-11  8.40e-02    20s
  12   2.17163438e+03 -3.64488101e+04  4.20e-01 1.94e-11  4.87e-02    20s
  13   2.15204395e+03 -1.92596151e+04  1.69e-01 1.06e-11  2.68e-02    20s
  14   2.04411448e+03 -1.51515445e+04  2.95e-02 8.31e-12  2.15e-02    20s
  15   1.90416089e+03 -9.26946908e+03  1.19e-02 5.28e-12  1.39e-02    21s
  16   1.69281940e+03 -5.92005489e+03  6.84e-03 7.24e-12  9.50e-03    21s
  17   1.49937131e+03 -3.81142892e+03  4.95e-03 1.65e-11  6.63e-03    21s
  18   1.36014655e+03 -2.68586647e+03  3.97e-03 9.98e-12  5.05e-03    21s
  19   1.14874680e+03 -1.81598081e+03  2.79e-03 1.77e-11  3.70e-03    21s

Barrier performed 19 iterations in 21.45 seconds (13.29 work units)
Barrier solve interrupted - model solved by another algorithm

Concurrent spin time: 0.89s (can be avoided by choosing Method=3)

Solved with dual simplex

Root simplex log...

Iteration    Objective       Primal Inf.    Dual Inf.      Time
   39348    5.3201549e+02   0.000000e+00   0.000000e+00     22s

Root relaxation: objective 5.320155e+02, 39348 iterations, 6.79 seconds (4.29 work units)

    Nodes    |    Current Node    |     Objective Bounds      |     Work
 Expl Unexpl |  Obj  Depth IntInf | Incumbent    BestBd   Gap | It/Node Time

     0     0  532.01549    0  101          -  532.01549      -     -   25s
H    0     0                     849.0000000  532.01549  37.3%     -   26s
H    0     0                     847.0000000  532.01549  37.2%     -   26s
H    0     0                     834.0000000  532.01549  36.2%     -   27s
H    0     0                     779.0000000  532.01549  31.7%     -   27s
     0     0  643.89220    0  158  779.00000  643.89220  17.3%     -   36s
     0     0  645.79195    0  162  779.00000  645.79195  17.1%     -   40s
     0     0  687.24473    0  147  779.00000  687.24473  11.8%     -   47s
     0     0  688.96186    0  145  779.00000  688.96186  11.6%     -   51s
     0     0  702.42730    0  124  779.00000  702.42730  9.83%     -   57s
     0     0  703.48017    0  129  779.00000  703.48017  9.69%     -   60s
     0     0  703.53585    0  152  779.00000  703.53585  9.69%     -   64s
     0     0  703.56385    0  149  779.00000  703.56385  9.68%     -   66s
     0     0  704.21514    0  134  779.00000  704.21514  9.60%     -   70s
     0     0  704.40333    0  134  779.00000  704.40333  9.58%     -   73s
     0     0  704.42763    0  135  779.00000  704.42763  9.57%     -   76s
     0     0  704.46284    0  120  779.00000  704.46284  9.57%     -   78s
     0     0  704.55726    0  135  779.00000  704.55726  9.56%     -   79s
     0     0  704.55879    0  135  779.00000  704.55879  9.56%     -   80s
     0     0  705.56399    0  133  779.00000  705.56399  9.43%     -   82s
     0     0  705.92921    0  132  779.00000  705.92921  9.38%     -   84s
     0     0  705.92921    0  131  779.00000  705.92921  9.38%     -   86s
     0     0  705.92921    0  131  779.00000  705.92921  9.38%     -   89s
     0     0  705.92921    0  125  779.00000  705.92921  9.38%     -   98s
     0     0  708.39017    0  125  779.00000  708.39017  9.06%     -  105s
H    0     0                     763.0000000  708.39017  7.16%     -  114s
     0     2  708.39017    0  125  763.00000  708.39017  7.16%     -  129s
     1     4  708.39017    1  122  763.00000  708.39017  7.16%  1002  135s
     3     6  714.23325    2  129  763.00000  710.81933  6.84%  1261  142s
     7    12  722.78063    3  112  763.00000  710.90358  6.83%   962  149s
    13    24  722.86489    4  111  763.00000  711.90358  6.70%   849  154s
    25    44  723.86489    5  105  763.00000  713.19048  6.53%  1021  167s
    49    75  759.21915    6  102  763.00000  713.55723  6.48%  1410  178s
    81   106  759.31917    7   96  763.00000  714.87790  6.31%  1866  191s
   113   135     cutoff    8       763.00000  715.08416  6.28%  1987  203s
   145   167  734.16948    8   64  763.00000  715.08416  6.28%  2088  212s
   177   199  740.75491    9   79  763.00000  715.08416  6.28%  2276  223s
   210   228  736.68588    9   67  763.00000  715.08416  6.28%  2372  229s
   243   257  739.21563   10   71  763.00000  715.08416  6.28%  2476  237s
   280   284  739.26327   11   74  763.00000  715.08416  6.28%  2602  244s
   320   314  744.68513   12   71  763.00000  715.08416  6.28%  2750  250s
   380   345  739.53349   11   62  763.00000  715.08416  6.28%  2745  255s
   501   428  740.88425   14   52  763.00000  715.08416  6.28%  2647  266s
H  537   428                     762.0000000  715.08416  6.16%  2651  266s
   564   444  742.08473   16   38  762.00000  715.08416  6.16%  2599  282s
H  565   444                     760.0000000  715.08416  5.91%  2594  282s
H  570   444                     758.0000000  715.08416  5.66%  2590  282s
H  596   444                     757.0000000  715.08416  5.54%  2577  283s
H  610   444                     748.0000000  715.08416  4.40%  2577  283s
   624   403  743.52413   16   40  748.00000  715.08416  4.40%  2548  291s
   726   442  744.14920   17   50  748.00000  715.08416  4.40%  2393  298s
H  745   442                     746.0000000  715.08416  4.14%  2387  298s
   789   457  744.85418   18   44  746.00000  715.08416  4.14%  2425  305s
H  881   474                     735.0000000  715.08416  2.71%  2388  318s
   919   364     cutoff   15       735.00000  719.68087  2.08%  2388  326s
  1059   270     cutoff    8       735.00000  719.68087  2.08%  2316  333s
  1168    84  731.74194   10   58  735.00000  719.68087  2.08%  2293  336s
  1376    30  733.47109   12   23  735.00000  729.27512  0.78%  1976  341s
  1444     6     cutoff   10       735.00000  730.03021  0.68%  1906  345s

Cutting planes:
  Gomory: 18
  Cover: 2
  Implied bound: 134
  Clique: 1
  MIR: 146
  Flow cover: 74
  Inf proof: 4
  Zero half: 99
  RLT: 12
  Relax-and-lift: 1

Explored 1486 nodes (2911385 simplex iterations) in 348.68 seconds (317.70 work units)
Thread count was 32 (of 128 available processors)

Solution count 10: 735 746 748 ... 834

Optimal solution found (tolerance 1.00e-04)
Best objective 7.350000000000e+02, best bound 7.350000000000e+02, gap 0.0000%
True
Set parameter LogFile to value "result300/grblog_l002.ib.bridges2.psc.edu_RelaxFalse_N-1_PSPS_SpanFalse_PFlow_Lazy0_300_inst46.txt"
Gurobi Optimizer version 11.0.2 build v11.0.2rc0 (linux64 - "Red Hat Enterprise Linux 8.10 (Ootpa)")

CPU model: AMD EPYC 7742 64-Core Processor, instruction set [SSE2|AVX|AVX2]
Thread count: 128 physical cores, 128 logical processors, using up to 32 threads

Optimize a model with 627554 rows, 510129 columns and 2475289 nonzeros
Model fingerprint: 0x50998d10
Variable types: 509418 continuous, 711 integer (711 binary)
Coefficient statistics:
  Matrix range     [3e-01, 2e+03]
  Objective range  [1e+00, 1e+01]
  Bounds range     [1e+00, 1e+00]
  RHS range        [1e+00, 1e+04]
Presolve removed 279000 rows and 221212 columns (presolve time = 5s) ...
Presolve removed 313303 rows and 227570 columns (presolve time = 10s) ...
Presolve removed 313305 rows and 227572 columns
Presolve time: 11.08s
Presolved: 314249 rows, 282557 columns, 1398429 nonzeros
Variable types: 282113 continuous, 444 integer (444 binary)
Deterministic concurrent LP optimizer: primal simplex, dual simplex, and barrier
Showing barrier log only...

Root barrier log...

Ordering time: 0.13s

Barrier statistics:
 Dense cols : 442
 AA' NZ     : 1.359e+06
 Factor NZ  : 1.042e+07 (roughly 300 MB of memory)
 Factor Ops : 1.350e+09 (less than 1 second per iteration)
 Threads    : 29

                  Objective                Residual
Iter       Primal          Dual         Primal    Dual     Compl     Time
   0   3.83988323e+04 -1.50761551e+06  3.81e+03 7.36e-01  1.31e+02    14s
   1   3.83776565e+04 -1.49525614e+06  3.26e+03 3.77e+00  1.13e+02    14s
   2   3.66722317e+04 -1.48311897e+06  2.75e+03 2.72e+00  9.38e+01    14s
   3   3.57987399e+04 -1.46458803e+06  2.27e+03 2.08e+00  7.37e+01    14s
   4   2.89756190e+04 -1.45303519e+06  1.59e+03 1.66e+00  5.20e+01    14s
   5   1.82823809e+04 -1.43406172e+06  9.79e+02 4.37e-11  3.09e+01    15s
   6   3.50593950e+03 -1.27991817e+06  7.32e+01 1.67e-10  3.61e+00    15s
   7   2.79629218e+03 -6.55181886e+05  3.16e+01 1.33e-10  1.33e+00    15s
   8   2.51404067e+03 -2.70569118e+05  1.56e+01 5.73e-11  4.64e-01    15s
   9   2.37270786e+03 -1.18877267e+05  7.67e+00 1.90e-11  1.80e-01    16s
  10   2.27956339e+03 -7.38418476e+04  2.80e+00 1.73e-11  1.02e-01    16s
  11   2.24190573e+03 -4.71107123e+04  1.29e+00 1.06e-11  6.36e-02    16s
  12   2.21048151e+03 -2.29519078e+04  5.18e-01 6.17e-12  3.18e-02    16s
  13   2.14011627e+03 -1.42037938e+04  2.14e-01 3.87e-12  2.05e-02    16s
  14   1.98459478e+03 -9.51361539e+03  8.91e-02 2.86e-12  1.44e-02    16s
  15   1.83223746e+03 -6.78345841e+03  4.87e-02 1.94e-12  1.08e-02    17s

Barrier performed 15 iterations in 16.52 seconds (12.70 work units)
Barrier solve interrupted - model solved by another algorithm

Concurrent spin time: 0.81s (can be avoided by choosing Method=3)

Solved with dual simplex

Root simplex log...

Iteration    Objective       Primal Inf.    Dual Inf.      Time
   31653    5.4854902e+02   0.000000e+00   0.000000e+00     17s

Root relaxation: objective 5.485490e+02, 31653 iterations, 5.03 seconds (3.69 work units)

    Nodes    |    Current Node    |     Objective Bounds      |     Work
 Expl Unexpl |  Obj  Depth IntInf | Incumbent    BestBd   Gap | It/Node Time

     0     0  548.54902    0  117          -  548.54902      -     -   19s
H    0     0                     870.0000000  548.54902  36.9%     -   19s
H    0     0                     863.0000000  548.54902  36.4%     -   20s
H    0     0                     825.0000000  548.54902  33.5%     -   20s
     0     0  654.28542    0  160  825.00000  654.28542  20.7%     -   26s
     0     0  659.51862    0  160  825.00000  659.51862  20.1%     -   32s
     0     0  689.05947    0  159  825.00000  689.05947  16.5%     -   38s
     0     0  691.17782    0  157  825.00000  691.17782  16.2%     -   43s
     0     0  700.47738    0  116  825.00000  700.47738  15.1%     -   49s
     0     0  702.29210    0  126  825.00000  702.29210  14.9%     -   55s
     0     0  702.29210    0  126  825.00000  702.29210  14.9%     -   55s
     0     0  703.92060    0  129  825.00000  703.92060  14.7%     -   58s
     0     0  704.32930    0  105  825.00000  704.32930  14.6%     -   64s
     0     0  704.33732    0  107  825.00000  704.33732  14.6%     -   64s
     0     0  704.72629    0  102  825.00000  704.72629  14.6%     -   68s
     0     0  704.73672    0  101  825.00000  704.73672  14.6%     -   72s
     0     0  704.79906    0  105  825.00000  704.79906  14.6%     -   75s
     0     0  705.69039    0  139  825.00000  705.69039  14.5%     -   80s
     0     0  705.69039    0  104  825.00000  705.69039  14.5%     -   82s
     0     0  705.69039    0  104  825.00000  705.69039  14.5%     -   84s
     0     0  705.69039    0  104  825.00000  705.69039  14.5%     -   86s
     0     0  705.69039    0   96  825.00000  705.69039  14.5%     -   91s
     0     0  705.69039    0   96  825.00000  705.69039  14.5%     -   96s
     0     2  705.76423    0   96  825.00000  705.76423  14.5%     -  113s
     1     2 infeasible    1       825.00000  706.12498  14.4% 10149  118s
     3     4  720.89811    2  125  825.00000  717.19180  13.1%  8600  123s
     5     8  723.84528    3  110  825.00000  721.11887  12.6%  6964  130s
     9    16  725.08005    4  113  825.00000  721.71301  12.5%  5509  143s
    17    32  727.78402    5   97  825.00000  723.10672  12.4%  6994  179s
    33    59  728.49304    6  108  825.00000  726.07633  12.0% 14307  192s
    65    91  731.42214    7  117  825.00000  726.63008  11.9%  9315  205s
    97   122  734.16311    7   95  825.00000  726.63008  11.9%  7228  221s
H   98   122                     818.0000000  726.63008  11.2%  7155  221s
H  101   122                     808.0000000  729.14237  9.76%  7087  221s
H  105   122                     767.0000000  729.14237  4.94%  6924  221s
   129   151  735.77115    8   88  767.00000  729.14237  4.94%  6065  228s
   161   189  735.77115    9   87  767.00000  729.14237  4.94%  5251  233s
   206   224  736.09773   10   83  767.00000  729.14237  4.94%  4453  239s
   253   267  736.94472   11   92  767.00000  729.14237  4.94%  3936  243s
   300   315  737.55550   12   90  767.00000  729.14237  4.94%  3527  246s
   353   354  744.59773   13   88  767.00000  729.14237  4.94%  3248  251s
   417   388  745.01394   13   83  767.00000  729.14237  4.94%  3052  255s
   539   463  746.20645   16   75  767.00000  729.14237  4.94%  2702  263s
   628   513  757.64320   18   59  767.00000  729.14237  4.94%  2484  269s
   696   574  757.83322   19   49  767.00000  729.14237  4.94%  2388  273s
   768   620  764.85359   20   44  767.00000  729.14237  4.94%  2272  276s
   846   678  761.20829   21   54  767.00000  729.14237  4.94%  2162  282s
   932   735  761.48220   23   26  767.00000  729.14237  4.94%  2061  286s
  1128   856 infeasible   30       767.00000  729.79161  4.85%  1863  296s
H 1132   856                     766.0000000  729.79161  4.73%  1859  296s
H 1133   856                     758.0000000  729.79161  3.72%  1858  296s
H 1151   856                     741.0000000  729.79161  1.51%  1845  296s
  1203   684  739.26557    8   87  741.00000  729.79161  1.51%  1813  301s
  1615   189     cutoff   10       741.00000  729.98906  1.49%  1428  307s
* 1666   189              20     740.0000000  730.30418  1.31%  1392  307s

Cutting planes:
  Gomory: 23
  Cover: 9
  Implied bound: 152
  MIR: 93
  Flow cover: 19
  GUB cover: 1
  Inf proof: 1
  Zero half: 99
  RLT: 8
  Relax-and-lift: 1

Explored 2135 nodes (2445949 simplex iterations) in 308.93 seconds (284.12 work units)
Thread count was 32 (of 128 available processors)

Solution count 10: 740 741 758 ... 870

Optimal solution found (tolerance 1.00e-04)
Best objective 7.400000000000e+02, best bound 7.400000000000e+02, gap 0.0000%
True
Set parameter LogFile to value "result300/grblog_l002.ib.bridges2.psc.edu_RelaxFalse_N-1_PSPS_SpanFalse_PFlow_Lazy0_300_inst47.txt"
Gurobi Optimizer version 11.0.2 build v11.0.2rc0 (linux64 - "Red Hat Enterprise Linux 8.10 (Ootpa)")

CPU model: AMD EPYC 7742 64-Core Processor, instruction set [SSE2|AVX|AVX2]
Thread count: 128 physical cores, 128 logical processors, using up to 32 threads

Optimize a model with 627554 rows, 510129 columns and 2475289 nonzeros
Model fingerprint: 0x0958fe2b
Variable types: 509418 continuous, 711 integer (711 binary)
Coefficient statistics:
  Matrix range     [3e-01, 2e+03]
  Objective range  [1e+00, 1e+01]
  Bounds range     [1e+00, 1e+00]
  RHS range        [1e+00, 1e+04]
Presolve removed 280193 rows and 221212 columns (presolve time = 5s) ...
Presolve removed 313303 rows and 227573 columns (presolve time = 10s) ...
Presolve removed 313305 rows and 227572 columns
Presolve time: 10.61s
Presolved: 314249 rows, 282557 columns, 1398429 nonzeros
Variable types: 282113 continuous, 444 integer (444 binary)
Deterministic concurrent LP optimizer: primal simplex, dual simplex, and barrier
Showing barrier log only...

Root barrier log...

Ordering time: 0.13s

Barrier statistics:
 Dense cols : 442
 AA' NZ     : 1.359e+06
 Factor NZ  : 1.042e+07 (roughly 300 MB of memory)
 Factor Ops : 1.350e+09 (less than 1 second per iteration)
 Threads    : 29

                  Objective                Residual
Iter       Primal          Dual         Primal    Dual     Compl     Time
   0   3.60935151e+04 -1.79051361e+06  3.81e+03 9.83e-01  1.55e+02    13s
   1   3.60462865e+04 -1.77588380e+06  3.26e+03 4.59e+00  1.35e+02    13s
   2   3.44726225e+04 -1.76057822e+06  2.75e+03 3.29e+00  1.11e+02    14s
   3   3.37296779e+04 -1.73981015e+06  2.30e+03 2.47e+00  8.85e+01    14s
   4   2.90615738e+04 -1.72972058e+06  1.63e+03 2.10e+00  6.43e+01    14s
   5   1.93422653e+04 -1.72002468e+06  1.10e+03 1.49e-01  4.24e+01    14s
   6   3.20947784e+03 -1.59081875e+06  6.42e+01 1.67e-10  4.21e+00    15s
   7   2.53114015e+03 -5.96809813e+05  2.28e+01 2.17e-10  1.11e+00    15s
   8   2.29258095e+03 -2.48936686e+05  8.66e+00 4.01e-11  3.81e-01    15s
   9   2.21692865e+03 -1.38522873e+05  4.38e+00 2.11e-11  1.96e-01    15s
  10   2.17437161e+03 -5.65336832e+04  2.18e+00 8.66e-12  7.76e-02    15s
  11   2.13820418e+03 -3.66187460e+04  8.75e-01 5.57e-12  4.95e-02    15s
  12   2.11163176e+03 -2.74619797e+04  3.34e-01 4.22e-12  3.72e-02    16s
  13   2.06058618e+03 -1.43746986e+04  7.78e-02 2.26e-12  2.05e-02    16s
  14   1.98883355e+03 -1.09559556e+04  5.04e-02 1.80e-12  1.62e-02    16s
  15   1.82360165e+03 -8.94051930e+03  2.79e-02 1.49e-12  1.34e-02    16s
  16   1.71339971e+03 -6.12447374e+03  2.13e-02 1.23e-12  9.78e-03    16s
  17   1.46316731e+03 -3.76569464e+03  1.18e-02 6.88e-13  6.52e-03    17s

Barrier performed 17 iterations in 16.53 seconds (13.00 work units)
Barrier solve interrupted - model solved by another algorithm

Concurrent spin time: 1.29s (can be avoided by choosing Method=3)

Solved with dual simplex

Root simplex log...

Iteration    Objective       Primal Inf.    Dual Inf.      Time
   33146    5.2327332e+02   0.000000e+00   0.000000e+00     17s

Root relaxation: objective 5.232733e+02, 33146 iterations, 5.54 seconds (3.87 work units)

    Nodes    |    Current Node    |     Objective Bounds      |     Work
 Expl Unexpl |  Obj  Depth IntInf | Incumbent    BestBd   Gap | It/Node Time

     0     0  523.27332    0  107          -  523.27332      -     -   19s
H    0     0                     824.0000000  523.27332  36.5%     -   20s
H    0     0                     818.0000000  523.27332  36.0%     -   20s
H    0     0                     760.0000000  523.27332  31.1%     -   21s
     0     0  607.73941    0  147  760.00000  607.73941  20.0%     -   27s
     0     0  612.66852    0  148  760.00000  612.66852  19.4%     -   32s
     0     0  612.66852    0  149  760.00000  612.66852  19.4%     -   32s
     0     0  642.51986    0  149  760.00000  642.51986  15.5%     -   40s
     0     0  643.31329    0  149  760.00000  643.31329  15.4%     -   44s
     0     0  652.64448    0  110  760.00000  652.64448  14.1%     -   50s
     0     0  654.31337    0  113  760.00000  654.31337  13.9%     -   54s
     0     0  655.10207    0  104  760.00000  655.10207  13.8%     -   57s
     0     0  655.33127    0  108  760.00000  655.33127  13.8%     -   60s
     0     0  655.67238    0  105  760.00000  655.67238  13.7%     -   62s
     0     0  655.72857    0  107  760.00000  655.72857  13.7%     -   64s
     0     0  655.74765    0  109  760.00000  655.74765  13.7%     -   64s
     0     0  655.75022    0  109  760.00000  655.75022  13.7%     -   64s
     0     0  655.78565    0  109  760.00000  655.78565  13.7%     -   67s
     0     0  655.93473    0  109  760.00000  655.93473  13.7%     -   70s
     0     0  655.93473    0  110  760.00000  655.93473  13.7%     -   72s
     0     0  655.96727    0  110  760.00000  655.96727  13.7%     -   75s
     0     0  655.96727    0  110  760.00000  655.96727  13.7%     -   76s
     0     0  655.96727    0  113  760.00000  655.96727  13.7%     -   78s
     0     0  655.96727    0  110  760.00000  655.96727  13.7%     -   79s
     0     0  656.30700    0  106  760.00000  656.30700  13.6%     -   88s
     0     2  656.76308    0  106  760.00000  656.76308  13.6%     -  102s
     1     4  659.19461    1   98  760.00000  656.76308  13.6%  2658  106s
     3     4 infeasible    2       760.00000  658.05206  13.4%   930  111s
     7     6  660.23698    3   86  760.00000  658.43670  13.4%  3256  117s
    11    11  663.11375    4   79  760.00000  660.33963  13.1%  3041  122s
    17    21  664.16696    5   77  760.00000  663.24025  12.7%  3039  129s
    28    42  666.66696    6   70  760.00000  664.35266  12.6%  3358  137s
    49    70  673.31701    7   53  760.00000  666.68211  12.3%  2637  147s
    81    97  673.31701    8   44  760.00000  666.82750  12.3%  2907  155s
   113   125  674.59911    9   41  760.00000  667.08163  12.2%  2910  165s
   145   155  675.06740   10   40  760.00000  667.08163  12.2%  2886  171s
   177   197  675.76765   11    8  760.00000  667.08163  12.2%  2694  177s
   219   240  675.80357   12   10  760.00000  667.08163  12.2%  2533  183s
   262   286  675.80357   13    7  760.00000  667.08163  12.2%  2443  189s
   308   336  676.03893   14    3  760.00000  667.08163  12.2%  2281  195s
   361   386  676.94810   16   34  760.00000  667.08163  12.2%  2184  201s
   421   427  676.25025   16   19  760.00000  667.08163  12.2%  2067  207s
H  422   427                     681.0000000  667.08163  2.04%  2062  207s
   471   361  677.04027   18    3  681.00000  667.08163  2.04%  2023  211s
H  523   361                     679.0000000  667.08163  1.76%  1858  211s
   557   315     cutoff   18       679.00000  668.32475  1.57%  1750  217s
H  563   315                     678.0000000  668.61626  1.38%  1750  217s
   638   241  673.90002    8   83  678.00000  668.61626  1.38%  1654  220s
   729   116 infeasible    9       678.00000  672.42067  0.82%  1510  225s
*  901     6              22     677.0000000  672.42067  0.68%  1246  228s

Cutting planes:
  Gomory: 22
  Cover: 3
  Implied bound: 115
  MIR: 112
  Flow cover: 42
  Inf proof: 2
  Zero half: 89
  RLT: 8
  Relax-and-lift: 1

Explored 982 nodes (1227658 simplex iterations) in 229.12 seconds (220.41 work units)
Thread count was 32 (of 128 available processors)

Solution count 7: 677 678 679 ... 824

Optimal solution found (tolerance 1.00e-04)
Best objective 6.770000000000e+02, best bound 6.770000000000e+02, gap 0.0000%
True
Set parameter LogFile to value "result300/grblog_l002.ib.bridges2.psc.edu_RelaxFalse_N-1_PSPS_SpanFalse_PFlow_Lazy0_300_inst48.txt"
Gurobi Optimizer version 11.0.2 build v11.0.2rc0 (linux64 - "Red Hat Enterprise Linux 8.10 (Ootpa)")

CPU model: AMD EPYC 7742 64-Core Processor, instruction set [SSE2|AVX|AVX2]
Thread count: 128 physical cores, 128 logical processors, using up to 32 threads

Optimize a model with 627554 rows, 510129 columns and 2475289 nonzeros
Model fingerprint: 0xd59775b5
Variable types: 509418 continuous, 711 integer (711 binary)
Coefficient statistics:
  Matrix range     [3e-01, 2e+03]
  Objective range  [1e+00, 1e+01]
  Bounds range     [1e+00, 1e+00]
  RHS range        [1e+00, 1e+04]
Presolve removed 260954 rows and 218440 columns (presolve time = 5s) ...
Presolve removed 287505 rows and 227348 columns (presolve time = 10s) ...
Presolve removed 313306 rows and 227573 columns (presolve time = 15s) ...
Presolve removed 313305 rows and 227572 columns
Presolve time: 15.15s
Presolved: 314249 rows, 282557 columns, 1398429 nonzeros
Variable types: 282113 continuous, 444 integer (444 binary)
Deterministic concurrent LP optimizer: primal simplex, dual simplex, and barrier
Showing barrier log only...

Root barrier log...

Ordering time: 0.20s

Barrier statistics:
 Dense cols : 442
 AA' NZ     : 1.359e+06
 Factor NZ  : 1.042e+07 (roughly 300 MB of memory)
 Factor Ops : 1.350e+09 (less than 1 second per iteration)
 Threads    : 29

                  Objective                Residual
Iter       Primal          Dual         Primal    Dual     Compl     Time
   0   3.93971910e+04 -1.67091342e+06  3.81e+03 8.55e-01  1.45e+02    19s
   1   3.94082962e+04 -1.65721914e+06  3.26e+03 4.17e+00  1.26e+02    19s
   2   3.76649961e+04 -1.64394395e+06  2.76e+03 3.03e+00  1.04e+02    19s
   3   3.68892603e+04 -1.62470457e+06  2.32e+03 2.42e+00  8.37e+01    20s
   4   3.21466294e+04 -1.61508274e+06  1.65e+03 2.07e+00  6.12e+01    20s
   5   2.14490019e+04 -1.60904608e+06  1.13e+03 5.22e-02  4.08e+01    21s
   6   3.55979109e+03 -1.48917162e+06  6.68e+01 1.85e-10  4.04e+00    21s
   7   2.97123794e+03 -7.23371542e+05  3.47e+01 4.00e-10  1.54e+00    21s
   8   2.47174881e+03 -4.60139389e+05  7.68e+00 1.85e-10  6.74e-01    21s
   9   2.43146542e+03 -1.34064463e+05  5.58e+00 3.47e-11  1.94e-01    22s
  10   2.36922824e+03 -6.59610325e+04  2.53e+00 4.70e-11  9.08e-02    22s
  11   2.33392128e+03 -4.08806013e+04  1.15e+00 2.64e-11  5.55e-02    22s
  12   2.30193171e+03 -2.10910454e+04  3.84e-01 1.32e-11  2.95e-02    22s
  13   2.27360102e+03 -1.45452470e+04  1.94e-01 9.41e-12  2.11e-02    22s
  14   2.21066300e+03 -1.16968828e+04  1.34e-01 7.74e-12  1.74e-02    23s
  15   2.10890446e+03 -8.54181632e+03  7.27e-02 5.88e-12  1.33e-02    23s
  16   1.98674811e+03 -6.83837327e+03  4.83e-02 4.81e-12  1.10e-02    23s
  17   1.76849915e+03 -4.42401777e+03  3.37e-02 3.36e-12  7.73e-03    23s

Barrier performed 17 iterations in 23.14 seconds (13.00 work units)
Barrier solve interrupted - model solved by another algorithm

Concurrent spin time: 0.99s (can be avoided by choosing Method=3)

Solved with dual simplex

Root simplex log...

Iteration    Objective       Primal Inf.    Dual Inf.      Time
   33626    6.0849861e+02   0.000000e+00   0.000000e+00     23s

Root relaxation: objective 6.084986e+02, 33626 iterations, 7.55 seconds (3.91 work units)
Total elapsed time = 26.62s (DegenMoves)

    Nodes    |    Current Node    |     Objective Bounds      |     Work
 Expl Unexpl |  Obj  Depth IntInf | Incumbent    BestBd   Gap | It/Node Time

     0     0  608.49861    0  101          -  608.49861      -     -   27s
H    0     0                     952.0000000  608.49861  36.1%     -   27s
H    0     0                     944.0000000  608.49861  35.5%     -   28s
H    0     0                     894.0000000  608.49861  31.9%     -   29s
     0     0  691.60186    0  145  894.00000  691.60186  22.6%     -   39s
     0     0  697.09409    0  145  894.00000  697.09409  22.0%     -   49s
     0     0  744.73126    0  125  894.00000  744.73126  16.7%     -   57s
     0     0  745.23126    0  127  894.00000  745.23126  16.6%     -   65s
     0     0  754.93852    0  128  894.00000  754.93852  15.6%     -   72s
     0     0  755.38120    0  133  894.00000  755.38120  15.5%     -   78s
     0     0  755.38120    0  133  894.00000  755.38120  15.5%     -   79s
     0     0  761.25334    0  128  894.00000  761.25334  14.8%     -   84s
     0     0  765.67197    0  129  894.00000  765.67197  14.4%     -   88s
     0     0  765.67197    0  129  894.00000  765.67197  14.4%     -   88s
     0     0  765.67197    0  128  894.00000  765.67197  14.4%     -   93s
     0     0  765.67197    0  128  894.00000  765.67197  14.4%     -   95s
     0     0  765.67197    0  128  894.00000  765.67197  14.4%     -   99s
     0     0  765.67197    0  128  894.00000  765.67197  14.4%     -  105s
     0     0  765.67197    0  132  894.00000  765.67197  14.4%     -  108s
     0     0  765.67197    0  129  894.00000  765.67197  14.4%     -  111s
     0     0  765.67197    0  131  894.00000  765.67197  14.4%     -  115s
     0     0  765.67197    0  130  894.00000  765.67197  14.4%     -  120s
     0     0  765.67197    0  128  894.00000  765.67197  14.4%     -  123s
     0     0  765.67197    0  129  894.00000  765.67197  14.4%     -  126s
     0     0  765.67197    0  129  894.00000  765.67197  14.4%     -  128s
     0     0  765.67197    0  130  894.00000  765.67197  14.4%     -  131s
     0     0  765.67197    0  126  894.00000  765.67197  14.4%     -  141s
     0     2  768.14537    0  126  894.00000  768.14537  14.1%     -  160s
     1     2 infeasible    1       894.00000  768.14537  14.1%  9764  167s
     3     3  771.58653    2  111  894.00000  771.08522  13.7%  6625  176s
     5     6  774.70143    3  104  894.00000  772.91094  13.5%  5839  182s
     8    12  775.88125    4  110  894.00000  773.23053  13.5%  3954  187s
    14    24  778.18759    5  108  894.00000  773.75671  13.5%  2671  193s
    26    45  780.79974    6  107  894.00000  774.95760  13.3%  2170  204s
    50    72  783.44681    7   97  894.00000  775.41361  13.3%  1690  213s
    82   102  795.54619    8   86  894.00000  775.84363  13.2%  1995  220s
   114   134  800.79619    9   90  894.00000  775.84363  13.2%  1887  231s
   146   162  806.60116   10   88  894.00000  776.73717  13.1%  1870  239s
   178   202  805.79619   10   89  894.00000  776.73717  13.1%  2019  246s
   218   243  806.85116   11   83  894.00000  777.47975  13.0%  2024  250s
