l002.ib.bridges2.psc.edu
2024-11-20 16:10:37.923134
Set parameter Username
Set parameter LicenseID to value 762805
Set parameter TokenServer to value "br017.ib.bridges2.psc.edu"
Set parameter LogFile to value "result300/grblog_l002.ib.bridges2.psc.edu_RelaxFalse_N-1_PSPS_SpanFalse_PFlow_Lazy0_300_inst1.txt"
Gurobi Optimizer version 11.0.2 build v11.0.2rc0 (linux64 - "Red Hat Enterprise Linux 8.10 (Ootpa)")

CPU model: AMD EPYC 7742 64-Core Processor, instruction set [SSE2|AVX|AVX2]
Thread count: 128 physical cores, 128 logical processors, using up to 32 threads

Optimize a model with 627554 rows, 510129 columns and 2475289 nonzeros
Model fingerprint: 0x1af161cf
Variable types: 509418 continuous, 711 integer (711 binary)
Coefficient statistics:
  Matrix range     [3e-01, 2e+03]
  Objective range  [1e+00, 1e+01]
  Bounds range     [1e+00, 1e+00]
  RHS range        [1e+00, 1e+04]
Presolve removed 280211 rows and 221256 columns (presolve time = 5s) ...
Presolve removed 313306 rows and 227573 columns (presolve time = 10s) ...
Presolve removed 313305 rows and 227572 columns
Presolve time: 10.25s
Presolved: 314249 rows, 282557 columns, 1398429 nonzeros
Variable types: 282113 continuous, 444 integer (444 binary)
Deterministic concurrent LP optimizer: primal simplex, dual simplex, and barrier
Showing barrier log only...

Root barrier log...

Ordering time: 0.13s

Barrier statistics:
 Dense cols : 442
 AA' NZ     : 1.359e+06
 Factor NZ  : 1.042e+07 (roughly 300 MB of memory)
 Factor Ops : 1.350e+09 (less than 1 second per iteration)
 Threads    : 29

                  Objective                Residual
Iter       Primal          Dual         Primal    Dual     Compl     Time
   0   3.77817839e+04 -1.09478583e+06  3.81e+03 3.35e-01  9.51e+01    13s
   1   3.78043862e+04 -1.08575110e+06  3.25e+03 2.61e+00  8.24e+01    13s
   2   3.62191138e+04 -1.07803706e+06  2.77e+03 1.97e+00  6.90e+01    13s
   3   3.53433472e+04 -1.06537205e+06  2.31e+03 1.28e+00  5.53e+01    13s
   4   2.68370189e+04 -1.08117397e+06  1.60e+03 1.48e-01  3.78e+01    14s
   5   4.20776098e+03 -1.04753296e+06  1.36e+02 3.46e-11  4.29e+00    14s
   6   2.75915182e+03 -4.77521379e+05  3.67e+01 1.54e-10  1.03e+00    14s
   7   2.53054485e+03 -1.52357692e+05  2.19e+01 4.53e-11  2.98e-01    14s
   8   2.34245218e+03 -1.09169785e+05  9.96e+00 1.91e-11  1.75e-01    14s
   9   2.26045830e+03 -6.27901315e+04  5.16e+00 1.35e-11  9.23e-02    15s
  10   2.19556649e+03 -3.99357574e+04  2.26e+00 8.05e-12  5.58e-02    15s
  11   2.14761220e+03 -2.89146581e+04  1.14e+00 5.74e-12  4.00e-02    15s
  12   2.07018692e+03 -1.34470987e+04  3.93e-01 2.77e-12  1.96e-02    15s
  13   1.92572650e+03 -1.02155615e+04  2.04e-01 2.13e-12  1.52e-02    15s
  14   1.78483331e+03 -6.68462512e+03  1.44e-01 1.47e-12  1.06e-02    16s
  15   1.62543528e+03 -5.15199123e+03  1.06e-01 1.18e-12  8.48e-03    16s
  16   1.43637313e+03 -3.14431298e+03  7.32e-02 7.94e-13  5.73e-03    16s
  17   1.29825139e+03 -2.17643251e+03  5.44e-02 1.47e-12  4.34e-03    16s
  18   1.14864280e+03 -1.06303435e+03  4.10e-02 3.18e-13  2.76e-03    16s
  19   1.05744557e+03 -6.77742084e+02  3.35e-02 2.42e-13  2.17e-03    17s
  20   9.88064198e+02 -3.62818206e+02  2.87e-02 3.36e-12  1.69e-03    17s

Barrier performed 20 iterations in 17.02 seconds (13.66 work units)
Barrier solve interrupted - model solved by another algorithm

Concurrent spin time: 1.11s (can be avoided by choosing Method=3)

Solved with dual simplex

Root simplex log...

Iteration    Objective       Primal Inf.    Dual Inf.      Time
   41663    5.7627133e+02   0.000000e+00   0.000000e+00     17s

Root relaxation: objective 5.762713e+02, 41663 iterations, 6.40 seconds (4.66 work units)
Total elapsed time = 20.12s (DegenMoves)

    Nodes    |    Current Node    |     Objective Bounds      |     Work
 Expl Unexpl |  Obj  Depth IntInf | Incumbent    BestBd   Gap | It/Node Time

     0     0  576.27133    0  112          -  576.27133      -     -   20s
H    0     0                     907.0000000  576.27133  36.5%     -   21s
H    0     0                     898.0000000  576.27133  35.8%     -   21s
H    0     0                     873.0000000  576.27133  34.0%     -   23s
     0     0  675.88502    0  148  873.00000  675.88502  22.6%     -   30s
     0     0  678.53408    0  147  873.00000  678.53408  22.3%     -   35s
     0     0  717.06488    0  134  873.00000  717.06488  17.9%     -   41s
     0     0  719.06488    0  140  873.00000  719.06488  17.6%     -   47s
     0     0  719.06488    0  140  873.00000  719.06488  17.6%     -   47s
     0     0  730.02799    0  128  873.00000  730.02799  16.4%     -   51s
     0     0  730.57785    0  127  873.00000  730.57785  16.3%     -   57s
     0     0  730.57971    0  123  873.00000  730.57971  16.3%     -   57s
     0     0  736.05106    0  112  873.00000  736.05106  15.7%     -   61s
H    0     0                     855.0000000  736.16356  13.9%     -   64s
     0     0  736.16356    0  110  855.00000  736.16356  13.9%     -   65s
     0     0  736.16356    0   97  855.00000  736.16356  13.9%     -   65s
     0     0  736.29526    0   97  855.00000  736.29526  13.9%     -   67s
     0     0  736.69181    0   97  855.00000  736.69181  13.8%     -   70s
     0     0  736.79526    0   93  855.00000  736.79526  13.8%     -   75s
     0     0  737.17981    0  100  855.00000  737.17981  13.8%     -   79s
     0     0  738.19147    0  113  855.00000  738.19147  13.7%     -   81s
     0     0  738.19147    0  100  855.00000  738.19147  13.7%     -   83s
H    0     0                     849.0000000  738.19147  13.1%     -   85s
     0     0  738.19147    0   99  849.00000  738.19147  13.1%     -   86s
     0     0  738.19147    0   99  849.00000  738.19147  13.1%     -   88s
     0     0  739.09028    0   99  849.00000  739.09028  12.9%     -   91s
     0     0  739.09028    0   99  849.00000  739.09028  12.9%     -   94s
     0     0  739.09028    0   99  849.00000  739.09028  12.9%     -   98s
     0     0  739.09028    0   99  849.00000  739.09028  12.9%     -  102s
H    0     0                     837.0000000  739.18375  11.7%     -  110s
     0     2  739.18375    0   99  837.00000  739.18375  11.7%     -  116s
     1     4  739.26947    1  116  837.00000  739.18375  11.7%  2891  122s
     3     8  742.26947    2  111  837.00000  739.18375  11.7%  1389  128s
     7    16  744.87252    3  114  837.00000  740.31593  11.6%   908  136s
    15    32  746.22713    4  111  837.00000  742.13984  11.3%   998  143s
    31    64  747.86117    5  112  837.00000  742.67688  11.3%  1316  152s
    63    96  750.18877    6   98  837.00000  742.82113  11.3%  1523  160s
H   95   128                     825.0000000  743.51180  9.88%  1767  167s
H   98   128                     806.0000000  743.51180  7.75%  1785  167s
H  114   128                     803.0000000  743.90993  7.36%  1777  167s
H  119   128                     799.0000000  743.90993  6.89%  1738  167s
   127   159  752.78083    7   96  799.00000  743.90993  6.89%  1769  175s
   159   189  753.49207    8   98  799.00000  743.90993  6.89%  1790  181s
   191   237  754.79362    8   75  799.00000  743.90993  6.89%  1722  185s
   239   285  753.95203    9   88  799.00000  743.90993  6.89%  1603  190s
   287   332  754.45203   10   81  799.00000  743.90993  6.89%  1516  195s
   377   429  757.21648   12   59  799.00000  743.90993  6.89%  1511  204s
   431   488  758.37381   14   40  799.00000  743.90993  6.89%  1528  206s
   554   607  766.80079   18   69  799.00000  743.90993  6.89%  1595  214s
   614   670  767.75209   20   44  799.00000  743.90993  6.89%  1612  216s
   748   831  769.36055   25   52  799.00000  743.90993  6.89%  1576  222s
   840   928  773.86055   26   52  799.00000  743.90993  6.89%  1512  227s
   954  1018  779.73592   31   33  799.00000  743.90993  6.89%  1419  230s
H 1075  1105                     772.0000000  743.90993  3.64%  1343  233s
H 1083  1105                     761.0000000  743.90993  2.25%  1337  233s
  1169  1095     cutoff   36       761.00000  744.43246  2.18%  1314  237s
  1344  1162  754.13262    8   75  761.00000  745.92066  1.98%  1218  242s
H 1361  1162                     758.0000000  745.92066  1.59%  1217  242s
  1450  1165     cutoff   12       758.00000  746.43967  1.53%  1208  246s
  1594  1176     cutoff    8       758.00000  746.43967  1.53%  1184  265s
H 1599  1176                     757.0000000  747.03604  1.32%  1182  265s
H 1609  1176                     755.0000000  747.03604  1.05%  1184  265s
  1839  1108  751.80944    9   90  755.00000  747.03604  1.05%  1137  274s
  1987  1074  753.78643   12   60  755.00000  747.03604  1.05%  1122  277s
  2158  1030     cutoff   13       755.00000  747.70560  0.97%  1097  282s
  2339   957  753.92171   12   62  755.00000  749.37925  0.74%  1076  286s
  2530   763  753.74231   14   33  755.00000  750.36863  0.61%  1048  290s
  3127    53     cutoff   16       755.00000  750.92167  0.54%   902  296s

Cutting planes:
  Gomory: 19
  Cover: 9
  Implied bound: 132
  MIR: 127
  Flow cover: 30
  Inf proof: 4
  Zero half: 100
  RLT: 12
  Relax-and-lift: 7

Explored 3669 nodes (3017156 simplex iterations) in 298.29 seconds (298.97 work units)
Thread count was 32 (of 128 available processors)

Solution count 10: 755 757 758 ... 837

Optimal solution found (tolerance 1.00e-04)
Best objective 7.550000000000e+02, best bound 7.550000000000e+02, gap 0.0000%
True
Set parameter LogFile to value "result300/grblog_l002.ib.bridges2.psc.edu_RelaxFalse_N-1_PSPS_SpanFalse_PFlow_Lazy0_300_inst2.txt"
Gurobi Optimizer version 11.0.2 build v11.0.2rc0 (linux64 - "Red Hat Enterprise Linux 8.10 (Ootpa)")

CPU model: AMD EPYC 7742 64-Core Processor, instruction set [SSE2|AVX|AVX2]
Thread count: 128 physical cores, 128 logical processors, using up to 32 threads

Optimize a model with 627554 rows, 510129 columns and 2475289 nonzeros
Model fingerprint: 0x249098f7
Variable types: 509418 continuous, 711 integer (711 binary)
Coefficient statistics:
  Matrix range     [3e-01, 2e+03]
  Objective range  [1e+00, 1e+01]
  Bounds range     [1e+00, 1e+00]
  RHS range        [1e+00, 1e+04]
Presolve removed 280211 rows and 221253 columns (presolve time = 5s) ...
Presolve removed 313303 rows and 227573 columns (presolve time = 10s) ...
Presolve removed 313305 rows and 227572 columns
Presolve time: 10.48s
Presolved: 314249 rows, 282557 columns, 1398429 nonzeros
Variable types: 282113 continuous, 444 integer (444 binary)
Deterministic concurrent LP optimizer: primal simplex, dual simplex, and barrier
Showing barrier log only...

Root barrier log...

Ordering time: 0.13s

Barrier statistics:
 Dense cols : 442
 AA' NZ     : 1.359e+06
 Factor NZ  : 1.042e+07 (roughly 300 MB of memory)
 Factor Ops : 1.350e+09 (less than 1 second per iteration)
 Threads    : 29

                  Objective                Residual
Iter       Primal          Dual         Primal    Dual     Compl     Time
   0   3.69577604e+04 -1.82094289e+06  3.81e+03 1.01e+00  1.58e+02    13s
   1   3.69045404e+04 -1.80605063e+06  3.26e+03 4.62e+00  1.37e+02    13s
   2   3.53502561e+04 -1.79077580e+06  2.75e+03 3.28e+00  1.13e+02    13s
   3   3.46008750e+04 -1.76984109e+06  2.31e+03 2.55e+00  9.05e+01    14s
   4   2.99283413e+04 -1.75950307e+06  1.64e+03 2.18e+00  6.58e+01    14s
   5   1.97198354e+04 -1.75099010e+06  1.09e+03 1.55e-01  4.31e+01    14s
   6   3.22971717e+03 -1.63900553e+06  6.01e+01 2.03e-10  4.20e+00    14s
   7   2.58174682e+03 -5.79258604e+05  2.27e+01 2.51e-10  1.08e+00    15s
   8   2.31038311e+03 -3.80770720e+05  7.39e+00 1.29e-10  5.59e-01    15s
   9   2.24072023e+03 -1.50169603e+05  3.61e+00 3.65e-11  2.07e-01    15s
  10   2.20734960e+03 -6.11306917e+04  1.93e+00 2.09e-11  8.30e-02    15s
  11   2.17820060e+03 -3.07435229e+04  8.85e-01 1.55e-11  4.20e-02    15s
  12   2.14558688e+03 -1.60027676e+04  3.22e-01 8.51e-12  2.28e-02    16s
  13   2.09310418e+03 -1.35874472e+04  1.92e-01 7.48e-12  1.97e-02    16s
  14   2.00025067e+03 -9.63334426e+03  1.16e-01 5.14e-12  1.46e-02    16s
  15   1.88643927e+03 -6.26967822e+03  6.87e-02 3.51e-12  1.02e-02    16s
  16   1.74363013e+03 -4.11438103e+03  4.74e-02 1.36e-12  7.32e-03    16s
  17   1.50035877e+03 -2.94089880e+03  3.39e-02 1.04e-12  5.55e-03    17s
  18   1.39364064e+03 -1.96292406e+03  2.92e-02 1.40e-12  4.19e-03    17s
  19   1.26525450e+03 -1.16297609e+03  2.42e-02 3.28e-12  3.03e-03    17s
  20   1.05950505e+03 -8.86811307e+02  1.68e-02 2.15e-12  2.43e-03    17s
  21   9.82762114e+02 -5.31725163e+02  1.43e-02 1.66e-12  1.89e-03    17s
  22   9.45496757e+02 -3.08800450e+02  1.31e-02 9.27e-13  1.57e-03    18s
  23   8.49098176e+02 -9.70520104e+01  1.03e-02 4.30e-13  1.18e-03    18s
  24   8.03237576e+02 -1.61529949e+01  8.74e-03 3.71e-13  1.02e-03    18s

Barrier performed 24 iterations in 18.31 seconds (14.42 work units)
Barrier solve interrupted - model solved by another algorithm

Concurrent spin time: 1.86s (can be avoided by choosing Method=3)

Solved with dual simplex

Root simplex log...

Iteration    Objective       Primal Inf.    Dual Inf.      Time
   42937    5.4970572e+02   0.000000e+00   0.000000e+00     18s

Root relaxation: objective 5.497057e+02, 42937 iterations, 7.44 seconds (5.29 work units)
Total elapsed time = 20.77s (DegenMoves)

    Nodes    |    Current Node    |     Objective Bounds      |     Work
 Expl Unexpl |  Obj  Depth IntInf | Incumbent    BestBd   Gap | It/Node Time

     0     0  549.70572    0  108          -  549.70572      -     -   21s
H    0     0                     905.0000000  549.70572  39.3%     -   21s
H    0     0                     899.0000000  549.70572  38.9%     -   22s
H    0     0                     885.0000000  549.70572  37.9%     -   22s
H    0     0                     840.0000000  549.70572  34.6%     -   24s
     0     0  644.53064    0  154  840.00000  644.53064  23.3%     -   31s
     0     0  659.69292    0  155  840.00000  659.69292  21.5%     -   36s
     0     0  659.69292    0  156  840.00000  659.69292  21.5%     -   37s
     0     0  695.01841    0  143  840.00000  695.01841  17.3%     -   44s
     0     0  701.63788    0  174  840.00000  701.63788  16.5%     -   51s
     0     0  705.12829    0   92  840.00000  705.12829  16.1%     -   56s
H    0     0                     826.0000000  705.72173  14.6%     -   58s
     0     0  705.72173    0   98  826.00000  705.72173  14.6%     -   60s
     0     0  705.72173    0   96  826.00000  705.72173  14.6%     -   63s
     0     0  707.18621    0   97  826.00000  707.18621  14.4%     -   65s
     0     0  707.18621    0  113  826.00000  707.18621  14.4%     -   65s
     0     0  707.18621    0  114  826.00000  707.18621  14.4%     -   67s
     0     0  707.18621    0  114  826.00000  707.18621  14.4%     -   68s
     0     0  707.18621    0  116  826.00000  707.18621  14.4%     -   71s
     0     0  707.18621    0  115  826.00000  707.18621  14.4%     -   76s
     0     0  707.85791    0  115  826.00000  707.85791  14.3%     -   79s
     0     0  707.85791    0   98  826.00000  707.85791  14.3%     -   81s
     0     0  707.85791    0  120  826.00000  707.85791  14.3%     -   83s
     0     0  707.85791    0  112  826.00000  707.85791  14.3%     -   90s
H    0     0                     824.0000000  708.29222  14.0%     -   92s
     0     2  708.29222    0  112  824.00000  708.29222  14.0%     -  104s
     1     4  717.60265    1   95  824.00000  708.29222  14.0%  3268  109s
     3     8  717.75351    2   90  824.00000  712.64815  13.5%  1598  114s
     7    16  722.39787    3   86  824.00000  718.05406  12.9%  1679  121s
    15    25  726.58315    4   82  824.00000  720.44480  12.6%  2802  136s
    31    43  738.58319    5  103  824.00000  725.58697  11.9%  5117  175s
    56    74  749.27543    6   79  824.00000  726.15649  11.9% 13194  192s
H   61    74                     771.0000000  726.15649  5.82% 12273  192s
H   62    74                     753.0000000  726.15649  3.56% 12077  192s
    88    80  749.99947    7   92  753.00000  726.55167  3.51%  9042  200s
   120    85     cutoff    8       753.00000  726.55167  3.51%  7028  209s
   152    94 infeasible    7       753.00000  726.55167  3.51%  5884  217s
   184   119  730.73055    9   29  753.00000  726.55167  3.51%  5196  222s
   224   156  731.79667   10   22  753.00000  726.55167  3.51%  4617  228s
   271   189  733.23055   11   27  753.00000  726.55167  3.51%  4085  233s
   325   217  733.69003   12   17  753.00000  726.55167  3.51%  3659  240s
   370   239  734.44003   13   13  753.00000  726.55167  3.51%  3422  247s
   425   273  739.44003   14   11  753.00000  726.55167  3.51%  3165  251s
   483   298  739.94908   16   22  753.00000  726.55167  3.51%  2958  259s
H  484   298                     752.0000000  726.55167  3.38%  2952  259s
H  486   298                     751.0000000  726.55167  3.26%  2941  259s
   536   335  739.95878   17   14  751.00000  726.55167  3.26%  2840  264s
H  613   349                     742.0000000  726.55167  2.08%  2614  273s
H  621   349                     741.0000000  726.55167  1.95%  2586  274s
H  638   349                     736.0000000  726.55167  1.28%  2551  274s
   670   266     cutoff   21       736.00000  727.05167  1.22%  2487  278s
   806   242  727.92667    8   77  736.00000  727.45990  1.16%  2165  283s
   904   234  729.67376    9   82  736.00000  727.45990  1.16%  2024  287s
   981   233  729.70308   10   63  736.00000  727.45990  1.16%  1951  292s
  1072   208  733.53903   12   73  736.00000  727.45990  1.16%  1865  296s
  1172   176  734.89860   13   65  736.00000  727.45990  1.16%  1780  300s
* 1210   176              21     735.0000000  727.45990  1.03%  1755  300s
  1284    95     cutoff   14       735.00000  727.45990  1.03%  1682  306s
  1409    91  731.42773   10   61  735.00000  727.45990  1.03%  1582  311s
  1489    67     cutoff   12       735.00000  728.24632  0.92%  1545  316s
  1664    37     cutoff   10       735.00000  730.05167  0.67%  1459  323s
  1731    23  733.98020   12   63  735.00000  731.75246  0.44%  1428  326s
  1823    17     cutoff   14       735.00000  732.01374  0.41%  1388  333s
  1865    16  732.46564   17   45  735.00000  732.08152  0.40%  1365  336s
  1937     0     cutoff   25       735.00000  733.03028  0.27%  1326  340s

Cutting planes:
  Gomory: 18
  Cover: 11
  Implied bound: 142
  MIR: 132
  Flow cover: 25
  GUB cover: 1
  Inf proof: 2
  Zero half: 91
  RLT: 12
  Relax-and-lift: 4

Explored 1958 nodes (2680161 simplex iterations) in 341.05 seconds (331.46 work units)
Thread count was 32 (of 128 available processors)

Solution count 10: 735 736 741 ... 826

Optimal solution found (tolerance 1.00e-04)
Best objective 7.350000000000e+02, best bound 7.350000000000e+02, gap 0.0000%
True
Set parameter LogFile to value "result300/grblog_l002.ib.bridges2.psc.edu_RelaxFalse_N-1_PSPS_SpanFalse_PFlow_Lazy0_300_inst3.txt"
Gurobi Optimizer version 11.0.2 build v11.0.2rc0 (linux64 - "Red Hat Enterprise Linux 8.10 (Ootpa)")

CPU model: AMD EPYC 7742 64-Core Processor, instruction set [SSE2|AVX|AVX2]
Thread count: 128 physical cores, 128 logical processors, using up to 32 threads

Optimize a model with 627554 rows, 510129 columns and 2475289 nonzeros
Model fingerprint: 0xc23e94da
Variable types: 509418 continuous, 711 integer (711 binary)
Coefficient statistics:
  Matrix range     [3e-01, 2e+03]
  Objective range  [1e+00, 1e+01]
  Bounds range     [1e+00, 1e+00]
  RHS range        [1e+00, 1e+04]
Presolve removed 279000 rows and 221212 columns (presolve time = 5s) ...
Presolve removed 313303 rows and 227570 columns (presolve time = 10s) ...
Presolve removed 313305 rows and 227572 columns
Presolve time: 11.07s
Presolved: 314249 rows, 282557 columns, 1398429 nonzeros
Variable types: 282113 continuous, 444 integer (444 binary)
Deterministic concurrent LP optimizer: primal simplex, dual simplex, and barrier
Showing barrier log only...

Root barrier log...

Ordering time: 0.13s

Barrier statistics:
 Dense cols : 442
 AA' NZ     : 1.359e+06
 Factor NZ  : 1.042e+07 (roughly 300 MB of memory)
 Factor Ops : 1.350e+09 (less than 1 second per iteration)
 Threads    : 29

                  Objective                Residual
Iter       Primal          Dual         Primal    Dual     Compl     Time
   0   3.66737880e+04 -1.05814036e+06  3.81e+03 3.27e-01  9.20e+01    14s
   1   3.66155469e+04 -1.04941854e+06  3.25e+03 2.55e+00  7.96e+01    14s
   2   3.50825284e+04 -1.04129415e+06  2.76e+03 1.86e+00  6.61e+01    14s
   3   3.42411384e+04 -1.02800696e+06  2.35e+03 1.07e+00  5.32e+01    14s
   4   2.27349867e+04 -1.03010255e+06  1.32e+03 1.58e-01  2.93e+01    15s
   5   5.78953915e+03 -9.90700369e+05  2.10e+02 1.71e-09  5.59e+00    15s
   6   3.07218002e+03 -5.48784960e+05  5.10e+01 5.59e-08  1.36e+00    15s
   7   2.43200099e+03 -1.83880139e+05  1.42e+01 1.11e-08  3.14e-01    15s
   8   2.32470114e+03 -1.08496899e+05  8.24e+00 3.32e-09  1.68e-01    15s
   9   2.23374099e+03 -5.58444286e+04  3.34e+00 1.88e-09  7.90e-02    16s
  10   2.19907296e+03 -3.03081421e+04  1.75e+00 1.01e-09  4.25e-02    16s
  11   2.16974187e+03 -2.14656727e+04  9.48e-01 7.20e-10  3.03e-02    16s
  12   2.11046187e+03 -1.24793727e+04  2.70e-01 4.37e-10  1.83e-02    16s
  13   1.91977137e+03 -9.63864955e+03  1.01e-01 3.46e-10  1.45e-02    16s
  14   1.77116373e+03 -5.76019301e+03  7.04e-02 2.20e-10  9.41e-03    17s
  15   1.59996505e+03 -3.59226622e+03  5.27e-02 1.47e-10  6.49e-03    17s
  16   1.36364933e+03 -2.65235119e+03  3.66e-02 1.14e-10  5.02e-03    17s
  17   1.19475756e+03 -1.55370914e+03  2.77e-02 7.73e-11  3.43e-03    17s
  18   1.13037375e+03 -1.08617005e+03  2.47e-02 5.98e-11  2.77e-03    18s
  19   1.02272366e+03 -7.98639239e+02  2.03e-02 4.88e-11  2.27e-03    18s
  20   9.19982903e+02 -2.93141591e+02  1.62e-02 2.91e-11  1.51e-03    18s

Barrier performed 20 iterations in 18.16 seconds (13.67 work units)
Barrier solve interrupted - model solved by another algorithm

Concurrent spin time: 1.50s (can be avoided by choosing Method=3)

Solved with dual simplex

Root simplex log...

Iteration    Objective       Primal Inf.    Dual Inf.      Time
   28148    5.3340813e+02   0.000000e+00   0.000000e+00     18s

Root relaxation: objective 5.334081e+02, 28148 iterations, 6.69 seconds (4.57 work units)
Total elapsed time = 20.63s (DegenMoves)

    Nodes    |    Current Node    |     Objective Bounds      |     Work
 Expl Unexpl |  Obj  Depth IntInf | Incumbent    BestBd   Gap | It/Node Time

     0     0  533.40813    0  110          -  533.40813      -     -   21s
H    0     0                     828.0000000  533.40813  35.6%     -   21s
H    0     0                     821.0000000  533.40813  35.0%     -   22s
H    0     0                     770.0000000  533.40813  30.7%     -   22s
     0     0  611.97186    0  156  770.00000  611.97186  20.5%     -   28s
     0     0  616.32727    0  179  770.00000  616.32727  20.0%     -   35s
     0     0  616.32727    0  174  770.00000  616.32727  20.0%     -   35s
     0     0  647.94666    0  138  770.00000  647.94666  15.9%     -   42s
     0     0  648.42635    0  155  770.00000  648.42635  15.8%     -   46s
     0     0  654.27950    0  130  770.00000  654.27950  15.0%     -   51s
     0     0  654.29503    0  127  770.00000  654.29503  15.0%     -   53s
     0     0  654.29503    0  127  770.00000  654.29503  15.0%     -   54s
     0     0  655.58777    0  135  770.00000  655.58777  14.9%     -   57s
     0     0  656.21895    0  136  770.00000  656.21895  14.8%     -   62s
     0     0  656.21895    0  136  770.00000  656.21895  14.8%     -   63s
     0     0  656.21895    0  129  770.00000  656.21895  14.8%     -   65s
     0     0  657.20019    0  129  770.00000  657.20019  14.6%     -   67s
     0     0  657.20019    0  140  770.00000  657.20019  14.6%     -   70s
     0     0  657.20019    0  136  770.00000  657.20019  14.6%     -   73s
     0     0  657.20019    0  138  770.00000  657.20019  14.6%     -   73s
     0     0  657.20019    0  138  770.00000  657.20019  14.6%     -   74s
     0     0  657.20019    0  134  770.00000  657.20019  14.6%     -   76s
     0     0  657.41765    0  134  770.00000  657.41765  14.6%     -   79s
     0     0  657.41765    0  134  770.00000  657.41765  14.6%     -   81s
     0     0  659.40994    0  109  770.00000  659.40994  14.4%     -   87s
     0     0  660.07100    0  114  770.00000  660.07100  14.3%     -   90s
     0     0  660.07100    0  114  770.00000  660.07100  14.3%     -   90s
     0     0  660.07129    0  123  770.00000  660.07129  14.3%     -   92s
     0     0  661.72618    0  123  770.00000  661.72618  14.1%     -   97s
     0     0  661.72618    0  124  770.00000  661.72618  14.1%     -   98s
     0     0  661.72618    0  127  770.00000  661.72618  14.1%     -  104s
     0     0  661.72618    0  124  770.00000  661.72618  14.1%     -  106s
     0     0  661.72618    0  124  770.00000  661.72618  14.1%     -  112s
     0     2  661.72618    0  124  770.00000  661.72618  14.1%     -  130s
     1     4  661.72618    1  100  770.00000  661.72618  14.1%  1707  136s
     3     8  662.30563    2   97  770.00000  662.30563  14.0%  2657  143s
     7    16  665.45204    3  102  770.00000  662.40215  14.0%  3302  151s
    15    32  666.49040    4  104  770.00000  665.46180  13.6%  3510  158s
    31    63  667.84936    5   73  770.00000  667.41162  13.3%  3367  169s
    47    63  671.30856    5   76  770.00000  668.04075  13.2%  3147  170s
    63    95  673.92634    6  101  770.00000  670.80782  12.9%  3138  180s
    95   127  676.42634    6  101  770.00000  670.82150  12.9%  3381  188s
H  105   127                     692.0000000  670.82150  3.06%  3257  188s
H  121   127                     689.0000000  670.82150  2.64%  3124  188s
   127   128  677.61970    7   96  689.00000  670.82150  2.64%  3106  196s
   191   130  678.61970    8   97  689.00000  670.82150  2.64%  2434  203s
   246   141  682.61970   10   86  689.00000  670.82150  2.64%  2119  205s
   356   146  679.04360    7   69  689.00000  675.50007  1.96%  1740  211s
H  362   146                     687.0000000  675.50007  1.67%  1725  211s
   404   132  681.68360    8   72  687.00000  675.50007  1.67%  1679  215s
   557   127  685.87184   18    9  687.00000  676.96274  1.46%  1421  220s
   673   148  685.25640    8   87  687.00000  676.96274  1.46%  1314  225s
*  825   168              24     686.0000000  676.96274  1.32%  1162  228s
   856   105     cutoff   10       686.00000  677.48769  1.24%  1134  231s
*  943   105              26     685.0000000  677.48769  1.10%  1065  231s
* 1058    20              29     684.0000000  677.48769  0.95%   972  232s
  1082     4     cutoff   14       684.00000  682.37016  0.24%   960  235s

Cutting planes:
  Gomory: 14
  Cover: 13
  Implied bound: 153
  Clique: 1
  MIR: 127
  Flow cover: 55
  GUB cover: 1
  Zero half: 92
  RLT: 3
  Relax-and-lift: 1

Explored 1094 nodes (1140830 simplex iterations) in 237.99 seconds (194.93 work units)
Thread count was 32 (of 128 available processors)

Solution count 9: 684 685 686 ... 828

Optimal solution found (tolerance 1.00e-04)
Best objective 6.840000000000e+02, best bound 6.840000000000e+02, gap 0.0000%
True
Set parameter LogFile to value "result300/grblog_l002.ib.bridges2.psc.edu_RelaxFalse_N-1_PSPS_SpanFalse_PFlow_Lazy0_300_inst4.txt"
Gurobi Optimizer version 11.0.2 build v11.0.2rc0 (linux64 - "Red Hat Enterprise Linux 8.10 (Ootpa)")

CPU model: AMD EPYC 7742 64-Core Processor, instruction set [SSE2|AVX|AVX2]
Thread count: 128 physical cores, 128 logical processors, using up to 32 threads

Optimize a model with 627554 rows, 510129 columns and 2475289 nonzeros
Model fingerprint: 0x1577af29
Variable types: 509418 continuous, 711 integer (711 binary)
Coefficient statistics:
  Matrix range     [3e-01, 2e+03]
  Objective range  [1e+00, 1e+01]
  Bounds range     [1e+00, 1e+00]
  RHS range        [1e+00, 1e+04]
Presolve removed 277179 rows and 221208 columns (presolve time = 5s) ...
Presolve removed 313221 rows and 227569 columns (presolve time = 10s) ...
Presolve removed 313305 rows and 227572 columns
Presolve time: 12.09s
Presolved: 314249 rows, 282557 columns, 1398429 nonzeros
Variable types: 282113 continuous, 444 integer (444 binary)
Deterministic concurrent LP optimizer: primal simplex, dual simplex, and barrier
Showing barrier log only...

Root barrier log...

Ordering time: 0.14s

Barrier statistics:
 Dense cols : 442
 AA' NZ     : 1.359e+06
 Factor NZ  : 1.042e+07 (roughly 300 MB of memory)
 Factor Ops : 1.350e+09 (less than 1 second per iteration)
 Threads    : 29

                  Objective                Residual
Iter       Primal          Dual         Primal    Dual     Compl     Time
   0   3.72070057e+04 -1.48458762e+06  3.81e+03 6.39e-01  1.29e+02    15s
   1   3.71552212e+04 -1.47243038e+06  3.26e+03 3.75e+00  1.12e+02    15s
   2   3.55772934e+04 -1.46007771e+06  2.75e+03 2.67e+00  9.21e+01    15s
   3   3.47155521e+04 -1.44203569e+06  2.27e+03 2.02e+00  7.25e+01    16s
   4   2.79780568e+04 -1.43089958e+06  1.60e+03 1.62e+00  5.12e+01    16s
   5   1.82156785e+04 -1.41083803e+06  1.01e+03 2.39e-11  3.12e+01    16s
   6   3.44425767e+03 -1.25611939e+06  7.68e+01 9.89e-11  3.63e+00    16s
   7   2.64337025e+03 -5.22717576e+05  2.82e+01 1.33e-10  1.04e+00    17s
   8   2.39691773e+03 -2.14785293e+05  1.38e+01 5.00e-11  3.63e-01    17s
   9   2.25990657e+03 -9.15351062e+04  5.93e+00 2.90e-11  1.36e-01    17s
  10   2.20129159e+03 -5.77892163e+04  2.93e+00 2.33e-11  8.08e-02    17s
  11   2.15595793e+03 -3.31544082e+04  1.18e+00 1.58e-11  4.55e-02    17s
  12   2.11457203e+03 -1.72911553e+04  4.05e-01 8.90e-12  2.45e-02    17s
  13   2.08991540e+03 -1.52090945e+04  3.34e-01 7.87e-12  2.18e-02    18s
  14   1.95687282e+03 -9.71229070e+03  1.11e-01 5.20e-12  1.46e-02    18s
  15   1.81737605e+03 -6.62852544e+03  5.62e-02 3.78e-12  1.06e-02    18s
  16   1.71197664e+03 -5.09281844e+03  4.27e-02 3.00e-12  8.50e-03    18s
  17   1.55726907e+03 -3.94104892e+03  3.32e-02 2.39e-12  6.86e-03    18s
  18   1.39684980e+03 -2.56621477e+03  2.53e-02 3.57e-12  4.95e-03    19s
  19   1.29968655e+03 -1.99467559e+03  2.17e-02 1.31e-11  4.11e-03    19s
  20   1.16254878e+03 -1.51886031e+03  1.70e-02 4.88e-12  3.35e-03    19s

Barrier performed 20 iterations in 19.18 seconds (13.52 work units)
Barrier solve interrupted - model solved by another algorithm

Concurrent spin time: 1.56s (can be avoided by choosing Method=3)

Solved with dual simplex

Root simplex log...

Iteration    Objective       Primal Inf.    Dual Inf.      Time
   38149    5.3411149e+02   0.000000e+00   0.000000e+00     19s

Root relaxation: objective 5.341115e+02, 38149 iterations, 6.62 seconds (4.33 work units)
Total elapsed time = 20.81s (DegenMoves)

    Nodes    |    Current Node    |     Objective Bounds      |     Work
 Expl Unexpl |  Obj  Depth IntInf | Incumbent    BestBd   Gap | It/Node Time

     0     0  534.11149    0  107          -  534.11149      -     -   22s
H    0     0                     864.0000000  534.11149  38.2%     -   22s
H    0     0                     855.0000000  534.11149  37.5%     -   23s
H    0     0                     854.0000000  534.11149  37.5%     -   23s
H    0     0                     810.0000000  534.11149  34.1%     -   23s
H    0     0                     795.0000000  534.11149  32.8%     -   25s
     0     0  620.20192    0  169  795.00000  620.20192  22.0%     -   30s
     0     0  622.58393    0  173  795.00000  622.58393  21.7%     -   38s
     0     0  655.68352    0  187  795.00000  655.68352  17.5%     -   52s
     0     0  658.92211    0  184  795.00000  658.92211  17.1%     -   58s
     0     0  658.92211    0  184  795.00000  658.92211  17.1%     -   58s
     0     0  671.43596    0  161  795.00000  671.43596  15.5%     -   64s
     0     0  672.63818    0  158  795.00000  672.63818  15.4%     -   69s
     0     0  672.63818    0  153  795.00000  672.63818  15.4%     -   69s
     0     0  677.32539    0  132  795.00000  677.32539  14.8%     -   74s
     0     0  678.21248    0  134  795.00000  678.21248  14.7%     -   77s
     0     0  678.21248    0  151  795.00000  678.21248  14.7%     -   81s
     0     0  678.21248    0  142  795.00000  678.21248  14.7%     -   84s
     0     0  678.21248    0  158  795.00000  678.21248  14.7%     -   85s
     0     0  678.21248    0  158  795.00000  678.21248  14.7%     -   86s
     0     0  678.21248    0  158  795.00000  678.21248  14.7%     -   88s
     0     0  679.30955    0  147  795.00000  679.30955  14.6%     -   94s
     0     0  679.30955    0  145  795.00000  679.30955  14.6%     -   97s
     0     0  679.30955    0  145  795.00000  679.30955  14.6%     -   99s
     0     0  679.30955    0  145  795.00000  679.30955  14.6%     -  104s
     0     0  680.05124    0  142  795.00000  680.05124  14.5%     -  113s
     0     2  680.05124    0  142  795.00000  680.05124  14.5%     -  129s
     1     4  680.05124    1  120  795.00000  680.05124  14.5%  1712  139s
     3     8  681.24059    2  107  795.00000  681.24059  14.3%  2541  146s
     7    13  684.48378    3  113  795.00000  684.48378  13.9%  2748  154s
    15    21  704.17961    4  102  795.00000  693.52967  12.8%  4496  162s
    28    39 infeasible    5       795.00000  697.79421  12.2%  6746  201s
    49    69  702.72745    6  100  795.00000  700.36991  11.9% 13870  214s
    81   100  703.66622    7  106  795.00000  702.78257  11.6% 10249  242s
   113   131  703.72745    8   99  795.00000  702.78257  11.6%  8279  249s
   145   163  706.22745    9   99  795.00000  702.78257  11.6%  7015  255s
   177   209  709.33571   10   92  795.00000  702.78257  11.6%  6297  261s
   223   254  711.83571   11   91  795.00000  702.78257  11.6%  5387  265s
   313   345  724.38104   13   92  795.00000  702.78257  11.6%  4297  274s
   364   415  730.55196   15   87  795.00000  702.78257  11.6%  3859  277s
   439   486  738.81800   17   69  795.00000  702.78257  11.6%  3382  282s
   510   564  745.09314   20   44  795.00000  702.78257  11.6%  3107  287s
   663   707  749.99405   27   31  795.00000  702.78257  11.6%  2674  292s
   733   791  752.84183   30   17  795.00000  702.78257  11.6%  2555  297s
   818   884  753.93371   33   18  795.00000  702.78257  11.6%  2405  301s
   913   988  754.90276   36   10  795.00000  702.78257  11.6%  2247  308s
  1022  1135  755.04288   40    6  795.00000  702.78257  11.6%  2094  313s
  1170  1264  764.61879   44    9  795.00000  702.78257  11.6%  1907  317s
  1299  1399  764.66085   49   24  795.00000  702.78257  11.6%  1784  322s
  1436  1533  764.66354   50    6  795.00000  702.78257  11.6%  1673  327s
  1574  1694  764.70585   53    6  795.00000  702.78257  11.6%  1580  332s
  1741  1846  764.93864   58   14  795.00000  702.78257  11.6%  1470  336s
* 1824  1846              64     789.0000000  702.78257  10.9%  1423  336s
  1921  1955  765.96747   63    8  789.00000  702.78257  10.9%  1369  342s
* 1923  1862              65     766.0000000  702.78257  8.25%  1368  342s
* 1935  1862              62     735.0000000  702.78257  4.38%  1361  342s
* 1960  1862              57     734.0000000  702.78257  4.25%  1351  342s
* 2022  1862              61     733.0000000  702.78257  4.12%  1321  342s
  2119  1707     cutoff   66       733.00000  703.25120  4.06%  1298  351s
  2251  1759  719.32934    8   78  733.00000  703.36265  4.04%  1307  359s
H 2260  1759                     726.0000000  703.36265  3.12%  1310  359s
H 2263  1759                     721.0000000  703.36265  2.45%  1309  359s
H 2331  1759                     718.0000000  703.36265  2.04%  1332  359s
  2339  1581     cutoff    9       718.00000  703.36265  2.04%  1332  366s
H 2576  1497                     717.0000000  706.10446  1.52%  1291  386s
H 2577  1497                     716.0000000  706.10446  1.38%  1291  386s
H 2582  1497                     715.0000000  706.10446  1.24%  1292  386s
H 2587  1497                     714.0000000  706.10446  1.11%  1292  386s
  2709   965     cutoff   14       714.00000  707.64283  0.89%  1245  392s

Cutting planes:
  Learned: 1
  Gomory: 19
  Cover: 13
  Implied bound: 141
  MIR: 120
  Flow cover: 71
  Inf proof: 12
  Zero half: 96
  RLT: 13

Explored 3896 nodes (3545955 simplex iterations) in 393.76 seconds (366.23 work units)
Thread count was 32 (of 128 available processors)

Solution count 10: 714 715 716 ... 735

Optimal solution found (tolerance 1.00e-04)
Best objective 7.140000000000e+02, best bound 7.140000000000e+02, gap 0.0000%
True
Set parameter LogFile to value "result300/grblog_l002.ib.bridges2.psc.edu_RelaxFalse_N-1_PSPS_SpanFalse_PFlow_Lazy0_300_inst5.txt"
Gurobi Optimizer version 11.0.2 build v11.0.2rc0 (linux64 - "Red Hat Enterprise Linux 8.10 (Ootpa)")

CPU model: AMD EPYC 7742 64-Core Processor, instruction set [SSE2|AVX|AVX2]
Thread count: 128 physical cores, 128 logical processors, using up to 32 threads

Optimize a model with 627554 rows, 510129 columns and 2475289 nonzeros
Model fingerprint: 0x94919e7e
Variable types: 509418 continuous, 711 integer (711 binary)
Coefficient statistics:
  Matrix range     [3e-01, 2e+03]
  Objective range  [1e+00, 1e+01]
  Bounds range     [1e+00, 1e+00]
  RHS range        [1e+00, 1e+04]
Presolve removed 275812 rows and 218440 columns (presolve time = 5s) ...
Presolve removed 287505 rows and 227353 columns (presolve time = 10s) ...
Presolve removed 313305 rows and 227572 columns
Presolve time: 13.63s
Presolved: 314249 rows, 282557 columns, 1398429 nonzeros
Variable types: 282113 continuous, 444 integer (444 binary)
Deterministic concurrent LP optimizer: primal simplex, dual simplex, and barrier
Showing barrier log only...

Root barrier log...

Ordering time: 0.17s

Barrier statistics:
 Dense cols : 442
 AA' NZ     : 1.359e+06
 Factor NZ  : 1.042e+07 (roughly 300 MB of memory)
 Factor Ops : 1.350e+09 (less than 1 second per iteration)
 Threads    : 29

                  Objective                Residual
Iter       Primal          Dual         Primal    Dual     Compl     Time
   0   3.79396177e+04 -1.78443323e+06  3.81e+03 9.23e-01  1.55e+02    17s
   1   3.78314658e+04 -1.76981893e+06  3.26e+03 4.43e+00  1.34e+02    17s
   2   3.64064761e+04 -1.75478776e+06  2.75e+03 3.16e+00  1.11e+02    17s
   3   3.55695179e+04 -1.73333997e+06  2.27e+03 2.43e+00  8.72e+01    18s
   4   2.88806632e+04 -1.72017577e+06  1.62e+03 1.95e+00  6.24e+01    18s
   5   2.03490645e+04 -1.70455955e+06  1.13e+03 3.31e-01  4.28e+01    18s
   6   3.19699914e+03 -1.62175869e+06  5.72e+01 1.60e-10  4.01e+00    19s
   7   2.47382538e+03 -5.45135733e+05  1.62e+01 1.83e-10  9.17e-01    19s
   8   2.25439279e+03 -1.66668096e+05  4.22e+00 4.63e-11  2.33e-01    19s
   9   2.21987323e+03 -8.81004980e+04  2.53e+00 2.16e-11  1.20e-01    19s
  10   2.18421337e+03 -5.59665148e+04  1.02e+00 1.35e-11  7.45e-02    19s
  11   2.15849367e+03 -2.52301398e+04  3.81e-01 6.28e-12  3.45e-02    20s
  12   2.11270129e+03 -1.44782733e+04  1.53e-01 3.72e-12  2.08e-02    20s
  13   2.08842742e+03 -1.29007300e+04  1.20e-01 3.32e-12  1.88e-02    20s
  14   1.98639821e+03 -1.07853839e+04  7.65e-02 2.82e-12  1.60e-02    20s
  15   1.81129551e+03 -6.79830428e+03  4.37e-02 1.75e-12  1.08e-02    20s
  16   1.71683733e+03 -5.06423013e+03  3.34e-02 1.35e-12  8.47e-03    21s
  17   1.44829373e+03 -3.92401246e+03  2.05e-02 1.10e-12  6.71e-03    21s

Barrier performed 17 iterations in 20.92 seconds (13.00 work units)
Barrier solve interrupted - model solved by another algorithm

Concurrent spin time: 1.66s (can be avoided by choosing Method=3)

Solved with dual simplex

Root simplex log...

Iteration    Objective       Primal Inf.    Dual Inf.      Time
   35333    5.3248553e+02   0.000000e+00   0.000000e+00     21s

Root relaxation: objective 5.324855e+02, 35333 iterations, 6.82 seconds (3.88 work units)

    Nodes    |    Current Node    |     Objective Bounds      |     Work
 Expl Unexpl |  Obj  Depth IntInf | Incumbent    BestBd   Gap | It/Node Time

     0     0  532.48553    0  108          -  532.48553      -     -   23s
H    0     0                     850.0000000  532.48553  37.4%     -   24s
H    0     0                     843.0000000  532.48553  36.8%     -   25s
H    0     0                     835.0000000  532.48553  36.2%     -   25s
H    0     0                     782.0000000  532.48553  31.9%     -   26s
     0     0  617.17369    0  159  782.00000  617.17369  21.1%     -   35s
     0     0  621.73134    0  177  782.00000  621.73134  20.5%     -   43s
     0     0  621.73134    0  177  782.00000  621.73134  20.5%     -   44s
     0     0  672.55442    0  164  782.00000  672.55442  14.0%     -   56s
     0     0  673.95143    0  164  782.00000  673.95143  13.8%     -   61s
     0     0  673.95161    0  165  782.00000  673.95161  13.8%     -   61s
     0     0  682.29025    0  152  782.00000  682.29025  12.8%     -   68s
     0     0  683.00480    0  154  782.00000  683.00480  12.7%     -   72s
     0     0  683.00480    0  154  782.00000  683.00480  12.7%     -   74s
     0     0  684.91683    0  151  782.00000  684.91683  12.4%     -   78s
     0     0  685.22087    0  160  782.00000  685.22087  12.4%     -   83s
     0     0  685.23748    0  161  782.00000  685.23748  12.4%     -   84s
     0     0  685.23748    0  161  782.00000  685.23748  12.4%     -   84s
     0     0  685.73708    0  140  782.00000  685.73708  12.3%     -   87s
     0     0  685.76603    0  140  782.00000  685.76603  12.3%     -   89s
     0     0  686.29201    0  138  782.00000  686.29201  12.2%     -   92s
     0     0  686.66254    0  138  782.00000  686.66254  12.2%     -   96s
     0     0  686.66254    0  137  782.00000  686.66254  12.2%     -   98s
     0     0  686.66254    0  136  782.00000  686.66254  12.2%     -  100s
     0     0  686.66254    0  137  782.00000  686.66254  12.2%     -  102s
     0     0  686.66254    0  138  782.00000  686.66254  12.2%     -  105s
     0     0  686.91070    0  140  782.00000  686.91070  12.2%     -  111s
     0     0  686.91070    0  141  782.00000  686.91070  12.2%     -  113s
     0     0  686.91070    0  140  782.00000  686.91070  12.2%     -  113s
     0     0  686.91070    0  139  782.00000  686.91070  12.2%     -  116s
     0     0  687.37864    0  141  782.00000  687.37864  12.1%     -  118s
     0     0  687.37864    0  143  782.00000  687.37864  12.1%     -  120s
     0     0  687.38295    0  136  782.00000  687.38295  12.1%     -  132s
     0     2  687.38295    0  136  782.00000  687.38295  12.1%     -  145s
     1     4  698.37494    1  145  782.00000  687.38295  12.1%  5559  151s
     3     5 infeasible    2       782.00000  687.47256  12.1%  2707  157s
     7     8  692.35167    3  119  782.00000  688.57454  11.9%  1857  166s
    12    16  695.33047    4  113  782.00000  690.78626  11.7%  2098  173s
    20    23     cutoff    5       782.00000  693.63123  11.3%  2369  183s
    36    46  695.71261    6   63  782.00000  694.71723  11.2%  3374  197s
    59    73  695.87130    7   81  782.00000  695.71589  11.0%  3233  207s
    91   103  696.87081    8   73  782.00000  695.82198  11.0%  3185  220s
H   94   103                     761.0000000  695.82198  8.56%  3153  220s
H   99   103                     757.0000000  695.82198  8.08%  3064  220s
   123   131  698.34851    9   69  757.00000  695.93475  8.07%  2894  231s
   155   161  701.37308   10   66  757.00000  695.93475  8.07%  2733  235s
   187   211  702.23256   11   61  757.00000  695.93475  8.07%  2465  240s
   240   257  707.50182   13   44  757.00000  695.93475  8.07%  2175  248s
   289   298  709.65185   15   83  757.00000  695.93475  8.07%  2211  258s
   335   356  710.00810   16   72  757.00000  695.93475  8.07%  2217  264s
   393   399  712.69047   18   68  757.00000  695.93475  8.07%  2219  268s
   438   444  713.09616   19   61  757.00000  695.93475  8.07%  2250  273s
   485   486  715.04130   21   40  757.00000  695.93475  8.07%  2258  278s
   534   535  717.68123   23   32  757.00000  695.93475  8.07%  2255  285s
   585   573  724.88522   25   57  757.00000  695.93475  8.07%  2300  290s
   639   624  724.99355   26   18  757.00000  695.93475  8.07%  2329  295s
   706   688  725.91642   29   17  757.00000  695.93475  8.07%  2297  300s
   891   853  727.28626   32   12  757.00000  695.93475  8.07%  2072  308s
   991   942  728.50606   35    8  757.00000  695.93475  8.07%  1979  312s
  1104  1036  730.99313   38   14  757.00000  695.93475  8.07%  1886  317s
H 1177  1036                     754.0000000  695.93475  7.70%  1842  317s
  1217  1109  731.55881   44   21  754.00000  695.93475  7.70%  1803  321s
  1334  1205  731.83357   47    3  754.00000  695.93475  7.70%  1731  325s
H 1415  1205                     750.0000000  695.93475  7.21%  1706  325s
  1443  1291  732.03620   49   15  750.00000  695.93475  7.21%  1692  332s
H 1549  1291                     748.0000000  695.93475  6.96%  1649  332s
  1566  1389  735.60544   51    7  748.00000  695.93475  6.96%  1641  337s
H 1696  1477                     747.0000000  695.93475  6.84%  1600  343s
H 1696  1477                     744.0000000  695.93475  6.46%  1600  343s
H 1699  1477                     737.0000000  695.93475  5.57%  1599  343s
H 1732  1477                     734.0000000  695.93475  5.19%  1581  343s
H 1786  1477                     714.0000000  695.93475  2.53%  1572  343s
  1807  1440     cutoff   57       714.00000  695.96514  2.53%  1565  353s
  1982  1459  701.83463   11   85  714.00000  696.03446  2.52%  1529  361s
  2027  1505  702.13238   12   83  714.00000  696.03446  2.52%  1545  367s
  2128  1551  705.22776   14   67  714.00000  696.03446  2.52%  1566  375s
  2245  1612  707.20046   17   66  714.00000  696.03446  2.52%  1568  382s
* 2288  1612              26     713.0000000  696.03446  2.38%  1567  382s
  2388  1636     cutoff   20       713.00000  696.85536  2.26%  1560  393s
  2573  1707  701.85366   12   50  713.00000  697.37327  2.19%  1540  402s
  2707  1739  704.86359   15   71  713.00000  697.37327  2.19%  1542  412s
H 2728  1739                     712.0000000  697.37327  2.05%  1538  412s
* 2820  1739              34     711.0000000  697.37327  1.92%  1532  412s
  2861  1693     cutoff   19       711.00000  697.37327  1.92%  1536  422s
H 2871  1693                     710.0000000  697.37327  1.78%  1538  422s
  3010  1696  706.17667   16   40  710.00000  697.37327  1.78%  1549  430s
  3158  1684  708.86242   18   46  710.00000  697.37327  1.78%  1567  439s
  3318  1659     cutoff   23       710.00000  698.01183  1.69%  1575  448s
  3462  1644  698.95478   12   67  710.00000  698.01644  1.69%  1590  457s
  3590  1626  703.81563   14   49  710.00000  698.01644  1.69%  1617  466s
  3743  1592  707.60082   17   60  710.00000  698.22596  1.66%  1631  480s
  3946  1553  700.78143   13   88  710.00000  698.24211  1.66%  1625  490s
  4088  1532  703.16831   14   79  710.00000  698.24211  1.66%  1615  549s
  4162  1445  704.95759   15   80  710.00000  698.24211  1.66%  1627  563s
  4420  1156     cutoff   16       710.00000  698.26320  1.65%  1609  578s
  4881   687     cutoff   14       710.00000  698.26320  1.65%  1518  593s
  5539   110     cutoff   15       710.00000  699.39920  1.49%  1378  604s
  6186    27  704.91107   13   81  710.00000  701.57115  1.19%  1256  612s
  6297    13     cutoff   15       710.00000  703.91646  0.86%  1240  621s
  6340     2     cutoff   20       710.00000  704.99100  0.71%  1239  628s
  6372     0  708.66240   21   47  710.00000  707.66588  0.33%  1240  630s

Cutting planes:
  Gomory: 18
  Cover: 6
  Implied bound: 134
  MIR: 152
  Flow cover: 52
  GUB cover: 2
  Inf proof: 5
  Zero half: 94
  RLT: 9

Explored 6378 nodes (8031964 simplex iterations) in 630.97 seconds (579.06 work units)
Thread count was 32 (of 128 available processors)

Solution count 10: 710 711 712 ... 748

Optimal solution found (tolerance 1.00e-04)
Best objective 7.100000000000e+02, best bound 7.100000000000e+02, gap 0.0000%
True
Set parameter LogFile to value "result300/grblog_l002.ib.bridges2.psc.edu_RelaxFalse_N-1_PSPS_SpanFalse_PFlow_Lazy0_300_inst6.txt"
Gurobi Optimizer version 11.0.2 build v11.0.2rc0 (linux64 - "Red Hat Enterprise Linux 8.10 (Ootpa)")

CPU model: AMD EPYC 7742 64-Core Processor, instruction set [SSE2|AVX|AVX2]
Thread count: 128 physical cores, 128 logical processors, using up to 32 threads

Optimize a model with 627554 rows, 510129 columns and 2475289 nonzeros
Model fingerprint: 0x2c4ef98b
Variable types: 509418 continuous, 711 integer (711 binary)
Coefficient statistics:
  Matrix range     [3e-01, 2e+03]
  Objective range  [1e+00, 1e+01]
  Bounds range     [1e+00, 1e+00]
  RHS range        [1e+00, 1e+04]
Presolve removed 213729 rows and 217187 columns (presolve time = 5s) ...
Presolve removed 280250 rows and 221290 columns (presolve time = 10s) ...
Presolve removed 313303 rows and 227573 columns (presolve time = 15s) ...
Presolve removed 313305 rows and 227572 columns
Presolve time: 16.34s
Presolved: 314249 rows, 282557 columns, 1398429 nonzeros
Variable types: 282113 continuous, 444 integer (444 binary)
Deterministic concurrent LP optimizer: primal simplex, dual simplex, and barrier
Showing barrier log only...

Root barrier log...

Ordering time: 0.16s

Barrier statistics:
 Dense cols : 442
 AA' NZ     : 1.359e+06
 Factor NZ  : 1.042e+07 (roughly 300 MB of memory)
 Factor Ops : 1.350e+09 (less than 1 second per iteration)
 Threads    : 29

                  Objective                Residual
Iter       Primal          Dual         Primal    Dual     Compl     Time
   0   3.76386431e+04 -1.60479774e+06  3.81e+03 7.47e-01  1.39e+02    20s
   1   3.76092967e+04 -1.59167208e+06  3.26e+03 4.10e+00  1.21e+02    20s
   2   3.58981882e+04 -1.57843621e+06  2.75e+03 2.93e+00  9.96e+01    20s
   3   3.50283297e+04 -1.55865469e+06  2.26e+03 2.18e+00  7.81e+01    21s
   4   2.77485002e+04 -1.54620951e+06  1.54e+03 1.73e+00  5.36e+01    21s
   5   1.94105671e+04 -1.52827677e+06  1.04e+03 1.20e-01  3.53e+01    21s
   6   3.37863255e+03 -1.39067176e+06  6.74e+01 1.79e-10  3.75e+00    22s
   7   2.57750861e+03 -6.96378016e+05  2.03e+01 9.48e-11  1.22e+00    22s
   8   2.38013218e+03 -2.51879202e+05  9.05e+00 7.15e-11  3.83e-01    22s
   9   2.30484862e+03 -1.94465591e+05  4.90e+00 6.00e-11  2.74e-01    23s
  10   2.24496512e+03 -1.21880033e+05  1.81e+00 3.53e-11  1.62e-01    23s
  11   2.22911161e+03 -7.09346715e+04  1.12e+00 2.16e-11  9.38e-02    23s
  12   2.20371769e+03 -3.55798741e+04  4.16e-01 8.78e-12  4.76e-02    23s
  13   2.18400590e+03 -1.78837369e+04  1.95e-01 4.45e-12  2.52e-02    23s
  14   2.11604205e+03 -1.29327013e+04  1.01e-01 3.29e-12  1.88e-02    24s
  15   2.02567663e+03 -1.03716039e+04  5.85e-02 2.71e-12  1.55e-02    24s
  16   1.85528320e+03 -7.46642669e+03  2.93e-02 2.04e-12  1.16e-02    24s
  17   1.58379347e+03 -4.90980862e+03  1.28e-02 1.83e-12  8.10e-03    24s
  18   1.56160524e+03 -3.88477468e+03  1.23e-02 1.13e-12  6.80e-03    25s
  19   1.38106899e+03 -2.42757457e+03  9.38e-03 1.80e-11  4.75e-03    25s
  20   1.19267228e+03 -1.53642288e+03  6.46e-03 1.51e-11  3.40e-03    25s
  21   1.06867228e+03 -9.54070097e+02  5.05e-03 1.27e-11  2.52e-03    25s
  22   9.34440850e+02 -4.30597378e+02  3.84e-03 4.83e-11  1.70e-03    26s

Barrier performed 22 iterations in 25.69 seconds (13.97 work units)
Barrier solve interrupted - model solved by another algorithm

Concurrent spin time: 1.10s (can be avoided by choosing Method=3)

Solved with dual simplex

Root simplex log...

Iteration    Objective       Primal Inf.    Dual Inf.      Time
   38108    5.2288773e+02   0.000000e+00   0.000000e+00     26s

Root relaxation: objective 5.228877e+02, 38108 iterations, 8.83 seconds (4.97 work units)

    Nodes    |    Current Node    |     Objective Bounds      |     Work
 Expl Unexpl |  Obj  Depth IntInf | Incumbent    BestBd   Gap | It/Node Time

     0     0  522.88773    0  110          -  522.88773      -     -   29s
H    0     0                     833.0000000  522.88773  37.2%     -   30s
H    0     0                     832.0000000  522.88773  37.2%     -   31s
H    0     0                     814.0000000  522.88773  35.8%     -   32s
H    0     0                     756.0000000  522.88773  30.8%     -   32s
     0     0  615.09482    0  145  756.00000  615.09482  18.6%     -   43s
     0     0  656.13704    0  169  756.00000  656.13704  13.2%     -   57s
     0     0  658.22479    0  165  756.00000  658.22479  12.9%     -   60s
     0     0  658.22479    0  165  756.00000  658.22479  12.9%     -   60s
     0     0  664.27039    0  151  756.00000  664.27039  12.1%     -   65s
     0     0  664.47598    0  149  756.00000  664.47598  12.1%     -   69s
     0     0  664.53778    0  151  756.00000  664.53778  12.1%     -   70s
     0     0  664.54293    0  151  756.00000  664.54293  12.1%     -   71s
     0     0  666.22531    0  131  756.00000  666.22531  11.9%     -   75s
     0     0  666.82673    0  130  756.00000  666.82673  11.8%     -   79s
     0     0  666.82673    0  132  756.00000  666.82673  11.8%     -   79s
     0     0  666.82673    0  140  756.00000  666.82673  11.8%     -   80s
     0     0  666.82673    0  131  756.00000  666.82673  11.8%     -   82s
     0     0  666.82673    0  123  756.00000  666.82673  11.8%     -   83s
     0     0  666.82673    0  126  756.00000  666.82673  11.8%     -   85s
     0     0  667.60000    0  126  756.00000  667.60000  11.7%     -   87s
     0     0  667.60000    0  130  756.00000  667.60000  11.7%     -   89s
     0     0  667.60000    0  130  756.00000  667.60000  11.7%     -   90s
     0     0  667.60000    0  127  756.00000  667.60000  11.7%     -   97s
H    0     0                     746.0000000  667.60000  10.5%     -  104s
     0     2  667.60000    0  127  746.00000  667.60000  10.5%     -  111s
     1     4  668.24479    1  115  746.00000  667.60000  10.5%  6493  116s
     3     8  669.85685    2  133  746.00000  668.41539  10.4%  6382  124s
     7    16  683.34846    3  103  746.00000  668.65905  10.4%  5610  134s
    15    29  684.77054    4   96  746.00000  673.28110  9.75%  4794  142s
    31    54  691.89229    5   75  746.00000  676.54351  9.31%  5389  184s
    60    84  692.92091    6   90  746.00000  676.59090  9.30% 14049  194s
    92   113  693.96238    7   90  746.00000  676.60740  9.30%  9786  203s
   124   141  699.68949    7  101  746.00000  677.12362  9.23%  7845  210s
   156   173  701.69299    8   76  746.00000  677.62362  9.17%  6536  216s
   188   205  700.98474    8  102  746.00000  678.62362  9.03%  5658  230s
H  192   205                     745.0000000  678.62362  8.91%  5564  230s
H  194   205                     730.0000000  678.62362  7.04%  5529  230s
H  196   205                     719.0000000  678.62362  5.62%  5495  230s
H  209   205                     715.0000000  678.62362  5.09%  5259  230s
   271   274  705.21345   10   85  715.00000  678.62362  5.09%  4387  236s
   321   312  706.27779   11   79  715.00000  678.62362  5.09%  3847  242s
   383   339  708.44446   12   81  715.00000  678.62362  5.09%  3393  248s
   439   359     cutoff   14       715.00000  678.62362  5.09%  3113  252s
   499   395  683.77096    9  105  715.00000  678.62362  5.09%  2891  256s
   547   440  686.74245   11  107  715.00000  678.62362  5.09%  2804  260s
   616   482  686.78742   12   65  715.00000  678.62362  5.09%  2614  267s
   692   536  690.33222   15   33  715.00000  678.62362  5.09%  2449  272s
   757   613  690.45343   16   30  715.00000  678.62362  5.09%  2342  275s
   948   784  692.44513   22   12  715.00000  678.62362  5.09%  2108  282s
  1060   873  694.50575   26   19  715.00000  678.62362  5.09%  1979  287s
* 1083   873              28     713.0000000  678.62362  4.82%  1957  287s
  1182   963  708.35951   32   10  713.00000  678.62362  4.82%  1873  292s
H 1188   963                     699.0000000  678.62362  2.92%  1867  292s
H 1211   963                     691.0000000  678.62362  1.79%  1851  292s
  1289   829     cutoff   35       691.00000  680.99541  1.45%  1789  300s
H 1547   799                     687.0000000  683.68868  0.48%  1573  304s
  1616   426     cutoff   10       687.00000  683.68868  0.48%  1515  307s
H 1682   426                     686.0000000  684.71672  0.19%  1457  307s

Cutting planes:
  Gomory: 14
  Cover: 11
  Implied bound: 134
  MIR: 129
  Flow cover: 67
  GUB cover: 1
  Zero half: 92
  Mod-K: 2
  RLT: 6
  Relax-and-lift: 5

Explored 1960 nodes (2577267 simplex iterations) in 307.47 seconds (295.83 work units)
Thread count was 32 (of 128 available processors)

Solution count 10: 686 687 691 ... 746

Optimal solution found (tolerance 1.00e-04)
Best objective 6.860000000000e+02, best bound 6.860000000000e+02, gap 0.0000%
True
Set parameter LogFile to value "result300/grblog_l002.ib.bridges2.psc.edu_RelaxFalse_N-1_PSPS_SpanFalse_PFlow_Lazy0_300_inst7.txt"
Gurobi Optimizer version 11.0.2 build v11.0.2rc0 (linux64 - "Red Hat Enterprise Linux 8.10 (Ootpa)")

CPU model: AMD EPYC 7742 64-Core Processor, instruction set [SSE2|AVX|AVX2]
Thread count: 128 physical cores, 128 logical processors, using up to 32 threads

Optimize a model with 627554 rows, 510129 columns and 2475289 nonzeros
Model fingerprint: 0x4a8fc123
Variable types: 509418 continuous, 711 integer (711 binary)
Coefficient statistics:
  Matrix range     [3e-01, 2e+03]
  Objective range  [1e+00, 1e+01]
  Bounds range     [1e+00, 1e+00]
  RHS range        [1e+00, 1e+04]
Presolve removed 275812 rows and 218557 columns (presolve time = 5s) ...
Presolve removed 287505 rows and 227455 columns (presolve time = 10s) ...
Presolve removed 313305 rows and 227572 columns
Presolve time: 13.59s
Presolved: 314249 rows, 282557 columns, 1398429 nonzeros
Variable types: 282113 continuous, 444 integer (444 binary)
Deterministic concurrent LP optimizer: primal simplex, dual simplex, and barrier
Showing barrier log only...

Root barrier log...

Ordering time: 0.17s

Barrier statistics:
 Dense cols : 442
 AA' NZ     : 1.359e+06
 Factor NZ  : 1.042e+07 (roughly 300 MB of memory)
 Factor Ops : 1.350e+09 (less than 1 second per iteration)
 Threads    : 29

                  Objective                Residual
Iter       Primal          Dual         Primal    Dual     Compl     Time
   0   3.97063516e+04 -1.91413477e+06  3.81e+03 1.01e+00  1.66e+02    17s
   1   3.96503136e+04 -1.89848995e+06  3.26e+03 4.88e+00  1.44e+02    17s
   2   3.79302205e+04 -1.88306905e+06  2.75e+03 3.53e+00  1.19e+02    17s
   3   3.71451981e+04 -1.86095713e+06  2.31e+03 2.75e+00  9.56e+01    17s
   4   3.23248816e+04 -1.84998060e+06  1.65e+03 2.35e+00  6.97e+01    18s
   5   2.13709791e+04 -1.84252278e+06  1.12e+03 5.59e-02  4.63e+01    18s
   6   3.46105883e+03 -1.70257633e+06  6.68e+01 1.81e-10  4.62e+00    18s
   7   2.79529942e+03 -6.49766822e+05  2.98e+01 1.76e-10  1.34e+00    19s
   8   2.45820364e+03 -2.96413503e+05  1.15e+01 9.33e-11  4.78e-01    19s
   9   2.37774582e+03 -1.12298387e+05  7.27e+00 2.09e-11  1.72e-01    19s
  10   2.29555152e+03 -4.63798230e+04  3.21e+00 1.51e-10  6.64e-02    19s
  11   2.24329383e+03 -3.24335554e+04  1.43e+00 1.04e-10  4.51e-02    19s
  12   2.20039059e+03 -1.73802511e+04  5.19e-01 5.59e-11  2.48e-02    20s
  13   2.14094219e+03 -1.07192048e+04  2.63e-01 3.59e-11  1.62e-02    20s
  14   2.07631680e+03 -9.38580838e+03  1.77e-01 3.19e-11  1.44e-02    20s
  15   1.92245296e+03 -6.75767827e+03  8.34e-02 2.35e-11  1.09e-02    20s
  16   1.76474412e+03 -4.58150914e+03  5.11e-02 1.69e-11  7.93e-03    20s
  17   1.65180365e+03 -3.63118514e+03  4.04e-02 1.38e-11  6.60e-03    21s
  18   1.38956635e+03 -2.07533409e+03  2.66e-02 8.86e-12  4.33e-03    21s

Barrier performed 18 iterations in 21.00 seconds (13.22 work units)
Barrier solve interrupted - model solved by another algorithm

Concurrent spin time: 0.73s (can be avoided by choosing Method=3)

Solved with dual simplex

Root simplex log...

Iteration    Objective       Primal Inf.    Dual Inf.      Time
   41405    5.5702955e+02   0.000000e+00   0.000000e+00     21s

Root relaxation: objective 5.570296e+02, 41405 iterations, 6.99 seconds (4.18 work units)

    Nodes    |    Current Node    |     Objective Bounds      |     Work
 Expl Unexpl |  Obj  Depth IntInf | Incumbent    BestBd   Gap | It/Node Time

     0     0  557.02955    0  124          -  557.02955      -     -   24s
H    0     0                     954.0000000  557.02955  41.6%     -   25s
H    0     0                     953.0000000  557.02955  41.5%     -   26s
     0     0  649.28976    0  185  953.00000  649.28976  31.9%     -   45s
     0     0  656.78297    0  187  953.00000  656.78297  31.1%     -   57s
     0     0  686.79756    0  178  953.00000  686.79756  27.9%     -   73s
     0     0  687.26720    0  184  953.00000  687.26720  27.9%     -   84s
     0     0  687.26720    0  161  953.00000  687.26720  27.9%     -   85s
     0     0  687.26720    0  161  953.00000  687.26720  27.9%     -   85s
     0     0  696.31393    0  159  953.00000  696.31393  26.9%     -   93s
     0     0  696.68605    0  157  953.00000  696.68605  26.9%     -  104s
     0     0  696.77279    0  155  953.00000  696.77279  26.9%     -  107s
     0     0  696.77279    0  155  953.00000  696.77279  26.9%     -  108s
     0     0  700.20129    0  143  953.00000  700.20129  26.5%     -  114s
     0     0  700.49179    0  144  953.00000  700.49179  26.5%     -  118s
     0     0  700.49179    0  144  953.00000  700.49179  26.5%     -  121s
     0     0  700.75534    0  149  953.00000  700.75534  26.5%     -  125s
     0     0  700.75534    0  151  953.00000  700.75534  26.5%     -  126s
     0     0  700.75534    0  151  953.00000  700.75534  26.5%     -  130s
     0     0  700.87418    0  151  953.00000  700.87418  26.5%     -  131s
     0     0  701.15041    0  140  953.00000  701.15041  26.4%     -  135s
     0     0  701.23276    0  149  953.00000  701.23276  26.4%     -  138s
     0     0  701.24306    0  151  953.00000  701.24306  26.4%     -  139s
     0     0  701.24306    0  151  953.00000  701.24306  26.4%     -  141s
     0     0  701.39427    0  156  953.00000  701.39427  26.4%     -  145s
     0     0  701.39427    0  156  953.00000  701.39427  26.4%     -  145s
     0     0  701.39427    0  157  953.00000  701.39427  26.4%     -  149s
     0     0  702.82066    0  148  953.00000  702.82066  26.3%     -  157s
     0     2  702.82066    0  148  953.00000  702.82066  26.3%     -  173s
     1     3  710.35737    1  134  953.00000  703.84842  26.1%  3128  178s
     3     4  723.85737    2  135  953.00000  704.23516  26.1%  1654  188s
     6     6 infeasible    3       953.00000  704.42158  26.1%  6940  200s
    10    12  707.16489    4   88  953.00000  706.38162  25.9%  5718  208s
    16    24  708.27836    5   85  953.00000  708.27836  25.7%  7614  247s
    28    47  712.21936    6   80  953.00000  709.60379  25.5% 12646  258s
    52    75  721.82924    7  101  953.00000  712.23369  25.3% 10083  271s
    84   101  730.32924    8   98  953.00000  715.27224  24.9%  8052  284s
H  107   101                     768.0000000  715.27224  6.87%  6758  284s
   116   124 infeasible    9       768.00000  715.27224  6.87%  6332  294s
   148   156  744.32924    9   95  768.00000  715.27224  6.87%  5415  301s
   180   201  746.31733   10   85  768.00000  717.85386  6.53%  4823  307s
   225   240  746.58217   11   75  768.00000  717.85386  6.53%  4245  316s
   267   281  756.99261   13   74  768.00000  717.85386  6.53%  3904  321s
   313   309  750.59739   13   72  768.00000  717.85386  6.53%  3656  325s
   359   350  754.01849   14   68  768.00000  717.85386  6.53%  3606  331s
   487   418  756.51849   15   67  768.00000  717.85386  6.53%  3178  343s
   573   473  757.29143   16   71  768.00000  717.85386  6.53%  2896  349s
   665   514 infeasible   18       768.00000  718.41067  6.46%  2695  356s
   755   593  727.37544    8  104  768.00000  718.41067  6.46%  2524  362s
   851   689  727.50985    9   90  768.00000  718.41067  6.46%  2354  366s
   963   770  743.16338   11  101  768.00000  718.41067  6.46%  2204  371s
H  974   770                     746.0000000  718.41067  3.70%  2196  371s
H  996   770                     741.0000000  718.41067  3.05%  2180  371s
  1062   718     cutoff   15       741.00000  718.42595  3.05%  2117  379s
H 1227   763                     740.0000000  720.76492  2.60%  1983  387s
  1307   791  727.46234   11   49  740.00000  720.76492  2.60%  2004  393s
H 1427   799                     736.0000000  720.76492  2.07%  1935  404s
H 1431   799                     734.0000000  720.76492  1.80%  1934  404s
H 1451   799                     733.0000000  720.76492  1.67%  1923  404s
  1472   771  731.62463   16   19  733.00000  721.41086  1.58%  1920  411s
  1638   782  725.80753   10   74  733.00000  721.45271  1.58%  1825  416s
  1779   804     cutoff   11       733.00000  721.45271  1.58%  1771  420s
* 1856   804              20     732.0000000  721.45271  1.44%  1747  421s
  1959   770     cutoff   11       732.00000  722.90250  1.24%  1682  427s
* 2062   770              32     731.0000000  722.90250  1.11%  1636  427s
* 2160   770              38     730.0000000  722.90250  0.97%  1590  427s
  2195   383     cutoff   10       730.00000  724.67494  0.73%  1568  431s
* 2677    59              22     729.0000000  726.76918  0.31%  1307  434s

Cutting planes:
  Gomory: 22
  Cover: 6
  Implied bound: 128
  MIR: 130
  Flow cover: 40
  Inf proof: 11
  Zero half: 95
  RLT: 12

Explored 3001 nodes (3649032 simplex iterations) in 434.91 seconds (403.25 work units)
Thread count was 32 (of 128 available processors)

Solution count 10: 729 730 731 ... 746

Optimal solution found (tolerance 1.00e-04)
Best objective 7.290000000000e+02, best bound 7.290000000000e+02, gap 0.0000%
True
Set parameter LogFile to value "result300/grblog_l002.ib.bridges2.psc.edu_RelaxFalse_N-1_PSPS_SpanFalse_PFlow_Lazy0_300_inst8.txt"
Gurobi Optimizer version 11.0.2 build v11.0.2rc0 (linux64 - "Red Hat Enterprise Linux 8.10 (Ootpa)")

CPU model: AMD EPYC 7742 64-Core Processor, instruction set [SSE2|AVX|AVX2]
Thread count: 128 physical cores, 128 logical processors, using up to 32 threads

Optimize a model with 627554 rows, 510129 columns and 2475289 nonzeros
Model fingerprint: 0x1d199ea4
Variable types: 509418 continuous, 711 integer (711 binary)
Coefficient statistics:
  Matrix range     [3e-01, 2e+03]
  Objective range  [1e+00, 1e+01]
  Bounds range     [1e+00, 1e+00]
  RHS range        [1e+00, 1e+04]
Presolve removed 260959 rows and 218440 columns (presolve time = 5s) ...
Presolve removed 280250 rows and 221290 columns (presolve time = 10s) ...
Presolve removed 313303 rows and 227569 columns (presolve time = 15s) ...
Presolve removed 313305 rows and 227572 columns
Presolve time: 17.07s
Presolved: 314249 rows, 282557 columns, 1398429 nonzeros
Variable types: 282113 continuous, 444 integer (444 binary)
Deterministic concurrent LP optimizer: primal simplex, dual simplex, and barrier
Showing barrier log only...

Root barrier log...

Ordering time: 0.28s

Barrier statistics:
 Dense cols : 442
 AA' NZ     : 1.359e+06
 Factor NZ  : 1.042e+07 (roughly 300 MB of memory)
 Factor Ops : 1.350e+09 (less than 1 second per iteration)
 Threads    : 29

                  Objective                Residual
Iter       Primal          Dual         Primal    Dual     Compl     Time
   0   3.89957717e+04 -1.17324255e+06  3.81e+03 3.22e-01  1.02e+02    21s
   1   3.89111960e+04 -1.16357818e+06  3.26e+03 2.83e+00  8.83e+01    21s
   2   3.73139284e+04 -1.15518765e+06  2.77e+03 2.12e+00  7.39e+01    21s
   3   3.64919383e+04 -1.14043646e+06  2.28e+03 1.30e+00  5.81e+01    22s
   4   2.81994609e+04 -1.14436826e+06  1.51e+03 9.90e-01  3.95e+01    22s
   5   1.98189697e+04 -1.10626821e+06  1.00e+03 1.08e-01  2.42e+01    23s
   6   3.36023998e+03 -9.95929856e+05  6.07e+01 1.36e-10  2.52e+00    23s
   7   2.77545015e+03 -3.37277058e+05  2.84e+01 8.88e-11  6.83e-01    23s
   8   2.56697914e+03 -9.75038764e+04  1.72e+01 9.34e-10  1.83e-01    24s
   9   2.43020174e+03 -5.11685294e+04  1.01e+01 2.48e-10  8.64e-02    24s
  10   2.29203839e+03 -2.91849596e+04  3.59e+00 1.18e-11  4.35e-02    24s
  11   2.22416565e+03 -1.76580190e+04  1.53e+00 7.05e-12  2.60e-02    24s
  12   2.13529848e+03 -1.23257472e+04  7.07e-01 5.33e-12  1.84e-02    24s
  13   1.98502712e+03 -8.11313297e+03  3.52e-01 3.49e-12  1.27e-02    25s
  14   1.80380391e+03 -5.85484233e+03  2.37e-01 2.65e-12  9.62e-03    25s
  15   1.70148778e+03 -3.74478713e+03  1.90e-01 1.80e-12  6.83e-03    25s
  16   1.63417178e+03 -3.14828013e+03  1.70e-01 1.56e-12  6.00e-03    25s
  17   1.38902772e+03 -2.39139100e+03  1.21e-01 1.26e-12  4.74e-03    26s
  18   1.25620743e+03 -1.32397241e+03  9.79e-02 8.46e-13  3.23e-03    26s
  19   1.11079486e+03 -9.29248217e+02  7.49e-02 6.67e-13  2.55e-03    26s
  20   1.01094165e+03 -4.18277396e+02  6.11e-02 1.28e-12  1.79e-03    27s
  21   9.38493113e+02 -1.28540115e+02  5.21e-02 2.07e-12  1.34e-03    27s
  22   9.01662436e+02 -1.87413636e+01  4.76e-02 2.09e-12  1.15e-03    28s

Barrier performed 22 iterations in 27.72 seconds (14.14 work units)
Barrier solve interrupted - model solved by another algorithm

Concurrent spin time: 1.63s (can be avoided by choosing Method=3)

Solved with dual simplex

Root simplex log...

Iteration    Objective       Primal Inf.    Dual Inf.      Time
   37797    5.6008322e+02   0.000000e+00   0.000000e+00     28s

Root relaxation: objective 5.600832e+02, 37797 iterations, 10.38 seconds (4.99 work units)
Total elapsed time = 30.61s (DegenMoves)

    Nodes    |    Current Node    |     Objective Bounds      |     Work
 Expl Unexpl |  Obj  Depth IntInf | Incumbent    BestBd   Gap | It/Node Time

     0     0  560.08322    0  117          -  560.08322      -     -   32s
H    0     0                     923.0000000  560.08322  39.3%     -   33s
H    0     0                     919.0000000  560.08322  39.1%     -   35s
H    0     0                     914.0000000  560.08322  38.7%     -   36s
H    0     0                     806.0000000  560.08322  30.5%     -   36s
     0     0  651.65781    0  158  806.00000  651.65781  19.1%     -   49s
     0     0  654.75729    0  162  806.00000  654.75729  18.8%     -   58s
     0     0  688.09434    0  148  806.00000  688.09434  14.6%     -   71s
     0     0  689.48637    0  154  806.00000  689.48637  14.5%     -   78s
     0     0  689.60914    0  143  806.00000  689.60914  14.4%     -   80s
     0     0  689.62029    0  140  806.00000  689.62029  14.4%     -   81s
     0     0  696.14276    0  118  806.00000  696.14276  13.6%     -   86s
     0     0  696.86195    0  119  806.00000  696.86195  13.5%     -   92s
     0     0  697.93792    0  131  806.00000  697.93792  13.4%     -   97s
     0     0  698.71128    0  136  806.00000  698.71128  13.3%     -  100s
     0     0  698.88519    0  139  806.00000  698.88519  13.3%     -  103s
     0     0  698.89536    0  134  806.00000  698.89536  13.3%     -  105s
     0     0  698.90008    0  134  806.00000  698.90008  13.3%     -  107s
     0     0  699.40323    0  134  806.00000  699.40323  13.2%     -  112s
     0     0  699.40323    0  131  806.00000  699.40323  13.2%     -  119s
     0     0  699.40323    0  136  806.00000  699.40323  13.2%     -  121s
     0     0  699.40323    0  137  806.00000  699.40323  13.2%     -  125s
     0     0  699.40323    0  137  806.00000  699.40323  13.2%     -  127s
     0     0  699.40323    0  136  806.00000  699.40323  13.2%     -  129s
     0     0  700.30440    0  137  806.00000  700.30440  13.1%     -  131s
     0     0  711.15058    0  137  806.00000  711.15058  11.8%     -  138s
     0     2  711.15058    0  137  806.00000  711.15058  11.8%     -  157s
     1     2 infeasible    1       806.00000  711.15058  11.8%  1056  162s
     3     4  717.94460    2   95  806.00000  711.47921  11.7%  1710  166s
     5     8  718.79331    3   75  806.00000  718.15633  10.9%  1759  174s
     9    16  719.93006    4   80  806.00000  718.79355  10.8%  2614  181s
    17    28  723.85869    5  100  806.00000  719.94447  10.7%  2976  190s
    33    54  729.23732    6   93  806.00000  723.88930  10.2%  3293  200s
    61    79  738.83635    7   62  806.00000  725.66647  10.0%  3397  207s
    93   105  747.83635    8   57  806.00000  725.66647  10.0%  3184  214s
   125   133  754.83635    9   54  806.00000  725.66647  10.0%  2947  219s
   157   161  755.81471   10   72  806.00000  725.66647  10.0%  2680  223s
   189   195  757.74282   11   48  806.00000  725.66647  10.0%  2475  225s
   268   271  764.43346   12   45  806.00000  725.66647  10.0%  2171  230s
H  271   271                     798.0000000  725.66647  9.06%  2176  230s
H  275   271                     754.0000000  725.66647  3.76%  2170  230s
   438   286 infeasible    8       754.00000  728.04720  3.44%  1678  235s
   550   344     cutoff   10       754.00000  731.72095  2.95%  1546  242s
H  564   344                     747.0000000  731.72095  2.05%  1547  242s
H  575   344                     746.0000000  731.72095  1.91%  1543  242s
H  592   344                     745.0000000  731.72095  1.78%  1519  242s
   599   333     cutoff    8       745.00000  733.34446  1.56%  1514  245s
   684   371  735.00613    9   62  745.00000  733.34446  1.56%  1417  251s
   831   420  736.62018   11   55  745.00000  733.34446  1.56%  1319  256s
   944   476  743.35384   14   28  745.00000  733.34446  1.56%  1265  263s
H  951   476                     740.0000000  733.34446  0.90%  1260  263s
  1012   361     cutoff   15       740.00000  733.39575  0.89%  1226  268s
  1191   263  735.47628   10   53  740.00000  733.90287  0.82%  1101  271s
* 1301   263              27     739.0000000  733.90287  0.69%  1032  271s
  1619     3  737.32486   10   60  739.00000  735.67609  0.45%   849  275s
* 1636     0              19     738.0000000  737.39511  0.08%   842  276s

Cutting planes:
  Gomory: 13
  Cover: 8
  Implied bound: 124
  MIR: 153
  Flow cover: 38
  Inf proof: 6
  Zero half: 94
  RLT: 9
  Relax-and-lift: 4

Explored 1639 nodes (1489458 simplex iterations) in 276.34 seconds (219.26 work units)
Thread count was 32 (of 128 available processors)

Solution count 10: 738 739 740 ... 914

Optimal solution found (tolerance 1.00e-04)
Best objective 7.380000000000e+02, best bound 7.380000000000e+02, gap 0.0000%
True
Set parameter LogFile to value "result300/grblog_l002.ib.bridges2.psc.edu_RelaxFalse_N-1_PSPS_SpanFalse_PFlow_Lazy0_300_inst9.txt"
Gurobi Optimizer version 11.0.2 build v11.0.2rc0 (linux64 - "Red Hat Enterprise Linux 8.10 (Ootpa)")

CPU model: AMD EPYC 7742 64-Core Processor, instruction set [SSE2|AVX|AVX2]
Thread count: 128 physical cores, 128 logical processors, using up to 32 threads

Optimize a model with 627554 rows, 510129 columns and 2475289 nonzeros
Model fingerprint: 0x5fcd689f
Variable types: 509418 continuous, 711 integer (711 binary)
Coefficient statistics:
  Matrix range     [3e-01, 2e+03]
  Objective range  [1e+00, 1e+01]
  Bounds range     [1e+00, 1e+00]
  RHS range        [1e+00, 1e+04]
Presolve removed 279000 rows and 221212 columns (presolve time = 5s) ...
Presolve removed 313303 rows and 227569 columns (presolve time = 10s) ...
Presolve removed 313305 rows and 227572 columns
Presolve time: 12.15s
Presolved: 314249 rows, 282557 columns, 1398429 nonzeros
Variable types: 282113 continuous, 444 integer (444 binary)
Deterministic concurrent LP optimizer: primal simplex, dual simplex, and barrier
Showing barrier log only...

Root barrier log...

Ordering time: 0.18s

Barrier statistics:
 Dense cols : 442
 AA' NZ     : 1.359e+06
 Factor NZ  : 1.042e+07 (roughly 300 MB of memory)
 Factor Ops : 1.350e+09 (less than 1 second per iteration)
 Threads    : 29

                  Objective                Residual
Iter       Primal          Dual         Primal    Dual     Compl     Time
   0   3.77607723e+04 -1.98637695e+06  3.81e+03 1.09e+00  1.72e+02    16s
   1   3.77389133e+04 -1.97014703e+06  3.26e+03 5.07e+00  1.49e+02    16s
   2   3.61428654e+04 -1.95284375e+06  2.74e+03 3.71e+00  1.23e+02    16s
   3   3.53686673e+04 -1.93009513e+06  2.30e+03 2.72e+00  9.82e+01    17s
   4   3.04159434e+04 -1.91892546e+06  1.63e+03 2.32e+00  7.11e+01    17s
   5   2.01466466e+04 -1.90806985e+06  1.09e+03 2.13e-01  4.69e+01    17s
   6   3.21088505e+03 -1.78618515e+06  5.63e+01 2.02e-10  4.42e+00    17s
   7   2.62602226e+03 -6.10398568e+05  2.24e+01 1.21e-10  1.14e+00    18s
   8   2.37969845e+03 -2.25146580e+05  8.50e+00 8.75e-11  3.46e-01    18s
   9   2.27939094e+03 -1.22078495e+05  3.17e+00 4.14e-11  1.68e-01    18s
  10   2.24805463e+03 -7.94054180e+04  1.71e+00 3.27e-11  1.07e-01    18s
  11   2.21980427e+03 -4.54983213e+04  6.79e-01 2.03e-11  6.07e-02    18s
  12   2.19451756e+03 -1.74599806e+04  1.91e-01 9.83e-12  2.46e-02    19s
  13   2.08724972e+03 -1.15838346e+04  3.54e-02 6.91e-12  1.71e-02    19s
  14   1.90089693e+03 -8.29721357e+03  1.62e-02 5.14e-12  1.27e-02    19s
  15   1.72611494e+03 -6.50903240e+03  1.11e-02 4.11e-12  1.03e-02    19s
  16   1.64641155e+03 -4.07775407e+03  9.13e-03 2.76e-12  7.14e-03    19s
  17   1.37339127e+03 -2.51244722e+03  5.68e-03 5.22e-12  4.85e-03    20s
  18   1.24862231e+03 -1.75888985e+03  4.71e-03 2.79e-11  3.75e-03    20s
  19   1.12973354e+03 -1.06054927e+03  3.77e-03 1.08e-11  2.73e-03    20s
  20   1.03624458e+03 -7.37275706e+02  3.13e-03 1.84e-11  2.21e-03    21s

Barrier performed 20 iterations in 20.56 seconds (13.68 work units)
Barrier solve interrupted - model solved by another algorithm

Concurrent spin time: 1.06s (can be avoided by choosing Method=3)

Solved with dual simplex

Root simplex log...

Iteration    Objective       Primal Inf.    Dual Inf.      Time
   33334    5.7486334e+02   0.000000e+00   0.000000e+00     21s

Root relaxation: objective 5.748633e+02, 33334 iterations, 7.90 seconds (4.63 work units)

    Nodes    |    Current Node    |     Objective Bounds      |     Work
 Expl Unexpl |  Obj  Depth IntInf | Incumbent    BestBd   Gap | It/Node Time

     0     0  574.86334    0  102          -  574.86334      -     -   23s
H    0     0                     930.0000000  574.86334  38.2%     -   24s
H    0     0                     922.0000000  574.86334  37.7%     -   25s
H    0     0                     847.0000000  574.86334  32.1%     -   26s
     0     0  673.09657    0  145  847.00000  673.09657  20.5%     -   36s
     0     0  675.11748    0  145  847.00000  675.11748  20.3%     -   44s
     0     0  700.07137    0  121  847.00000  700.07137  17.3%     -   53s
     0     0  701.38064    0  140  847.00000  701.38064  17.2%     -   60s
     0     0  701.38064    0  140  847.00000  701.38064  17.2%     -   60s
     0     0  708.62528    0   98  847.00000  708.62528  16.3%     -   65s
     0     0  711.21714    0  114  847.00000  711.21714  16.0%     -   70s
     0     0  711.21714    0  106  847.00000  711.21714  16.0%     -   75s
     0     0  712.02614    0  107  847.00000  712.02614  15.9%     -   80s
     0     0  712.02614    0   98  847.00000  712.02614  15.9%     -   82s
     0     0  712.02614    0   98  847.00000  712.02614  15.9%     -   82s
     0     0  712.02614    0  124  847.00000  712.02614  15.9%     -   87s
     0     0  712.40991    0  124  847.00000  712.40991  15.9%     -   90s
     0     0  712.40991    0   94  847.00000  712.40991  15.9%     -   94s
     0     0  712.55755    0   95  847.00000  712.55755  15.9%     -   98s
     0     0  712.55755    0   94  847.00000  712.55755  15.9%     -  102s
     0     0  713.20916    0   94  847.00000  713.20916  15.8%     -  104s
     0     0  713.20916    0   94  847.00000  713.20916  15.8%     -  107s
     0     0  714.77243    0   92  847.00000  714.77243  15.6%     -  113s
     0     0  714.77243    0   93  847.00000  714.77243  15.6%     -  120s
     0     0  714.77243    0   93  847.00000  714.77243  15.6%     -  128s
     0     2  714.77243    0   93  847.00000  714.77243  15.6%     -  147s
     1     4  716.64026    1   88  847.00000  714.77243  15.6%  2191  154s
     3     8  717.84320    2   89  847.00000  716.80436  15.4%  2127  168s
     7    16  723.30788    3  115  847.00000  718.11302  15.2%  3768  176s
    15    27  730.21094    4  121  847.00000  719.32860  15.1%  4000  191s
    31    52  746.97728    5  119  847.00000  726.17616  14.3%  6218  227s
    58    78  751.69408    6   98  847.00000  727.73869  14.1% 12428  238s
    90   110  754.33306    7   89  847.00000  727.84761  14.1%  8716  264s
   122   141  755.18504    8   81  847.00000  728.74876  14.0%  6975  277s
   154   170  762.54690    9   92  847.00000  728.74876  14.0%  5917  285s
   186   217  760.18504    9   73  847.00000  728.74876  14.0%  5218  291s
   233   266  760.73092   10   69  847.00000  728.74876  14.0%  4459  295s
   331   367  763.35727   12   89  847.00000  728.74876  14.0%  3611  303s
   384   432  766.13479   13   83  847.00000  728.74876  14.0%  3354  308s
   449   508  770.93783   14   62  847.00000  728.74876  14.0%  3067  311s
   528   596  773.59858   15   27  847.00000  728.74876  14.0%  2820  315s
   704   766  795.21702   20   54  847.00000  728.74876  14.0%  2425  321s
   858   912  793.96108   22   57  847.00000  728.74876  14.0%  2230  332s
  1034  1095  800.98312   25   26  847.00000  728.74876  14.0%  2061  339s
  1129  1217  803.71572   27   61  847.00000  728.74876  14.0%  1989  342s
  1252  1336  808.55249   30    3  847.00000  728.74876  14.0%  1888  346s
  1374  1472  807.63486   36   15  847.00000  728.74876  14.0%  1788  350s
  1664  1795  810.74151   45   10  847.00000  728.74876  14.0%  1596  357s
* 1803  1795              64     845.0000000  728.74876  13.8%  1516  357s
* 1848  1795              70     831.0000000  728.74876  12.3%  1492  357s
  1856  1876  812.18643   51    7  831.00000  728.74876  12.3%  1486  360s
* 1871  1868              68     805.0000000  728.74876  9.47%  1482  360s
* 1919  1868              67     764.0000000  728.74876  4.61%  1459  360s
* 1933  1868              62     739.0000000  728.74876  1.39%  1454  360s
  2029  1633     cutoff   54       739.00000  728.89953  1.37%  1415  367s
  2225  1631  734.87929    8   61  739.00000  729.67804  1.26%  1362  372s
  2376  1595  736.80026   11   46  739.00000  729.67804  1.26%  1328  376s
  2560  1598  737.96495   13   50  739.00000  729.67804  1.26%  1291  393s
  2611  1550     cutoff   13       739.00000  730.61697  1.13%  1285  397s
  2841  1498     cutoff   11       739.00000  730.62509  1.13%  1236  402s
  3063  1474  737.13028   11   54  739.00000  731.47008  1.02%  1201  407s
  3137  1402     cutoff   11       739.00000  731.47008  1.02%  1191  412s
* 3199  1402              22     738.0000000  731.47008  0.88%  1188  412s
  3393   944  735.78720   10   65  738.00000  731.91099  0.83%  1143  416s
* 3733   944              24     737.0000000  733.06020  0.53%  1057  416s
  4672     0     cutoff   10       737.00000  735.10337  0.26%   852  420s

Cutting planes:
  Gomory: 19
  Cover: 8
  Implied bound: 150
  Clique: 1
  MIR: 156
  Flow cover: 75
  GUB cover: 1
  Inf proof: 1
  Zero half: 98
  Network: 2
  RLT: 8
  Relax-and-lift: 9

Explored 4889 nodes (4090646 simplex iterations) in 420.75 seconds (387.30 work units)
Thread count was 32 (of 128 available processors)

Solution count 10: 737 738 739 ... 930

Optimal solution found (tolerance 1.00e-04)
Best objective 7.370000000000e+02, best bound 7.370000000000e+02, gap 0.0000%
