l002.ib.bridges2.psc.edu
2024-11-20 16:20:36.515703
Set parameter Username
Set parameter LicenseID to value 762805
Set parameter TokenServer to value "br017.ib.bridges2.psc.edu"
Set parameter LogFile to value "result300/grblog_l002.ib.bridges2.psc.edu_RelaxFalse_N-1_PSPS_SpanFalse_PFlow_Lazy0_300_inst21.txt"
Gurobi Optimizer version 11.0.2 build v11.0.2rc0 (linux64 - "Red Hat Enterprise Linux 8.10 (Ootpa)")

CPU model: AMD EPYC 7742 64-Core Processor, instruction set [SSE2|AVX|AVX2]
Thread count: 128 physical cores, 128 logical processors, using up to 32 threads

Optimize a model with 627554 rows, 510129 columns and 2475289 nonzeros
Model fingerprint: 0x746ae2d5
Variable types: 509418 continuous, 711 integer (711 binary)
Coefficient statistics:
  Matrix range     [3e-01, 2e+03]
  Objective range  [1e+00, 1e+01]
  Bounds range     [1e+00, 1e+00]
  RHS range        [1e+00, 1e+04]
Presolve removed 275812 rows and 218557 columns (presolve time = 5s) ...
Presolve removed 313210 rows and 227567 columns (presolve time = 10s) ...
Presolve removed 313305 rows and 227572 columns
Presolve time: 12.42s
Presolved: 314249 rows, 282557 columns, 1398429 nonzeros
Variable types: 282113 continuous, 444 integer (444 binary)
Deterministic concurrent LP optimizer: primal simplex, dual simplex, and barrier
Showing barrier log only...

Root barrier log...

Ordering time: 0.15s

Barrier statistics:
 Dense cols : 442
 AA' NZ     : 1.359e+06
 Factor NZ  : 1.042e+07 (roughly 300 MB of memory)
 Factor Ops : 1.350e+09 (less than 1 second per iteration)
 Threads    : 29

                  Objective                Residual
Iter       Primal          Dual         Primal    Dual     Compl     Time
   0   3.91711995e+04 -1.20090910e+06  3.81e+03 4.17e-01  1.04e+02    15s
   1   3.89975538e+04 -1.19104035e+06  3.26e+03 2.97e+00  9.04e+01    16s
   2   3.74985703e+04 -1.18139391e+06  2.75e+03 2.14e+00  7.48e+01    16s
   3   3.67143975e+04 -1.16741164e+06  2.31e+03 1.72e+00  5.99e+01    16s
   4   3.19586554e+04 -1.16052211e+06  1.64e+03 1.47e+00  4.37e+01    16s
   5   2.10482807e+04 -1.15583588e+06  1.11e+03 5.60e-02  2.89e+01    16s
   6   3.35855491e+03 -1.07343833e+06  6.40e+01 2.09e-10  2.85e+00    17s
   7   2.69492765e+03 -3.97089981e+05  2.67e+01 1.17e-10  7.86e-01    17s
   8   2.41662808e+03 -1.81713425e+05  1.15e+01 2.64e-11  2.94e-01    17s
   9   2.32751530e+03 -7.27950732e+04  6.75e+00 4.67e-11  1.11e-01    17s
  10   2.25030001e+03 -3.59986612e+04  3.02e+00 1.42e-11  5.18e-02    18s
  11   2.19201361e+03 -2.33744579e+04  1.21e+00 5.00e-12  3.30e-02    18s
  12   2.12611728e+03 -1.21168716e+04  4.67e-01 2.16e-12  1.80e-02    18s
  13   2.08239170e+03 -1.07127264e+04  3.51e-01 2.05e-12  1.61e-02    18s
  14   1.93339285e+03 -7.79632191e+03  2.21e-01 1.42e-12  1.22e-02    18s
  15   1.81814387e+03 -5.21057599e+03  1.54e-01 1.08e-12  8.81e-03    19s
  16   1.74004499e+03 -4.39865635e+03  1.30e-01 9.81e-13  7.69e-03    19s

Barrier performed 16 iterations in 18.87 seconds (12.83 work units)
Barrier solve interrupted - model solved by another algorithm

Concurrent spin time: 1.42s (can be avoided by choosing Method=3)

Solved with dual simplex

Root simplex log...

Iteration    Objective       Primal Inf.    Dual Inf.      Time
   31827    5.3359517e+02   0.000000e+00   0.000000e+00     19s

Root relaxation: objective 5.335952e+02, 31827 iterations, 6.04 seconds (3.79 work units)
Total elapsed time = 20.57s (DegenMoves)

    Nodes    |    Current Node    |     Objective Bounds      |     Work
 Expl Unexpl |  Obj  Depth IntInf | Incumbent    BestBd   Gap | It/Node Time

     0     0  533.59517    0  115          -  533.59517      -     -   22s
H    0     0                     881.0000000  533.59517  39.4%     -   23s
H    0     0                     879.0000000  533.59517  39.3%     -   24s
H    0     0                     874.0000000  533.59517  38.9%     -   25s
H    0     0                     794.0000000  533.59517  32.8%     -   25s
     0     0  622.21439    0  119  794.00000  622.21439  21.6%     -   34s
     0     0  627.08507    0  135  794.00000  627.08507  21.0%     -   41s
     0     0  627.08507    0  120  794.00000  627.08507  21.0%     -   41s
     0     0  655.37378    0  132  794.00000  655.37378  17.5%     -   52s
     0     0  661.20705    0  145  794.00000  661.20705  16.7%     -   62s
     0     0  662.20513    0  141  794.00000  662.20513  16.6%     -   67s
     0     0  662.20513    0  141  794.00000  662.20513  16.6%     -   67s
     0     0  663.50845    0  136  794.00000  663.50845  16.4%     -   71s
     0     0  663.63886    0  139  794.00000  663.63886  16.4%     -   75s
     0     0  663.64595    0  139  794.00000  663.64595  16.4%     -   75s
     0     0  663.74557    0  131  794.00000  663.74557  16.4%     -   78s
     0     0  664.80584    0  130  794.00000  664.80584  16.3%     -   82s
     0     0  664.80584    0  130  794.00000  664.80584  16.3%     -   83s
     0     0  664.80584    0  131  794.00000  664.80584  16.3%     -   89s
     0     0  664.80584    0  129  794.00000  664.80584  16.3%     -   92s
     0     0  664.80584    0  132  794.00000  664.80584  16.3%     -   94s
     0     0  665.54995    0  132  794.00000  665.54995  16.2%     -   96s
     0     0  665.54995    0  132  794.00000  665.54995  16.2%     -   98s
     0     0  666.54048    0  132  794.00000  666.54048  16.1%     -  105s
     0     2  666.54048    0  132  794.00000  666.54048  16.1%     -  123s
     1     2 infeasible    1       794.00000  666.54048  16.1% 10472  129s
     3     4  674.07703    2  133  794.00000  666.63634  16.0%  6386  135s
     5     8  676.87265    3  125  794.00000  669.27344  15.7%  5071  140s
     9    16  693.25203    4  124  794.00000  669.83615  15.6%  4190  148s
    17    30  694.12377    5  103  794.00000  672.04159  15.4%  5996  186s
    33    60  701.97501    6  120  794.00000  679.90130  14.4% 13003  199s
    63    90     cutoff    7       794.00000  682.64247  14.0%  8180  210s
    95   122  727.76206    8   56  794.00000  682.64247  14.0%  6165  218s
   127   152  729.82112    9   48  794.00000  683.87484  13.9%  5269  225s
   159   184  734.00305   10   50  794.00000  683.89247  13.9%  4605  230s
   191   215  734.97294   11   50  794.00000  683.89247  13.9%  4012  237s
H  194   215                     724.0000000  683.89247  5.54%  3963  237s
H  196   215                     717.0000000  683.89247  4.62%  3935  237s
H  208   215                     708.0000000  683.89247  3.41%  3779  237s
   223   204     cutoff   12       708.00000  683.89247  3.41%  3575  242s
   290   210     cutoff   10       708.00000  683.89247  3.41%  2811  249s
   345   253  691.67120   12   77  708.00000  683.89247  3.41%  2487  253s
   408   283  692.81679   13   73  708.00000  683.89247  3.41%  2316  256s
   519   348  702.10583   15   18  708.00000  683.89247  3.41%  2181  262s
   586   380  702.13881   16   21  708.00000  683.89247  3.41%  2060  267s
   646   390  703.41589   19   12  708.00000  683.89247  3.41%  1992  273s
H  650   390                     706.0000000  683.89247  3.13%  1980  273s
   698   388  704.30504   23   12  706.00000  683.89247  3.13%  1947  278s
   787   399     cutoff   26       706.00000  685.31062  2.93%  1881  288s
H  790   399                     703.0000000  685.31062  2.52%  1874  288s
H  792   399                     701.0000000  685.31062  2.24%  1871  289s
   827   390 infeasible    9       701.00000  685.31062  2.24%  1866  294s
   927   417  694.55385   11   53  701.00000  685.31062  2.24%  1766  299s
   998   428  695.80385   12   60  701.00000  685.31062  2.24%  1782  304s
  1080   447     cutoff   13       701.00000  686.62542  2.05%  1760  308s
  1171   451  697.72239    8   73  701.00000  688.09493  1.84%  1742  312s
  1258   435     cutoff    8       701.00000  688.13655  1.84%  1727  317s
  1355   433  692.97965   10   69  701.00000  688.13655  1.84%  1710  323s
  1447   439  695.08297   13   58  701.00000  688.13655  1.84%  1704  330s
  1542   457  696.86038   15   42  701.00000  688.14247  1.83%  1718  337s
  1655   455  690.14247   11   94  701.00000  689.14247  1.69%  1698  344s
  1766   463  693.78733   13   75  701.00000  689.14247  1.69%  1698  349s
* 1779   463              29     700.0000000  689.14247  1.55%  1696  349s
* 1795   463              29     699.0000000  689.14247  1.41%  1692  349s
  1911   405     cutoff   15       699.00000  689.14247  1.41%  1658  357s
  2052   374  696.60766   14   56  699.00000  689.14247  1.41%  1629  362s
  2192   283     cutoff   16       699.00000  689.27350  1.39%  1608  369s
  2393   135  692.62065   10   43  699.00000  691.67234  1.05%  1546  376s
  2626    28     cutoff   11       699.00000  692.19467  0.97%  1445  382s
  2792    12  694.27004   11   55  699.00000  693.49138  0.79%  1385  386s
  2840     1     cutoff   15       699.00000  694.64960  0.62%  1378  392s

Cutting planes:
  Gomory: 27
  Cover: 15
  Implied bound: 133
  MIR: 106
  Flow cover: 41
  Inf proof: 9
  Zero half: 102
  Mod-K: 1
  RLT: 14
  Relax-and-lift: 2

Explored 2849 nodes (4040692 simplex iterations) in 392.57 seconds (403.19 work units)
Thread count was 32 (of 128 available processors)

Solution count 10: 699 700 701 ... 874

Optimal solution found (tolerance 1.00e-04)
Best objective 6.990000000000e+02, best bound 6.990000000000e+02, gap 0.0000%
True
Set parameter LogFile to value "result300/grblog_l002.ib.bridges2.psc.edu_RelaxFalse_N-1_PSPS_SpanFalse_PFlow_Lazy0_300_inst22.txt"
Gurobi Optimizer version 11.0.2 build v11.0.2rc0 (linux64 - "Red Hat Enterprise Linux 8.10 (Ootpa)")

CPU model: AMD EPYC 7742 64-Core Processor, instruction set [SSE2|AVX|AVX2]
Thread count: 128 physical cores, 128 logical processors, using up to 32 threads

Optimize a model with 627554 rows, 510129 columns and 2475289 nonzeros
Model fingerprint: 0x5a41f61f
Variable types: 509418 continuous, 711 integer (711 binary)
Coefficient statistics:
  Matrix range     [3e-01, 2e+03]
  Objective range  [1e+00, 1e+01]
  Bounds range     [1e+00, 1e+00]
  RHS range        [1e+00, 1e+04]
Presolve removed 277122 rows and 220461 columns (presolve time = 5s) ...
Presolve removed 313121 rows and 227475 columns (presolve time = 10s) ...
Presolve removed 313305 rows and 227572 columns
Presolve time: 12.81s
Presolved: 314249 rows, 282557 columns, 1398429 nonzeros
Variable types: 282113 continuous, 444 integer (444 binary)
Deterministic concurrent LP optimizer: primal simplex, dual simplex, and barrier
Showing barrier log only...

Root barrier log...

Ordering time: 0.13s

Barrier statistics:
 Dense cols : 442
 AA' NZ     : 1.359e+06
 Factor NZ  : 1.042e+07 (roughly 300 MB of memory)
 Factor Ops : 1.350e+09 (less than 1 second per iteration)
 Threads    : 29

                  Objective                Residual
Iter       Primal          Dual         Primal    Dual     Compl     Time
   0   3.86743322e+04 -1.52153946e+06  3.81e+03 6.37e-01  1.32e+02    16s
   1   3.85914219e+04 -1.50908867e+06  3.26e+03 3.89e+00  1.14e+02    16s
   2   3.69328243e+04 -1.49716762e+06  2.76e+03 2.84e+00  9.50e+01    16s
   3   3.61088278e+04 -1.47870947e+06  2.29e+03 2.16e+00  7.51e+01    17s
   4   3.02314646e+04 -1.46697508e+06  1.66e+03 1.73e+00  5.48e+01    17s
   5   1.93017930e+04 -1.44814014e+06  1.05e+03 1.67e-11  3.33e+01    17s
   6   3.49180629e+03 -1.29712478e+06  7.48e+01 2.01e-10  3.69e+00    17s
   7   2.65138892e+03 -5.45325874e+05  2.54e+01 2.63e-10  1.04e+00    18s
   8   2.42646193e+03 -1.68730193e+05  1.27e+01 1.90e-10  2.82e-01    18s
   9   2.30443094e+03 -6.56464371e+04  6.00e+00 6.39e-11  9.88e-02    18s
  10   2.22613456e+03 -3.19631062e+04  2.38e+00 3.20e-11  4.56e-02    18s
  11   2.17569798e+03 -2.35629202e+04  1.22e+00 2.36e-11  3.32e-02    18s
  12   2.10926077e+03 -1.37142189e+04  4.48e-01 1.39e-11  2.00e-02    19s
  13   2.00338041e+03 -1.01868786e+04  2.66e-01 1.06e-11  1.53e-02    19s
  14   1.91384747e+03 -7.25637176e+03  2.07e-01 7.86e-12  1.15e-02    19s
  15   1.81842908e+03 -5.15848217e+03  1.58e-01 5.85e-12  8.74e-03    19s
  16   1.68134736e+03 -4.78877465e+03  1.28e-01 5.47e-12  8.10e-03    19s
  17   1.54325325e+03 -2.97725349e+03  9.57e-02 3.78e-12  5.66e-03    20s
  18   1.40411513e+03 -1.91889800e+03  7.63e-02 2.64e-12  4.16e-03    20s
  19   1.19930316e+03 -1.11976888e+03  5.10e-02 3.17e-12  2.90e-03    20s
  20   1.09821216e+03 -5.53024498e+02  4.21e-02 2.47e-12  2.06e-03    20s

Barrier performed 20 iterations in 20.43 seconds (13.68 work units)
Barrier solve interrupted - model solved by another algorithm

Concurrent spin time: 0.09s

Solved with dual simplex

Root simplex log...

Iteration    Objective       Primal Inf.    Dual Inf.      Time
   36041    5.7423651e+02   0.000000e+00   0.000000e+00     21s

Root relaxation: objective 5.742365e+02, 36041 iterations, 7.11 seconds (4.17 work units)

    Nodes    |    Current Node    |     Objective Bounds      |     Work
 Expl Unexpl |  Obj  Depth IntInf | Incumbent    BestBd   Gap | It/Node Time

     0     0  574.23651    0  104          -  574.23651      -     -   23s
H    0     0                     899.0000000  574.23651  36.1%     -   23s
H    0     0                     895.0000000  574.23651  35.8%     -   24s
H    0     0                     894.0000000  574.23651  35.8%     -   24s
H    0     0                     829.0000000  574.23651  30.7%     -   25s
     0     0  664.76720    0  153  829.00000  664.76720  19.8%     -   32s
     0     0  706.27664    0  123  829.00000  706.27664  14.8%     -   44s
     0     0  708.01275    0  165  829.00000  708.01275  14.6%     -   50s
     0     0  708.12205    0  162  829.00000  708.12205  14.6%     -   52s
     0     0  719.58278    0  116  829.00000  719.58278  13.2%     -   59s
     0     0  723.89443    0  128  829.00000  723.89443  12.7%     -   64s
     0     0  723.89443    0  137  829.00000  723.89443  12.7%     -   65s
     0     0  724.09493    0  132  829.00000  724.09493  12.7%     -   69s
     0     0  726.82502    0  142  829.00000  726.82502  12.3%     -   71s
     0     0  726.82502    0  142  829.00000  726.82502  12.3%     -   72s
     0     0  726.82658    0  130  829.00000  726.82658  12.3%     -   74s
     0     0  726.90241    0  130  829.00000  726.90241  12.3%     -   76s
     0     0  726.90241    0  130  829.00000  726.90241  12.3%     -   77s
     0     0  726.90241    0  130  829.00000  726.90241  12.3%     -   77s
     0     0  727.00197    0  140  829.00000  727.00197  12.3%     -   80s
     0     0  727.14642    0  140  829.00000  727.14642  12.3%     -   83s
     0     0  727.50185    0  140  829.00000  727.50185  12.2%     -   86s
     0     0  727.57536    0  153  829.00000  727.57536  12.2%     -   89s
     0     0  727.59998    0  153  829.00000  727.59998  12.2%     -   90s
     0     0  727.59998    0  153  829.00000  727.59998  12.2%     -   90s
     0     0  727.73123    0  146  829.00000  727.73123  12.2%     -   93s
     0     0  728.34811    0  146  829.00000  728.34811  12.1%     -   95s
     0     0  728.34811    0  140  829.00000  728.34811  12.1%     -   98s
     0     0  728.34811    0  140  829.00000  728.34811  12.1%     -  100s
     0     0  728.34811    0  140  829.00000  728.34811  12.1%     -  102s
     0     0  728.34811    0  140  829.00000  728.34811  12.1%     -  107s
     0     0  728.34811    0  140  829.00000  728.34811  12.1%     -  109s
     0     0  728.34811    0  135  829.00000  728.34811  12.1%     -  112s
     0     0  729.31680    0  135  829.00000  729.31680  12.0%     -  115s
     0     0  729.31680    0  135  829.00000  729.31680  12.0%     -  117s
     0     0  729.31680    0  131  829.00000  729.31680  12.0%     -  129s
     0     2  729.81680    0  131  829.00000  729.81680  12.0%     -  147s
     1     4  733.98386    1  105  829.00000  729.81680  12.0%  6142  152s
     3     8  734.70894    2   97  829.00000  731.89151  11.7%  4359  158s
     7    16  736.04228    3   93  829.00000  733.53760  11.5%  3137  164s
    15    31  801.33453    4  105  829.00000  735.51199  11.3%  2782  173s
    31    60  814.68729    5   89  829.00000  735.64992  11.3%  4509  184s
    62    90  817.44366    6   78  829.00000  738.65817  10.9%  3519  198s
    94   113     cutoff    7       829.00000  739.39019  10.8%  3542  212s
   126   134 infeasible    7       829.00000  739.39019  10.8%  3417  223s
   158   161  764.44204    8   88  829.00000  739.39019  10.8%  3317  229s
   190   197  764.95738    9   87  829.00000  739.39019  10.8%  3116  240s
H  219   197                     817.0000000  739.39019  9.50%  2958  240s
   232   221  777.06148   11   63  817.00000  739.39019  9.50%  2922  255s
   274   248 infeasible   12       817.00000  739.39019  9.50%  2813  261s
   317   288  784.86745   13   44  817.00000  739.39019  9.50%  2754  266s
   366   328  785.50738   15   15  817.00000  739.39019  9.50%  2571  272s
   408   375  785.67605   16   53  817.00000  739.39019  9.50%  2455  280s
   459   417  790.95984   17   31  817.00000  739.39019  9.50%  2352  286s
   518   474  792.29700   18   41  817.00000  739.39019  9.50%  2224  290s
   582   531  792.45547   19   37  817.00000  739.39019  9.50%  2110  296s
   650   601  800.69836   21   13  817.00000  739.39019  9.50%  2020  302s
   722   679  803.09159   25   30  817.00000  739.39019  9.50%  1943  311s
   804   761  804.89197   28   36  817.00000  739.39019  9.50%  1854  316s
*  882   761              39     813.0000000  739.39019  9.05%  1752  316s
   895   851  804.98603   29   27  813.00000  739.39019  9.05%  1747  322s
  1000   937  807.35369   33    9  813.00000  739.39019  9.05%  1647  329s
* 1064   937              34     811.0000000  739.39019  8.83%  1583  329s
  1104  1017  808.51312   37    3  811.00000  739.39019  8.83%  1557  337s
* 1184  1017              38     810.0000000  739.39019  8.72%  1498  337s
  1217  1096  808.72032   40    5  810.00000  740.39019  8.59%  1479  342s
  1327  1195  758.08823    7   89  810.00000  740.39019  8.59%  1428  348s
* 1373  1195              41     807.0000000  740.39019  8.25%  1398  348s
* 1446  1195              49     801.0000000  740.39019  7.57%  1370  348s
  1449  1288  758.28115    9   81  801.00000  740.39019  7.57%  1368  355s
H 1474  1288                     790.0000000  740.39019  6.28%  1354  355s
* 1490  1288              49     778.0000000  740.39019  4.83%  1343  355s
  1580  1283  760.20000   12   67  778.00000  740.39019  4.83%  1317  361s
H 1598  1283                     776.0000000  740.39019  4.59%  1314  361s
H 1615  1283                     766.0000000  740.39019  3.34%  1313  362s
  1700  1258     cutoff   14       766.00000  740.39019  3.34%  1308  367s
H 1823  1265                     765.0000000  740.39019  3.22%  1320  374s
H 1826  1265                     759.0000000  740.39019  2.45%  1322  374s
  1868   999     cutoff   14       759.00000  746.43460  1.66%  1341  379s
  2172   821     cutoff    7       759.00000  747.45313  1.52%  1193  384s
  2425   577     cutoff    9       759.00000  748.37011  1.40%  1104  389s
* 2685   577              23     758.0000000  748.37011  1.27%  1010  389s
  2758   142  756.20766    8   66  758.00000  752.81793  0.68%   987  393s
* 2900   142              23     757.0000000  755.09314  0.25%   946  393s
  3215     5  755.43765   17   15  757.00000  755.09314  0.25%   855  396s
* 3345     0              20     756.0000000  756.00000  0.00%   822  397s

Cutting planes:
  Gomory: 16
  Cover: 2
  Implied bound: 121
  MIR: 172
  Flow cover: 93
  Inf proof: 6
  Zero half: 101
  RLT: 9
  Relax-and-lift: 1

Explored 3352 nodes (2902248 simplex iterations) in 397.34 seconds (356.43 work units)
Thread count was 32 (of 128 available processors)

Solution count 10: 756 757 758 ... 801

Optimal solution found (tolerance 1.00e-04)
Best objective 7.560000000000e+02, best bound 7.560000000000e+02, gap 0.0000%
True
Set parameter LogFile to value "result300/grblog_l002.ib.bridges2.psc.edu_RelaxFalse_N-1_PSPS_SpanFalse_PFlow_Lazy0_300_inst23.txt"
Gurobi Optimizer version 11.0.2 build v11.0.2rc0 (linux64 - "Red Hat Enterprise Linux 8.10 (Ootpa)")

CPU model: AMD EPYC 7742 64-Core Processor, instruction set [SSE2|AVX|AVX2]
Thread count: 128 physical cores, 128 logical processors, using up to 32 threads

Optimize a model with 627554 rows, 510129 columns and 2475289 nonzeros
Model fingerprint: 0x2d7d26e9
Variable types: 509418 continuous, 711 integer (711 binary)
Coefficient statistics:
  Matrix range     [3e-01, 2e+03]
  Objective range  [1e+00, 1e+01]
  Bounds range     [1e+00, 1e+00]
  RHS range        [1e+00, 1e+04]
Presolve removed 280193 rows and 221212 columns (presolve time = 5s) ...
Presolve removed 313303 rows and 227573 columns (presolve time = 10s) ...
Presolve removed 313305 rows and 227572 columns
Presolve time: 10.83s
Presolved: 314249 rows, 282557 columns, 1398429 nonzeros
Variable types: 282113 continuous, 444 integer (444 binary)
Deterministic concurrent LP optimizer: primal simplex, dual simplex, and barrier
Showing barrier log only...

Root barrier log...

Ordering time: 0.13s

Barrier statistics:
 Dense cols : 442
 AA' NZ     : 1.359e+06
 Factor NZ  : 1.042e+07 (roughly 300 MB of memory)
 Factor Ops : 1.350e+09 (less than 1 second per iteration)
 Threads    : 29

                  Objective                Residual
Iter       Primal          Dual         Primal    Dual     Compl     Time
   0   3.53083930e+04 -1.09328954e+06  3.81e+03 4.37e-01  9.50e+01    13s
   1   3.52828943e+04 -1.08429613e+06  3.26e+03 2.70e+00  8.23e+01    14s
   2   3.37569208e+04 -1.07650139e+06  2.77e+03 2.03e+00  6.89e+01    14s
   3   3.30283115e+04 -1.06318460e+06  2.30e+03 1.27e+00  5.46e+01    14s
   4   2.85533396e+04 -1.06823890e+06  1.88e+03 9.13e-01  4.49e+01    14s
   5   2.07381966e+04 -1.06242730e+06  1.15e+03 7.09e-03  2.70e+01    15s
   6   3.15458489e+03 -1.00062970e+06  5.78e+01 2.90e-10  2.50e+00    15s
   7   2.52112900e+03 -3.33266704e+05  2.10e+01 3.80e-10  6.11e-01    15s
   8   2.20968746e+03 -1.15295615e+05  3.31e+00 3.00e-10  1.59e-01    15s
   9   2.18033529e+03 -5.53762357e+04  1.81e+00 1.43e-10  7.52e-02    16s
  10   2.15821240e+03 -2.62893480e+04  9.35e-01 6.67e-11  3.64e-02    16s
  11   2.13409004e+03 -1.85280345e+04  4.12e-01 4.74e-11  2.61e-02    16s
  12   2.11921750e+03 -1.50664557e+04  2.83e-01 3.91e-11  2.16e-02    16s
  13   2.08690371e+03 -1.19118200e+04  1.65e-01 3.16e-11  1.75e-02    16s
  14   2.00469743e+03 -8.78097056e+03  8.45e-02 2.40e-11  1.35e-02    17s
  15   1.79949253e+03 -6.41882428e+03  5.19e-02 1.82e-11  1.03e-02    17s
  16   1.67531498e+03 -4.11026833e+03  4.13e-02 1.25e-11  7.22e-03    17s
  17   1.43266853e+03 -3.07600755e+03  2.85e-02 9.81e-12  5.63e-03    17s
  18   1.27163414e+03 -1.54344447e+03  2.21e-02 5.85e-12  3.51e-03    17s
  19   1.14531017e+03 -1.05475223e+03  1.81e-02 4.54e-12  2.75e-03    18s

Barrier performed 19 iterations in 17.68 seconds (13.45 work units)
Barrier solve interrupted - model solved by another algorithm

Concurrent spin time: 1.52s (can be avoided by choosing Method=3)

Solved with dual simplex

Root simplex log...

Iteration    Objective       Primal Inf.    Dual Inf.      Time
   38751    5.3158450e+02   0.000000e+00   0.000000e+00     18s

Root relaxation: objective 5.315845e+02, 38751 iterations, 6.44 seconds (4.32 work units)
Total elapsed time = 20.05s (DegenMoves)

    Nodes    |    Current Node    |     Objective Bounds      |     Work
 Expl Unexpl |  Obj  Depth IntInf | Incumbent    BestBd   Gap | It/Node Time

     0     0  531.58450    0  106          -  531.58450      -     -   20s
H    0     0                     836.0000000  531.58450  36.4%     -   21s
H    0     0                     834.0000000  531.58450  36.3%     -   21s
     0     0  625.63877    0  133  834.00000  625.63877  25.0%     -   29s
     0     0  627.54289    0  152  834.00000  627.54289  24.8%     -   37s
     0     0  627.54289    0  152  834.00000  627.54289  24.8%     -   37s
     0     0  650.96575    0  149  834.00000  650.96575  21.9%     -   45s
     0     0  652.49129    0  152  834.00000  652.49129  21.8%     -   49s
     0     0  659.35872    0  124  834.00000  659.35872  20.9%     -   55s
     0     0  659.83226    0  131  834.00000  659.83226  20.9%     -   58s
     0     0  661.10002    0  119  834.00000  661.10002  20.7%     -   62s
H    0     0                     808.0000000  661.38010  18.1%     -   64s
     0     0  661.38010    0  119  808.00000  661.38010  18.1%     -   65s
     0     0  661.38010    0  119  808.00000  661.38010  18.1%     -   65s
     0     0  661.39368    0  121  808.00000  661.39368  18.1%     -   68s
     0     0  661.66422    0  123  808.00000  661.66422  18.1%     -   71s
     0     0  661.66422    0  123  808.00000  661.66422  18.1%     -   71s
     0     0  661.66422    0  123  808.00000  661.66422  18.1%     -   73s
     0     0  661.66422    0  123  808.00000  661.66422  18.1%     -   75s
     0     0  661.66422    0  125  808.00000  661.66422  18.1%     -   77s
     0     0  661.66422    0  125  808.00000  661.66422  18.1%     -   81s
     0     0  663.05481    0  120  808.00000  663.05481  17.9%     -   89s
H    0     0                     746.0000000  663.05481  11.1%     -  103s
     0     2  663.05481    0  120  746.00000  663.05481  11.1%     -  109s
     1     4  663.05481    1  134  746.00000  663.05481  11.1%  4479  116s
     3     8  665.47854    2  128  746.00000  663.05481  11.1%  4561  122s
     7    16  667.34863    3  125  746.00000  664.39213  10.9%  3548  128s
    15    26     cutoff    4       746.00000  667.90442  10.5%  2243  139s
    31    46  681.23489    5   62  746.00000  668.69863  10.4%  2683  151s
    57    73  681.62437    6   46  746.00000  673.66283  9.70%  2909  159s
    89   101  688.58973    7   48  746.00000  673.66283  9.70%  2571  168s
   121   133  690.49245    8   34  746.00000  673.66283  9.70%  2326  176s
   153   165  691.47849    9   63  746.00000  673.66283  9.70%  2204  185s
   185   200  693.40324   10   19  746.00000  673.66283  9.70%  2194  190s
   220   243  693.41956   11    7  746.00000  673.66283  9.70%  2173  199s
   225   243  691.40131   11   54  746.00000  673.66283  9.70%  2152  200s
   263   284  693.45067   13   11  746.00000  673.66283  9.70%  2113  206s
   304   324  696.46127   15   11  746.00000  673.66283  9.70%  2131  212s
   347   375  696.55262   16    6  746.00000  673.66283  9.70%  2086  216s
   398   418  696.64086   17   30  746.00000  673.66283  9.70%  1991  221s
   447   459  696.66764   18    4  746.00000  673.66283  9.70%  1951  225s
H  502   505                     699.0000000  673.66283  3.62%  1886  234s
H  523   505                     693.0000000  673.66283  2.79%  1847  234s
   558   413     cutoff   23       693.00000  676.15521  2.43%  1817  238s
   676   418  688.50242    8   57  693.00000  680.88947  1.75%  1590  244s
   744   400  691.85222    7   96  693.00000  680.91073  1.74%  1572  249s
   821   373     cutoff    8       693.00000  680.91073  1.74%  1545  257s
H  822   373                     692.0000000  680.91073  1.60%  1543  257s
   885   308     cutoff    8       692.00000  681.73092  1.48%  1523  263s
   999   213  689.79791    9   69  692.00000  681.73092  1.48%  1431  267s
  1131    80     cutoff   10       692.00000  686.09315  0.85%  1311  271s
  1357     6     cutoff   11       692.00000  687.14879  0.70%  1136  276s
  1385     2  688.48028    9   92  692.00000  688.48028  0.51%  1123  280s

Cutting planes:
  Gomory: 17
  Cover: 9
  Implied bound: 136
  MIR: 119
  Flow cover: 34
  Inf proof: 5
  Zero half: 100
  RLT: 11
  Relax-and-lift: 1

Explored 1399 nodes (1673482 simplex iterations) in 281.44 seconds (265.13 work units)
Thread count was 32 (of 128 available processors)

Solution count 7: 692 693 699 ... 836

Optimal solution found (tolerance 1.00e-04)
Best objective 6.920000000000e+02, best bound 6.920000000000e+02, gap 0.0000%
True
Set parameter LogFile to value "result300/grblog_l002.ib.bridges2.psc.edu_RelaxFalse_N-1_PSPS_SpanFalse_PFlow_Lazy0_300_inst24.txt"
Gurobi Optimizer version 11.0.2 build v11.0.2rc0 (linux64 - "Red Hat Enterprise Linux 8.10 (Ootpa)")

CPU model: AMD EPYC 7742 64-Core Processor, instruction set [SSE2|AVX|AVX2]
Thread count: 128 physical cores, 128 logical processors, using up to 32 threads

Optimize a model with 627554 rows, 510129 columns and 2475289 nonzeros
Model fingerprint: 0xc37940b2
Variable types: 509418 continuous, 711 integer (711 binary)
Coefficient statistics:
  Matrix range     [3e-01, 2e+03]
  Objective range  [1e+00, 1e+01]
  Bounds range     [1e+00, 1e+00]
  RHS range        [1e+00, 1e+04]
Presolve removed 260959 rows and 218440 columns (presolve time = 5s) ...
Presolve removed 280250 rows and 221290 columns (presolve time = 10s) ...
Presolve removed 313303 rows and 227573 columns (presolve time = 15s) ...
Presolve removed 313305 rows and 227572 columns
Presolve time: 15.98s
Presolved: 314249 rows, 282557 columns, 1398429 nonzeros
Variable types: 282113 continuous, 444 integer (444 binary)
Deterministic concurrent LP optimizer: primal simplex, dual simplex, and barrier
Showing barrier log only...

Root barrier log...

Ordering time: 0.14s

Barrier statistics:
 Dense cols : 442
 AA' NZ     : 1.359e+06
 Factor NZ  : 1.042e+07 (roughly 300 MB of memory)
 Factor Ops : 1.350e+09 (less than 1 second per iteration)
 Threads    : 29

                  Objective                Residual
Iter       Primal          Dual         Primal    Dual     Compl     Time
   0   3.77794189e+04 -1.88171576e+06  3.81e+03 9.76e-01  1.63e+02    19s
   1   3.77148804e+04 -1.86633477e+06  3.26e+03 4.79e+00  1.42e+02    19s
   2   3.60640084e+04 -1.85030353e+06  2.75e+03 3.42e+00  1.16e+02    20s
   3   3.52605824e+04 -1.82843903e+06  2.30e+03 2.59e+00  9.29e+01    20s
   4   2.94427301e+04 -1.81491587e+06  1.68e+03 2.11e+00  6.83e+01    20s
   5   2.24044977e+04 -1.80123532e+06  1.15e+03 4.61e-01  4.62e+01    21s
   6   2.90175031e+03 -1.73197967e+06  3.61e+01 2.67e-10  3.50e+00    21s
   7   2.45325911e+03 -3.82163712e+05  1.12e+01 8.33e-10  6.01e-01    21s
   8   2.35023289e+03 -1.68375312e+05  5.71e+00 3.15e-10  2.42e-01    21s
   9   2.26608799e+03 -9.58264514e+04  1.56e+00 1.60e-10  1.27e-01    22s
  10   2.24536455e+03 -5.84785244e+04  7.14e-01 9.63e-11  7.71e-02    22s
  11   2.22925517e+03 -2.36630616e+04  3.00e-01 4.00e-11  3.25e-02    22s
  12   2.19693881e+03 -1.54557072e+04  1.67e-01 2.67e-11  2.21e-02    22s
  13   2.13757830e+03 -1.27494581e+04  1.19e-01 2.24e-11  1.86e-02    23s
  14   1.98890730e+03 -9.09175290e+03  6.49e-02 1.65e-11  1.38e-02    23s
  15   1.84983496e+03 -5.98137848e+03  4.63e-02 1.14e-11  9.78e-03    23s
  16   1.67677231e+03 -4.72877839e+03  3.45e-02 9.30e-12  8.00e-03    23s
  17   1.41701159e+03 -3.32088428e+03  2.27e-02 6.88e-12  5.91e-03    24s
  18   1.26221175e+03 -1.69034069e+03  1.75e-02 7.77e-12  3.69e-03    24s

Barrier performed 18 iterations in 24.01 seconds (13.22 work units)
Barrier solve interrupted - model solved by another algorithm

Concurrent spin time: 1.25s (can be avoided by choosing Method=3)

Solved with dual simplex

Root simplex log...

Iteration    Objective       Primal Inf.    Dual Inf.      Time
   39719    5.3913413e+02   0.000000e+00   0.000000e+00     24s

Root relaxation: objective 5.391341e+02, 39719 iterations, 7.50 seconds (4.15 work units)
Total elapsed time = 26.18s (DegenMoves)

    Nodes    |    Current Node    |     Objective Bounds      |     Work
 Expl Unexpl |  Obj  Depth IntInf | Incumbent    BestBd   Gap | It/Node Time

     0     0  539.13413    0  102          -  539.13413      -     -   28s
H    0     0                     840.0000000  539.13413  35.8%     -   29s
H    0     0                     830.0000000  539.13413  35.0%     -   29s
H    0     0                     802.0000000  539.13413  32.8%     -   32s
     0     0  626.78525    0  154  802.00000  626.78525  21.8%     -   42s
     0     0  630.81216    0  159  802.00000  630.81216  21.3%     -   48s
     0     0  671.59433    0  131  802.00000  671.59433  16.3%     -   54s
     0     0  672.47739    0  132  802.00000  672.47739  16.1%     -   55s
     0     0  683.28021    0  116  802.00000  683.28021  14.8%     -   63s
     0     0  683.85583    0  118  802.00000  683.85583  14.7%     -   70s
     0     0  685.56088    0  127  802.00000  685.56088  14.5%     -   76s
     0     0  686.14575    0  125  802.00000  686.14575  14.4%     -   82s
     0     0  686.14575    0  125  802.00000  686.14575  14.4%     -   83s
     0     0  686.47664    0  118  802.00000  686.47664  14.4%     -   87s
     0     0  686.67520    0  123  802.00000  686.67520  14.4%     -   94s
     0     0  686.68126    0  123  802.00000  686.68126  14.4%     -   94s
     0     0  686.68513    0  122  802.00000  686.68513  14.4%     -   98s
     0     0  687.87292    0  122  802.00000  687.87292  14.2%     -  102s
     0     0  687.87292    0  128  802.00000  687.87292  14.2%     -  106s
     0     0  687.87292    0  128  802.00000  687.87292  14.2%     -  110s
     0     0  687.87292    0  128  802.00000  687.87292  14.2%     -  113s
     0     0  687.87292    0  129  802.00000  687.87292  14.2%     -  115s
     0     0  687.87292    0  130  802.00000  687.87292  14.2%     -  118s
     0     0  687.87292    0  130  802.00000  687.87292  14.2%     -  121s
     0     0  687.87292    0  130  802.00000  687.87292  14.2%     -  123s
     0     0  687.89324    0  125  802.00000  687.89324  14.2%     -  131s
     0     2  689.41562    0  125  802.00000  689.41562  14.0%     -  145s
     1     4  698.59243    1   98  802.00000  689.41562  14.0%  7656  153s
     3     8  703.96697    2  103  802.00000  689.41562  14.0%  4431  159s
     7    15  704.38530    3  122  802.00000  693.28052  13.6%  4956  165s
    15    30  714.90526    4  115  802.00000  693.47161  13.5%  6526  194s
    30    55 infeasible    5       802.00000  694.17718  13.4% 12654  211s
H   35    55                     780.0000000  694.17718  11.0% 11119  211s
H   55    55                     774.0000000  696.10369  10.1%  8500  211s
    60    86  700.33970    6   49  774.00000  696.10369  10.1%  8006  217s
    92   113  703.51164    7   41  774.00000  696.10369  10.1%  6049  224s
   124   145  703.64052    8   45  774.00000  698.74988  9.72%  5011  229s
   156   171  703.84336    9   37  774.00000  698.74988  9.72%  4318  235s
   188   214  705.51694   10   38  774.00000  698.74988  9.72%  3937  240s
   282   297  709.38367   13   21  774.00000  698.74988  9.72%  3172  248s
   327   350  710.88367   14   18  774.00000  698.74988  9.72%  2953  251s
   386   400  711.63539   16    2  774.00000  698.74988  9.72%  2728  255s
   505   505  713.44517   19   12  774.00000  698.74988  9.72%  2450  263s
   569   564  714.50126   20    6  774.00000  698.74988  9.72%  2327  266s
   635   617  715.50126   21    1  774.00000  698.74988  9.72%  2216  270s
   804   758  718.01593   28    4  774.00000  698.74988  9.72%  1976  276s
   978   929  726.42158   32   29  774.00000  698.74988  9.72%  1815  283s
  1074   995  726.92158   33   29  774.00000  698.74988  9.72%  1725  290s
H 1113   995                     770.0000000  698.74988  9.25%  1698  290s
  1153  1068  727.36962   34   29  770.00000  698.74988  9.25%  1663  295s
  1371  1299  741.77234   38   16  770.00000  698.74988  9.25%  1537  302s
  1489  1405  745.88579   42    8  770.00000  698.74988  9.25%  1485  306s
* 1559  1405              56     743.0000000  698.74988  5.96%  1452  306s
  1607  1435     cutoff   46       743.00000  700.41837  5.73%  1436  313s
* 1637  1435              52     739.0000000  700.41837  5.22%  1423  313s
  1745  1490  701.27907    7   49  739.00000  700.41837  5.22%  1400  321s
H 1747  1490                     738.0000000  700.41837  5.09%  1399  321s
H 1749  1490                     717.0000000  700.41837  2.31%  1398  321s
H 1828  1490                     712.0000000  700.41837  1.63%  1391  321s
  1844  1432  704.09036    8   59  712.00000  700.41837  1.63%  1385  327s
  2024  1377  708.77028    9   49  712.00000  700.41837  1.63%  1338  331s
  2137  1318     cutoff    9       712.00000  700.41837  1.63%  1299  336s
  2311  1291  708.58238   10   41  712.00000  700.41837  1.63%  1263  341s
  2465  1213     cutoff   12       712.00000  700.41837  1.63%  1241  351s
* 2616  1213              20     711.0000000  700.41837  1.49%  1220  351s
  2664  1050  706.53802   11   27  711.00000  700.41837  1.49%  1201  361s
* 2711  1050              25     709.0000000  700.41837  1.21%  1200  361s
  2958   609     cutoff   12       709.00000  703.88870  0.72%  1125  464s
  3387    87     cutoff   10       709.00000  704.27767  0.67%   997  469s
  3935    15  707.36090   12   21  709.00000  705.20140  0.54%   869  474s
  4020    14  707.11434   11   31  709.00000  705.26855  0.53%   859  480s

Cutting planes:
  Gomory: 22
  Cover: 10
  Implied bound: 170
  MIR: 105
  Flow cover: 33
  GUB cover: 1
  Inf proof: 5
  Zero half: 86
  Network: 1
  RLT: 9

Explored 4066 nodes (3591039 simplex iterations) in 484.04 seconds (447.05 work units)
Thread count was 32 (of 128 available processors)

Solution count 10: 709 711 712 ... 780

Optimal solution found (tolerance 1.00e-04)
Best objective 7.090000000000e+02, best bound 7.090000000000e+02, gap 0.0000%
True
Set parameter LogFile to value "result300/grblog_l002.ib.bridges2.psc.edu_RelaxFalse_N-1_PSPS_SpanFalse_PFlow_Lazy0_300_inst25.txt"
Gurobi Optimizer version 11.0.2 build v11.0.2rc0 (linux64 - "Red Hat Enterprise Linux 8.10 (Ootpa)")

CPU model: AMD EPYC 7742 64-Core Processor, instruction set [SSE2|AVX|AVX2]
Thread count: 128 physical cores, 128 logical processors, using up to 32 threads

Optimize a model with 627554 rows, 510129 columns and 2475289 nonzeros
Model fingerprint: 0x95135eb0
Variable types: 509418 continuous, 711 integer (711 binary)
Coefficient statistics:
  Matrix range     [3e-01, 2e+03]
  Objective range  [1e+00, 1e+01]
  Bounds range     [1e+00, 1e+00]
  RHS range        [1e+00, 1e+04]
Presolve removed 275812 rows and 218492 columns (presolve time = 5s) ...
Presolve removed 287505 rows and 227353 columns (presolve time = 10s) ...
Presolve removed 313305 rows and 227572 columns
Presolve time: 14.43s
Presolved: 314249 rows, 282557 columns, 1398429 nonzeros
Variable types: 282113 continuous, 444 integer (444 binary)
Deterministic concurrent LP optimizer: primal simplex, dual simplex, and barrier
Showing barrier log only...

Root barrier log...

Ordering time: 0.15s

Barrier statistics:
 Dense cols : 442
 AA' NZ     : 1.359e+06
 Factor NZ  : 1.042e+07 (roughly 300 MB of memory)
 Factor Ops : 1.350e+09 (less than 1 second per iteration)
 Threads    : 29

                  Objective                Residual
Iter       Primal          Dual         Primal    Dual     Compl     Time
   0   3.62768042e+04 -1.62190439e+06  3.81e+03 7.64e-01  1.41e+02    18s
   1   3.62194173e+04 -1.60863061e+06  3.26e+03 4.10e+00  1.22e+02    18s
   2   3.46327238e+04 -1.59528714e+06  2.75e+03 2.94e+00  1.01e+02    18s
   3   3.39067082e+04 -1.57664706e+06  2.31e+03 2.30e+00  8.08e+01    18s
   4   2.94743341e+04 -1.56738610e+06  1.65e+03 1.97e+00  5.89e+01    19s
   5   1.95634198e+04 -1.56029632e+06  1.11e+03 7.04e-02  3.88e+01    19s
   6   3.19583270e+03 -1.44746373e+06  6.41e+01 1.71e-10  3.84e+00    19s
   7   2.58137110e+03 -5.35629308e+05  2.69e+01 1.21e-10  1.06e+00    19s
   8   2.29088008e+03 -2.40708036e+05  9.83e+00 3.68e-11  3.76e-01    20s
   9   2.23200419e+03 -1.23161736e+05  6.48e+00 5.42e-11  1.83e-01    20s
  10   2.16898048e+03 -4.40930824e+04  3.11e+00 5.85e-12  6.27e-02    20s
  11   2.13109112e+03 -3.16414764e+04  1.63e+00 6.76e-12  4.41e-02    20s
  12   2.09163940e+03 -2.25104433e+04  6.17e-01 4.95e-12  3.12e-02    21s
  13   2.02793290e+03 -1.26168484e+04  2.26e-01 2.81e-12  1.84e-02    21s
  14   1.91249149e+03 -1.04624966e+04  1.23e-01 2.39e-12  1.55e-02    21s
  15   1.76379983e+03 -6.70310585e+03  7.46e-02 1.66e-12  1.06e-02    21s
  16   1.65435439e+03 -4.25949704e+03  6.05e-02 1.04e-12  7.39e-03    21s
  17   1.38864180e+03 -2.98697658e+03  3.78e-02 2.56e-12  5.46e-03    22s
  18   1.20330980e+03 -1.90412639e+03  2.68e-02 6.02e-12  3.88e-03    22s
  19   1.10622991e+03 -9.69633296e+02  2.23e-02 2.76e-12  2.59e-03    22s
  20   9.88842830e+02 -7.39281898e+02  1.76e-02 1.84e-12  2.16e-03    22s
  21   9.20755244e+02 -3.18538608e+02  1.52e-02 1.87e-12  1.55e-03    23s
  22   8.53212651e+02 -1.22255581e+02  1.29e-02 1.88e-12  1.22e-03    23s
  23   8.04048986e+02 -7.92933001e+01  1.13e-02 1.43e-12  1.10e-03    23s
  24   7.74476469e+02  5.34617552e+01  1.03e-02 1.49e-12  9.00e-04    24s
  25   7.32641578e+02  1.51269239e+02  8.83e-03 1.78e-12  7.26e-04    24s
  26   6.89221387e+02  2.29742854e+02  7.17e-03 1.05e-12  5.74e-04    24s

Barrier performed 26 iterations in 24.03 seconds (15.04 work units)
Barrier solve interrupted - model solved by another algorithm

Concurrent spin time: 0.70s

Solved with dual simplex

Root simplex log...

Iteration    Objective       Primal Inf.    Dual Inf.      Time
   48412    5.1990020e+02   0.000000e+00   0.000000e+00     24s

Root relaxation: objective 5.199002e+02, 48412 iterations, 9.12 seconds (5.92 work units)
Total elapsed time = 26.21s (DegenMoves)

    Nodes    |    Current Node    |     Objective Bounds      |     Work
 Expl Unexpl |  Obj  Depth IntInf | Incumbent    BestBd   Gap | It/Node Time

     0     0  519.90020    0  102          -  519.90020      -     -   28s
H    0     0                     819.0000000  519.90020  36.5%     -   29s
H    0     0                     809.0000000  519.90020  35.7%     -   30s
H    0     0                     802.0000000  519.90020  35.2%     -   32s
H    0     0                     787.0000000  519.90020  33.9%     -   34s
     0     0  620.40205    0  169  787.00000  620.40205  21.2%     -   47s
     0     0  624.18780    0  169  787.00000  624.18780  20.7%     -   53s
     0     0  659.18605    0  142  787.00000  659.18605  16.2%     -   65s
     0     0  660.42350    0  139  787.00000  660.42350  16.1%     -   72s
     0     0  665.13400    0  123  787.00000  665.13400  15.5%     -   79s
     0     0  665.86167    0  121  787.00000  665.86167  15.4%     -   87s
     0     0  665.86167    0  121  787.00000  665.86167  15.4%     -   87s
     0     0  666.77563    0   95  787.00000  666.77563  15.3%     -   93s
     0     0  667.24059    0  109  787.00000  667.24059  15.2%     -   97s
     0     0  667.33253    0  106  787.00000  667.33253  15.2%     -   98s
     0     0  667.33253    0  106  787.00000  667.33253  15.2%     -   98s
     0     0  667.33253    0  106  787.00000  667.33253  15.2%     -  101s
     0     0  667.36207    0  106  787.00000  667.36207  15.2%     -  103s
     0     0  667.36207    0  106  787.00000  667.36207  15.2%     -  105s
     0     0  667.36207    0  106  787.00000  667.36207  15.2%     -  108s
     0     0  667.36207    0  104  787.00000  667.36207  15.2%     -  113s
     0     0  667.41475    0  104  787.00000  667.41475  15.2%     -  115s
     0     0  667.41475    0  106  787.00000  667.41475  15.2%     -  119s
     0     0  667.41475    0  106  787.00000  667.41475  15.2%     -  120s
     0     0  667.41475    0  106  787.00000  667.41475  15.2%     -  124s
     0     0  667.57663    0  109  787.00000  667.57663  15.2%     -  129s
     0     0  668.42790    0  109  787.00000  668.42790  15.1%     -  135s
     0     2  668.42790    0  109  787.00000  668.42790  15.1%     -  152s
     1     4  668.42790    1  103  787.00000  668.42790  15.1%   393  155s
     7    16  670.20403    3   83  787.00000  668.68968  15.0%  1167  164s
    15    32  671.56623    4   66  787.00000  668.99378  15.0%  1559  173s
    31    63  745.72136    5   93  787.00000  670.51356  14.8%  2645  182s
    63    93  750.53144    6   83  787.00000  674.43327  14.3%  2555  204s
    95   125  751.38383    6   83  787.00000  674.43327  14.3%  2241  214s
   127   157  754.24004    7   85  787.00000  674.43327  14.3%  2076  221s
   159   187  753.20464    7   77  787.00000  674.43327  14.3%  2021  229s
   191   225  756.74004    8   84  787.00000  674.43327  14.3%  1926  236s
   233   270  762.74004   10   80  787.00000  674.43327  14.3%  1922  242s
   282   324  765.00296   12   61  787.00000  674.43327  14.3%  1844  247s
   338   387  769.62970   14   50  787.00000  674.43327  14.3%  1801  252s
   405   443  771.49171   16   57  787.00000  674.43327  14.3%  1698  256s
   542   577  773.04884   18   47  787.00000  674.43327  14.3%  1609  261s
   611   658  783.89848   20   39  787.00000  674.43327  14.3%  1597  265s
   693   737  784.50888   21   40  787.00000  674.43327  14.3%  1524  270s
   884   944  705.17374   18   12  787.00000  674.43327  14.3%  1397  275s
  1072  1141  705.99542   20   38  787.00000  674.43327  14.3%  1316  285s
  1181  1239  707.17138   21   24  787.00000  674.43327  14.3%  1290  290s
  1404  1494  708.85588   26    1  787.00000  674.43327  14.3%  1212  297s
  1537  1636  706.32931   28    5  787.00000  674.43327  14.3%  1175  301s
  1685  1781  706.48816   33    4  787.00000  674.43327  14.3%  1123  305s
* 1821  1781              61     786.0000000  674.43327  14.2%  1071  305s
* 1837  1781              66     730.0000000  674.43327  7.61%  1067  305s
  1851  1830  710.62059   38    1  730.00000  674.43327  7.61%  1063  314s
* 1853  1830              57     721.0000000  674.43327  6.46%  1062  314s
* 1890  1830              56     715.0000000  674.43327  5.67%  1050  314s
  2039  1795  712.30190   37   14  715.00000  674.43327  5.67%  1020  319s
* 2051  1795              64     714.0000000  674.43327  5.54%  1026  319s
* 2068  1795              58     708.0000000  674.43327  4.74%  1026  319s
  2178  1821     cutoff   39       708.00000  677.72705  4.28%  1015  324s
* 2222  1821              57     703.0000000  677.72705  3.60%  1012  324s
  2327  1806  687.92813    7   79  703.00000  677.72705  3.60%  1015  332s
H 2328  1806                     696.0000000  677.72705  2.63%  1015  332s
H 2338  1806                     692.0000000  677.72705  2.06%  1018  332s
H 2390  1806                     687.0000000  677.72705  1.35%  1018  332s
  2435  1678     cutoff    8       687.00000  677.88174  1.33%  1020  337s
H 2672  1676                     685.0000000  679.98628  0.73%   978  345s
  3209   643  683.46018   16   14  685.00000  680.35458  0.68%   854  352s
  3862    43     cutoff   17       685.00000  680.96545  0.59%   714  356s
  4513     9  681.96545   13   46  685.00000  681.96545  0.44%   613  360s

Cutting planes:
  Gomory: 13
  Cover: 11
  Implied bound: 130
  MIR: 154
  Flow cover: 66
  GUB cover: 2
  Inf proof: 2
  Zero half: 102
  Mod-K: 1
  RLT: 6
  Relax-and-lift: 4

Explored 4537 nodes (2916775 simplex iterations) in 362.13 seconds (329.57 work units)
Thread count was 32 (of 128 available processors)

Solution count 10: 685 687 692 ... 730

Optimal solution found (tolerance 1.00e-04)
Best objective 6.850000000000e+02, best bound 6.850000000000e+02, gap 0.0000%
True
Set parameter LogFile to value "result300/grblog_l002.ib.bridges2.psc.edu_RelaxFalse_N-1_PSPS_SpanFalse_PFlow_Lazy0_300_inst26.txt"
Gurobi Optimizer version 11.0.2 build v11.0.2rc0 (linux64 - "Red Hat Enterprise Linux 8.10 (Ootpa)")

CPU model: AMD EPYC 7742 64-Core Processor, instruction set [SSE2|AVX|AVX2]
Thread count: 128 physical cores, 128 logical processors, using up to 32 threads

Optimize a model with 627554 rows, 510129 columns and 2475289 nonzeros
Model fingerprint: 0x33570c3a
Variable types: 509418 continuous, 711 integer (711 binary)
Coefficient statistics:
  Matrix range     [3e-01, 2e+03]
  Objective range  [1e+00, 1e+01]
  Bounds range     [1e+00, 1e+00]
  RHS range        [1e+00, 1e+04]
Presolve removed 277179 rows and 221208 columns (presolve time = 5s) ...
Presolve removed 313221 rows and 227569 columns (presolve time = 10s) ...
Presolve removed 313305 rows and 227572 columns
Presolve time: 12.11s
Presolved: 314249 rows, 282557 columns, 1398429 nonzeros
Variable types: 282113 continuous, 444 integer (444 binary)
Deterministic concurrent LP optimizer: primal simplex, dual simplex, and barrier
Showing barrier log only...

Root barrier log...

Ordering time: 0.14s

Barrier statistics:
 Dense cols : 442
 AA' NZ     : 1.359e+06
 Factor NZ  : 1.042e+07 (roughly 300 MB of memory)
 Factor Ops : 1.350e+09 (less than 1 second per iteration)
 Threads    : 29

                  Objective                Residual
Iter       Primal          Dual         Primal    Dual     Compl     Time
   0   3.83034557e+04 -1.71355523e+06  3.81e+03 1.01e+00  1.49e+02    15s
   1   3.82426131e+04 -1.69953520e+06  3.26e+03 4.32e+00  1.29e+02    16s
   2   3.66130543e+04 -1.68512890e+06  2.75e+03 3.07e+00  1.06e+02    16s
   3   3.57746451e+04 -1.66485085e+06  2.29e+03 2.36e+00  8.43e+01    16s
   4   2.95452829e+04 -1.65237058e+06  1.66e+03 1.91e+00  6.13e+01    17s
   5   2.25339505e+04 -1.63909716e+06  1.15e+03 3.82e-01  4.19e+01    17s
   6   2.97494167e+03 -1.57157434e+06  4.16e+01 1.95e-10  3.36e+00    17s
   7   2.44999315e+03 -4.27591787e+05  1.28e+01 2.37e-10  6.83e-01    17s
   8   2.31878716e+03 -2.27124956e+05  5.82e+00 1.06e-10  3.24e-01    18s
   9   2.26226989e+03 -9.82740643e+04  2.97e+00 3.57e-11  1.34e-01    18s
  10   2.22471587e+03 -4.92447666e+04  1.30e+00 1.83e-11  6.63e-02    18s
  11   2.19703875e+03 -2.76325767e+04  5.35e-01 1.03e-11  3.77e-02    18s
  12   2.16021708e+03 -1.52555309e+04  2.33e-01 5.76e-12  2.19e-02    18s
  13   2.09867466e+03 -1.47384815e+04  1.55e-01 5.62e-12  2.11e-02    19s
  14   1.97741682e+03 -8.88398849e+03  7.35e-02 3.41e-12  1.36e-02    19s
  15   1.85161383e+03 -6.15151516e+03  4.47e-02 2.47e-12  9.99e-03    19s
  16   1.73448939e+03 -4.42156141e+03  3.40e-02 1.83e-12  7.69e-03    19s
  17   1.46616258e+03 -2.54918849e+03  2.31e-02 1.11e-12  5.01e-03    19s
  18   1.33986259e+03 -2.23055109e+03  1.97e-02 9.98e-13  4.46e-03    19s
  19   1.21515231e+03 -1.38888425e+03  1.63e-02 7.03e-13  3.25e-03    20s
  20   1.06552597e+03 -1.10139809e+03  1.26e-02 6.00e-13  2.70e-03    20s

Barrier performed 20 iterations in 19.85 seconds (13.52 work units)
Barrier solve interrupted - model solved by another algorithm

Concurrent spin time: 1.30s (can be avoided by choosing Method=3)

Solved with dual simplex

Root simplex log...

Iteration    Objective       Primal Inf.    Dual Inf.      Time
   40276    5.4536770e+02   0.000000e+00   0.000000e+00     20s

Root relaxation: objective 5.453677e+02, 40276 iterations, 7.19 seconds (4.51 work units)
Total elapsed time = 21.60s (DegenMoves)

    Nodes    |    Current Node    |     Objective Bounds      |     Work
 Expl Unexpl |  Obj  Depth IntInf | Incumbent    BestBd   Gap | It/Node Time

     0     0  545.36770    0  131          -  545.36770      -     -   23s
H    0     0                     996.0000000  545.36770  45.2%     -   24s
H    0     0                     995.0000000  545.36770  45.2%     -   25s
H    0     0                     974.0000000  545.36770  44.0%     -   25s
     0     0  642.47139    0  165  974.00000  642.47139  34.0%     -   34s
     0     0  647.33319    0  163  974.00000  647.33319  33.5%     -   40s
     0     0  682.30026    0  163  974.00000  682.30026  29.9%     -   46s
     0     0  683.49546    0  163  974.00000  683.49546  29.8%     -   53s
     0     0  683.72819    0  166  974.00000  683.72819  29.8%     -   53s
     0     0  700.22042    0  147  974.00000  700.22042  28.1%     -   61s
H    0     0                     924.0000000  702.42276  24.0%     -   63s
     0     0  702.42276    0  158  924.00000  702.42276  24.0%     -   68s
     0     0  702.42276    0  158  924.00000  702.42276  24.0%     -   68s
     0     0  703.44901    0  154  924.00000  703.44901  23.9%     -   73s
     0     0  705.44224    0  153  924.00000  705.44224  23.7%     -   78s
     0     0  705.44224    0  153  924.00000  705.44224  23.7%     -   78s
     0     0  705.44224    0  153  924.00000  705.44224  23.7%     -   80s
     0     0  707.55017    0  154  924.00000  707.55017  23.4%     -   86s
     0     0  707.55017    0  154  924.00000  707.55017  23.4%     -   89s
     0     0  707.55017    0  147  924.00000  707.55017  23.4%     -   96s
     0     0  707.55017    0  149  924.00000  707.55017  23.4%     -   98s
     0     0  707.55017    0  150  924.00000  707.55017  23.4%     -  105s
     0     0  707.55017    0  150  924.00000  707.55017  23.4%     -  108s
     0     0  707.55017    0  153  924.00000  707.55017  23.4%     -  113s
     0     0  707.55017    0  153  924.00000  707.55017  23.4%     -  116s
     0     0  707.55017    0  155  924.00000  707.55017  23.4%     -  118s
     0     0  707.55017    0  155  924.00000  707.55017  23.4%     -  119s
     0     0  707.55017    0  154  924.00000  707.55017  23.4%     -  125s
     0     0  707.55017    0  155  924.00000  707.55017  23.4%     -  126s
     0     0  707.55017    0  155  924.00000  707.55017  23.4%     -  131s
     0     0  707.55017    0  154  924.00000  707.55017  23.4%     -  138s
     0     2  707.55017    0  154  924.00000  707.55017  23.4%     -  154s
     1     2 infeasible    1       924.00000  707.55017  23.4%  6338  161s
     3     4  717.89510    2  138  924.00000  717.89510  22.3%  4721  167s
     5     8  717.93217    3  129  924.00000  717.93217  22.3%  3922  173s
     9    12  720.61999    4  126  924.00000  718.40471  22.3%  3443  179s
    17    24  720.68778    5  112  924.00000  720.22502  22.1%  2541  187s
    29    47  722.18778    6  113  924.00000  721.18778  21.9%  2537  195s
    53    73 infeasible    7       924.00000  723.22689  21.7%  2216  205s
    85   105  727.28134    8   94  924.00000  723.22689  21.7%  1864  212s
   117   135  728.49831    9   66  924.00000  723.64110  21.7%  1680  221s
H  118   135                     817.0000000  723.64110  11.4%  1665  221s
H  121   135                     791.0000000  723.64110  8.52%  1640  221s
   149   167  729.49792   10   97  791.00000  723.64110  8.52%  1668  231s
   181   197  730.47827   11   79  791.00000  723.64110  8.52%  1725  241s
   214   241  731.08171   12   79  791.00000  723.64110  8.52%  1737  246s
   260   290  731.83975   14   67  791.00000  723.64110  8.52%  1793  251s
   313   339  731.91163   15   52  791.00000  723.64110  8.52%  1735  255s
   420   448  734.85433   18   46  791.00000  723.64110  8.52%  1644  265s
   476   494  736.78962   19   35  791.00000  723.64110  8.52%  1637  274s
   523   544  737.55250   21   19  791.00000  723.64110  8.52%  1703  280s
   575   595  738.55750   22   25  791.00000  723.64110  8.52%  1728  286s
   626   654  738.74039   23   30  791.00000  723.64110  8.52%  1730  291s
   689   706  743.04829   25   63  791.00000  723.64110  8.52%  1697  300s
   751   775  743.15068   26   67  791.00000  723.64110  8.52%  1658  306s
   828   837  743.83531   28   27  791.00000  723.64110  8.52%  1603  313s
H  833   837                     731.0000000  723.64110  1.01%  1602  313s
   899   742     cutoff   30       731.00000  723.83774  0.98%  1567  318s
  1078   682  725.99476    9   90  731.00000  723.87650  0.97%  1411  328s
  1214   578  727.17510   10   89  731.00000  723.87650  0.97%  1343  336s
  1390   479     cutoff   11       731.00000  724.83449  0.84%  1237  343s
  1550   376  725.84386    9   70  731.00000  724.93042  0.83%  1154  371s
  2007    13  729.28395   11   81  731.00000  726.24331  0.65%   932  378s

Cutting planes:
  Gomory: 23
  Cover: 11
  Implied bound: 111
  MIR: 220
  Flow cover: 75
  Inf proof: 4
  Zero half: 101
  RLT: 7
  Relax-and-lift: 5

Explored 2104 nodes (2005902 simplex iterations) in 379.45 seconds (341.03 work units)
Thread count was 32 (of 128 available processors)

Solution count 7: 731 791 817 ... 996

Optimal solution found (tolerance 1.00e-04)
Best objective 7.310000000000e+02, best bound 7.310000000000e+02, gap 0.0000%
True
Set parameter LogFile to value "result300/grblog_l002.ib.bridges2.psc.edu_RelaxFalse_N-1_PSPS_SpanFalse_PFlow_Lazy0_300_inst27.txt"
Gurobi Optimizer version 11.0.2 build v11.0.2rc0 (linux64 - "Red Hat Enterprise Linux 8.10 (Ootpa)")

CPU model: AMD EPYC 7742 64-Core Processor, instruction set [SSE2|AVX|AVX2]
Thread count: 128 physical cores, 128 logical processors, using up to 32 threads

Optimize a model with 627554 rows, 510129 columns and 2475289 nonzeros
Model fingerprint: 0x0ac55955
Variable types: 509418 continuous, 711 integer (711 binary)
Coefficient statistics:
  Matrix range     [3e-01, 2e+03]
  Objective range  [1e+00, 1e+01]
  Bounds range     [1e+00, 1e+00]
  RHS range        [1e+00, 1e+04]
Presolve removed 280193 rows and 221212 columns (presolve time = 5s) ...
Presolve removed 313303 rows and 227573 columns (presolve time = 10s) ...
Presolve removed 313305 rows and 227572 columns
Presolve time: 10.68s
Presolved: 314249 rows, 282557 columns, 1398429 nonzeros
Variable types: 282113 continuous, 444 integer (444 binary)
Deterministic concurrent LP optimizer: primal simplex, dual simplex, and barrier
Showing barrier log only...

Root barrier log...

Ordering time: 0.13s

Barrier statistics:
 Dense cols : 442
 AA' NZ     : 1.359e+06
 Factor NZ  : 1.042e+07 (roughly 300 MB of memory)
 Factor Ops : 1.350e+09 (less than 1 second per iteration)
 Threads    : 29

                  Objective                Residual
Iter       Primal          Dual         Primal    Dual     Compl     Time
   0   3.88976511e+04 -1.61274177e+06  3.81e+03 8.95e-01  1.40e+02    13s
   1   3.88153050e+04 -1.59951469e+06  3.26e+03 3.98e+00  1.21e+02    13s
   2   3.72335324e+04 -1.58639096e+06  2.75e+03 2.86e+00  1.00e+02    14s
   3   3.63371192e+04 -1.56636581e+06  2.26e+03 2.20e+00  7.84e+01    14s
   4   2.85771268e+04 -1.55383772e+06  1.54e+03 1.75e+00  5.40e+01    14s
   5   1.80458721e+04 -1.53454838e+06  9.29e+02 6.62e-11  3.16e+01    14s
   6   3.49218677e+03 -1.35889120e+06  7.04e+01 3.01e-10  3.76e+00    15s
   7   2.61439860e+03 -5.25021754e+05  2.06e+01 1.33e-10  9.48e-01    15s
   8   2.45289986e+03 -3.02725794e+05  1.18e+01 1.52e-10  4.84e-01    15s
   9   2.33316270e+03 -1.12353397e+05  5.34e+00 1.43e-10  1.63e-01    15s
  10   2.27419207e+03 -6.06705923e+04  2.48e+00 6.48e-11  8.36e-02    15s
  11   2.23349323e+03 -3.49577636e+04  1.01e+00 3.82e-11  4.76e-02    16s
  12   2.19941558e+03 -1.67368056e+04  3.94e-01 1.76e-11  2.39e-02    16s
  13   2.08773538e+03 -1.13512472e+04  7.32e-02 1.17e-11  1.68e-02    16s
  14   1.98319119e+03 -8.42065550e+03  4.15e-02 8.49e-12  1.30e-02    16s
  15   1.83788351e+03 -6.32154868e+03  2.59e-02 6.62e-12  1.02e-02    16s
  16   1.70707507e+03 -4.69828837e+03  1.90e-02 1.43e-11  7.99e-03    16s
  17   1.57237097e+03 -3.59848352e+03  1.44e-02 2.49e-12  6.45e-03    17s
  18   1.39913074e+03 -2.06465851e+03  1.09e-02 5.27e-11  4.32e-03    17s
  19   1.21771479e+03 -1.52109967e+03  8.10e-03 3.11e-11  3.42e-03    17s

Barrier performed 19 iterations in 17.22 seconds (13.46 work units)
Barrier solve interrupted - model solved by another algorithm

Concurrent spin time: 1.54s (can be avoided by choosing Method=3)

Solved with dual simplex

Root simplex log...

Iteration    Objective       Primal Inf.    Dual Inf.      Time
   34644    5.4261795e+02   0.000000e+00   0.000000e+00     17s

Root relaxation: objective 5.426179e+02, 34644 iterations, 6.15 seconds (4.34 work units)
Total elapsed time = 20.03s (DegenMoves)

    Nodes    |    Current Node    |     Objective Bounds      |     Work
 Expl Unexpl |  Obj  Depth IntInf | Incumbent    BestBd   Gap | It/Node Time

     0     0  542.61795    0  133          -  542.61795      -     -   20s
H    0     0                     964.0000000  542.61795  43.7%     -   21s
H    0     0                     962.0000000  542.61795  43.6%     -   22s
H    0     0                     960.0000000  542.61795  43.5%     -   23s
H    0     0                     810.0000000  542.61795  33.0%     -   23s
     0     0  631.11486    0  139  810.00000  631.11486  22.1%     -   32s
     0     0  676.02832    0  150  810.00000  676.02832  16.5%     -   44s
     0     0  677.43351    0  149  810.00000  677.43351  16.4%     -   46s
     0     0  684.04976    0  138  810.00000  684.04976  15.5%     -   53s
     0     0  685.30912    0  136  810.00000  685.30912  15.4%     -   58s
     0     0  685.33137    0  134  810.00000  685.33137  15.4%     -   58s
     0     0  686.54915    0  144  810.00000  686.54915  15.2%     -   62s
     0     0  687.14081    0  145  810.00000  687.14081  15.2%     -   64s
     0     0  687.40107    0  132  810.00000  687.40107  15.1%     -   67s
     0     0  691.77581    0  131  810.00000  691.77581  14.6%     -   69s
     0     0  691.77581    0  131  810.00000  691.77581  14.6%     -   71s
     0     0  691.77581    0  132  810.00000  691.77581  14.6%     -   73s
     0     0  691.77581    0  129  810.00000  691.77581  14.6%     -   75s
     0     0  691.77581    0  129  810.00000  691.77581  14.6%     -   76s
     0     0  691.77581    0  129  810.00000  691.77581  14.6%     -   78s
     0     0  691.77581    0  129  810.00000  691.77581  14.6%     -   80s
     0     0  691.77581    0  125  810.00000  691.77581  14.6%     -   83s
     0     0  691.77581    0  128  810.00000  691.77581  14.6%     -   84s
     0     0  691.77581    0  129  810.00000  691.77581  14.6%     -   84s
     0     0  691.77581    0  129  810.00000  691.77581  14.6%     -   86s
     0     0  692.13022    0  130  810.00000  692.13022  14.6%     -   88s
     0     0  692.13022    0  130  810.00000  692.13022  14.6%     -   90s
     0     0  692.13022    0  130  810.00000  692.13022  14.6%     -   91s
     0     0  692.13022    0  132  810.00000  692.13022  14.6%     -   93s
     0     0  692.13022    0  122  810.00000  692.13022  14.6%     -   98s
     0     2  692.13022    0  122  810.00000  692.13022  14.6%     -  118s
     1     2 infeasible    1       810.00000  692.13022  14.6%  8957  124s
     3     3  695.94767    2   80  810.00000  695.07211  14.2%  4436  130s
     5     6  696.63370    3  106  810.00000  696.21662  14.0%  4821  135s
     8    12  696.65859    4  108  810.00000  696.64049  14.0%  4002  142s
    14    24  700.62424    5  105  810.00000  696.83458  14.0%  4490  150s
    26    48  704.88951    6  121  810.00000  700.66578  13.5%  4012  159s
    50    78  705.16973    7  100  810.00000  705.00586  13.0%  4283  168s
    82   110  706.16639    8  100  810.00000  705.35998  12.9%  3674  177s
   114   142  708.40573    8  100  810.00000  706.17605  12.8%  3320  184s
   146   170  706.21251    9   87  810.00000  706.17605  12.8%  2953  194s
   178   214  706.81151   10   78  810.00000  706.17605  12.8%  2724  199s
   222   261  712.32701   12   82  810.00000  706.17605  12.8%  2451  204s
   270   308  716.22950   13   81  810.00000  706.17605  12.8%  2232  208s
   319   355  717.73510   14   75  810.00000  706.17605  12.8%  2136  211s
   369   411  722.19317   15   90  810.00000  706.17605  12.8%  2064  215s
   474   503  726.76727   17   66  810.00000  706.17605  12.8%  2017  222s
H  496   503                     776.0000000  706.17605  9.00%  2008  222s
   521   508  731.93094   17   69  776.00000  706.17605  9.00%  2019  227s
   590   557  734.24358   18   72  776.00000  706.17605  9.00%  1951  232s
   655   608  729.83170   18   73  776.00000  706.17605  9.00%  1938  238s
H  707   608                     769.0000000  706.17605  8.17%  1930  238s
   722   644  742.57002   19   71  769.00000  706.17605  8.17%  1944  243s
   802   677  732.99223   19   77  769.00000  706.17605  8.17%  1901  247s
   871   735  744.10059   20   53  769.00000  706.17605  8.17%  1906  252s
   947   800 infeasible   21       769.00000  706.17605  8.17%  1922  256s
  1023   865  753.72722   23   50  769.00000  706.17605  8.17%  1911  260s
  1122   944  757.84285   28   25  769.00000  706.17605  8.17%  1862  267s
H 1224  1017                     766.0000000  706.17605  7.81%  1806  273s
H 1248  1017                     764.0000000  706.17605  7.57%  1796  273s
H 1275  1017                     755.0000000  706.17605  6.47%  1782  273s
H 1288  1017                     754.0000000  706.17605  6.34%  1771  273s
  1327  1046     cutoff   35       754.00000  706.42596  6.31%  1736  281s
H 1471  1072                     749.0000000  706.42596  5.68%  1662  295s
H 1471  1072                     748.0000000  706.42596  5.56%  1662  295s
H 1474  1072                     747.0000000  706.42596  5.43%  1661  295s
H 1477  1072                     743.0000000  706.42596  4.92%  1661  295s
  1508  1077  722.23393   11   94  743.00000  706.42596  4.92%  1672  303s
  1648  1119  735.50161   13  100  743.00000  706.42596  4.92%  1632  308s
  1741  1173  738.01067   15   68  743.00000  706.42596  4.92%  1657  312s
  1858  1194  741.07609   17   64  743.00000  707.21415  4.82%  1653  324s
  1991  1235  738.32350   10   63  743.00000  707.79018  4.74%  1643  333s
H 2039  1235                     738.0000000  707.79018  4.09%  1638  333s
  2116  1269  714.80375    9  107  738.00000  711.79327  3.55%  1642  338s
  2243  1321  721.33605   11  106  738.00000  711.79327  3.55%  1626  344s
  2386  1340  735.57480   14   92  738.00000  711.79327  3.55%  1622  352s
  2533  1381  724.58494   13   98  738.00000  711.79327  3.55%  1608  358s
  2681  1438  733.29153   14  103  738.00000  711.79327  3.55%  1604  365s
* 2692  1438              36     736.0000000  711.79327  3.29%  1600  365s
  2837  1439     cutoff   17       736.00000  711.79327  3.29%  1585  373s
* 2916  1439              46     733.0000000  711.79327  2.89%  1580  373s
  3031  1461  730.52830   14   80  733.00000  715.69773  2.36%  1566  382s
  3227  1482  731.84190   12   85  733.00000  715.69773  2.36%  1552  390s
  3399  1505     cutoff   18       733.00000  717.11268  2.17%  1551  400s
* 3536  1505              25     731.0000000  717.14974  1.89%  1547  400s
  3572  1467  721.38878   15   94  731.00000  717.14974  1.89%  1548  408s
  3778  1437  724.54654   18   88  731.00000  717.14974  1.89%  1537  418s
  4003  1351     cutoff   20       731.00000  718.78882  1.67%  1521  429s
  4241  1226  729.90939   15   30  731.00000  723.13778  1.08%  1509  437s
  4541   997  726.30117   18   71  731.00000  723.28203  1.06%  1477  446s
  4854   280  729.58759   19   67  731.00000  723.69596  1.00%  1412  452s
* 5101   280              29     730.0000000  723.69596  0.86%  1350  452s
  5712    18  728.77729   16   85  730.00000  727.20672  0.38%  1219  456s

Cutting planes:
  Gomory: 20
  Cover: 21
  Implied bound: 77
  MIR: 109
  Flow cover: 27
  GUB cover: 1
  Inf proof: 21
  Zero half: 95
  RLT: 4
  Relax-and-lift: 1

Explored 6004 nodes (7083489 simplex iterations) in 456.96 seconds (458.45 work units)
Thread count was 32 (of 128 available processors)

Solution count 10: 730 731 733 ... 754

Optimal solution found (tolerance 1.00e-04)
Best objective 7.300000000000e+02, best bound 7.300000000000e+02, gap 0.0000%
True
Set parameter LogFile to value "result300/grblog_l002.ib.bridges2.psc.edu_RelaxFalse_N-1_PSPS_SpanFalse_PFlow_Lazy0_300_inst28.txt"
Gurobi Optimizer version 11.0.2 build v11.0.2rc0 (linux64 - "Red Hat Enterprise Linux 8.10 (Ootpa)")

CPU model: AMD EPYC 7742 64-Core Processor, instruction set [SSE2|AVX|AVX2]
Thread count: 128 physical cores, 128 logical processors, using up to 32 threads

Optimize a model with 627554 rows, 510129 columns and 2475289 nonzeros
Model fingerprint: 0x9897b838
Variable types: 509418 continuous, 711 integer (711 binary)
Coefficient statistics:
  Matrix range     [3e-01, 2e+03]
  Objective range  [1e+00, 1e+01]
  Bounds range     [1e+00, 1e+00]
  RHS range        [1e+00, 1e+04]
Presolve removed 275812 rows and 218557 columns (presolve time = 5s) ...
Presolve removed 287505 rows and 227353 columns (presolve time = 10s) ...
Presolve removed 313305 rows and 227572 columns
Presolve time: 12.87s
Presolved: 314249 rows, 282557 columns, 1398429 nonzeros
Variable types: 282113 continuous, 444 integer (444 binary)
Deterministic concurrent LP optimizer: primal simplex, dual simplex, and barrier
Showing barrier log only...

Root barrier log...

Ordering time: 0.13s

Barrier statistics:
 Dense cols : 442
 AA' NZ     : 1.359e+06
 Factor NZ  : 1.042e+07 (roughly 300 MB of memory)
 Factor Ops : 1.350e+09 (less than 1 second per iteration)
 Threads    : 29

                  Objective                Residual
Iter       Primal          Dual         Primal    Dual     Compl     Time
   0   3.75618392e+04 -1.15814895e+06  3.81e+03 4.34e-01  1.01e+02    15s
   1   3.75144348e+04 -1.14862584e+06  3.26e+03 2.86e+00  8.71e+01    16s
   2   3.59174167e+04 -1.14011103e+06  2.76e+03 2.13e+00  7.27e+01    16s
   3   3.50300027e+04 -1.12527175e+06  2.26e+03 1.28e+00  5.67e+01    16s
   4   2.65992628e+04 -1.12874772e+06  1.48e+03 9.95e-01  3.82e+01    16s
   5   1.88470897e+04 -1.09138929e+06  9.84e+02 1.16e-01  2.35e+01    17s
   6   3.56221536e+03 -9.79952209e+05  7.48e+01 6.96e-09  2.77e+00    17s
   7   2.87311570e+03 -3.80394740e+05  3.53e+01 9.22e-11  8.32e-01    17s
   8   2.44992516e+03 -1.05443500e+05  1.16e+01 4.96e-11  1.77e-01    17s
   9   2.40668557e+03 -5.23711122e+04  9.29e+00 2.05e-11  8.73e-02    17s
  10   2.28918142e+03 -2.54082157e+04  3.64e+00 2.47e-11  3.85e-02    18s
  11   2.20473286e+03 -1.95304319e+04  1.47e+00 1.87e-11  2.84e-02    18s
  12   2.12763176e+03 -1.27076358e+04  6.75e-01 1.20e-11  1.89e-02    18s
  13   1.98261671e+03 -8.67590813e+03  3.15e-01 8.51e-12  1.34e-02    18s
  14   1.89697076e+03 -6.48970556e+03  2.32e-01 6.48e-12  1.05e-02    18s
  15   1.64935118e+03 -4.93491032e+03  1.41e-01 5.12e-12  8.25e-03    18s
  16   1.57740892e+03 -3.64010217e+03  1.25e-01 4.02e-12  6.54e-03    19s
  17   1.51922747e+03 -2.56903832e+03  1.13e-01 3.10e-12  5.12e-03    19s
  18   1.30739622e+03 -1.88880662e+03  7.57e-02 2.43e-12  4.00e-03    19s

Barrier performed 18 iterations in 19.15 seconds (13.23 work units)
Barrier solve interrupted - model solved by another algorithm

Concurrent spin time: 1.13s (can be avoided by choosing Method=3)

Solved with dual simplex

Root simplex log...

Iteration    Objective       Primal Inf.    Dual Inf.      Time
   29486    5.6144495e+02   0.000000e+00   0.000000e+00     19s

Root relaxation: objective 5.614450e+02, 29486 iterations, 5.90 seconds (4.03 work units)
Total elapsed time = 20.56s (DegenMoves)

    Nodes    |    Current Node    |     Objective Bounds      |     Work
 Expl Unexpl |  Obj  Depth IntInf | Incumbent    BestBd   Gap | It/Node Time

     0     0  561.44495    0  102          -  561.44495      -     -   21s
H    0     0                     876.0000000  561.44495  35.9%     -   22s
H    0     0                     868.0000000  561.44495  35.3%     -   22s
H    0     0                     863.0000000  561.44495  34.9%     -   23s
H    0     0                     810.0000000  561.44495  30.7%     -   23s
     0     0  658.66007    0  132  810.00000  658.66007  18.7%     -   30s
     0     0  663.55344    0  138  810.00000  663.55344  18.1%     -   35s
     0     0  663.55344    0  138  810.00000  663.55344  18.1%     -   35s
