l002.ib.bridges2.psc.edu
2024-11-20 16:22:19.357098
Set parameter Username
Set parameter LicenseID to value 762805
Set parameter TokenServer to value "br017.ib.bridges2.psc.edu"
Set parameter LogFile to value "result300/grblog_l002.ib.bridges2.psc.edu_RelaxFalse_N-1_PSPS_SpanFalse_PFlow_Lazy0_300_inst31.txt"
Gurobi Optimizer version 11.0.2 build v11.0.2rc0 (linux64 - "Red Hat Enterprise Linux 8.10 (Ootpa)")

CPU model: AMD EPYC 7742 64-Core Processor, instruction set [SSE2|AVX|AVX2]
Thread count: 128 physical cores, 128 logical processors, using up to 32 threads

Optimize a model with 627554 rows, 510129 columns and 2475289 nonzeros
Model fingerprint: 0xf31dc79a
Variable types: 509418 continuous, 711 integer (711 binary)
Coefficient statistics:
  Matrix range     [3e-01, 2e+03]
  Objective range  [1e+00, 1e+01]
  Bounds range     [1e+00, 1e+00]
  RHS range        [1e+00, 1e+04]
Presolve removed 280211 rows and 221256 columns (presolve time = 5s) ...
Presolve removed 313306 rows and 227573 columns (presolve time = 10s) ...
Presolve removed 313305 rows and 227572 columns
Presolve time: 10.29s
Presolved: 314249 rows, 282557 columns, 1398429 nonzeros
Variable types: 282113 continuous, 444 integer (444 binary)
Deterministic concurrent LP optimizer: primal simplex, dual simplex, and barrier
Showing barrier log only...

Root barrier log...

Ordering time: 0.13s

Barrier statistics:
 Dense cols : 442
 AA' NZ     : 1.359e+06
 Factor NZ  : 1.042e+07 (roughly 300 MB of memory)
 Factor Ops : 1.350e+09 (less than 1 second per iteration)
 Threads    : 29

                  Objective                Residual
Iter       Primal          Dual         Primal    Dual     Compl     Time
   0   3.71560701e+04 -1.58672352e+06  3.81e+03 7.30e-01  1.38e+02    13s
   1   3.70988087e+04 -1.57373391e+06  3.26e+03 4.00e+00  1.19e+02    13s
   2   3.55294190e+04 -1.56142293e+06  2.76e+03 2.92e+00  9.91e+01    13s
   3   3.47068361e+04 -1.54200787e+06  2.28e+03 2.25e+00  7.82e+01    14s
   4   2.87696196e+04 -1.52958126e+06  1.64e+03 1.80e+00  5.65e+01    14s
   5   1.81061126e+04 -1.51085330e+06  1.01e+03 3.64e-11  3.36e+01    14s
   6   3.30549264e+03 -1.36334582e+06  7.02e+01 1.36e-10  3.75e+00    14s
   7   2.58750182e+03 -5.47214543e+05  2.66e+01 2.41e-10  1.07e+00    14s
   8   2.33470262e+03 -2.09373799e+05  1.18e+01 9.54e-11  3.42e-01    15s
   9   2.23043267e+03 -8.77077759e+04  5.92e+00 3.50e-11  1.30e-01    15s
  10   2.17553686e+03 -4.68659491e+04  3.15e+00 3.00e-11  6.65e-02    15s
  11   2.12193261e+03 -2.47889834e+04  1.21e+00 1.93e-11  3.47e-02    15s
  12   2.05892352e+03 -2.00362104e+04  4.76e-01 1.58e-11  2.79e-02    15s
  13   1.98014160e+03 -1.09283554e+04  1.79e-01 9.29e-12  1.62e-02    15s
  14   1.80326669e+03 -8.12420133e+03  9.53e-02 7.16e-12  1.24e-02    16s
  15   1.66992922e+03 -4.87501458e+03  7.09e-02 4.56e-12  8.18e-03    16s
  16   1.62576372e+03 -3.88648701e+03  6.46e-02 3.72e-12  6.89e-03    16s
  17   1.37825475e+03 -3.01033530e+03  4.26e-02 3.01e-12  5.48e-03    16s
  18   1.22349761e+03 -1.56343282e+03  3.31e-02 2.36e-12  3.48e-03    16s
  19   1.06065992e+03 -9.55467909e+02  2.39e-02 1.32e-12  2.52e-03    17s
  20   9.52093260e+02 -6.17628710e+02  1.87e-02 1.01e-12  1.96e-03    17s
  21   9.20502649e+02 -3.63946154e+02  1.73e-02 9.25e-13  1.60e-03    17s
  22   8.36661805e+02 -1.04206069e+02  1.37e-02 1.07e-12  1.17e-03    18s
  23   7.83312316e+02  2.25043509e+01  1.15e-02 1.52e-12  9.50e-04    18s

Barrier performed 23 iterations in 17.85 seconds (14.36 work units)
Barrier solve interrupted - model solved by another algorithm

Concurrent spin time: 1.63s (can be avoided by choosing Method=3)

Solved with dual simplex

Root simplex log...

Iteration    Objective       Primal Inf.    Dual Inf.      Time
   45432    5.3841916e+02   0.000000e+00   0.000000e+00     18s

Root relaxation: objective 5.384192e+02, 45432 iterations, 7.25 seconds (5.15 work units)
Total elapsed time = 21.22s (DegenMoves)

    Nodes    |    Current Node    |     Objective Bounds      |     Work
 Expl Unexpl |  Obj  Depth IntInf | Incumbent    BestBd   Gap | It/Node Time

     0     0  538.41916    0  133          -  538.41916      -     -   21s
H    0     0                     942.0000000  538.41916  42.8%     -   22s
H    0     0                     937.0000000  538.41916  42.5%     -   23s
H    0     0                     933.0000000  538.41916  42.3%     -   23s
H    0     0                     812.0000000  538.41916  33.7%     -   25s
     0     0  638.62855    0  131  812.00000  638.62855  21.4%     -   32s
     0     0  643.12562    0  131  812.00000  643.12562  20.8%     -   39s
     0     0  667.58327    0  110  812.00000  667.58327  17.8%     -   45s
     0     0  669.92835    0  109  812.00000  669.92835  17.5%     -   49s
     0     0  669.92835    0  115  812.00000  669.92835  17.5%     -   49s
     0     0  669.92835    0  117  812.00000  669.92835  17.5%     -   50s
     0     0  677.14860    0  121  812.00000  677.14860  16.6%     -   56s
H    0     0                     810.0000000  677.92261  16.3%     -   57s
     0     0  677.92261    0  125  810.00000  677.92261  16.3%     -   61s
     0     0  678.84294    0  104  810.00000  678.84294  16.2%     -   66s
     0     0  679.36592    0  132  810.00000  679.36592  16.1%     -   70s
     0     0  679.36592    0  122  810.00000  679.36592  16.1%     -   71s
     0     0  679.36592    0  124  810.00000  679.36592  16.1%     -   74s
H    0     0                     808.0000000  679.65336  15.9%     -   76s
     0     0  679.65336    0  124  808.00000  679.65336  15.9%     -   78s
     0     0  680.51774    0  115  808.00000  680.51774  15.8%     -   81s
     0     0  680.88509    0  114  808.00000  680.88509  15.7%     -   84s
     0     0  680.88509    0  126  808.00000  680.88509  15.7%     -   85s
     0     0  680.88509    0  126  808.00000  680.88509  15.7%     -   85s
     0     0  680.88509    0  127  808.00000  680.88509  15.7%     -   88s
     0     0  683.65013    0  127  808.00000  683.65013  15.4%     -   90s
     0     0  683.65013    0  130  808.00000  683.65013  15.4%     -   93s
     0     0  683.65013    0  131  808.00000  683.65013  15.4%     -   95s
     0     0  683.65013    0  135  808.00000  683.65013  15.4%     -   99s
     0     0  683.65013    0  135  808.00000  683.65013  15.4%     -  101s
     0     0  683.65013    0  135  808.00000  683.65013  15.4%     -  104s
     0     0  683.65013    0  135  808.00000  683.65013  15.4%     -  106s
     0     0  683.65013    0  132  808.00000  683.65013  15.4%     -  109s
     0     0  683.65013    0  132  808.00000  683.65013  15.4%     -  112s
     0     0  683.65013    0  127  808.00000  683.65013  15.4%     -  125s
     0     2  683.65013    0  127  808.00000  683.65013  15.4%     -  148s
     1     4  699.41702    1  107  808.00000  683.65013  15.4%  6624  154s
     3     6     cutoff    2       808.00000  685.28267  15.2%  2906  161s
     7    11  690.66080    3  108  808.00000  686.44016  15.0%  2332  169s
    13    21  694.13071    4  101  808.00000  690.11081  14.6%  3039  177s
    24    42  696.29335    5   92  808.00000  694.28767  14.1%  3089  186s
    45    70  700.29335    6   91  808.00000  697.31894  13.7%  3017  196s
    77   102  702.28898    7   72  808.00000  697.46532  13.7%  2344  208s
   109   134  708.78898    8   69  808.00000  698.96763  13.5%  2744  218s
   141   162  708.80282    9   48  808.00000  698.96763  13.5%  2520  227s
   173   192  709.80282   10   48  808.00000  698.96763  13.5%  2351  233s
   209   242  709.80282   11   50  808.00000  698.96763  13.5%  2280  243s
   259   281  711.77890   12   59  808.00000  698.96763  13.5%  2169  249s
   306   323  712.08248   13   48  808.00000  698.96763  13.5%  2089  253s
H  348   367                     788.0000000  698.96763  11.3%  2058  260s
H  353   367                     733.0000000  698.96763  4.64%  2052  260s
H  369   367                     726.0000000  698.96763  3.72%  2054  261s
   475   363  721.94965   16   45  726.00000  698.96763  3.72%  1780  272s
   550   401  722.93581   18   30  726.00000  698.96763  3.72%  1698  276s
   632   437  724.90775   21   47  726.00000  698.96763  3.72%  1630  282s
H  639   437                     723.0000000  698.96763  3.32%  1627  282s
H  644   437                     722.0000000  698.96763  3.19%  1627  282s
H  673   437                     719.0000000  698.96763  2.79%  1622  282s
   691   436     cutoff   21       719.00000  699.76228  2.68%  1606  288s
H  809   459                     717.0000000  701.69324  2.13%  1520  294s
H  815   459                     716.0000000  701.69324  2.00%  1516  294s
   849   476  713.13024    9   77  716.00000  701.69324  2.00%  1511  298s
   965   497  714.97030   10   55  716.00000  701.69324  2.00%  1454  302s
  1060   523     cutoff   11       716.00000  701.69324  2.00%  1417  308s
  1172   560  709.78976   10   72  716.00000  701.69324  2.00%  1383  314s
H 1181   560                     714.0000000  701.69324  1.72%  1385  314s
H 1190   560                     713.0000000  701.69324  1.59%  1383  314s
  1262   488     cutoff   11       713.00000  701.69324  1.59%  1364  321s
  1428   469     cutoff   11       713.00000  702.30447  1.50%  1283  325s
  1724   359  710.30703   11   67  713.00000  702.30447  1.50%  1201  332s
  1914   292  711.63394   12   49  713.00000  702.30447  1.50%  1140  335s
  2339   154  710.27241   16    5  713.00000  702.30447  1.50%  1005  342s
  2468   119     cutoff   15       713.00000  704.27890  1.22%   975  345s
* 2519   119              28     712.0000000  704.49433  1.05%   972  345s
* 2675    61              30     711.0000000  704.49433  0.92%   946  348s
  2771    33  706.92143   12   46  711.00000  706.64924  0.61%   921  353s
  2856    13  708.55177   16   36  711.00000  706.69027  0.61%   910  356s
  2928    12  707.80886   16   35  711.00000  707.80886  0.45%   902  360s
  2997     5     cutoff   23       711.00000  709.28972  0.24%   891  366s

Cutting planes:
  Learned: 1
  Gomory: 22
  Cover: 15
  Implied bound: 114
  MIR: 138
  Flow cover: 41
  GUB cover: 1
  Inf proof: 9
  Zero half: 91
  Mod-K: 1
  RLT: 12
  Relax-and-lift: 2

Explored 3015 nodes (2798377 simplex iterations) in 367.61 seconds (319.46 work units)
Thread count was 32 (of 128 available processors)

Solution count 10: 711 712 713 ... 726

Optimal solution found (tolerance 1.00e-04)
Best objective 7.110000000000e+02, best bound 7.110000000000e+02, gap 0.0000%
True
Set parameter LogFile to value "result300/grblog_l002.ib.bridges2.psc.edu_RelaxFalse_N-1_PSPS_SpanFalse_PFlow_Lazy0_300_inst32.txt"
Gurobi Optimizer version 11.0.2 build v11.0.2rc0 (linux64 - "Red Hat Enterprise Linux 8.10 (Ootpa)")

CPU model: AMD EPYC 7742 64-Core Processor, instruction set [SSE2|AVX|AVX2]
Thread count: 128 physical cores, 128 logical processors, using up to 32 threads

Optimize a model with 627554 rows, 510129 columns and 2475289 nonzeros
Model fingerprint: 0x8aec5db4
Variable types: 509418 continuous, 711 integer (711 binary)
Coefficient statistics:
  Matrix range     [3e-01, 2e+03]
  Objective range  [1e+00, 1e+01]
  Bounds range     [1e+00, 1e+00]
  RHS range        [1e+00, 1e+04]
Presolve removed 279000 rows and 221212 columns (presolve time = 5s) ...
Presolve removed 313303 rows and 227569 columns (presolve time = 10s) ...
Presolve removed 313305 rows and 227572 columns
Presolve time: 11.37s
Presolved: 314249 rows, 282557 columns, 1398429 nonzeros
Variable types: 282113 continuous, 444 integer (444 binary)
Deterministic concurrent LP optimizer: primal simplex, dual simplex, and barrier
Showing barrier log only...

Root barrier log...

Ordering time: 0.14s

Barrier statistics:
 Dense cols : 442
 AA' NZ     : 1.359e+06
 Factor NZ  : 1.042e+07 (roughly 300 MB of memory)
 Factor Ops : 1.350e+09 (less than 1 second per iteration)
 Threads    : 29

                  Objective                Residual
Iter       Primal          Dual         Primal    Dual     Compl     Time
   0   3.79983350e+04 -1.94971225e+06  3.81e+03 1.05e+00  1.69e+02    14s
   1   3.79124480e+04 -1.93379199e+06  3.26e+03 5.02e+00  1.47e+02    14s
   2   3.62372733e+04 -1.91802598e+06  2.75e+03 3.62e+00  1.21e+02    14s
   3   3.54347969e+04 -1.89517285e+06  2.30e+03 2.77e+00  9.68e+01    15s
   4   3.07628695e+04 -1.88404025e+06  1.64e+03 2.36e+00  7.07e+01    15s
   5   2.02450331e+04 -1.87541749e+06  1.10e+03 3.91e-02  4.65e+01    15s
   6   3.46350800e+03 -1.70847884e+06  7.36e+01 1.50e-10  4.88e+00    15s
   7   2.73139562e+03 -6.88870779e+05  3.06e+01 2.07e-10  1.43e+00    16s
   8   2.44712606e+03 -3.58013836e+05  1.43e+01 8.65e-11  6.03e-01    16s
   9   2.33388619e+03 -1.34042467e+05  7.97e+00 5.50e-11  2.07e-01    16s
  10   2.24262919e+03 -6.35223519e+04  3.14e+00 6.71e-11  8.92e-02    16s
  11   2.19563482e+03 -3.49339392e+04  1.27e+00 3.53e-11  4.80e-02    16s
  12   2.15233644e+03 -1.62824300e+04  4.62e-01 1.66e-11  2.33e-02    17s

Barrier performed 12 iterations in 16.51 seconds (12.28 work units)
Barrier solve interrupted - model solved by another algorithm

Concurrent spin time: 0.59s (can be avoided by choosing Method=3)

Solved with dual simplex

Root simplex log...

Iteration    Objective       Primal Inf.    Dual Inf.      Time
   29451    5.2418077e+02   0.000000e+00   0.000000e+00     17s

Root relaxation: objective 5.241808e+02, 29451 iterations, 4.76 seconds (3.23 work units)

    Nodes    |    Current Node    |     Objective Bounds      |     Work
 Expl Unexpl |  Obj  Depth IntInf | Incumbent    BestBd   Gap | It/Node Time

     0     0  524.18077    0  111          -  524.18077      -     -   19s
H    0     0                     827.0000000  524.18077  36.6%     -   20s
H    0     0                     818.0000000  524.18077  35.9%     -   20s
H    0     0                     814.0000000  524.18077  35.6%     -   21s
H    0     0                     760.0000000  524.18077  31.0%     -   21s
     0     0  605.10395    0  144  760.00000  605.10395  20.4%     -   26s
     0     0  610.47065    0  144  760.00000  610.47065  19.7%     -   31s
     0     0  631.18422    0  160  760.00000  631.18422  16.9%     -   37s
     0     0  633.11950    0  168  760.00000  633.11950  16.7%     -   41s
     0     0  633.15126    0  171  760.00000  633.15126  16.7%     -   42s
     0     0  640.49341    0  148  760.00000  640.49341  15.7%     -   47s
     0     0  641.84692    0  153  760.00000  641.84692  15.5%     -   53s
     0     0  641.84692    0  151  760.00000  641.84692  15.5%     -   55s
     0     0  646.06103    0  134  760.00000  646.06103  15.0%     -   61s
     0     0  646.32911    0  137  760.00000  646.32911  15.0%     -   67s
     0     0  646.49117    0  144  760.00000  646.49117  14.9%     -   68s
     0     0  646.51327    0  125  760.00000  646.51327  14.9%     -   69s
     0     0  646.97103    0  149  760.00000  646.97103  14.9%     -   74s
     0     0  648.67022    0  149  760.00000  648.67022  14.6%     -   76s
     0     0  648.92025    0  144  760.00000  648.92025  14.6%     -   81s
     0     0  650.42379    0  148  760.00000  650.42379  14.4%     -   85s
     0     0  650.42379    0  154  760.00000  650.42379  14.4%     -   85s
     0     0  650.42379    0  131  760.00000  650.42379  14.4%     -   89s
     0     0  650.42379    0  131  760.00000  650.42379  14.4%     -   94s
     0     0  650.42379    0  157  760.00000  650.42379  14.4%     -   99s
     0     0  650.50922    0  159  760.00000  650.50922  14.4%     -  105s
     0     0  650.50922    0  158  760.00000  650.50922  14.4%     -  109s
     0     0  652.23673    0  158  760.00000  652.23673  14.2%     -  112s
     0     0  652.23673    0  144  760.00000  652.23673  14.2%     -  115s
     0     0  652.23673    0  144  760.00000  652.23673  14.2%     -  116s
     0     0  652.23673    0  144  760.00000  652.23673  14.2%     -  119s
     0     0  652.23673    0  136  760.00000  652.23673  14.2%     -  128s
     0     2  652.27425    0  136  760.00000  652.27425  14.2%     -  144s
     1     3  662.42949    1  148  760.00000  652.27425  14.2%  1940  150s
     3     4  673.92949    2  147  760.00000  654.85487  13.8%  1184  157s
     6     8  679.95937    3  111  760.00000  660.32792  13.1%  5464  166s
    10    12 infeasible    4       760.00000  661.99592  12.9%  4758  175s
    18    24  668.38305    5   77  760.00000  666.30033  12.3%  6053  213s
    30    47  674.97694    6   77  760.00000  668.88305  12.0% 10606  226s
    54    76  676.70155    7   65  760.00000  670.01887  11.8%  6786  239s
    86   104  678.83023    8   69  760.00000  670.02656  11.8%  5341  247s
   118   132  679.64847    8   57  760.00000  670.02656  11.8%  4705  259s
   150   160  682.97095    9   69  760.00000  670.02656  11.8%  4144  266s
H  165   160                     746.0000000  670.02656  10.2%  3998  266s
H  167   160                     743.0000000  670.02656  9.82%  3958  266s
   182   201  681.63762    9   55  743.00000  670.02656  9.82%  3798  277s
   226   241  682.19270   10   41  743.00000  670.02656  9.82%  3501  287s
   270   276  684.94356   11   37  743.00000  670.02656  9.82%  3340  296s
   315   321  693.32455   11   43  743.00000  670.02656  9.82%  3108  302s
   364   363  684.98688   12   36  743.00000  670.02656  9.82%  2915  307s
   408   411  688.41649   13   43  743.00000  670.02656  9.82%  2851  313s
   462   474  688.49559   14   41  743.00000  670.02656  9.82%  2761  318s
   525   526  690.52806   15   24  743.00000  670.02656  9.82%  2656  323s
   577   598  691.54025   16   24  743.00000  670.02656  9.82%  2560  327s
H  581   598                     742.0000000  670.02656  9.70%  2550  327s
H  589   598                     717.0000000  670.02656  6.55%  2526  327s
H  640   598                     716.0000000  670.02656  6.42%  2458  327s
   650   626  692.81273   17   27  716.00000  670.02656  6.42%  2448  332s
   770   693  692.16327   18   30  716.00000  670.02656  6.42%  2213  335s
H  792   693                     713.0000000  670.02656  6.03%  2209  335s
H  812   693                     709.0000000  670.02656  5.50%  2196  335s
   850   722  693.94995   20   36  709.00000  670.02656  5.50%  2183  340s
H  885   722                     707.0000000  670.02656  5.23%  2143  340s
H  901   722                     706.0000000  670.02656  5.10%  2123  340s
H  904   722                     698.0000000  670.02656  4.01%  2118  340s
  1068   761  695.36520   26   17  698.00000  672.96490  3.59%  1994  350s
H 1109   761                     697.0000000  672.96490  3.45%  1972  350s
H 1129   761                     695.0000000  672.96490  3.17%  1964  350s
H 1255   812                     688.0000000  672.96490  2.19%  1918  359s
H 1260   812                     687.0000000  672.96490  2.04%  1920  359s
  1302   719  677.98611   11   68  687.00000  672.96490  2.04%  1909  369s
H 1341   719                     686.0000000  672.96490  1.90%  1874  369s
  1451   606  678.53727   10   57  686.00000  672.96490  1.90%  1795  374s
  1626   483     cutoff   11       686.00000  672.96490  1.90%  1702  379s
  1812   375  675.71798    9   66  686.00000  672.96490  1.90%  1597  385s
  2210   118  676.60535   10   86  686.00000  673.10851  1.88%  1434  396s
  2373    63  682.53519   11   77  686.00000  673.10851  1.88%  1381  404s
  2451    68     cutoff   12       686.00000  673.41151  1.84%  1352  408s
  2543    49  676.67600   10   65  686.00000  673.47215  1.83%  1348  413s
  2657    39  676.30071    9   67  686.00000  676.30071  1.41%  1323  417s
* 2717    39              24     685.0000000  676.30623  1.27%  1318  417s
  2719    31  683.22818   10   58  685.00000  676.53621  1.24%  1319  423s
  2764     7 infeasible   11       685.00000  680.95640  0.59%  1328  425s

Cutting planes:
  Gomory: 22
  Cover: 24
  Implied bound: 106
  MIR: 108
  Flow cover: 48
  Inf proof: 4
  Zero half: 84
  Mod-K: 1
  RLT: 14
  Relax-and-lift: 3

Explored 2839 nodes (3815490 simplex iterations) in 427.50 seconds (397.49 work units)
Thread count was 32 (of 128 available processors)

Solution count 10: 685 686 687 ... 709

Optimal solution found (tolerance 1.00e-04)
Best objective 6.850000000000e+02, best bound 6.850000000000e+02, gap 0.0000%
True
Set parameter LogFile to value "result300/grblog_l002.ib.bridges2.psc.edu_RelaxFalse_N-1_PSPS_SpanFalse_PFlow_Lazy0_300_inst33.txt"
Gurobi Optimizer version 11.0.2 build v11.0.2rc0 (linux64 - "Red Hat Enterprise Linux 8.10 (Ootpa)")

CPU model: AMD EPYC 7742 64-Core Processor, instruction set [SSE2|AVX|AVX2]
Thread count: 128 physical cores, 128 logical processors, using up to 32 threads

Optimize a model with 627554 rows, 510129 columns and 2475289 nonzeros
Model fingerprint: 0xd6ad47a0
Variable types: 509418 continuous, 711 integer (711 binary)
Coefficient statistics:
  Matrix range     [3e-01, 2e+03]
  Objective range  [1e+00, 1e+01]
  Bounds range     [1e+00, 1e+00]
  RHS range        [1e+00, 1e+04]
Presolve removed 280193 rows and 221232 columns (presolve time = 5s) ...
Presolve removed 313303 rows and 227573 columns (presolve time = 10s) ...
Presolve removed 313305 rows and 227572 columns
Presolve time: 10.69s
Presolved: 314249 rows, 282557 columns, 1398429 nonzeros
Variable types: 282113 continuous, 444 integer (444 binary)
Deterministic concurrent LP optimizer: primal simplex, dual simplex, and barrier
Showing barrier log only...

Root barrier log...

Ordering time: 0.13s

Barrier statistics:
 Dense cols : 442
 AA' NZ     : 1.359e+06
 Factor NZ  : 1.042e+07 (roughly 300 MB of memory)
 Factor Ops : 1.350e+09 (less than 1 second per iteration)
 Threads    : 29

                  Objective                Residual
Iter       Primal          Dual         Primal    Dual     Compl     Time
   0   3.82696444e+04 -1.66325381e+06  3.81e+03 7.63e-01  1.44e+02    13s
   1   3.81740954e+04 -1.64962084e+06  3.26e+03 4.12e+00  1.25e+02    14s
   2   3.66387911e+04 -1.63590171e+06  2.75e+03 2.94e+00  1.03e+02    14s
   3   3.57891911e+04 -1.61571775e+06  2.27e+03 2.28e+00  8.13e+01    14s
   4   2.90324631e+04 -1.60324966e+06  1.62e+03 1.83e+00  5.81e+01    14s
   5   1.91275948e+04 -1.58097036e+06  1.04e+03 1.50e-11  3.59e+01    15s
   6   3.50881121e+03 -1.40933985e+06  7.76e+01 2.29e-10  4.09e+00    15s
   7   2.63388538e+03 -5.83825475e+05  2.60e+01 1.54e-10  1.13e+00    15s
   8   2.40818814e+03 -2.22323587e+05  1.31e+01 6.53e-11  3.72e-01    15s
   9   2.27437558e+03 -9.52016747e+04  5.75e+00 4.33e-11  1.40e-01    15s
  10   2.21399544e+03 -4.96977285e+04  2.81e+00 2.18e-11  6.98e-02    16s
  11   2.16697996e+03 -2.56661958e+04  1.19e+00 1.21e-11  3.59e-02    16s
  12   2.11459671e+03 -1.89446622e+04  4.29e-01 9.07e-12  2.66e-02    16s
  13   2.04840230e+03 -1.29781802e+04  2.00e-01 6.37e-12  1.89e-02    16s
  14   1.92073768e+03 -9.55489876e+03  1.06e-01 4.90e-12  1.44e-02    16s
  15   1.83569470e+03 -7.39264092e+03  7.68e-02 3.71e-12  1.15e-02    17s
  16   1.66221792e+03 -4.49791995e+03  4.54e-02 2.52e-12  7.69e-03    17s
  17   1.45303841e+03 -3.12566291e+03  3.23e-02 1.87e-12  5.72e-03    17s
  18   1.42020899e+03 -2.63263933e+03  3.04e-02 1.63e-12  5.06e-03    17s
  19   1.28062545e+03 -1.66623753e+03  2.43e-02 5.10e-12  3.68e-03    18s
  20   1.10858583e+03 -1.09668816e+03  1.77e-02 8.26e-13  2.75e-03    18s
  21   9.66453076e+02 -6.19356625e+02  1.29e-02 1.26e-12  1.98e-03    18s
  22   9.17712095e+02 -2.56155850e+02  1.15e-02 2.54e-12  1.47e-03    18s
  23   8.38483839e+02 -2.05865840e+02  9.15e-03 2.24e-12  1.30e-03    19s
  24   8.01583488e+02  2.69973532e+01  8.09e-03 3.40e-12  9.67e-04    19s
  25   7.58252278e+02  9.35135904e+01  6.90e-03 3.15e-12  8.30e-04    19s

Barrier performed 25 iterations in 19.28 seconds (14.65 work units)
Barrier solve interrupted - model solved by another algorithm

Concurrent spin time: 1.33s (can be avoided by choosing Method=3)

Solved with dual simplex

Root simplex log...

Iteration    Objective       Primal Inf.    Dual Inf.      Time
   44879    5.3806993e+02   0.000000e+00   0.000000e+00     19s

Root relaxation: objective 5.380699e+02, 44879 iterations, 8.20 seconds (5.59 work units)
Total elapsed time = 21.43s (DegenMoves)

    Nodes    |    Current Node    |     Objective Bounds      |     Work
 Expl Unexpl |  Obj  Depth IntInf | Incumbent    BestBd   Gap | It/Node Time

     0     0  538.06993    0  135          -  538.06993      -     -   23s
H    0     0                     960.0000000  538.06993  44.0%     -   24s
H    0     0                     950.0000000  538.06993  43.4%     -   24s
H    0     0                     943.0000000  538.06993  42.9%     -   25s
     0     0  636.46722    0  160  943.00000  636.46722  32.5%     -   34s
     0     0  638.64867    0  160  943.00000  638.64867  32.3%     -   42s
     0     0  638.64867    0  160  943.00000  638.64867  32.3%     -   42s
     0     0  669.28263    0  149  943.00000  669.28263  29.0%     -   53s
     0     0  670.75840    0  148  943.00000  670.75840  28.9%     -   60s
     0     0  678.78444    0  144  943.00000  678.78444  28.0%     -   68s
     0     0  680.41208    0  133  943.00000  680.41208  27.8%     -   78s
     0     0  680.91274    0  136  943.00000  680.91274  27.8%     -   79s
     0     0  682.09789    0  139  943.00000  682.09789  27.7%     -   85s
     0     0  682.49925    0  130  943.00000  682.49925  27.6%     -   91s
     0     0  682.49925    0  130  943.00000  682.49925  27.6%     -   91s
     0     0  682.50836    0  141  943.00000  682.50836  27.6%     -   95s
     0     0  682.66762    0  140  943.00000  682.66762  27.6%     -   98s
     0     0  683.12395    0  139  943.00000  683.12395  27.6%     -  103s
     0     0  683.57258    0  142  943.00000  683.57258  27.5%     -  108s
     0     0  683.57258    0  143  943.00000  683.57258  27.5%     -  109s
     0     0  683.57258    0  144  943.00000  683.57258  27.5%     -  113s
     0     0  683.57258    0  145  943.00000  683.57258  27.5%     -  117s
     0     0  683.57258    0  145  943.00000  683.57258  27.5%     -  121s
     0     0  683.57258    0  145  943.00000  683.57258  27.5%     -  122s
     0     0  683.57258    0  147  943.00000  683.57258  27.5%     -  126s
     0     0  683.57258    0  148  943.00000  683.57258  27.5%     -  132s
     0     0  683.79199    0  143  943.00000  683.79199  27.5%     -  145s
     0     2  683.84959    0  143  943.00000  683.84959  27.5%     -  175s
     1     4  689.77940    1  127  943.00000  683.84959  27.5%  3891  181s
     3     7  691.94846    2  102  943.00000  683.84959  27.5%  3550  189s
     7    14  704.94846    3   96  943.00000  685.63655  27.3%  3866  197s
    14    26  710.25193    4  101  943.00000  686.36262  27.2%  4323  206s
    28    48  711.26219    5  101  943.00000  689.48745  26.9%  4807  244s
    54    74  717.76219    6   94  943.00000  690.49805  26.8% 12007  280s
H   59    74                     837.0000000  690.66095  17.5% 11100  280s
H   61    74                     794.0000000  690.66095  13.0% 10739  280s
H   80    74                     765.0000000  690.66095  9.72%  8796  280s
    86   103  722.46696    7  145  765.00000  690.66095  9.72%  8337  288s
   118   134  730.15310    7  118  765.00000  690.85329  9.69%  6880  297s
   150   163  732.67536    8  125  765.00000  690.85329  9.69%  5917  302s
   182   207  732.36139    8  108  765.00000  690.85329  9.69%  5342  308s
   226   248  733.54813    9   88  765.00000  690.85329  9.69%  4738  314s
   267   293  734.67313   11   85  765.00000  690.85329  9.69%  4404  319s
   312   337  740.09909   12  110  765.00000  690.85329  9.69%  4087  327s
   359   386  737.85441   13   96  765.00000  690.85329  9.69%  3828  333s
   414   430  746.77194   14  113  765.00000  690.85329  9.69%  3620  339s
   464   478  739.45615   15   87  765.00000  690.85329  9.69%  3477  344s
   518   543  754.81958   16   66  765.00000  690.85329  9.69%  3378  350s
   591   606  758.55973   17   66  765.00000  690.85329  9.69%  3150  358s
   669   673  759.39525   18   68  765.00000  690.85329  9.69%  2917  363s
   757   751  758.82202   18   47  765.00000  690.85329  9.69%  2715  367s
   836   819  760.84103   20   60  765.00000  690.85329  9.69%  2584  372s
   931   896  762.77289   21   46  765.00000  690.85329  9.69%  2419  377s
  1020   971  762.01815   22   27  765.00000  690.85329  9.69%  2302  382s
H 1099  1054                     761.0000000  690.85329  9.22%  2222  387s
H 1137  1054                     760.0000000  690.85329  9.10%  2182  387s
  1182  1127     cutoff   25       760.00000  691.55902  9.01%  2146  393s
  1286  1228  701.58125   10  105  760.00000  691.55902  9.01%  2067  400s
  1412  1346  706.27339   12   70  760.00000  691.55902  9.01%  1957  407s
* 1493  1346              53     747.0000000  691.55902  7.42%  1883  407s
* 1503  1346              67     744.0000000  691.55902  7.05%  1872  407s
  1549  1410  714.89534   14   56  744.00000  691.55902  7.05%  1848  416s
* 1557  1410              63     729.0000000  691.55902  5.14%  1840  416s
  1679  1477  715.35390   16   39  729.00000  691.55902  5.14%  1794  426s
  1793  1550     cutoff   19       729.00000  691.55902  5.14%  1762  437s
H 1796  1550                     728.0000000  691.55902  5.01%  1759  437s
H 1798  1550                     720.0000000  691.55902  3.95%  1763  437s
* 1834  1550              51     717.0000000  691.55902  3.55%  1775  437s
H 1874  1550                     713.0000000  691.55902  3.01%  1765  437s
  1883  1510     cutoff   18       713.00000  692.32384  2.90%  1764  447s
* 2003  1510              36     712.0000000  692.32384  2.76%  1726  447s
H 2066  1516                     709.0000000  692.32384  2.35%  1703  456s
H 2088  1516                     708.0000000  692.32384  2.21%  1700  456s
  2128  1502  698.98929   13   77  708.00000  692.32384  2.21%  1697  463s
  2271  1504  699.97907   15   73  708.00000  692.32384  2.21%  1665  471s
  2408  1519  703.72103   17   28  708.00000  692.32384  2.21%  1654  479s
  2574  1531  706.09418   20   17  708.00000  692.32384  2.21%  1616  488s
  2739  1539  707.00000   25    8  708.00000  693.76632  2.01%  1599  498s
* 2740  1539              26     707.0000000  693.76632  1.87%  1599  498s
* 2757  1539              26     706.0000000  693.76632  1.73%  1598  498s
  2910  1363     cutoff   10       706.00000  693.76632  1.73%  1576  508s
* 3036  1363              30     705.0000000  693.76632  1.59%  1549  509s
  3198  1011     cutoff   10       705.00000  697.28682  1.09%  1503  518s
* 3419  1011              25     704.0000000  699.38179  0.66%  1438  518s
  3643   321     cutoff   11       704.00000  699.38179  0.66%  1355  525s
  4646     4     cutoff   17       704.00000  701.59876  0.34%  1072  535s

Cutting planes:
  Gomory: 19
  Cover: 12
  Implied bound: 137
  Clique: 1
  MIR: 164
  Flow cover: 53
  Inf proof: 7
  Zero half: 106
  RLT: 13
  Relax-and-lift: 2

Explored 4670 nodes (5126393 simplex iterations) in 536.09 seconds (470.08 work units)
Thread count was 32 (of 128 available processors)

Solution count 10: 704 705 706 ... 720

Optimal solution found (tolerance 1.00e-04)
Best objective 7.040000000000e+02, best bound 7.040000000000e+02, gap 0.0000%
True
Set parameter LogFile to value "result300/grblog_l002.ib.bridges2.psc.edu_RelaxFalse_N-1_PSPS_SpanFalse_PFlow_Lazy0_300_inst34.txt"
Gurobi Optimizer version 11.0.2 build v11.0.2rc0 (linux64 - "Red Hat Enterprise Linux 8.10 (Ootpa)")

CPU model: AMD EPYC 7742 64-Core Processor, instruction set [SSE2|AVX|AVX2]
Thread count: 128 physical cores, 128 logical processors, using up to 32 threads

Optimize a model with 627554 rows, 510129 columns and 2475289 nonzeros
Model fingerprint: 0x031bbcc6
Variable types: 509418 continuous, 711 integer (711 binary)
Coefficient statistics:
  Matrix range     [3e-01, 2e+03]
  Objective range  [1e+00, 1e+01]
  Bounds range     [1e+00, 1e+00]
  RHS range        [1e+00, 1e+04]
Presolve removed 260959 rows and 218440 columns (presolve time = 5s) ...
Presolve removed 287505 rows and 227455 columns (presolve time = 10s) ...
Presolve removed 313305 rows and 227572 columns
Presolve time: 13.20s
Presolved: 314249 rows, 282557 columns, 1398429 nonzeros
Variable types: 282113 continuous, 444 integer (444 binary)
Deterministic concurrent LP optimizer: primal simplex, dual simplex, and barrier
Showing barrier log only...

Root barrier log...

Ordering time: 0.14s

Barrier statistics:
 Dense cols : 442
 AA' NZ     : 1.359e+06
 Factor NZ  : 1.042e+07 (roughly 300 MB of memory)
 Factor Ops : 1.350e+09 (less than 1 second per iteration)
 Threads    : 29

                  Objective                Residual
Iter       Primal          Dual         Primal    Dual     Compl     Time
   0   3.85087389e+04 -1.42523007e+06  3.81e+03 6.59e-01  1.24e+02    16s
   1   3.84134440e+04 -1.41355773e+06  3.26e+03 3.63e+00  1.07e+02    16s
   2   3.67691292e+04 -1.40274300e+06  2.76e+03 2.68e+00  8.93e+01    16s
   3   3.60272304e+04 -1.38624871e+06  2.32e+03 2.12e+00  7.18e+01    17s
   4   3.16744478e+04 -1.37791463e+06  1.66e+03 1.81e+00  5.26e+01    17s
   5   2.10849712e+04 -1.37443975e+06  1.14e+03 1.17e-01  3.54e+01    17s
   6   3.44988271e+03 -1.26064265e+06  7.25e+01 1.67e-10  3.58e+00    17s
   7   2.66291522e+03 -5.06700470e+05  2.69e+01 1.16e-10  1.00e+00    18s
   8   2.39285198e+03 -1.75565671e+05  1.17e+01 5.98e-11  2.86e-01    18s
   9   2.29426537e+03 -8.14261083e+04  6.34e+00 2.56e-11  1.22e-01    18s
  10   2.21883952e+03 -3.70867713e+04  2.65e+00 1.26e-11  5.27e-02    18s
  11   2.17586370e+03 -2.48277164e+04  1.27e+00 7.78e-12  3.49e-02    18s
  12   2.11193234e+03 -1.50898720e+04  5.06e-01 4.70e-12  2.18e-02    19s
  13   2.00898013e+03 -1.13618221e+04  2.53e-01 3.77e-12  1.68e-02    19s
  14   1.78056381e+03 -7.27581306e+03  1.07e-01 2.34e-12  1.13e-02    19s

Barrier performed 14 iterations in 18.90 seconds (12.54 work units)
Barrier solve interrupted - model solved by another algorithm

Concurrent spin time: 0.95s (can be avoided by choosing Method=3)

Solved with dual simplex

Root simplex log...

Iteration    Objective       Primal Inf.    Dual Inf.      Time
   29132    5.2194616e+02   0.000000e+00   0.000000e+00     19s

Root relaxation: objective 5.219462e+02, 29132 iterations, 5.31 seconds (3.46 work units)
Total elapsed time = 20.42s (DegenMoves)

    Nodes    |    Current Node    |     Objective Bounds      |     Work
 Expl Unexpl |  Obj  Depth IntInf | Incumbent    BestBd   Gap | It/Node Time

     0     0  521.94616    0  110          -  521.94616      -     -   21s
H    0     0                     825.0000000  521.94616  36.7%     -   22s
H    0     0                     818.0000000  521.94616  36.2%     -   22s
H    0     0                     757.0000000  521.94616  31.1%     -   23s
     0     0  607.42843    0  157  757.00000  607.42843  19.8%     -   31s
     0     0  612.93738    0  145  757.00000  612.93738  19.0%     -   36s
     0     0  644.87080    0  128  757.00000  644.87080  14.8%     -   42s
     0     0  650.83225    0  134  757.00000  650.83225  14.0%     -   46s
     0     0  655.19858    0  121  757.00000  655.19858  13.4%     -   51s
     0     0  657.23926    0  128  757.00000  657.23926  13.2%     -   54s
     0     0  657.23926    0  128  757.00000  657.23926  13.2%     -   55s
     0     0  657.23926    0  113  757.00000  657.23926  13.2%     -   57s
     0     0  658.06335    0  113  757.00000  658.06335  13.1%     -   60s
     0     0  658.06335    0  113  757.00000  658.06335  13.1%     -   62s
     0     0  658.06335    0  113  757.00000  658.06335  13.1%     -   64s
     0     0  658.06335    0  113  757.00000  658.06335  13.1%     -   66s
     0     0  658.06335    0  126  757.00000  658.06335  13.1%     -   68s
     0     0  658.06335    0  125  757.00000  658.06335  13.1%     -   72s
     0     0  658.06335    0  125  757.00000  658.06335  13.1%     -   74s
     0     0  658.06335    0  127  757.00000  658.06335  13.1%     -   76s
     0     0  659.50918    0  128  757.00000  659.50918  12.9%     -   80s
     0     0  659.50918    0  128  757.00000  659.50918  12.9%     -   83s
     0     0  659.50918    0  128  757.00000  659.50918  12.9%     -   89s
     0     2  663.63396    0  128  757.00000  663.63396  12.3%     -  110s
     1     2 infeasible    1       757.00000  663.63396  12.3%  6700  116s
     3     4  671.37407    2  104  757.00000  664.08019  12.3%  4479  125s
     5     8  675.61714    3  121  757.00000  671.90745  11.2%  4473  135s
     9    15  684.50690    4  116  757.00000  675.63585  10.7%  2961  141s
    17    26     cutoff    5       757.00000  678.95708  10.3%  3600  151s
    32    43  682.50852    6   82  757.00000  682.50852  9.84%  2551  159s
    58    69 infeasible    7       757.00000  683.50852  9.71%  2326  169s
    90    99  690.68996    8   67  757.00000  687.55807  9.17%  2235  180s
   122   130  691.82419    9   81  757.00000  687.79233  9.14%  2094  194s
   154   162  693.44824    9   78  757.00000  687.79233  9.14%  2016  200s
   186   207  691.93163   10   67  757.00000  687.79233  9.14%  1894  206s
   272   293  694.95732   13   62  757.00000  687.79233  9.14%  1836  214s
   317   336  695.62579   14   52  757.00000  687.79233  9.14%  1813  222s
   360   389  696.36169   15   30  757.00000  687.79233  9.14%  1878  229s
   415   442  697.00620   17   36  757.00000  687.79233  9.14%  1869  234s
   471   498  697.13297   19   33  757.00000  687.79233  9.14%  1842  240s
H  477   498                     737.0000000  687.79233  6.68%  1833  240s
H  552   513                     728.0000000  687.79233  5.52%  1780  244s
   592   525  698.73634   21   32  728.00000  687.79233  5.52%  1747  252s
   654   578  698.82210   22    6  728.00000  687.79233  5.52%  1698  259s
H  658   578                     705.0000000  687.79233  2.44%  1690  259s
H  672   578                     704.0000000  687.79233  2.30%  1701  259s
   714   553  699.98207   23    7  704.00000  687.79233  2.30%  1673  265s
   822   579  698.84719   24   11  704.00000  687.79233  2.30%  1585  272s
H  850   579                     700.0000000  687.79233  1.74%  1583  272s
   899   517     cutoff   26       700.00000  688.33155  1.67%  1556  277s
  1039   476     cutoff    9       700.00000  690.09207  1.42%  1441  284s
H 1041   476                     697.0000000  690.09207  0.99%  1439  284s
  1124   234     cutoff   12       697.00000  690.09207  0.99%  1376  286s
  1584     7     cutoff   10       697.00000  692.12367  0.70%   986  291s
  1611     0     cutoff   13       697.00000  694.55906  0.35%   976  295s

Cutting planes:
  Gomory: 31
  Lift-and-project: 1
  Cover: 5
  Implied bound: 111
  MIR: 64
  Flow cover: 31
  Inf proof: 7
  Zero half: 102
  Mod-K: 2
  RLT: 7

Explored 1622 nodes (1675715 simplex iterations) in 295.27 seconds (274.52 work units)
Thread count was 32 (of 128 available processors)

Solution count 9: 697 700 704 ... 825

Optimal solution found (tolerance 1.00e-04)
Best objective 6.970000000000e+02, best bound 6.970000000000e+02, gap 0.0000%
True
Set parameter LogFile to value "result300/grblog_l002.ib.bridges2.psc.edu_RelaxFalse_N-1_PSPS_SpanFalse_PFlow_Lazy0_300_inst35.txt"
Gurobi Optimizer version 11.0.2 build v11.0.2rc0 (linux64 - "Red Hat Enterprise Linux 8.10 (Ootpa)")

CPU model: AMD EPYC 7742 64-Core Processor, instruction set [SSE2|AVX|AVX2]
Thread count: 128 physical cores, 128 logical processors, using up to 32 threads

Optimize a model with 627554 rows, 510129 columns and 2475289 nonzeros
Model fingerprint: 0x562a116f
Variable types: 509418 continuous, 711 integer (711 binary)
Coefficient statistics:
  Matrix range     [3e-01, 2e+03]
  Objective range  [1e+00, 1e+01]
  Bounds range     [1e+00, 1e+00]
  RHS range        [1e+00, 1e+04]
Presolve removed 277122 rows and 221047 columns (presolve time = 5s) ...
Presolve removed 287505 rows and 227353 columns (presolve time = 10s) ...
Presolve removed 313305 rows and 227572 columns
Presolve time: 14.80s
Presolved: 314249 rows, 282557 columns, 1398429 nonzeros
Variable types: 282113 continuous, 444 integer (444 binary)
Deterministic concurrent LP optimizer: primal simplex, dual simplex, and barrier
Showing barrier log only...

Root barrier log...

Ordering time: 0.19s

Barrier statistics:
 Dense cols : 442
 AA' NZ     : 1.359e+06
 Factor NZ  : 1.042e+07 (roughly 300 MB of memory)
 Factor Ops : 1.350e+09 (less than 1 second per iteration)
 Threads    : 29

                  Objective                Residual
Iter       Primal          Dual         Primal    Dual     Compl     Time
   0   3.80304561e+04 -1.24049671e+06  3.81e+03 4.23e-01  1.08e+02    19s
   1   3.79258283e+04 -1.23030798e+06  3.26e+03 3.07e+00  9.33e+01    19s
   2   3.64134272e+04 -1.22095436e+06  2.76e+03 2.27e+00  7.78e+01    19s
   3   3.56859510e+04 -1.20662673e+06  2.32e+03 1.85e+00  6.26e+01    20s
   4   3.13935499e+04 -1.19936564e+06  1.66e+03 1.59e+00  4.59e+01    20s
   5   2.08979001e+04 -1.19642121e+06  1.14e+03 6.21e-02  3.09e+01    20s
   6   3.33140434e+03 -1.09078845e+06  6.76e+01 1.14e-10  2.98e+00    21s
   7   2.69828200e+03 -5.28994076e+05  3.10e+01 1.13e-10  1.08e+00    21s
   8   2.30288259e+03 -1.69497453e+05  8.53e+00 3.56e-11  2.59e-01    21s
   9   2.24498073e+03 -7.38579647e+04  5.42e+00 8.64e-11  1.08e-01    22s
  10   2.18921033e+03 -4.37755897e+04  2.74e+00 7.04e-11  6.16e-02    22s
  11   2.14468997e+03 -2.52692257e+04  1.23e+00 4.47e-11  3.53e-02    22s
  12   2.08828820e+03 -1.37563596e+04  5.14e-01 2.21e-11  2.00e-02    22s
  13   1.96030406e+03 -1.04371843e+04  3.20e-01 1.71e-11  1.56e-02    23s
  14   1.79538980e+03 -6.48544782e+03  1.93e-01 1.13e-11  1.04e-02    23s
  15   1.64371130e+03 -4.87977845e+03  1.48e-01 8.87e-12  8.17e-03    23s
  16   1.47639561e+03 -3.71041112e+03  1.10e-01 7.02e-12  6.49e-03    23s
  17   1.31904823e+03 -1.98735568e+03  8.39e-02 4.39e-12  4.14e-03    24s

Barrier performed 17 iterations in 23.54 seconds (13.00 work units)
Barrier solve interrupted - model solved by another algorithm

Concurrent spin time: 0.40s

Solved with dual simplex

Root simplex log...

Iteration    Objective       Primal Inf.    Dual Inf.      Time
   34202    5.0539716e+02   0.000000e+00   0.000000e+00     24s

Root relaxation: objective 5.053972e+02, 34202 iterations, 8.30 seconds (3.92 work units)
Total elapsed time = 25.25s (DegenMoves)

    Nodes    |    Current Node    |     Objective Bounds      |     Work
 Expl Unexpl |  Obj  Depth IntInf | Incumbent    BestBd   Gap | It/Node Time

     0     0  505.39716    0  112          -  505.39716      -     -   27s
H    0     0                     843.0000000  505.39716  40.0%     -   28s
H    0     0                     839.0000000  505.39716  39.8%     -   28s
H    0     0                     786.0000000  505.39716  35.7%     -   29s
H    0     0                     783.0000000  505.39716  35.5%     -   30s
     0     0  591.44444    0  146  783.00000  591.44444  24.5%     -   38s
     0     0  598.45415    0  146  783.00000  598.45415  23.6%     -   45s
     0     0  636.64933    0  181  783.00000  636.64933  18.7%     -   52s
     0     0  637.27134    0  177  783.00000  637.27134  18.6%     -   56s
     0     0  637.27134    0  182  783.00000  637.27134  18.6%     -   57s
     0     0  648.87337    0  152  783.00000  648.87337  17.1%     -   66s
     0     0  649.71219    0  165  783.00000  649.71219  17.0%     -   72s
     0     0  649.71219    0  165  783.00000  649.71219  17.0%     -   73s
     0     0  650.51623    0  172  783.00000  650.51623  16.9%     -   79s
     0     0  650.61699    0  174  783.00000  650.61699  16.9%     -   83s
     0     0  650.61699    0  174  783.00000  650.61699  16.9%     -   84s
     0     0  650.61699    0  163  783.00000  650.61699  16.9%     -   89s
     0     0  650.80082    0  171  783.00000  650.80082  16.9%     -   92s
     0     0  650.80082    0  171  783.00000  650.80082  16.9%     -   93s
     0     0  650.81133    0  162  783.00000  650.81133  16.9%     -   96s
     0     0  651.40898    0  162  783.00000  651.40898  16.8%     -  100s
     0     0  654.31133    0  161  783.00000  654.31133  16.4%     -  103s
     0     0  654.31133    0  161  783.00000  654.31133  16.4%     -  108s
     0     0  655.06452    0  155  783.00000  655.06452  16.3%     -  115s
     0     0  655.06452    0  156  783.00000  655.06452  16.3%     -  118s
     0     0  655.06452    0  170  783.00000  655.06452  16.3%     -  124s
     0     0  656.85144    0  170  783.00000  656.85144  16.1%     -  130s
     0     2  656.85144    0  170  783.00000  656.85144  16.1%     -  143s
     1     3  669.82731    1  141  783.00000  656.85144  16.1%  5172  149s
     3     6  683.82731    2  138  783.00000  658.41149  15.9%  4134  155s
     6    12  687.38185    3  135  783.00000  659.55359  15.8%  3752  162s
    12    20 infeasible    4       783.00000  660.72489  15.6%  2253  171s
    24    24  668.00019    5   74  783.00000  662.92729  15.3%  2322  179s
    44    44  687.66808    6   57  783.00000  668.16126  14.7%  3275  189s
    68    70  745.79934    7   66  783.00000  668.45325  14.6%  3297  200s
   100    92  747.97722    8   34  783.00000  669.31178  14.5%  2957  207s
   132   119  748.47722    9   30  783.00000  670.25417  14.4%  2538  213s
   164   167  750.67722   10   29  783.00000  670.25417  14.4%  2208  220s
   214   218  752.14388   11   28  783.00000  670.25417  14.4%  1922  225s
   267   268  753.32494   12   23  783.00000  670.25417  14.4%  1647  231s
H  271   268                     742.0000000  670.25417  9.67%  1626  231s
H  273   268                     726.0000000  670.25417  7.68%  1615  231s
H  275   268                     722.0000000  670.25417  7.17%  1609  231s
H  286   268                     720.0000000  670.25417  6.91%  1567  231s
   372   338     cutoff   13       720.00000  670.80316  6.83%  1344  237s
   439   391  687.53337   12   47  720.00000  670.80316  6.83%  1262  240s
   555   503  693.94813   15   19  720.00000  670.80316  6.83%  1257  246s
   673   601  710.98326   18   44  720.00000  670.80316  6.83%  1222  250s
   802   739  714.11709   22    6  720.00000  670.80316  6.83%  1174  261s
H  883   803                     702.0000000  670.80316  4.44%  1161  264s
H  901   803                     697.0000000  670.80316  3.76%  1146  264s
H  958   803                     695.0000000  670.80316  3.48%  1125  264s
   964   765     cutoff   25       695.00000  670.80316  3.48%  1122  269s
  1128   818  683.79337   17   49  695.00000  674.15278  3.00%  1055  272s
H 1138   818                     691.0000000  674.15278  2.44%  1055  272s
H 1142   818                     687.0000000  674.15278  1.87%  1056  272s
H 1190   818                     684.0000000  674.15278  1.44%  1045  272s
  1203   616     cutoff   18       684.00000  674.15278  1.44%  1046  275s
  1439   414  678.65278   12   32  684.00000  674.15278  1.44%   895  284s
H 1446   414                     683.0000000  674.15278  1.30%   895  284s
  1656   115  681.65278   13   24  683.00000  674.15278  1.30%   785  286s
  2073    21  680.15278   11   40  683.00000  677.15278  0.86%   636  290s
  2127    20     cutoff   18       683.00000  679.01945  0.58%   634  295s
  2194     7  680.86571   23    1  683.00000  680.86571  0.31%   633  300s
* 2200     7              27     681.0000000  680.90143  0.01%   632  300s

Cutting planes:
  Gomory: 17
  Cover: 7
  Implied bound: 132
  MIR: 110
  Flow cover: 50
  Inf proof: 10
  Zero half: 98
  Mod-K: 1
  RLT: 9
  Relax-and-lift: 4

Explored 2208 nodes (1493226 simplex iterations) in 300.67 seconds (253.04 work units)
Thread count was 32 (of 128 available processors)

Solution count 10: 681 683 684 ... 722

Optimal solution found (tolerance 1.00e-04)
Best objective 6.810000000000e+02, best bound 6.810000000000e+02, gap 0.0000%
True
Set parameter LogFile to value "result300/grblog_l002.ib.bridges2.psc.edu_RelaxFalse_N-1_PSPS_SpanFalse_PFlow_Lazy0_300_inst36.txt"
Gurobi Optimizer version 11.0.2 build v11.0.2rc0 (linux64 - "Red Hat Enterprise Linux 8.10 (Ootpa)")

CPU model: AMD EPYC 7742 64-Core Processor, instruction set [SSE2|AVX|AVX2]
Thread count: 128 physical cores, 128 logical processors, using up to 32 threads

Optimize a model with 627554 rows, 510129 columns and 2475289 nonzeros
Model fingerprint: 0xa7a0fb71
Variable types: 509418 continuous, 711 integer (711 binary)
Coefficient statistics:
  Matrix range     [3e-01, 2e+03]
  Objective range  [1e+00, 1e+01]
  Bounds range     [1e+00, 1e+00]
  RHS range        [1e+00, 1e+04]
Presolve removed 260959 rows and 218440 columns (presolve time = 5s) ...
Presolve removed 287505 rows and 227348 columns (presolve time = 10s) ...
Presolve removed 313305 rows and 227572 columns
Presolve time: 14.39s
Presolved: 314249 rows, 282557 columns, 1398429 nonzeros
Variable types: 282113 continuous, 444 integer (444 binary)
Deterministic concurrent LP optimizer: primal simplex, dual simplex, and barrier
Showing barrier log only...

Root barrier log...

Ordering time: 0.16s

Barrier statistics:
 Dense cols : 442
 AA' NZ     : 1.359e+06
 Factor NZ  : 1.042e+07 (roughly 300 MB of memory)
 Factor Ops : 1.350e+09 (less than 1 second per iteration)
 Threads    : 29

                  Objective                Residual
Iter       Primal          Dual         Primal    Dual     Compl     Time
   0   3.68548756e+04 -1.89369598e+06  3.81e+03 9.89e-01  1.64e+02    18s
   1   3.68057871e+04 -1.87821814e+06  3.26e+03 4.79e+00  1.42e+02    18s
   2   3.52749902e+04 -1.86257057e+06  2.75e+03 3.42e+00  1.18e+02    18s
   3   3.44361552e+04 -1.83985278e+06  2.28e+03 2.61e+00  9.29e+01    18s
   4   2.82704763e+04 -1.82571062e+06  1.64e+03 2.10e+00  6.71e+01    19s
   5   1.95989380e+04 -1.81054713e+06  1.14e+03 3.87e-01  4.56e+01    19s
   6   2.83994663e+03 -1.73009886e+06  4.35e+01 1.76e-10  3.77e+00    19s
   7   2.37670192e+03 -4.94610636e+05  1.54e+01 1.44e-10  8.25e-01    20s
   8   2.22064337e+03 -2.66588379e+05  6.19e+00 6.43e-11  3.83e-01    20s
   9   2.17430249e+03 -1.52845026e+05  3.64e+00 3.25e-11  2.10e-01    20s
  10   2.14147881e+03 -9.00047889e+04  2.01e+00 1.82e-11  1.21e-01    20s
  11   2.11454543e+03 -4.90903885e+04  9.55e-01 9.87e-12  6.54e-02    21s
  12   2.08390818e+03 -1.63636045e+04  2.64e-01 3.39e-12  2.32e-02    21s
  13   2.03119863e+03 -1.35185542e+04  1.67e-01 2.77e-12  1.95e-02    21s
  14   1.92672777e+03 -1.01285678e+04  1.03e-01 2.16e-12  1.51e-02    21s
  15   1.81017302e+03 -6.64186775e+03  6.13e-02 1.74e-12  1.06e-02    21s
  16   1.70131086e+03 -5.30172957e+03  4.59e-02 1.21e-12  8.75e-03    22s
  17   1.43868034e+03 -3.36191404e+03  2.85e-02 1.32e-12  5.99e-03    22s
  18   1.19092279e+03 -1.79996154e+03  1.87e-02 3.64e-12  3.73e-03    22s
  19   1.10264845e+03 -1.15787995e+03  1.61e-02 1.74e-12  2.82e-03    23s
  20   9.96725982e+02 -7.78755208e+02  1.31e-02 2.50e-12  2.22e-03    23s
  21   9.20154433e+02 -5.97136772e+02  1.12e-02 2.71e-12  1.89e-03    23s

Barrier performed 21 iterations in 22.97 seconds (13.74 work units)
Barrier solve interrupted - model solved by another algorithm

Concurrent spin time: 1.20s (can be avoided by choosing Method=3)

Solved with dual simplex

Root simplex log...

Iteration    Objective       Primal Inf.    Dual Inf.      Time
   43150    5.2777251e+02   0.000000e+00   0.000000e+00     23s

Root relaxation: objective 5.277725e+02, 43150 iterations, 8.31 seconds (4.70 work units)
Total elapsed time = 25.03s (DegenMoves)

    Nodes    |    Current Node    |     Objective Bounds      |     Work
 Expl Unexpl |  Obj  Depth IntInf | Incumbent    BestBd   Gap | It/Node Time

     0     0  527.77251    0  102          -  527.77251      -     -   26s
H    0     0                     832.0000000  527.77251  36.6%     -   27s
H    0     0                     823.0000000  527.77251  35.9%     -   27s
H    0     0                     793.0000000  527.77251  33.4%     -   29s
     0     0  622.85106    0  146  793.00000  622.85106  21.5%     -   36s
     0     0  630.52568    0  130  793.00000  630.52568  20.5%     -   42s
     0     0  670.75427    0  104  793.00000  670.75427  15.4%     -   50s
     0     0  671.45806    0  105  793.00000  671.45806  15.3%     -   56s
     0     0  675.14035    0   85  793.00000  675.14035  14.9%     -   60s
H    0     0                     762.0000000  676.14035  11.3%     -   62s
     0     0  676.14035    0   88  762.00000  676.14035  11.3%     -   65s
     0     0  676.14035    0   88  762.00000  676.14035  11.3%     -   65s
     0     0  676.36903    0   90  762.00000  676.36903  11.2%     -   68s
     0     0  677.35487    0  101  762.00000  677.35487  11.1%     -   72s
     0     0  677.35487    0  104  762.00000  677.35487  11.1%     -   74s
     0     0  677.35487    0  104  762.00000  677.35487  11.1%     -   78s
     0     0  677.35487    0   90  762.00000  677.35487  11.1%     -   80s
     0     0  677.35487    0  105  762.00000  677.35487  11.1%     -   85s
     0     0  677.35487    0   94  762.00000  677.35487  11.1%     -   88s
     0     0  677.35487    0   94  762.00000  677.35487  11.1%     -   89s
     0     0  677.35487    0   93  762.00000  677.35487  11.1%     -   92s
     0     0  677.35487    0   90  762.00000  677.35487  11.1%     -   94s
     0     0  677.35487    0   90  762.00000  677.35487  11.1%     -   97s
     0     0  677.35487    0  107  762.00000  677.35487  11.1%     -  100s
     0     0  677.35487    0  105  762.00000  677.35487  11.1%     -  107s
H    0     0                     727.0000000  677.35487  6.83%     -  118s
     0     2  677.35487    0  104  727.00000  677.35487  6.83%     -  128s
     1     4  677.94522    1   92  727.00000  677.54522  6.80%   651  132s
     3     8  678.52610    2   84  727.00000  677.94522  6.75%   991  142s
     7    16  678.96386    3   91  727.00000  678.68994  6.65%  2507  154s
    15    32  679.17874    4   81  727.00000  679.15131  6.58%  3332  164s
    31    64  679.40544    5   75  727.00000  679.20661  6.57%  2993  175s
    63    96  681.94201    6   74  727.00000  679.53515  6.53%  2722  182s
    95   127  683.30125    7   71  727.00000  680.03808  6.46%  2292  193s
   127   159  684.03652    7   81  727.00000  680.03808  6.46%  2374  205s
   159   184  686.62539    8   71  727.00000  680.03808  6.46%  2383  214s
H  191   212                     722.0000000  680.03808  5.81%  2270  223s
H  204   212                     715.0000000  680.03808  4.89%  2328  223s
H  207   212                     713.0000000  680.03808  4.62%  2326  223s
   225   224  698.74150    9   71  713.00000  680.03808  4.62%  2362  227s
   277   241  693.97402    9   90  713.00000  680.03808  4.62%  2108  231s
   329   269  707.49150   10   68  713.00000  680.03808  4.62%  1974  236s
   383   310  701.56748   10   81  713.00000  680.03808  4.62%  1881  240s
   503   414  704.18413   12   56  713.00000  680.03808  4.62%  1658  248s
   569   472  704.49447   13   56  713.00000  680.03808  4.62%  1565  252s
   639   524  706.58994   14   29  713.00000  680.03808  4.62%  1485  257s
   704   592  706.63986   15   20  713.00000  680.03808  4.62%  1406  261s
   778   653  707.60422   19   35  713.00000  680.03808  4.62%  1361  265s
*  895   738              37     707.0000000  680.03808  3.81%  1288  269s
   942   750     cutoff   23       707.00000  680.13766  3.80%  1256  276s
  1069   811  685.36748    7   40  707.00000  680.13766  3.80%  1172  282s
H 1079   811                     705.0000000  680.13766  3.53%  1168  282s
H 1079   811                     704.0000000  680.13766  3.39%  1168  282s
H 1111   811                     698.0000000  680.13766  2.56%  1161  282s
  1150   695  688.83978    9   52  698.00000  680.13766  2.56%  1142  286s
H 1328   657                     693.0000000  680.13766  1.86%  1048  292s
H 1351   657                     691.0000000  680.13766  1.57%  1046  292s
  1412   414     cutoff    8       691.00000  685.80266  0.75%  1020  296s
  1924    40  688.09375    8   37  691.00000  686.97466  0.58%   770  300s
  2084    20     cutoff   10       691.00000  688.72934  0.33%   725  305s
* 2146     4              24     689.0000000  689.00000  0.00%   713  308s

Cutting planes:
  Gomory: 21
  Cover: 13
  Implied bound: 141
  MIR: 101
  Flow cover: 31
  Inf proof: 9
  Zero half: 83
  RLT: 9
  Relax-and-lift: 4

Explored 2161 nodes (1647620 simplex iterations) in 308.57 seconds (258.62 work units)
Thread count was 32 (of 128 available processors)

Solution count 10: 689 691 693 ... 722

Optimal solution found (tolerance 1.00e-04)
Best objective 6.890000000000e+02, best bound 6.890000000000e+02, gap 0.0000%
True
Set parameter LogFile to value "result300/grblog_l002.ib.bridges2.psc.edu_RelaxFalse_N-1_PSPS_SpanFalse_PFlow_Lazy0_300_inst37.txt"
Gurobi Optimizer version 11.0.2 build v11.0.2rc0 (linux64 - "Red Hat Enterprise Linux 8.10 (Ootpa)")

CPU model: AMD EPYC 7742 64-Core Processor, instruction set [SSE2|AVX|AVX2]
Thread count: 128 physical cores, 128 logical processors, using up to 32 threads

Optimize a model with 627554 rows, 510129 columns and 2475289 nonzeros
Model fingerprint: 0xf2492a3d
Variable types: 509418 continuous, 711 integer (711 binary)
Coefficient statistics:
  Matrix range     [3e-01, 2e+03]
  Objective range  [1e+00, 1e+01]
  Bounds range     [1e+00, 1e+00]
  RHS range        [1e+00, 1e+04]
Presolve removed 277122 rows and 221047 columns (presolve time = 5s) ...
Presolve removed 313303 rows and 227569 columns (presolve time = 10s) ...
Presolve removed 313305 rows and 227572 columns
Presolve time: 11.98s
Presolved: 314249 rows, 282557 columns, 1398429 nonzeros
Variable types: 282113 continuous, 444 integer (444 binary)
Deterministic concurrent LP optimizer: primal simplex, dual simplex, and barrier
Showing barrier log only...

Root barrier log...

Ordering time: 0.15s

Barrier statistics:
 Dense cols : 442
 AA' NZ     : 1.359e+06
 Factor NZ  : 1.042e+07 (roughly 300 MB of memory)
 Factor Ops : 1.350e+09 (less than 1 second per iteration)
 Threads    : 29

                  Objective                Residual
Iter       Primal          Dual         Primal    Dual     Compl     Time
   0   3.58864294e+04 -1.90741208e+06  3.81e+03 1.00e+00  1.66e+02    15s
   1   3.57834162e+04 -1.89183392e+06  3.26e+03 4.87e+00  1.43e+02    15s
   2   3.42470085e+04 -1.87556047e+06  2.75e+03 3.48e+00  1.18e+02    15s
   3   3.34398118e+04 -1.85281866e+06  2.28e+03 2.59e+00  9.34e+01    16s
   4   2.72795368e+04 -1.83877712e+06  1.62e+03 2.08e+00  6.68e+01    16s
   5   1.91574784e+04 -1.82214845e+06  1.14e+03 3.60e-01  4.58e+01    16s
   6   3.03713857e+03 -1.73627578e+06  5.61e+01 1.41e-10  4.25e+00    16s
   7   2.35457223e+03 -5.78154022e+05  1.50e+01 1.60e-10  9.55e-01    17s
   8   2.16532210e+03 -1.82668025e+05  4.12e+00 5.57e-11  2.54e-01    17s
   9   2.13557343e+03 -1.03458440e+05  2.56e+00 2.86e-11  1.40e-01    17s
  10   2.10119368e+03 -6.04969761e+04  9.56e-01 1.60e-11  8.00e-02    17s
  11   2.07985664e+03 -2.76201253e+04  3.17e-01 7.29e-12  3.74e-02    17s
  12   2.04753671e+03 -1.46197999e+04  1.47e-01 4.01e-12  2.09e-02    17s
  13   1.98968185e+03 -1.29044892e+04  9.81e-02 3.54e-12  1.86e-02    18s
  14   1.86152037e+03 -9.57428075e+03  4.99e-02 2.73e-12  1.43e-02    18s
  15   1.70162907e+03 -7.12326470e+03  3.10e-02 2.05e-12  1.10e-02    18s
  16   1.60886636e+03 -5.21304779e+03  2.30e-02 2.20e-12  8.51e-03    18s
  17   1.48947484e+03 -4.61166728e+03  1.84e-02 5.12e-12  7.61e-03    18s

Barrier performed 17 iterations in 18.43 seconds (13.00 work units)
Barrier solve interrupted - model solved by another algorithm

Concurrent spin time: 1.30s (can be avoided by choosing Method=3)

Solved with dual simplex

Root simplex log...

Iteration    Objective       Primal Inf.    Dual Inf.      Time
   31780    5.2151281e+02   0.000000e+00   0.000000e+00     19s

Root relaxation: objective 5.215128e+02, 31780 iterations, 6.10 seconds (3.85 work units)
Total elapsed time = 20.23s (DegenMoves)

    Nodes    |    Current Node    |     Objective Bounds      |     Work
 Expl Unexpl |  Obj  Depth IntInf | Incumbent    BestBd   Gap | It/Node Time

     0     0  521.51281    0  114          -  521.51281      -     -   21s
H    0     0                     830.0000000  521.51281  37.2%     -   22s
H    0     0                     822.0000000  521.51281  36.6%     -   23s
H    0     0                     775.0000000  521.51281  32.7%     -   23s
     0     0  623.09479    0  167  775.00000  623.09479  19.6%     -   30s
     0     0  624.95676    0  166  775.00000  624.95676  19.4%     -   34s
     0     0  657.99821    0  153  775.00000  657.99821  15.1%     -   40s
     0     0  660.52554    0  157  775.00000  660.52554  14.8%     -   45s
     0     0  660.52554    0  158  775.00000  660.52554  14.8%     -   45s
     0     0  666.19081    0  139  775.00000  666.19081  14.0%     -   51s
     0     0  666.41820    0  139  775.00000  666.41820  14.0%     -   53s
     0     0  667.00097    0  133  775.00000  667.00097  13.9%     -   56s
     0     0  667.07561    0  132  775.00000  667.07561  13.9%     -   60s
     0     0  667.07561    0  132  775.00000  667.07561  13.9%     -   61s
     0     0  667.07561    0  130  775.00000  667.07561  13.9%     -   63s
     0     0  667.15556    0  130  775.00000  667.15556  13.9%     -   67s
     0     0  668.96718    0  126  775.00000  668.96718  13.7%     -   76s
     0     0  668.96718    0  128  775.00000  668.96718  13.7%     -   78s
     0     0  668.96718    0  131  775.00000  668.96718  13.7%     -   80s
     0     0  669.37646    0  132  775.00000  669.37646  13.6%     -   84s
     0     0  669.37646    0  132  775.00000  669.37646  13.6%     -   86s
     0     0  669.37646    0  144  775.00000  669.37646  13.6%     -   92s
     0     0  669.37646    0  142  775.00000  669.37646  13.6%     -   93s
     0     0  669.37646    0  143  775.00000  669.37646  13.6%     -   96s
     0     0  669.37646    0  143  775.00000  669.37646  13.6%     -   99s
     0     0  669.37646    0  144  775.00000  669.37646  13.6%     -  102s
     0     0  669.37646    0  141  775.00000  669.37646  13.6%     -  109s
     0     2  669.37646    0  141  775.00000  669.37646  13.6%     -  126s
     1     4  671.85324    1  127  775.00000  669.37646  13.6%  3304  133s
     3     8  672.13220    2  116  775.00000  672.13220  13.3%  2329  139s
     7    16  673.88220    3  109  775.00000  673.49007  13.1%  2246  145s
    15    32  674.65204    4  104  775.00000  673.89233  13.0%  2281  151s
    31    64  675.45001    5  105  775.00000  675.04229  12.9%  1924  161s
    63    87  675.54335    6   95  775.00000  675.50833  12.8%  1381  167s
    95   119  678.63022    6  103  775.00000  676.48952  12.7%  1475  178s
   127   150  677.60668    7   87  775.00000  677.19362  12.6%  1359  188s
   159   178  679.48554    7   93  775.00000  677.19362  12.6%  1269  197s
   191   210  685.69530    8   83  775.00000  677.19362  12.6%  1165  203s
   223   256  686.35750    9   73  775.00000  677.19362  12.6%  1276  211s
H  245   256                     742.0000000  677.19362  8.73%  1301  211s
   269   293  689.69980   10   72  742.00000  677.19362  8.73%  1310  215s
   308   337  689.96379   11   64  742.00000  677.19362  8.73%  1368  220s
   352   387  691.97675   13   58  742.00000  677.19362  8.73%  1367  227s
   404   445  692.47675   14   54  742.00000  677.19362  8.73%  1396  231s
   463   497  693.74290   16   39  742.00000  677.19362  8.73%  1368  237s
   520   554  695.15486   18   25  742.00000  677.19362  8.73%  1329  243s
   583   613  696.35577   19   25  742.00000  677.19362  8.73%  1319  248s
   649   664  701.10312   20   22  742.00000  677.19362  8.73%  1309  253s
   718   721  697.82303   20   35  742.00000  677.19362  8.73%  1283  260s
   795   776  702.60312   21   19  742.00000  677.19362  8.73%  1255  266s
   872   839  703.12541   22    8  742.00000  677.19362  8.73%  1239  270s
   953   909  703.65299   24    4  742.00000  677.19362  8.73%  1220  275s
  1024   992  703.74167   27   10  742.00000  677.19362  8.73%  1196  280s
  1197  1154  704.00075   31    4  742.00000  677.19362  8.73%  1157  288s
  1304  1236  704.25156   34    5  742.00000  677.19362  8.73%  1130  294s
* 1383  1236              45     741.0000000  677.19362  8.61%  1111  294s
  1406  1324  708.25156   37    7  741.00000  677.19362  8.61%  1106  305s
  1511  1444  708.66875   42    8  741.00000  677.19362  8.61%  1096  312s
  1645  1540  708.85838   45    8  741.00000  677.19362  8.61%  1064  317s
* 1663  1540              62     706.0000000  677.19362  4.08%  1061  317s
  1785  1533     cutoff   47       706.00000  677.64468  4.02%  1029  323s
  1966  1594  689.58407    8   87  706.00000  678.86380  3.84%  1014  331s
H 1972  1594                     698.0000000  678.86380  2.74%  1015  331s
  2052  1569  690.62777   10   86  698.00000  678.86380  2.74%  1029  338s
  2232  1588  695.57115   12   70  698.00000  678.86380  2.74%  1012  355s
H 2233  1588                     697.0000000  678.86380  2.60%  1012  355s
H 2234  1588                     694.0000000  678.86380  2.18%  1011  355s
H 2238  1588                     693.0000000  678.86380  2.04%  1013  355s
H 2251  1588                     691.0000000  678.86380  1.76%  1012  355s
  2279  1408     cutoff   13       691.00000  679.82451  1.62%  1019  361s
  2546  1266  685.10801    8   73  691.00000  682.13405  1.28%   969  368s
  2791  1060  686.59734   10   68  691.00000  682.22983  1.27%   928  373s
  3111   926  688.97344   11   50  691.00000  684.93517  0.88%   858  380s
H 3225   926                     690.0000000  685.16366  0.70%   842  380s
  4064     0     cutoff   26       690.00000  688.20106  0.26%   686  386s

Cutting planes:
  Gomory: 25
  Implied bound: 135
  MIR: 137
  Flow cover: 43
  Inf proof: 6
  Zero half: 90
  RLT: 2

Explored 4360 nodes (2888857 simplex iterations) in 387.01 seconds (327.29 work units)
Thread count was 32 (of 128 available processors)

Solution count 10: 690 691 693 ... 775

Optimal solution found (tolerance 1.00e-04)
Best objective 6.900000000000e+02, best bound 6.900000000000e+02, gap 0.0000%
True
Set parameter LogFile to value "result300/grblog_l002.ib.bridges2.psc.edu_RelaxFalse_N-1_PSPS_SpanFalse_PFlow_Lazy0_300_inst38.txt"
Gurobi Optimizer version 11.0.2 build v11.0.2rc0 (linux64 - "Red Hat Enterprise Linux 8.10 (Ootpa)")

CPU model: AMD EPYC 7742 64-Core Processor, instruction set [SSE2|AVX|AVX2]
Thread count: 128 physical cores, 128 logical processors, using up to 32 threads

Optimize a model with 627554 rows, 510129 columns and 2475289 nonzeros
Model fingerprint: 0xa4f9f5b9
Variable types: 509418 continuous, 711 integer (711 binary)
Coefficient statistics:
  Matrix range     [3e-01, 2e+03]
  Objective range  [1e+00, 1e+01]
  Bounds range     [1e+00, 1e+00]
  RHS range        [1e+00, 1e+04]
Presolve removed 275812 rows and 218440 columns (presolve time = 5s) ...
Presolve removed 287505 rows and 227353 columns (presolve time = 10s) ...
Presolve removed 313305 rows and 227572 columns
Presolve time: 14.83s
Presolved: 314249 rows, 282557 columns, 1398429 nonzeros
Variable types: 282113 continuous, 444 integer (444 binary)
Deterministic concurrent LP optimizer: primal simplex, dual simplex, and barrier
Showing barrier log only...

Root barrier log...

Ordering time: 0.24s

Barrier statistics:
 Dense cols : 442
 AA' NZ     : 1.359e+06
 Factor NZ  : 1.042e+07 (roughly 300 MB of memory)
 Factor Ops : 1.350e+09 (less than 1 second per iteration)
 Threads    : 29

                  Objective                Residual
Iter       Primal          Dual         Primal    Dual     Compl     Time
   0   3.72578881e+04 -1.62716020e+06  3.81e+03 7.68e-01  1.41e+02    18s
   1   3.72826714e+04 -1.61381945e+06  3.26e+03 4.03e+00  1.22e+02    19s
   2   3.56467822e+04 -1.60071624e+06  2.75e+03 2.91e+00  1.01e+02    19s
   3   3.48019250e+04 -1.58084797e+06  2.27e+03 2.26e+00  7.97e+01    19s
   4   2.82611254e+04 -1.56848353e+06  1.61e+03 1.81e+00  5.69e+01    19s
   5   1.83052878e+04 -1.54755286e+06  1.02e+03 2.18e-11  3.45e+01    20s
   6   3.46261409e+03 -1.38129381e+06  7.57e+01 1.16e-10  3.96e+00    20s
   7   2.66404816e+03 -5.71808653e+05  2.72e+01 1.90e-10  1.12e+00    21s
   8   2.42040623e+03 -1.94219100e+05  1.29e+01 8.71e-11  3.25e-01    21s
   9   2.29611822e+03 -8.03968541e+04  5.90e+00 2.85e-11  1.20e-01    21s
  10   2.23074294e+03 -5.41911932e+04  2.73e+00 1.82e-11  7.57e-02    21s
  11   2.18765247e+03 -3.44848208e+04  1.24e+00 1.11e-11  4.74e-02    22s
  12   2.14872254e+03 -2.55642566e+04  4.96e-01 8.35e-12  3.51e-02    22s
  13   2.07265128e+03 -1.35600987e+04  1.64e-01 4.55e-12  1.96e-02    22s
  14   1.94285133e+03 -8.93117335e+03  8.93e-02 3.10e-12  1.36e-02    22s
  15   1.76940821e+03 -6.11159587e+03  5.97e-02 2.22e-12  9.85e-03    23s
  16   1.70583584e+03 -4.29449162e+03  5.11e-02 1.80e-12  7.50e-03    23s
  17   1.40020473e+03 -3.42903905e+03  2.99e-02 1.52e-12  6.03e-03    23s
  18   1.30401029e+03 -1.58941631e+03  2.50e-02 1.58e-12  3.61e-03    23s
  19   1.11029430e+03 -9.48145584e+02  1.79e-02 1.77e-12  2.57e-03    24s
  20   1.00639074e+03 -4.36598379e+02  1.46e-02 1.28e-12  1.80e-03    24s
  21   9.42493219e+02 -9.87865054e+01  1.29e-02 9.61e-13  1.30e-03    24s
  22   8.64265168e+02  6.83878219e+01  1.08e-02 1.58e-12  9.94e-04    25s
  23   8.03540100e+02  1.58098525e+02  9.04e-03 1.75e-12  8.06e-04    25s

Barrier performed 23 iterations in 25.15 seconds (14.36 work units)
Barrier solve interrupted - model solved by another algorithm

Concurrent spin time: 2.23s (can be avoided by choosing Method=3)

Solved with dual simplex

Root simplex log...

Iteration    Objective       Primal Inf.    Dual Inf.      Time
   38813    5.4800844e+02   0.000000e+00   0.000000e+00     25s

Root relaxation: objective 5.480084e+02, 38813 iterations, 9.88 seconds (5.33 work units)
Total elapsed time = 30.16s (DegenMoves)

    Nodes    |    Current Node    |     Objective Bounds      |     Work
 Expl Unexpl |  Obj  Depth IntInf | Incumbent    BestBd   Gap | It/Node Time

     0     0  548.00844    0  115          -  548.00844      -     -   30s
H    0     0                     889.0000000  548.00844  38.4%     -   31s
H    0     0                     884.0000000  548.00844  38.0%     -   32s
H    0     0                     883.0000000  548.00844  37.9%     -   33s
H    0     0                     816.0000000  548.00844  32.8%     -   35s
     0     0  631.42368    0  174  816.00000  631.42368  22.6%     -   43s
     0     0  635.76848    0  160  816.00000  635.76848  22.1%     -   50s
     0     0  635.76848    0  161  816.00000  635.76848  22.1%     -   50s
     0     0  673.28943    0  152  816.00000  673.28943  17.5%     -   59s
     0     0  676.23730    0  165  816.00000  676.23730  17.1%     -   67s
