Set parameter Username
Set parameter LicenseID to value 762805
Set parameter TokenServer to value "br017.ib.bridges2.psc.edu"
Set parameter LogFile to value "result1354/grblog_r416.ib.bridges2.psc.edu_N-1_PSPS_SpanFalse_FlowBCMIPNODE_1354_inst1.txt"
Set parameter PreCrush to value 1
Gurobi Optimizer version 11.0.2 build v11.0.2rc0 (linux64 - "Red Hat Enterprise Linux 8.10 (Ootpa)")

CPU model: AMD EPYC 7742 64-Core Processor, instruction set [SSE2|AVX|AVX2]
Thread count: 128 physical cores, 128 logical processors, using up to 32 threads

Optimize a model with 4320975 rows, 5138851 columns and 21471019 nonzeros
Model fingerprint: 0x217f33a4
Variable types: 5135506 continuous, 3345 integer (3345 binary)
Coefficient statistics:
  Matrix range     [1e+00, 3e+03]
  Objective range  [1e+00, 1e+01]
  Bounds range     [1e+00, 1e+00]
  RHS range        [1e+00, 4e+04]
Presolve removed 5696 rows and 6980 columns (presolve time = 6s) ...
Presolve removed 5696 rows and 6980 columns (presolve time = 11s) ...
Presolve removed 626187 rows and 1247962 columns (presolve time = 16s) ...
Presolve removed 1245715 rows and 1247962 columns (presolve time = 20s) ...
Presolve removed 1245715 rows and 1248901 columns (presolve time = 25s) ...
Presolve removed 1245715 rows and 1248901 columns (presolve time = 30s) ...
Presolve removed 1245715 rows and 1248901 columns (presolve time = 35s) ...
Presolve removed 1245715 rows and 1248901 columns (presolve time = 40s) ...
Presolve removed 1247593 rows and 1248901 columns (presolve time = 45s) ...
Presolve removed 1247618 rows and 1330421 columns (presolve time = 50s) ...
Presolve removed 1326579 rows and 1409392 columns (presolve time = 55s) ...
Presolve removed 1326579 rows and 1409392 columns (presolve time = 60s) ...
Presolve removed 1326580 rows and 1409392 columns (presolve time = 65s) ...
Presolve removed 1326676 rows and 1409392 columns (presolve time = 71s) ...
Presolve removed 1403960 rows and 1409392 columns (presolve time = 75s) ...
Presolve removed 1414364 rows and 1434088 columns (presolve time = 80s) ...
Presolve removed 1423447 rows and 1434102 columns (presolve time = 85s) ...
Presolve removed 1423480 rows and 1436755 columns (presolve time = 90s) ...
Presolve removed 1423509 rows and 1436761 columns (presolve time = 95s) ...
Presolve removed 1424811 rows and 1439362 columns (presolve time = 100s) ...
Presolve removed 1424811 rows and 1440652 columns (presolve time = 105s) ...
Presolve removed 1424818 rows and 1440654 columns (presolve time = 111s) ...
Presolve removed 1424818 rows and 1440868 columns (presolve time = 115s) ...
Presolve removed 1425094 rows and 1440900 columns (presolve time = 120s) ...
Presolve removed 1425094 rows and 1440932 columns (presolve time = 125s) ...
Presolve removed 1427958 rows and 1440933 columns (presolve time = 130s) ...
Presolve removed 1427956 rows and 1440931 columns
Presolve time: 134.59s
Presolved: 2893019 rows, 3697920 columns, 14695780 nonzeros
Extracted 2887248 lazy constraints
Variable types: 3686733 continuous, 11187 integer (2102 binary)

Root simplex log...

Iteration    Objective       Primal Inf.    Dual Inf.      Time
       0    9.0000000e+00   1.055789e+04   0.000000e+00    139s
     240    1.5143177e+01   5.120903e+03   0.000000e+00    140s
    2660    2.0168138e+03   6.104714e+02   0.000000e+00    145s
    5060    2.0223475e+03   1.041347e+01   0.000000e+00    150s
    5454    2.0226038e+03   0.000000e+00   0.000000e+00    151s

Root relaxation: objective 2.022604e+03, 5454 iterations, 11.93 seconds (20.31 work units)

    Nodes    |    Current Node    |     Objective Bounds      |     Work
 Expl Unexpl |  Obj  Depth IntInf | Incumbent    BestBd   Gap | It/Node Time

     0     0 2022.60378    0  403          - 2022.60378      -     -  155s
     0     0 2740.36442    0  356          - 2740.36442      -     -  270s
     0     0 2875.28962    0  375          - 2875.28962      -     -  364s
     0     0 2946.48690    0  386          - 2946.48690      -     -  465s
     0     0 3002.73404    0  462          - 3002.73404      -     -  566s
     0     0 3031.98612    0  466          - 3031.98612      -     -  697s
     0     0 3060.14288    0  487          - 3060.14288      -     -  815s
     0     0 3075.47363    0  508          - 3075.47363      -     -  953s
     0     0 3091.52838    0  498          - 3091.52838      -     - 1089s
     0     0 3105.63008    0  490          - 3105.63008      -     - 1237s
     0     0 3115.12919    0  516          - 3115.12919      -     - 1352s
     0     0 3121.95610    0  524          - 3121.95610      -     - 1488s
     0     0 3133.46401    0  527          - 3133.46401      -     - 1593s
     0     0 3139.80510    0  565          - 3139.80510      -     - 1710s
     0     0 3142.89124    0  521          - 3142.89124      -     - 1818s
     0     0 3146.00471    0  519          - 3146.00471      -     - 1929s
     0     0 3148.10154    0  548          - 3148.10154      -     - 2033s
     0     0 3151.23683    0  519          - 3151.23683      -     - 2146s
     0     0 3154.33374    0  543          - 3154.33374      -     - 2254s
     0     0 3156.94504    0  526          - 3156.94504      -     - 2361s
     0     0 3158.12019    0  534          - 3158.12019      -     - 2466s
     0     0 3160.31539    0  537          - 3160.31539      -     - 2575s
     0     0 3162.60941    0  515          - 3162.60941      -     - 2689s
     0     0 3163.69267    0  544          - 3163.69267      -     - 2782s
     0     0 3165.38693    0  521          - 3165.38693      -     - 2872s
     0     0 3166.50403    0  496          - 3166.50403      -     - 2972s
     0     0 3167.10712    0  494          - 3167.10712      -     - 3066s
     0     0 3167.38550    0  486          - 3167.38550      -     - 3167s
     0     0 3220.85486    0  402          - 3220.85486      -     - 3264s
     0     0 3221.28609    0  402          - 3221.28609      -     - 3265s
     0     0 3230.29406    0  483          - 3230.29406      -     - 3368s
     0     0 3234.81303    0  458          - 3234.81303      -     - 3483s
     0     0 3236.60010    0  493          - 3236.60010      -     - 3589s
     0     0 3237.48941    0  504          - 3237.48941      -     - 3693s
     0     0 3257.40146    0  401          - 3257.40146      -     - 3799s
     0     0 3257.92803    0  401          - 3257.92803      -     - 3801s
     0     0 3268.56892    0  443          - 3268.56892      -     - 3927s
     0     0 3271.45966    0  472          - 3271.45966      -     - 4037s
     0     0 3272.74837    0  481          - 3272.74837      -     - 4147s
     0     0 3273.39641    0  475          - 3273.39641      -     - 4256s
     0     0 3290.37196    0  410          - 3290.37196      -     - 4378s
     0     0 3290.88970    0  410          - 3290.88970      -     - 4380s
     0     0 3294.39644    0  463          - 3294.39644      -     - 4497s
     0     0 3295.65946    0  478          - 3295.65946      -     - 4595s
     0     0 3296.20181    0  488          - 3296.20181      -     - 4700s
     0     0 3299.06873    0  462          - 3299.06873      -     - 4812s
     0     0 3299.91835    0  491          - 3299.91835      -     - 4919s
     0     0 3301.39810    0  491          - 3301.39810      -     - 5025s
     0     0 3301.39810    0  491          - 3301.39810      -     - 5038s
     0     2 3301.39810    0  542          - 3301.39810      -     - 5148s
     1     4 3301.94211    1  497          - 3301.94211      -  1161 5264s
     2     4 3304.57082    1  508          - 3302.11109      -   806 5372s
     3     8 3304.96207    2  474          - 3303.20390      -   724 5480s
     5     8 3306.49926    2  468          - 3305.73499      -   605 5689s
     7    16 3307.25709    3  474          - 3306.54978      -   565 5894s
     8    16 3309.60487    3  433          - 3306.54978      -   569 5990s
     9    16 3311.00424    3  474          - 3306.54978      -   614 6098s
    10    16 3313.38843    3  440          - 3306.54978      -   692 6204s
    15    32 3317.29146    4  445          - 3307.26329      -   676 6725s
    16    32 3316.53440    4  473          - 3307.26329      -   688 6836s
    17    32 3324.40128    4  465          - 3307.26329      -   775 6949s
    31    64 3327.32080    5  459          - 3308.58206      -   729 8425s
    39    64 3312.96070    5  465          - 3308.60391      -   712 9171s
    57    64 3326.64882    5  467          - 3312.67602      -   706 10819s
    63    96 3334.42857    6  463          - 3312.67602      -   701 11396s
    68    96 3329.54060    6  456          - 3312.67602      -   684 11912s
    70    96 3332.53886    6  457          - 3312.67602      -   680 12118s
    71    96 3320.06396    6  475          - 3312.67602      -   681 12225s
    86    96 3327.72035    6  463          - 3314.79331      -   655 13740s
    95   128 3335.44875    6  481          - 3314.79331      -   644 14673s
    97   128 3338.24601    6  455          - 3314.79331      -   639 14868s
    99   128 3332.92971    6  456          - 3314.79331      -   637 15063s
   103   128 3322.59177    6  524          - 3314.79331      -   632 15482s
   127   160 3340.32824    7  455          - 3317.11187      -   615 17808s
   128   160 3332.02208    7  488          - 3317.11187      -   616 17900s
   129   160 3344.84128    7  470          - 3317.11187      -   615 17990s
   134   160 3339.35310    7  446          - 3317.11187      -   618 18438s
   159   192 3341.45361    7  478          - 3317.35034      -   610 20687s
   162   192 3347.98524    7  441          - 3317.35034      -   607 20991s
   164   192 3334.99875    8  459          - 3317.35034      -   604 21202s
   171   192 3326.22664    7  470          - 3317.35034      -   603 21877s
   178   192 3331.84261    7  462          - 3318.90315      -   609 22526s
   181   192 3336.36730    7  420          - 3318.90315      -   612 22809s
   191   224 3345.69681    8  396          - 3318.90315      -   605 23802s
   192   224 3333.02827    8  437          - 3318.90315      -   605 23900s
   193   224 3346.14133    8  458          - 3318.90315      -   604 24004s
   200   224 3324.86023    7  464          - 3318.90315      -   599 24669s
   203   224 3325.18300    7  427          - 3318.90315      -   598 24943s
   217   224 3342.45477    7  469          - 3319.10638      -   591 26232s
   223   256 3344.38259    8  443          - 3319.10638      -   591 26811s
   231   256 3332.06017    7  505          - 3319.10638      -   588 27580s
   242   256 3332.66248    7  428          - 3319.93958      -   588 28578s
   255   283 3345.31646    9  426          - 3319.93958      -   586 29806s
   256   283 3338.07083    9  441          - 3319.93958      -   585 29901s
   287   312 3352.54146   10  429          - 3319.93958      -   565 32785s
   288   312 3348.51954   10  389          - 3319.93958      -   564 32876s
   292   312 3358.12386   10  440          - 3319.93958      -   563 33265s
   295   312 3329.59716    8  474          - 3319.93958      -   562 33559s
   319   344 3349.23774   10  428          - 3320.79602      -   553 35820s
   320   344 3351.70965   10  445          - 3320.79602      -   554 35922s
   328   344 3326.80416    8  449          - 3320.79602      -   551 36688s
   329   344 3342.35403    8  401          - 3320.79602      -   554 36775s
   351   367 3354.13857   11  441          - 3320.79602      -   552 38826s
   354   367 3350.63748   10  443          - 3320.79602      -   550 38921s
   355   367 3356.49688   10  447          - 3320.79602      -   549 39020s
   386   397 infeasible   12               - 3320.79602      -   538 41413s
   387   397 3414.11026   12  404          - 3320.79602      -   537 41505s
   391   397 3358.18177   11  449          - 3320.79602      -   538 41880s
   392   397 3403.10418   11  401          - 3320.79602      -   538 41978s
   419   426 3415.06872   13  400          - 3321.84410      -   533 44496s
   423   426 3362.12961   12  438          - 3321.84410      -   531 44899s
   428   426 3332.27740    9  422          - 3321.84410      -   530 45356s
   442   426 3346.29934    9  450          - 3321.84410      -   524 46634s
   452   450 3416.98296   13  412          - 3321.84410      -   524 47406s
   453   450 3396.35439   13  417          - 3321.84410      -   523 47501s
   454   450 3385.63684   12  473          - 3321.84410      -   523 47601s
   462   450 3377.44068   10  429          - 3321.84410      -   522 48350s
   468   450 3364.72663    9  399          - 3321.84410      -   522 48909s
   481   450 infeasible   11               - 3321.84410      -   519 50021s
   483   450 3398.11751   11  382          - 3321.84410      -   518 50122s
   486   479 3416.44841   14  391          - 3321.84410      -   517 50407s
   488   479 3389.48859   13  374          - 3321.84410      -   517 50601s
   489   479 3363.63955   13  399          - 3321.84410      -   517 50696s
   501   479 3362.78615    9  455          - 3321.84410      -   515 51803s
   509   479 3390.04132    9  389          - 3321.84410      -   515 52528s
   518   504 3418.73503   15  376          - 3321.84410      -   515 53404s
   520   504 3400.42119   13  424          - 3321.84410      -   515 53590s
   522   504 3399.27593   13  389          - 3321.84410      -   515 53775s
   552   530 3421.58660   16  375          - 3321.84410      -   506 56569s
   554   530 3415.32914   14  375          - 3321.84410      -   505 56756s
   555   530 3374.99670   14  425          - 3321.84410      -   505 56852s
   560   530 3341.92461   11  391          - 3321.84410      -   503 57325s
   564   530 3335.51446   10  405          - 3321.84410      -   502 57684s
   565   530 3334.23313   12  405          - 3321.84410      -   502 57769s
   570   530 3331.71903   11  423          - 3321.84410      -   500 58216s
   571   530 3332.46123   12  449          - 3321.84410      -   499 58304s
   587   561 3444.21284   16  388          - 3321.84410      -   497 59780s
   594   561 3415.09500   17  381          - 3321.84410      -   493 60263s
   595   561 3439.80511   18  395          - 3321.84410      -   493 60362s
   600   561 3352.47373   12  430          - 3321.84410      -   490 60831s
   601   561 3354.40427   11  384          - 3321.84410      -   490 60926s
   622   561 3378.90847   15  396          - 3321.84410      -   485 62836s
   627   587 3423.62602   17  407          - 3321.84410      -   484 63315s
   630   587 3386.02089   16  414          - 3321.84410      -   483 63602s
   631   587 3414.85085   16  407          - 3321.84410      -   483 63692s
   632   587 3439.65314   17  392          - 3321.84410      -   483 63788s
   635   587 3411.08597   18  401          - 3321.84410      -   481 64069s
   636   587 3412.08597   18  401          - 3321.84410      -   481 64168s
   651   587 3365.71080   14  402          - 3321.84410      -   479 65528s
   661   587 3406.58904   15  379          - 3321.84410      -   477 66487s
   662   587 3408.44214   16  386          - 3321.84410      -   477 66588s
   667   622 3425.16724   17  380          - 3321.84410      -   476 67092s
   668   622 3402.27106   18  396          - 3321.84410      -   475 67186s
   669   622 3403.37182   19  389          - 3321.84410      -   474 67282s
   673   622 3417.97769   19  398          - 3321.84410      -   473 67655s
   674   622 3466.05419   20  352          - 3321.84410      -   473 67747s
   676   622 3411.64872   19  376          - 3321.84410      -   472 67944s
   677   622 3415.11123   20  420          - 3321.84410      -   472 68052s
   684   622 3359.10820   12  423          - 3321.84410      -   469 68690s
   685   622 3381.95292   12  414          - 3321.84410      -   470 68778s
   689   622 3339.39611   12  394          - 3321.84410      -   468 69147s
   690   622 3356.37772   12  404          - 3321.84410      -   469 69233s
   711   653 3428.79577   18  377          - 3321.84410      -   463 71167s
   712   653 3428.03868   18  428          - 3321.84410      -   463 71273s
   713   653 3406.79707   20  400          - 3321.84410      -   463 71374s
   714   653 3406.47239   20  410          - 3321.84410      -   463 71472s
   726   653 3355.59543   14  438          - 3321.84410      -   463 72648s
   727   653 3402.82741   15  372          - 3321.84410      -   463 72741s
   754   700 3428.99778   19  411          - 3321.84410      -   462 75202s
   755   700 3429.99778   19  411          - 3321.84410      -   462 75302s
   764   700 3359.35311   17  428          - 3321.84410      -   459 76152s
   765   700 3362.85929   18  406          - 3321.84410      -   459 76246s
   790   700 3353.84985   13  468          - 3321.84410      -   454 78581s
   802   750 3430.29219   20  404          - 3321.84410      -   453 79732s
   852   804 3430.49361   20  368          - 3321.84410      -   447 84428s
   853   804 3411.29133   22  380          - 3321.84410      -   447 84525s
   854   804 3435.47461   22  359          - 3321.84410      -   447 84620s
   855   804 3433.69588   22  394          - 3321.84410      -   446 84736s
   857   804 3425.01447   21  379          - 3321.84410      -   446 84923s
   858   804 3424.78274   21  374          - 3321.84410      -   446 85016s
   875   804 3347.74111   15  355          - 3321.84410      -   445 86655s
   876   804 3347.35702   15  416          - 3321.84410      -   445 86750s
   879   804 3341.40709   15  415          - 3321.84410      -   445 87024s
   880   804 3341.17088   15  415          - 3321.84410      -   445 87120s
   906   857 3435.11909   21  363          - 3321.84410      -   447 89534s
   907   857 3416.15394   23  363          - 3321.84410      -   447 89630s
   908   857 3415.27923   23  370          - 3321.84410      -   447 89722s
   909   857 3434.73339   23  376          - 3321.84410      -   447 89824s
   910   857 3435.18765   24  373          - 3321.84410      -   447 89918s
   916   857 3368.82430   20  393          - 3321.84410      -   446 90495s
   917   857 3367.16863   20  377          - 3321.84410      -   446 90588s
   925   857 3350.12344   18  401          - 3321.84410      -   444 91365s
   926   857 3350.23089   18  357          - 3321.84410      -   444 91461s
