r407.ib.bridges2.psc.edu
2024-11-06 19:27:37.771078
Set parameter Username
Set parameter LicenseID to value 762805
Set parameter TokenServer to value "br017.ib.bridges2.psc.edu"
Set parameter LogFile to value "result1354/grblog_r407.ib.bridges2.psc.edu_RelaxFalse_N-1_PSPS_SpanFalse_Flow_1354_inst1.txt"
Gurobi Optimizer version 11.0.2 build v11.0.2rc0 (linux64 - "Red Hat Enterprise Linux 8.10 (Ootpa)")

CPU model: AMD EPYC 7742 64-Core Processor, instruction set [SSE2|AVX|AVX2]
Thread count: 128 physical cores, 128 logical processors, using up to 32 threads

Optimize a model with 4320975 rows, 5138851 columns and 21471019 nonzeros
Model fingerprint: 0x217f33a4
Variable types: 5135506 continuous, 3345 integer (3345 binary)
Coefficient statistics:
  Matrix range     [1e+00, 3e+03]
  Objective range  [1e+00, 1e+01]
  Bounds range     [1e+00, 1e+00]
  RHS range        [1e+00, 4e+04]
Presolve removed 5696 rows and 6980 columns (presolve time = 5s) ...
Presolve removed 5696 rows and 6980 columns (presolve time = 10s) ...
Presolve removed 68225 rows and 690000 columns (presolve time = 15s) ...
Presolve removed 1245715 rows and 1247962 columns (presolve time = 20s) ...
Presolve removed 1245715 rows and 1248901 columns (presolve time = 25s) ...
Presolve removed 1245715 rows and 1248901 columns (presolve time = 30s) ...
Presolve removed 1245715 rows and 1248901 columns (presolve time = 35s) ...
Presolve removed 1245715 rows and 1248901 columns (presolve time = 40s) ...
Presolve removed 1247593 rows and 1248901 columns (presolve time = 46s) ...
Presolve removed 1247618 rows and 1299000 columns (presolve time = 50s) ...
Presolve removed 1326579 rows and 1409392 columns (presolve time = 55s) ...
Presolve removed 1326579 rows and 1409392 columns (presolve time = 60s) ...
Presolve removed 1326579 rows and 1409392 columns (presolve time = 65s) ...
Presolve removed 1326676 rows and 1409392 columns (presolve time = 70s) ...
Presolve removed 1326676 rows and 1409392 columns (presolve time = 75s) ...
Presolve removed 1414364 rows and 1434088 columns (presolve time = 80s) ...
Presolve removed 1414380 rows and 1434102 columns (presolve time = 86s) ...
Presolve removed 1423447 rows and 1436722 columns (presolve time = 90s) ...
Presolve removed 1423491 rows and 1436761 columns (presolve time = 96s) ...
Presolve removed 1424810 rows and 1439362 columns (presolve time = 101s) ...
Presolve removed 1424811 rows and 1440652 columns (presolve time = 105s) ...
Presolve removed 1424811 rows and 1440652 columns (presolve time = 110s) ...
Presolve removed 1424818 rows and 1440707 columns (presolve time = 115s) ...
Presolve removed 1425094 rows and 1440900 columns (presolve time = 120s) ...
Presolve removed 1425094 rows and 1440932 columns (presolve time = 125s) ...
Presolve removed 1427958 rows and 1440933 columns (presolve time = 130s) ...
Presolve removed 1427958 rows and 1440933 columns (presolve time = 135s) ...
Presolve removed 1427956 rows and 1440931 columns
Presolve time: 138.86s
Presolved: 2893019 rows, 3697920 columns, 14695780 nonzeros
Extracted 2887248 lazy constraints
Variable types: 3686733 continuous, 11187 integer (2102 binary)

Root simplex log...

Iteration    Objective       Primal Inf.    Dual Inf.      Time
       0    9.0000000e+00   1.055789e+04   0.000000e+00    144s
     690    1.1940663e+03   2.011518e+03   0.000000e+00    145s
    3060    2.0181452e+03   4.840119e+02   0.000000e+00    150s
    5454    2.0226038e+03   0.000000e+00   0.000000e+00    155s

Root relaxation: objective 2.022604e+03, 5454 iterations, 11.99 seconds (20.31 work units)

    Nodes    |    Current Node    |     Objective Bounds      |     Work
 Expl Unexpl |  Obj  Depth IntInf | Incumbent    BestBd   Gap | It/Node Time

     0     0 2022.60378    0  403          - 2022.60378      -     -  159s
     0     0 2022.60378    0  403          - 2022.60378      -     -  160s
     0     0 2465.34743    0  332          - 2465.34743      -     -  177s
     0     0 2518.44105    0  356          - 2518.44105      -     -  182s
     0     0 2522.13763    0  354          - 2522.13763      -     -  183s
     0     0 2522.72329    0  353          - 2522.72329      -     -  184s
     0     0 2642.42972    0  322          - 2642.42972      -     -  189s
     0     0 2642.98465    0  322          - 2642.98465      -     -  190s
     0     0 2661.06579    0  333          - 2661.06579      -     -  192s
     0     0 2662.76164    0  326          - 2662.76164      -     -  194s
     0     0 2663.90341    0  327          - 2663.90341      -     -  195s
     0     0 2664.19014    0  325          - 2664.19014      -     -  195s
     0     0 2720.14536    0  319          - 2720.14536      -     -  208s
     0     0 2720.49191    0  319          - 2720.49191      -     -  210s
     0     0 2726.54290    0  317          - 2726.54290      -     -  212s
     0     0 2728.61965    0  324          - 2728.61965      -     -  213s
     0     0 2728.66500    0  322          - 2728.66500      -     -  214s
     0     0 2753.21286    0  287          - 2753.21286      -     -  228s
     0     0 2753.54331    0  287          - 2753.54331      -     -  230s
     0     0 2759.36116    0  302          - 2759.36116      -     -  232s
     0     0 2759.91033    0  310          - 2759.91033      -     -  233s
     0     0 2760.82186    0  304          - 2760.82186      -     -  234s
     0     0 2760.88314    0  309          - 2760.88314      -     -  234s
     0     0 2771.42339    0  292          - 2771.42339      -     -  239s
     0     0 2771.54309    0  292          - 2771.54309      -     -  240s
     0     0 2772.55338    0  316          - 2772.55338      -     -  242s
     0     0 2772.71257    0  316          - 2772.71257      -     -  243s
     0     0 2778.04858    0  310          - 2778.04858      -     -  246s
     0     0 2778.27817    0  317          - 2778.27817      -     -  249s
     0     0 2783.29759    0  306          - 2783.29759      -     -  253s
     0     0 2784.14971    0  306          - 2784.14971      -     -  255s
     0     0 2784.19559    0  302          - 2784.19559      -     -  257s
     0     0 2784.23880    0  305          - 2784.23880      -     -  258s
     0     0 2791.82779    0  299          - 2791.82779      -     -  261s
     0     0 2792.04623    0  307          - 2792.04623      -     -  264s
     0     0 2793.38566    0  301          - 2793.38566      -     -  267s
     0     0 2793.58357    0  297          - 2793.58357      -     -  274s
     0     0 2794.06368    0  297          - 2794.06368      -     -  276s
     0     0 2794.06368    0  297          - 2794.06368      -     -  282s
     0     2 2794.06368    0  292          - 2794.06368      -     -  290s
    15    32 2800.28116    4  285          - 2796.42047      -  81.5  296s
    63    96 2800.64397    6  279          - 2796.69418      -  86.5  301s
   127   160 2801.32257    7  281          - 2797.14996      -   116  306s
   191   224 2802.16217    8  277          - 2797.14996      -   120  314s
   223   256 2802.37535    8  278          - 2797.15587      -   117  316s
   287   320 2804.21287    9  275          - 2797.64384      -   109  322s
   351   384 2804.29066   10  268          - 2797.64384      -   106  326s
   416   451 2804.47781   12  283          - 2797.64384      -   101  330s
   485   521 2805.46845   14  273          - 2797.64384      -  99.3  335s
   562   630 2806.83253   17  267          - 2797.64384      -   102  340s
   798   872 2809.41585   22  256          - 2797.64384      -   102  346s
   952  1049 2813.06799   25  274          - 2797.64384      -   105  351s
  1164  1278 2816.67297   28  274          - 2797.64384      -  97.2  356s
  1384  1508 2833.40274   31  268          - 2797.64384      -  97.9  362s
  1511  1630 2840.32415   34  261          - 2797.64384      -  97.4  365s
  1750  1877 2843.17138   41  254          - 2797.64384      -   100  370s
  2030  2176 2844.81046   48  249          - 2797.64384      -   103  376s
  2339  2497 2846.12243   56  246          - 2797.64384      -   106  382s
  2508  2678 2850.47314   59  252          - 2797.64384      -   107  385s
  2875  3086 2850.78024   71  250          - 2797.64384      -   105  392s
  3097  3318 2855.22544   76  233          - 2797.64384      -   103  395s
  3559  3773 infeasible   88               - 2797.64384      -   100  403s
  3794  4045 2868.94718   93  212          - 2797.64384      -  99.3  407s
  4068  4318 2872.20586  101  212          - 2797.64384      -  96.5  412s
  4349  4587 2873.51459  109  208          - 2797.64384      -  93.7  416s
  4624  4869 2874.79862  115  211          - 2797.64384      -  90.9  420s
  5190  5385 infeasible  133               - 2797.64384      -  85.5  428s
  5471  5641 2893.70031  135  172          - 2797.64384      -  84.2  433s
  5759  5907 2913.76022  142  167          - 2797.64384      -  82.5  437s
  6047  6165 2925.77745  149  168          - 2797.64384      -  80.5  440s
  6620  6663 2931.08733  165  176          - 2797.64384      -  77.0  448s
  6906  6885 2938.31132  171  170          - 2797.64384      -  75.5  453s
  7193  7156 2949.11970  177  170          - 2797.64384      -  74.6  457s
  7480  7398 2952.69626  184  173          - 2797.64384      -  72.6  461s
  7766  7658 infeasible  190               - 2797.64384      -  71.4  465s
  8342  8176 2971.93497  204  151          - 2797.64384      -  68.5  475s
  8630  8405 2973.02827  213  168          - 2797.64384      -  67.3  480s
  8917  8646 2993.35012  218  153          - 2797.64384      -  66.3  486s
  9205  8900 3001.83821  225  146          - 2797.64384      -  65.0  490s
  9779  9424 3031.03574  239  141          - 2797.64384      -  62.6  497s
 10065  9678 3040.80446  245  128          - 2797.64384      -  61.5  500s
 10637 10173 3049.71649  259  125          - 2797.64384      -  59.8  508s
 10924 10406 3060.87695  265  125          - 2797.64384      -  59.2  511s
 11212 10661 3064.51210  270  128          - 2797.64384      -  58.2  515s
 11788 11162 3077.69304  286  126          - 2797.64384      -  56.3  522s
 12075 11405 3085.78574  294  115          - 2797.64384      -  55.6  525s
 12647 11915 3093.51004  306  104          - 2797.64384      -  54.1  532s
 12934 12167 3109.14015  312  104          - 2797.64384      -  53.3  535s
 13510 12671 3133.61693  327  102          - 2797.64384      -  51.7  542s
 13797 12901 3155.53493  333  100          - 2797.64384      -  51.2  546s
 14372 13356 3174.72217  347   92          - 2797.64384      -  49.8  552s
 14661 13357 3135.55392  271  297          - 2797.64384      -  49.3  919s
 14662 13358 2897.39414  194  297          - 2797.64384      -  49.3  922s
H14662 12690                    5356.0000000 2797.64384  47.8%  49.3 7466s
H14662 12055                    5353.0000000 2797.64384  47.7%  49.3 8124s
H14662 11452                    5316.0000000 2797.64384  47.4%  49.3 8708s
 14663 11452 2933.75059  198  703 5316.00000 2797.64384  47.4%  49.3 9299s
H14663 10880                    5314.0000000 2797.64384  47.4%  49.3 84306s
 14664 10881 2830.12071   94  718 5314.00000 2797.64384  47.4%  49.3 89167s
